---------------------------------------
Begin Slurm Prolog: Jun-01-2026 11:09:08
Job ID:    5355619
User ID:   ksalzman3
Account:   coc
Job name:  nys_soft_mlpca
Partition: ice-gpu
QOS:       coc-ice
---------------------------------------
=== nystrom_softmax_vw_mlpca | cifar10 | Mon Jun  1 11:09:15 AM EDT 2026 ===

==================================================
Setting up Nyström Kernel-Attention OOD detector...
  sigma:        0.5
  n_anchors:    200
  anchor_init:  kmeans
  reg_lambda:   0.0001
  alpha:        0.05
  feature_space:multilayer_pca
  normalize:    True
  score_mode:   softmax
==================================================
Extracted 50000 train features of dim 384
Extracted 1000 val features for threshold
  Fitting Nyström anchors (m=200, init=kmeans, λ=0.0001)...
  Nyström fit complete. anchors: torch.Size([10, 200, 384]), gamma: torch.Size([10, 200])
  Per-class score variance (mean): 0.005762
  Nyström threshold (softmax) at 5.0%: 2.8840
Nyström setup complete.

[Timing] Setup: 136.2s
Performing inference on cifar10 test set...
Processing near ood...
Performing inference on cifar100 dataset...
Computing metrics on cifar100 dataset...
FPR@95: 43.27, AUROC: 88.66 AUPR_IN: 88.32, AUPR_OUT: 87.34
──────────────────────────────────────────────────────────────────────

Performing inference on tin dataset...
Computing metrics on tin dataset...
FPR@95: 36.72, AUROC: 90.57 AUPR_IN: 92.28, AUPR_OUT: 87.92
──────────────────────────────────────────────────────────────────────

Computing mean metrics...
FPR@95: 39.99, AUROC: 89.62 AUPR_IN: 90.30, AUPR_OUT: 87.63
──────────────────────────────────────────────────────────────────────

Processing far ood...
Performing inference on mnist dataset...
Computing metrics on mnist dataset...
FPR@95: 21.22, AUROC: 94.21 AUPR_IN: 82.14, AUPR_OUT: 99.01
──────────────────────────────────────────────────────────────────────

Performing inference on svhn dataset...
Computing metrics on svhn dataset...
FPR@95: 18.89, AUROC: 93.67 AUPR_IN: 90.26, AUPR_OUT: 96.82
──────────────────────────────────────────────────────────────────────

Performing inference on texture dataset...
Computing metrics on texture dataset...
FPR@95: 23.02, AUROC: 93.10 AUPR_IN: 96.02, AUPR_OUT: 87.52
──────────────────────────────────────────────────────────────────────

Performing inference on places365 dataset...
Computing metrics on places365 dataset...
FPR@95: 42.67, AUROC: 89.92 AUPR_IN: 74.15, AUPR_OUT: 96.72
──────────────────────────────────────────────────────────────────────

Computing mean metrics...
FPR@95: 26.45, AUROC: 92.72 AUPR_IN: 85.64, AUPR_OUT: 95.02
──────────────────────────────────────────────────────────────────────

           FPR@95  AUROC  AUPR_IN  AUPR_OUT   ACC
cifar100    43.27  88.66    88.32     87.34 95.22
tin         36.72  90.57    92.28     87.92 95.22
nearood     39.99  89.62    90.30     87.63 95.22
mnist       21.22  94.21    82.14     99.01 95.22
svhn        18.89  93.67    90.26     96.82 95.22
texture     23.02  93.10    96.02     87.52 95.22
places365   42.67  89.92    74.15     96.72 95.22
farood      26.45  92.72    85.64     95.02 95.22
[Timing] Eval:  322.3s

==================================================
Setting up Nyström Kernel-Attention OOD detector...
  sigma:        0.5
  n_anchors:    200
  anchor_init:  kmeans
  reg_lambda:   0.0001
  alpha:        0.05
  feature_space:multilayer_pca
  normalize:    True
  score_mode:   softmax
==================================================
Extracted 50000 train features of dim 384
Extracted 1000 val features for threshold
  Fitting Nyström anchors (m=200, init=kmeans, λ=0.0001)...
  Nyström fit complete. anchors: torch.Size([10, 200, 384]), gamma: torch.Size([10, 200])
  Per-class score variance (mean): 0.006434
  Nyström threshold (softmax) at 5.0%: 2.6386
Nyström setup complete.

[Timing] Setup: 14.4s
Performing inference on cifar10 test set...
Processing near ood...
Performing inference on cifar100 dataset...
Computing metrics on cifar100 dataset...
FPR@95: 52.62, AUROC: 87.76 AUPR_IN: 86.74, AUPR_OUT: 86.56
──────────────────────────────────────────────────────────────────────

Performing inference on tin dataset...
Computing metrics on tin dataset...
FPR@95: 37.80, AUROC: 89.90 AUPR_IN: 91.48, AUPR_OUT: 86.97
──────────────────────────────────────────────────────────────────────

Computing mean metrics...
FPR@95: 45.21, AUROC: 88.83 AUPR_IN: 89.11, AUPR_OUT: 86.77
──────────────────────────────────────────────────────────────────────

Processing far ood...
Performing inference on mnist dataset...
Computing metrics on mnist dataset...
FPR@95: 16.73, AUROC: 95.33 AUPR_IN: 86.96, AUPR_OUT: 99.18
──────────────────────────────────────────────────────────────────────

Performing inference on svhn dataset...
Computing metrics on svhn dataset...
FPR@95: 21.19, AUROC: 93.83 AUPR_IN: 89.57, AUPR_OUT: 97.16
──────────────────────────────────────────────────────────────────────

Performing inference on texture dataset...
Computing metrics on texture dataset...
FPR@95: 25.77, AUROC: 92.69 AUPR_IN: 95.66, AUPR_OUT: 87.19
──────────────────────────────────────────────────────────────────────

Performing inference on places365 dataset...
Computing metrics on places365 dataset...
FPR@95: 57.33, AUROC: 87.84 AUPR_IN: 66.21, AUPR_OUT: 96.12
──────────────────────────────────────────────────────────────────────

Computing mean metrics...
FPR@95: 30.26, AUROC: 92.42 AUPR_IN: 84.60, AUPR_OUT: 94.91
──────────────────────────────────────────────────────────────────────

           FPR@95  AUROC  AUPR_IN  AUPR_OUT   ACC
cifar100    52.62  87.76    86.74     86.56 94.63
tin         37.80  89.90    91.48     86.97 94.63
nearood     45.21  88.83    89.11     86.77 94.63
mnist       16.73  95.33    86.96     99.18 94.63
svhn        21.19  93.83    89.57     97.16 94.63
texture     25.77  92.69    95.66     87.19 94.63
places365   57.33  87.84    66.21     96.12 94.63
farood      30.26  92.42    84.60     94.91 94.63
[Timing] Eval:  64.0s

==================================================
Setting up Nyström Kernel-Attention OOD detector...
  sigma:        0.5
  n_anchors:    200
  anchor_init:  kmeans
  reg_lambda:   0.0001
  alpha:        0.05
  feature_space:multilayer_pca
  normalize:    True
  score_mode:   softmax
==================================================
Extracted 50000 train features of dim 384
Extracted 1000 val features for threshold
  Fitting Nyström anchors (m=200, init=kmeans, λ=0.0001)...
  Nyström fit complete. anchors: torch.Size([10, 200, 384]), gamma: torch.Size([10, 200])
  Per-class score variance (mean): 0.005779
  Nyström threshold (softmax) at 5.0%: 3.3041
Nyström setup complete.

[Timing] Setup: 14.4s
Performing inference on cifar10 test set...
Processing near ood...
Performing inference on cifar100 dataset...
Computing metrics on cifar100 dataset...
FPR@95: 52.58, AUROC: 87.71 AUPR_IN: 86.69, AUPR_OUT: 86.76
──────────────────────────────────────────────────────────────────────

Performing inference on tin dataset...
Computing metrics on tin dataset...
FPR@95: 43.87, AUROC: 89.66 AUPR_IN: 90.98, AUPR_OUT: 87.16
──────────────────────────────────────────────────────────────────────

Computing mean metrics...
FPR@95: 48.22, AUROC: 88.68 AUPR_IN: 88.83, AUPR_OUT: 86.96
──────────────────────────────────────────────────────────────────────

Processing far ood...
Performing inference on mnist dataset...
Computing metrics on mnist dataset...
FPR@95: 19.71, AUROC: 94.04 AUPR_IN: 84.21, AUPR_OUT: 98.92
──────────────────────────────────────────────────────────────────────

Performing inference on svhn dataset...
Computing metrics on svhn dataset...
FPR@95: 19.99, AUROC: 93.34 AUPR_IN: 89.68, AUPR_OUT: 96.76
──────────────────────────────────────────────────────────────────────

Performing inference on texture dataset...
Computing metrics on texture dataset...
FPR@95: 28.62, AUROC: 92.50 AUPR_IN: 95.38, AUPR_OUT: 87.39
──────────────────────────────────────────────────────────────────────

Performing inference on places365 dataset...
Computing metrics on places365 dataset...
FPR@95: 62.24, AUROC: 87.01 AUPR_IN: 64.66, AUPR_OUT: 95.87
──────────────────────────────────────────────────────────────────────

Computing mean metrics...
FPR@95: 32.64, AUROC: 91.72 AUPR_IN: 83.48, AUPR_OUT: 94.74
──────────────────────────────────────────────────────────────────────

           FPR@95  AUROC  AUPR_IN  AUPR_OUT   ACC
cifar100    52.58  87.71    86.69     86.76 95.32
tin         43.87  89.66    90.98     87.16 95.32
nearood     48.22  88.68    88.83     86.96 95.32
mnist       19.71  94.04    84.21     98.92 95.32
svhn        19.99  93.34    89.68     96.76 95.32
texture     28.62  92.50    95.38     87.39 95.32
places365   62.24  87.01    64.66     95.87 95.32
farood      32.64  91.72    83.48     94.74 95.32
[Timing] Eval:  64.7s

[Timing Summary]
  Setup: 55.0s ± 57.4s per seed
  Eval:  150.3s ± 121.6s per seed
  Total: 616.0s across 3 seeds
=== Done | Mon Jun  1 11:24:01 AM EDT 2026 ===
---------------------------------------
Begin Slurm Epilog: Jun-01-2026 11:24:01
Job ID:        5355619
Array Job ID:  5355612_0
User ID:       ksalzman3
Account:       coc
Job name:      nys_soft_mlpca
Resources:     cpu=4,gres/gpu:h200=1,mem=32G,node=1
Rsrc Used:     cput=00:59:36,vmem=0,walltime=00:14:54,mem=3013328K,energy_used=0
Partition:     ice-gpu
QOS:           coc-ice
Nodes:         atl1-1-03-017-2-0
---------------------------------------
