---------------------------------------
Begin Slurm Prolog: May-06-2026 04:18:28
Job ID:    5262867
User ID:   ksalzman3
Account:   coc
Job name:  nys_soft_topk
Partition: ice-gpu
QOS:       coc-ice
---------------------------------------
=== nystrom_softmax_vw_idtopk | cifar100 | Wed May  6 04:18:35 AM EDT 2026 ===

==================================================
Setting up Nyström Kernel-Attention OOD detector...
  sigma:        0.5
  n_anchors:    200
  anchor_init:  kmeans
  reg_lambda:   0.0001
  alpha:        0.05
  feature_space:multilayer_pca
  normalize:    True
  score_mode:   softmax
==================================================
[ID layer selection scores] layer2=0.304181, layer3=0.300925, layer4=2.493627
[ID selected layers] layer4, layer2
Extracted 50000 train features of dim 256
Extracted 1000 val features for threshold
  Fitting Nyström anchors (m=200, init=kmeans, λ=0.0001)...
  Nyström fit complete. anchors: torch.Size([100, 200, 256]), gamma: torch.Size([100, 200])
  Nyström threshold (softmax) at 5.0%: 0.0627
Nyström setup complete.

[Timing] Setup: 31.0s
Performing inference on cifar100 test set...
Processing near ood...
Performing inference on cifar10 dataset...
Computing metrics on cifar10 dataset...
FPR@95: 75.92, AUROC: 77.15 AUPR_IN: 72.89, AUPR_OUT: 75.69
──────────────────────────────────────────────────────────────────────

Performing inference on tin dataset...
Computing metrics on tin dataset...
FPR@95: 50.74, AUROC: 83.58 AUPR_IN: 88.27, AUPR_OUT: 74.49
──────────────────────────────────────────────────────────────────────

Computing mean metrics...
FPR@95: 63.33, AUROC: 80.36 AUPR_IN: 80.58, AUPR_OUT: 75.09
──────────────────────────────────────────────────────────────────────

Processing far ood...
Performing inference on mnist dataset...
Computing metrics on mnist dataset...
FPR@95: 53.46, AUROC: 78.78 AUPR_IN: 55.76, AUPR_OUT: 95.27
──────────────────────────────────────────────────────────────────────

Performing inference on svhn dataset...
Computing metrics on svhn dataset...
FPR@95: 55.29, AUROC: 80.60 AUPR_IN: 68.19, AUPR_OUT: 89.82
──────────────────────────────────────────────────────────────────────

Performing inference on texture dataset...
Computing metrics on texture dataset...
FPR@95: 55.54, AUROC: 81.66 AUPR_IN: 88.51, AUPR_OUT: 69.18
──────────────────────────────────────────────────────────────────────

Performing inference on places365 dataset...
Computing metrics on places365 dataset...
FPR@95: 62.89, AUROC: 78.71 AUPR_IN: 56.82, AUPR_OUT: 91.47
──────────────────────────────────────────────────────────────────────

Computing mean metrics...
FPR@95: 56.79, AUROC: 79.94 AUPR_IN: 67.32, AUPR_OUT: 86.43
──────────────────────────────────────────────────────────────────────

           FPR@95  AUROC  AUPR_IN  AUPR_OUT   ACC
cifar10     75.92  77.15    72.89     75.69 77.17
tin         50.74  83.58    88.27     74.49 77.17
nearood     63.33  80.36    80.58     75.09 77.17
mnist       53.46  78.78    55.76     95.27 77.17
svhn        55.29  80.60    68.19     89.82 77.17
texture     55.54  81.66    88.51     69.18 77.17
places365   62.89  78.71    56.82     91.47 77.17
farood      56.79  79.94    67.32     86.43 77.17
[Timing] Eval:  71.8s

==================================================
Setting up Nyström Kernel-Attention OOD detector...
  sigma:        0.5
  n_anchors:    200
  anchor_init:  kmeans
  reg_lambda:   0.0001
  alpha:        0.05
  feature_space:multilayer_pca
  normalize:    True
  score_mode:   softmax
==================================================
[ID layer selection scores] layer2=0.301314, layer3=0.301015, layer4=2.470680
[ID selected layers] layer4, layer2
Extracted 50000 train features of dim 256
Extracted 1000 val features for threshold
  Fitting Nyström anchors (m=200, init=kmeans, λ=0.0001)...
  Nyström fit complete. anchors: torch.Size([100, 200, 256]), gamma: torch.Size([100, 200])
  Nyström threshold (softmax) at 5.0%: 0.0610
Nyström setup complete.

[Timing] Setup: 15.2s
Performing inference on cifar100 test set...
Processing near ood...
Performing inference on cifar10 dataset...
Computing metrics on cifar10 dataset...
FPR@95: 73.37, AUROC: 77.12 AUPR_IN: 74.50, AUPR_OUT: 75.55
──────────────────────────────────────────────────────────────────────

Performing inference on tin dataset...
Computing metrics on tin dataset...
FPR@95: 49.96, AUROC: 83.24 AUPR_IN: 88.12, AUPR_OUT: 73.93
──────────────────────────────────────────────────────────────────────

Computing mean metrics...
FPR@95: 61.66, AUROC: 80.18 AUPR_IN: 81.31, AUPR_OUT: 74.74
──────────────────────────────────────────────────────────────────────

Processing far ood...
Performing inference on mnist dataset...
Computing metrics on mnist dataset...
FPR@95: 43.70, AUROC: 82.42 AUPR_IN: 64.06, AUPR_OUT: 95.78
──────────────────────────────────────────────────────────────────────

Performing inference on svhn dataset...
Computing metrics on svhn dataset...
FPR@95: 61.36, AUROC: 79.55 AUPR_IN: 65.14, AUPR_OUT: 89.87
──────────────────────────────────────────────────────────────────────

Performing inference on texture dataset...
Computing metrics on texture dataset...
FPR@95: 55.52, AUROC: 81.01 AUPR_IN: 88.29, AUPR_OUT: 67.18
──────────────────────────────────────────────────────────────────────

Performing inference on places365 dataset...
Computing metrics on places365 dataset...
FPR@95: 64.60, AUROC: 77.95 AUPR_IN: 55.08, AUPR_OUT: 91.05
──────────────────────────────────────────────────────────────────────

Computing mean metrics...
FPR@95: 56.29, AUROC: 80.23 AUPR_IN: 68.14, AUPR_OUT: 85.97
──────────────────────────────────────────────────────────────────────

           FPR@95  AUROC  AUPR_IN  AUPR_OUT   ACC
cifar10     73.37  77.12    74.50     75.55 77.39
tin         49.96  83.24    88.12     73.93 77.39
nearood     61.66  80.18    81.31     74.74 77.39
mnist       43.70  82.42    64.06     95.78 77.39
svhn        61.36  79.55    65.14     89.87 77.39
texture     55.52  81.01    88.29     67.18 77.39
places365   64.60  77.95    55.08     91.05 77.39
farood      56.29  80.23    68.14     85.97 77.39
[Timing] Eval:  62.7s

==================================================
Setting up Nyström Kernel-Attention OOD detector...
  sigma:        0.5
  n_anchors:    200
  anchor_init:  kmeans
  reg_lambda:   0.0001
  alpha:        0.05
  feature_space:multilayer_pca
  normalize:    True
  score_mode:   softmax
==================================================
[ID layer selection scores] layer2=0.301136, layer3=0.294273, layer4=2.406136
[ID selected layers] layer4, layer2
Extracted 50000 train features of dim 256
Extracted 1000 val features for threshold
  Fitting Nyström anchors (m=200, init=kmeans, λ=0.0001)...
  Nyström fit complete. anchors: torch.Size([100, 200, 256]), gamma: torch.Size([100, 200])
  Nyström threshold (softmax) at 5.0%: 0.0649
Nyström setup complete.

[Timing] Setup: 14.0s
Performing inference on cifar100 test set...
Processing near ood...
Performing inference on cifar10 dataset...
Computing metrics on cifar10 dataset...
FPR@95: 75.22, AUROC: 77.27 AUPR_IN: 73.98, AUPR_OUT: 75.81
──────────────────────────────────────────────────────────────────────

Performing inference on tin dataset...
Computing metrics on tin dataset...
FPR@95: 51.30, AUROC: 83.31 AUPR_IN: 88.06, AUPR_OUT: 73.75
──────────────────────────────────────────────────────────────────────

Computing mean metrics...
FPR@95: 63.26, AUROC: 80.29 AUPR_IN: 81.02, AUPR_OUT: 74.78
──────────────────────────────────────────────────────────────────────

Processing far ood...
Performing inference on mnist dataset...
Computing metrics on mnist dataset...
FPR@95: 46.78, AUROC: 81.43 AUPR_IN: 60.96, AUPR_OUT: 95.77
──────────────────────────────────────────────────────────────────────

Performing inference on svhn dataset...
Computing metrics on svhn dataset...
FPR@95: 54.56, AUROC: 80.94 AUPR_IN: 69.49, AUPR_OUT: 89.88
──────────────────────────────────────────────────────────────────────

Performing inference on texture dataset...
Computing metrics on texture dataset...
FPR@95: 60.83, AUROC: 79.52 AUPR_IN: 86.83, AUPR_OUT: 66.34
──────────────────────────────────────────────────────────────────────

Performing inference on places365 dataset...
Computing metrics on places365 dataset...
FPR@95: 65.66, AUROC: 78.12 AUPR_IN: 54.29, AUPR_OUT: 91.24
──────────────────────────────────────────────────────────────────────

Computing mean metrics...
FPR@95: 56.96, AUROC: 80.00 AUPR_IN: 67.89, AUPR_OUT: 85.81
──────────────────────────────────────────────────────────────────────

           FPR@95  AUROC  AUPR_IN  AUPR_OUT   ACC
cifar10     75.22  77.27    73.98     75.81 77.20
tin         51.30  83.31    88.06     73.75 77.20
nearood     63.26  80.29    81.02     74.78 77.20
mnist       46.78  81.43    60.96     95.77 77.20
svhn        54.56  80.94    69.49     89.88 77.20
texture     60.83  79.52    86.83     66.34 77.20
places365   65.66  78.12    54.29     91.24 77.20
farood      56.96  80.00    67.89     85.81 77.20
[Timing] Eval:  63.4s

[Timing Summary]
  Setup: 20.1s ± 7.7s per seed
  Eval:  66.0s ± 4.1s per seed
  Total: 258.1s across 3 seeds
=== Done | Wed May  6 04:24:19 AM EDT 2026 ===
---------------------------------------
Begin Slurm Epilog: May-06-2026 04:24:20
Job ID:        5262867
Array Job ID:  5262857_1
User ID:       ksalzman3
Account:       coc
Job name:      nys_soft_topk
Resources:     cpu=4,gres/gpu:l40s=1,mem=32G,node=1
Rsrc Used:     cput=00:23:24,vmem=0,walltime=00:05:51,mem=4300252K,energy_used=0
Partition:     ice-gpu
QOS:           coc-ice
Nodes:         atl1-1-03-004-25-0
---------------------------------------
