---------------------------------------
Begin Slurm Prolog: Apr-29-2026 14:45:19
Job ID:    5118962
User ID:   ksalzman3
Account:   coc
Job name:  nystrom_pa
Partition: ice-gpu
QOS:       coc-ice
---------------------------------------
=== nystrom_predictor_aware_vw | cifar10 | Wed Apr 29 02:45:25 PM EDT 2026 ===

==================================================
Setting up Nyström Kernel-Attention OOD detector...
  sigma:        0.5
  n_anchors:    200
  anchor_init:  kmeans
  reg_lambda:   0.0001
  alpha:        0.05
  feature_space:penultimate
  normalize:    True
  score_mode:   predictor_aware
==================================================
Extracted 50000 train features of dim 512
Extracted 1000 val features for threshold
  Fitting Nyström anchors (m=200, init=kmeans, λ=0.0001)...
  Nyström fit complete. anchors: torch.Size([10, 200, 512]), gamma: torch.Size([10, 200])
  Nyström threshold (predictor_aware) at 5.0%: -0.1353
Nyström setup complete.

[Timing] Setup: 58.6s
Performing inference on cifar10 test set...
Processing near ood...
Performing inference on cifar100 dataset...
Computing metrics on cifar100 dataset...
FPR@95: 41.24, AUROC: 88.73 AUPR_IN: 88.91, AUPR_OUT: 87.05
──────────────────────────────────────────────────────────────────────

Performing inference on tin dataset...
Computing metrics on tin dataset...
FPR@95: 34.61, AUROC: 90.53 AUPR_IN: 92.42, AUPR_OUT: 87.55
──────────────────────────────────────────────────────────────────────

Computing mean metrics...
FPR@95: 37.93, AUROC: 89.63 AUPR_IN: 90.67, AUPR_OUT: 87.30
──────────────────────────────────────────────────────────────────────

Processing far ood...
Performing inference on mnist dataset...
Computing metrics on mnist dataset...
FPR@95: 22.74, AUROC: 94.07 AUPR_IN: 80.65, AUPR_OUT: 99.01
──────────────────────────────────────────────────────────────────────

Performing inference on svhn dataset...
Computing metrics on svhn dataset...
FPR@95: 23.22, AUROC: 92.31 AUPR_IN: 88.09, AUPR_OUT: 96.05
──────────────────────────────────────────────────────────────────────

Performing inference on texture dataset...
Computing metrics on texture dataset...
FPR@95: 26.81, AUROC: 91.71 AUPR_IN: 95.30, AUPR_OUT: 84.64
──────────────────────────────────────────────────────────────────────

Performing inference on places365 dataset...
Computing metrics on places365 dataset...
FPR@95: 34.47, AUROC: 90.67 AUPR_IN: 77.08, AUPR_OUT: 96.89
──────────────────────────────────────────────────────────────────────

Computing mean metrics...
FPR@95: 26.81, AUROC: 92.19 AUPR_IN: 85.28, AUPR_OUT: 94.15
──────────────────────────────────────────────────────────────────────

           FPR@95  AUROC  AUPR_IN  AUPR_OUT   ACC
cifar100    41.24  88.73    88.91     87.05 95.22
tin         34.61  90.53    92.42     87.55 95.22
nearood     37.93  89.63    90.67     87.30 95.22
mnist       22.74  94.07    80.65     99.01 95.22
svhn        23.22  92.31    88.09     96.05 95.22
texture     26.81  91.71    95.30     84.64 95.22
places365   34.47  90.67    77.08     96.89 95.22
farood      26.81  92.19    85.28     94.15 95.22
[Timing] Eval:  152.7s

==================================================
Setting up Nyström Kernel-Attention OOD detector...
  sigma:        0.5
  n_anchors:    200
  anchor_init:  kmeans
  reg_lambda:   0.0001
  alpha:        0.05
  feature_space:penultimate
  normalize:    True
  score_mode:   predictor_aware
==================================================
Extracted 50000 train features of dim 512
Extracted 1000 val features for threshold
  Fitting Nyström anchors (m=200, init=kmeans, λ=0.0001)...
  Nyström fit complete. anchors: torch.Size([10, 200, 512]), gamma: torch.Size([10, 200])
  Nyström threshold (predictor_aware) at 5.0%: -0.2303
Nyström setup complete.

[Timing] Setup: 16.7s
Performing inference on cifar10 test set...
Processing near ood...
Performing inference on cifar100 dataset...
Computing metrics on cifar100 dataset...
FPR@95: 41.32, AUROC: 88.52 AUPR_IN: 88.54, AUPR_OUT: 86.66
──────────────────────────────────────────────────────────────────────

Performing inference on tin dataset...
Computing metrics on tin dataset...
FPR@95: 33.13, AUROC: 90.13 AUPR_IN: 92.07, AUPR_OUT: 86.74
──────────────────────────────────────────────────────────────────────

Computing mean metrics...
FPR@95: 37.23, AUROC: 89.33 AUPR_IN: 90.31, AUPR_OUT: 86.70
──────────────────────────────────────────────────────────────────────

Processing far ood...
Performing inference on mnist dataset...
Computing metrics on mnist dataset...
FPR@95: 19.76, AUROC: 94.28 AUPR_IN: 83.96, AUPR_OUT: 98.98
──────────────────────────────────────────────────────────────────────

Performing inference on svhn dataset...
Computing metrics on svhn dataset...
FPR@95: 24.30, AUROC: 92.80 AUPR_IN: 87.90, AUPR_OUT: 96.64
──────────────────────────────────────────────────────────────────────

Performing inference on texture dataset...
Computing metrics on texture dataset...
FPR@95: 26.98, AUROC: 91.76 AUPR_IN: 95.25, AUPR_OUT: 84.91
──────────────────────────────────────────────────────────────────────

Performing inference on places365 dataset...
Computing metrics on places365 dataset...
FPR@95: 35.97, AUROC: 89.89 AUPR_IN: 74.53, AUPR_OUT: 96.58
──────────────────────────────────────────────────────────────────────

Computing mean metrics...
FPR@95: 26.75, AUROC: 92.18 AUPR_IN: 85.41, AUPR_OUT: 94.28
──────────────────────────────────────────────────────────────────────

           FPR@95  AUROC  AUPR_IN  AUPR_OUT   ACC
cifar100    41.32  88.52    88.54     86.66 94.63
tin         33.13  90.13    92.07     86.74 94.63
nearood     37.23  89.33    90.31     86.70 94.63
mnist       19.76  94.28    83.96     98.98 94.63
svhn        24.30  92.80    87.90     96.64 94.63
texture     26.98  91.76    95.25     84.91 94.63
places365   35.97  89.89    74.53     96.58 94.63
farood      26.75  92.18    85.41     94.28 94.63
[Timing] Eval:  73.7s

==================================================
Setting up Nyström Kernel-Attention OOD detector...
  sigma:        0.5
  n_anchors:    200
  anchor_init:  kmeans
  reg_lambda:   0.0001
  alpha:        0.05
  feature_space:penultimate
  normalize:    True
  score_mode:   predictor_aware
==================================================
Extracted 50000 train features of dim 512
Extracted 1000 val features for threshold
  Fitting Nyström anchors (m=200, init=kmeans, λ=0.0001)...
  Nyström fit complete. anchors: torch.Size([10, 200, 512]), gamma: torch.Size([10, 200])
  Nyström threshold (predictor_aware) at 5.0%: -0.0017
Nyström setup complete.

[Timing] Setup: 17.1s
Performing inference on cifar10 test set...
Processing near ood...
Performing inference on cifar100 dataset...
Computing metrics on cifar100 dataset...
FPR@95: 40.09, AUROC: 88.80 AUPR_IN: 88.93, AUPR_OUT: 87.20
──────────────────────────────────────────────────────────────────────

Performing inference on tin dataset...
Computing metrics on tin dataset...
FPR@95: 33.09, AUROC: 90.63 AUPR_IN: 92.41, AUPR_OUT: 87.66
──────────────────────────────────────────────────────────────────────

Computing mean metrics...
FPR@95: 36.59, AUROC: 89.72 AUPR_IN: 90.67, AUPR_OUT: 87.43
──────────────────────────────────────────────────────────────────────

Processing far ood...
Performing inference on mnist dataset...
Computing metrics on mnist dataset...
FPR@95: 23.21, AUROC: 92.50 AUPR_IN: 80.86, AUPR_OUT: 98.59
──────────────────────────────────────────────────────────────────────

Performing inference on svhn dataset...
Computing metrics on svhn dataset...
FPR@95: 25.20, AUROC: 92.03 AUPR_IN: 87.35, AUPR_OUT: 96.14
──────────────────────────────────────────────────────────────────────

Performing inference on texture dataset...
Computing metrics on texture dataset...
FPR@95: 26.00, AUROC: 92.22 AUPR_IN: 95.51, AUPR_OUT: 86.04
──────────────────────────────────────────────────────────────────────

Performing inference on places365 dataset...
Computing metrics on places365 dataset...
FPR@95: 36.47, AUROC: 89.86 AUPR_IN: 74.89, AUPR_OUT: 96.58
──────────────────────────────────────────────────────────────────────

Computing mean metrics...
FPR@95: 27.72, AUROC: 91.65 AUPR_IN: 84.65, AUPR_OUT: 94.34
──────────────────────────────────────────────────────────────────────

           FPR@95  AUROC  AUPR_IN  AUPR_OUT   ACC
cifar100    40.09  88.80    88.93     87.20 95.32
tin         33.09  90.63    92.41     87.66 95.32
nearood     36.59  89.72    90.67     87.43 95.32
mnist       23.21  92.50    80.86     98.59 95.32
svhn        25.20  92.03    87.35     96.14 95.32
texture     26.00  92.22    95.51     86.04 95.32
places365   36.47  89.86    74.89     96.58 95.32
farood      27.72  91.65    84.65     94.34 95.32
[Timing] Eval:  76.4s

[Timing Summary]
  Setup: 30.8s ± 19.7s per seed
  Eval:  100.9s ± 36.6s per seed
  Total: 395.1s across 3 seeds
=== Done | Wed Apr 29 02:54:12 PM EDT 2026 ===
---------------------------------------
Begin Slurm Epilog: Apr-29-2026 14:54:12
Job ID:        5118962
Array Job ID:  5118956_0
User ID:       ksalzman3
Account:       coc
Job name:      nystrom_pa
Resources:     cpu=4,gres/gpu:l40s=1,mem=32G,node=1
Rsrc Used:     cput=00:35:36,vmem=0,walltime=00:08:54,mem=4071380K,energy_used=0
Partition:     ice-gpu
QOS:           coc-ice
Nodes:         atl1-1-03-004-25-0
---------------------------------------
