---------------------------------------
Begin Slurm Prolog: Jun-02-2026 12:15:47
Job ID:    5357596
User ID:   ksalzman3
Account:   coc
Job name:  nystrom_softmax_novw_mlpca_l1234_imagenet
Partition: ice-gpu
QOS:       coc-ice
---------------------------------------
=== nystrom_softmax_novw_mlpca_l1234 | imagenet | Tue Jun  2 12:15:54 PM EDT 2026 ===

==================================================
Setting up Nyström Kernel-Attention OOD detector...
  sigma:        0.5
  n_anchors:    200
  anchor_init:  kmeans
  reg_lambda:   0.0001
  alpha:        0.05
  feature_space:multilayer_pca
  normalize:    True
  score_mode:   softmax
==================================================
Extracted 1281167 train features of dim 512
Extracted 5000 val features for threshold
  Fitting Nyström anchors (m=200, init=kmeans, λ=0.0001)...
  Nyström fit complete. anchors: torch.Size([1000, 200, 512]), gamma: torch.Size([1000, 200])
  Nyström threshold (softmax) at 5.0%: 0.0587
Nyström setup complete.

[Timing] Setup: 2866.7s
Performing inference on imagenet test set...
Processing near ood...
Performing inference on ssb_hard dataset...
Computing metrics on ssb_hard dataset...
FPR@95: 86.68, AUROC: 62.34 AUPR_IN: 60.61, AUPR_OUT: 60.88
──────────────────────────────────────────────────────────────────────

Performing inference on ninco dataset...
Computing metrics on ninco dataset...
FPR@95: 69.16, AUROC: 75.06 AUPR_IN: 95.76, AUPR_OUT: 24.19
──────────────────────────────────────────────────────────────────────

Computing mean metrics...
FPR@95: 77.92, AUROC: 68.70 AUPR_IN: 78.18, AUPR_OUT: 42.54
──────────────────────────────────────────────────────────────────────

Processing far ood...
Performing inference on inaturalist dataset...
Computing metrics on inaturalist dataset...
FPR@95: 47.64, AUROC: 83.13 AUPR_IN: 95.64, AUPR_OUT: 42.67
──────────────────────────────────────────────────────────────────────

Performing inference on textures dataset...
Computing metrics on textures dataset...
FPR@95: 46.69, AUROC: 87.69 AUPR_IN: 98.24, AUPR_OUT: 45.92
──────────────────────────────────────────────────────────────────────

Performing inference on openimage_o dataset...
Computing metrics on openimage_o dataset...
FPR@95: 51.96, AUROC: 83.34 AUPR_IN: 93.31, AUPR_OUT: 59.90
──────────────────────────────────────────────────────────────────────

Computing mean metrics...
FPR@95: 48.76, AUROC: 84.72 AUPR_IN: 95.73, AUPR_OUT: 49.50
──────────────────────────────────────────────────────────────────────

             FPR@95  AUROC  AUPR_IN  AUPR_OUT   ACC
ssb_hard      86.68  62.34    60.61     60.88 76.19
ninco         69.16  75.06    95.76     24.19 76.19
nearood       77.92  68.70    78.18     42.54 76.19
inaturalist   47.64  83.13    95.64     42.67 76.19
textures      46.69  87.69    98.24     45.92 76.19
openimage_o   51.96  83.34    93.31     59.90 76.19
farood        48.76  84.72    95.73     49.50 76.19
[Timing] Eval:  446.7s

[Timing Summary]
  Setup: 2866.7s ± 0.0s per seed
  Eval:  446.7s ± 0.0s per seed
  Total: 3313.4s across 1 seeds
=== Done | Tue Jun  2 01:11:34 PM EDT 2026 ===
---------------------------------------
Begin Slurm Epilog: Jun-02-2026 13:11:34
Job ID:        5357596
User ID:       ksalzman3
Account:       coc
Job name:      nystrom_softmax_novw_mlpca_l1234_imagenet
Resources:     cpu=4,gres/gpu:l40s=1,mem=64G,node=1
Rsrc Used:     cput=03:43:08,vmem=0,walltime=00:55:47,mem=67076800K,energy_used=0
Partition:     ice-gpu
QOS:           coc-ice
Nodes:         atl1-1-03-004-21-0
---------------------------------------
