---------------------------------------
Begin Slurm Prolog: Apr-29-2026 14:45:19
Job ID:    5118956
User ID:   ksalzman3
Account:   coc
Job name:  nystrom_pa
Partition: ice-gpu
QOS:       coc-ice
---------------------------------------
=== nystrom_predictor_aware_vw | imagenet200 | Wed Apr 29 02:45:25 PM EDT 2026 ===

==================================================
Setting up Nyström Kernel-Attention OOD detector...
  sigma:        0.5
  n_anchors:    200
  anchor_init:  kmeans
  reg_lambda:   0.0001
  alpha:        0.05
  feature_space:penultimate
  normalize:    True
  score_mode:   predictor_aware
==================================================
Extracted 258951 train features of dim 512
Extracted 1000 val features for threshold
  Fitting Nyström anchors (m=200, init=kmeans, λ=0.0001)...
  Nyström fit complete. anchors: torch.Size([200, 200, 512]), gamma: torch.Size([200, 200])
  Nyström threshold (predictor_aware) at 5.0%: -2.3932
Nyström setup complete.

[Timing] Setup: 588.8s
Performing inference on imagenet200 test set...
Processing near ood...
Performing inference on ssb_hard dataset...
Computing metrics on ssb_hard dataset...
FPR@95: 70.28, AUROC: 80.53 AUPR_IN: 42.67, AUPR_OUT: 94.97
──────────────────────────────────────────────────────────────────────

Performing inference on ninco dataset...
Computing metrics on ninco dataset...
FPR@95: 42.01, AUROC: 87.07 AUPR_IN: 91.91, AUPR_OUT: 78.18
──────────────────────────────────────────────────────────────────────

Computing mean metrics...
FPR@95: 56.14, AUROC: 83.80 AUPR_IN: 67.29, AUPR_OUT: 86.57
──────────────────────────────────────────────────────────────────────

Processing far ood...
Performing inference on inaturalist dataset...
Computing metrics on inaturalist dataset...
FPR@95: 21.08, AUROC: 94.27 AUPR_IN: 94.88, AUPR_OUT: 93.58
──────────────────────────────────────────────────────────────────────

Performing inference on textures dataset...
Computing metrics on textures dataset...
FPR@95: 38.29, AUROC: 90.54 AUPR_IN: 93.61, AUPR_OUT: 85.40
──────────────────────────────────────────────────────────────────────

Performing inference on openimage_o dataset...
Computing metrics on openimage_o dataset...
FPR@95: 32.53, AUROC: 90.57 AUPR_IN: 88.22, AUPR_OUT: 93.03
──────────────────────────────────────────────────────────────────────

Computing mean metrics...
FPR@95: 30.63, AUROC: 91.79 AUPR_IN: 92.24, AUPR_OUT: 90.67
──────────────────────────────────────────────────────────────────────

             FPR@95  AUROC  AUPR_IN  AUPR_OUT   ACC
ssb_hard      70.28  80.53    42.67     94.97 86.39
ninco         42.01  87.07    91.91     78.18 86.39
nearood       56.14  83.80    67.29     86.57 86.39
inaturalist   21.08  94.27    94.88     93.58 86.39
textures      38.29  90.54    93.61     85.40 86.39
openimage_o   32.53  90.57    88.22     93.03 86.39
farood        30.63  91.79    92.24     90.67 86.39
[Timing] Eval:  211.3s

==================================================
Setting up Nyström Kernel-Attention OOD detector...
  sigma:        0.5
  n_anchors:    200
  anchor_init:  kmeans
  reg_lambda:   0.0001
  alpha:        0.05
  feature_space:penultimate
  normalize:    True
  score_mode:   predictor_aware
==================================================
Extracted 258951 train features of dim 512
Extracted 1000 val features for threshold
  Fitting Nyström anchors (m=200, init=kmeans, λ=0.0001)...
  Nyström fit complete. anchors: torch.Size([200, 200, 512]), gamma: torch.Size([200, 200])
  Nyström threshold (predictor_aware) at 5.0%: -2.3356
Nyström setup complete.

[Timing] Setup: 605.4s
Performing inference on imagenet200 test set...
Processing near ood...
Performing inference on ssb_hard dataset...
Computing metrics on ssb_hard dataset...
FPR@95: 69.34, AUROC: 80.60 AUPR_IN: 42.83, AUPR_OUT: 94.94
──────────────────────────────────────────────────────────────────────

Performing inference on ninco dataset...
Computing metrics on ninco dataset...
FPR@95: 40.30, AUROC: 87.30 AUPR_IN: 92.13, AUPR_OUT: 78.25
──────────────────────────────────────────────────────────────────────

Computing mean metrics...
FPR@95: 54.82, AUROC: 83.95 AUPR_IN: 67.48, AUPR_OUT: 86.60
──────────────────────────────────────────────────────────────────────

Processing far ood...
Performing inference on inaturalist dataset...
Computing metrics on inaturalist dataset...
FPR@95: 21.69, AUROC: 93.92 AUPR_IN: 94.61, AUPR_OUT: 93.08
──────────────────────────────────────────────────────────────────────

Performing inference on textures dataset...
Computing metrics on textures dataset...
FPR@95: 37.46, AUROC: 90.61 AUPR_IN: 93.35, AUPR_OUT: 85.43
──────────────────────────────────────────────────────────────────────

Performing inference on openimage_o dataset...
Computing metrics on openimage_o dataset...
FPR@95: 31.86, AUROC: 90.47 AUPR_IN: 88.22, AUPR_OUT: 92.80
──────────────────────────────────────────────────────────────────────

Computing mean metrics...
FPR@95: 30.33, AUROC: 91.67 AUPR_IN: 92.06, AUPR_OUT: 90.44
──────────────────────────────────────────────────────────────────────

             FPR@95  AUROC  AUPR_IN  AUPR_OUT   ACC
ssb_hard      69.34  80.60    42.83     94.94 86.46
ninco         40.30  87.30    92.13     78.25 86.46
nearood       54.82  83.95    67.48     86.60 86.46
inaturalist   21.69  93.92    94.61     93.08 86.46
textures      37.46  90.61    93.35     85.43 86.46
openimage_o   31.86  90.47    88.22     92.80 86.46
farood        30.33  91.67    92.06     90.44 86.46
[Timing] Eval:  218.6s

==================================================
Setting up Nyström Kernel-Attention OOD detector...
  sigma:        0.5
  n_anchors:    200
  anchor_init:  kmeans
  reg_lambda:   0.0001
  alpha:        0.05
  feature_space:penultimate
  normalize:    True
  score_mode:   predictor_aware
==================================================
Extracted 258951 train features of dim 512
Extracted 1000 val features for threshold
  Fitting Nyström anchors (m=200, init=kmeans, λ=0.0001)...
  Nyström fit complete. anchors: torch.Size([200, 200, 512]), gamma: torch.Size([200, 200])
  Nyström threshold (predictor_aware) at 5.0%: -2.4743
Nyström setup complete.

[Timing] Setup: 595.9s
Performing inference on imagenet200 test set...
Processing near ood...
Performing inference on ssb_hard dataset...
Computing metrics on ssb_hard dataset...
FPR@95: 70.10, AUROC: 80.47 AUPR_IN: 42.43, AUPR_OUT: 94.94
──────────────────────────────────────────────────────────────────────

Performing inference on ninco dataset...
Computing metrics on ninco dataset...
FPR@95: 41.69, AUROC: 87.17 AUPR_IN: 91.95, AUPR_OUT: 78.18
──────────────────────────────────────────────────────────────────────

Computing mean metrics...
FPR@95: 55.89, AUROC: 83.82 AUPR_IN: 67.19, AUPR_OUT: 86.56
──────────────────────────────────────────────────────────────────────

Processing far ood...
Performing inference on inaturalist dataset...
Computing metrics on inaturalist dataset...
FPR@95: 23.13, AUROC: 93.71 AUPR_IN: 94.42, AUPR_OUT: 92.77
──────────────────────────────────────────────────────────────────────

Performing inference on textures dataset...
Computing metrics on textures dataset...
FPR@95: 38.33, AUROC: 90.50 AUPR_IN: 93.45, AUPR_OUT: 85.34
──────────────────────────────────────────────────────────────────────

Performing inference on openimage_o dataset...
Computing metrics on openimage_o dataset...
FPR@95: 32.20, AUROC: 90.46 AUPR_IN: 88.14, AUPR_OUT: 92.85
──────────────────────────────────────────────────────────────────────

Computing mean metrics...
FPR@95: 31.22, AUROC: 91.55 AUPR_IN: 92.00, AUPR_OUT: 90.32
──────────────────────────────────────────────────────────────────────

             FPR@95  AUROC  AUPR_IN  AUPR_OUT   ACC
ssb_hard      70.10  80.47    42.43     94.94 86.27
ninco         41.69  87.17    91.95     78.18 86.27
nearood       55.89  83.82    67.19     86.56 86.27
inaturalist   23.13  93.71    94.42     92.77 86.27
textures      38.33  90.50    93.45     85.34 86.27
openimage_o   32.20  90.46    88.14     92.85 86.27
farood        31.22  91.55    92.00     90.32 86.27
[Timing] Eval:  218.4s

[Timing Summary]
  Setup: 596.7s ± 6.8s per seed
  Eval:  216.1s ± 3.4s per seed
  Total: 2438.4s across 3 seeds
=== Done | Wed Apr 29 03:28:37 PM EDT 2026 ===
---------------------------------------
Begin Slurm Epilog: Apr-29-2026 15:28:37
Job ID:        5118956
Array Job ID:  5118956_2
User ID:       ksalzman3
Account:       coc
Job name:      nystrom_pa
Resources:     cpu=4,gres/gpu:l40s=1,mem=32G,node=1
Rsrc Used:     cput=00:35:36,vmem=0,walltime=00:08:54,mem=4071380K,energy_used=0
Partition:     ice-gpu
QOS:           coc-ice
Nodes:         atl1-1-03-004-25-0
---------------------------------------
