---------------------------------------
Begin Slurm Prolog: Jun-01-2026 12:36:59
Job ID:    5355742
User ID:   ksalzman3
Account:   coc
Job name:  nystrom_max_vw_mlminmax
Partition: ice-gpu
QOS:       coc-ice
---------------------------------------
=== nystrom_max_vw_mlminmax | cifar10 | Mon Jun  1 12:37:07 PM EDT 2026 ===

==================================================
Setting up Nyström Kernel-Attention OOD detector...
  sigma:        0.5
  n_anchors:    200
  anchor_init:  kmeans
  reg_lambda:   0.0001
  alpha:        0.05
  feature_space:multilayer_minmax_concat
  normalize:    True
  score_mode:   max
==================================================
Extracted 50000 train features of dim 1920
Extracted 1000 val features for threshold
  Fitting Nyström anchors (m=200, init=kmeans, λ=0.0001)...
  Nyström fit complete. anchors: torch.Size([10, 200, 1920]), gamma: torch.Size([10, 200])
  Per-class score variance (mean): 0.000885
  Nyström threshold (max) at 5.0%: 17.9251
Nyström setup complete.

[Timing] Setup: 16.4s
Performing inference on cifar10 test set...
Processing near ood...
Performing inference on cifar100 dataset...
Computing metrics on cifar100 dataset...
FPR@95: 76.41, AUROC: 82.82 AUPR_IN: 80.56, AUPR_OUT: 82.73
──────────────────────────────────────────────────────────────────────

Performing inference on tin dataset...
Computing metrics on tin dataset...
FPR@95: 61.18, AUROC: 85.31 AUPR_IN: 86.38, AUPR_OUT: 82.76
──────────────────────────────────────────────────────────────────────

Computing mean metrics...
FPR@95: 68.79, AUROC: 84.06 AUPR_IN: 83.47, AUPR_OUT: 82.75
──────────────────────────────────────────────────────────────────────

Processing far ood...
Performing inference on mnist dataset...
Computing metrics on mnist dataset...
FPR@95: 17.22, AUROC: 95.85 AUPR_IN: 83.66, AUPR_OUT: 99.31
──────────────────────────────────────────────────────────────────────

Performing inference on svhn dataset...
Computing metrics on svhn dataset...
FPR@95: 7.68, AUROC: 98.51 AUPR_IN: 96.30, AUPR_OUT: 99.47
──────────────────────────────────────────────────────────────────────

Performing inference on texture dataset...
Computing metrics on texture dataset...
FPR@95: 24.58, AUROC: 94.99 AUPR_IN: 96.66, AUPR_OUT: 92.93
──────────────────────────────────────────────────────────────────────

Performing inference on places365 dataset...
Computing metrics on places365 dataset...
FPR@95: 81.59, AUROC: 78.05 AUPR_IN: 49.01, AUPR_OUT: 92.85
──────────────────────────────────────────────────────────────────────

Computing mean metrics...
FPR@95: 32.77, AUROC: 91.85 AUPR_IN: 81.41, AUPR_OUT: 96.14
──────────────────────────────────────────────────────────────────────

           FPR@95  AUROC  AUPR_IN  AUPR_OUT   ACC
cifar100    76.41  82.82    80.56     82.73 95.22
tin         61.18  85.31    86.38     82.76 95.22
nearood     68.79  84.06    83.47     82.75 95.22
mnist       17.22  95.85    83.66     99.31 95.22
svhn         7.68  98.51    96.30     99.47 95.22
texture     24.58  94.99    96.66     92.93 95.22
places365   81.59  78.05    49.01     92.85 95.22
farood      32.77  91.85    81.41     96.14 95.22
[Timing] Eval:  71.1s

==================================================
Setting up Nyström Kernel-Attention OOD detector...
  sigma:        0.5
  n_anchors:    200
  anchor_init:  kmeans
  reg_lambda:   0.0001
  alpha:        0.05
  feature_space:multilayer_minmax_concat
  normalize:    True
  score_mode:   max
==================================================
Extracted 50000 train features of dim 1920
Extracted 1000 val features for threshold
  Fitting Nyström anchors (m=200, init=kmeans, λ=0.0001)...
  Nyström fit complete. anchors: torch.Size([10, 200, 1920]), gamma: torch.Size([10, 200])
  Per-class score variance (mean): 0.000945
  Nyström threshold (max) at 5.0%: 17.4025
Nyström setup complete.

[Timing] Setup: 16.3s
Performing inference on cifar10 test set...
Processing near ood...
Performing inference on cifar100 dataset...
Computing metrics on cifar100 dataset...
FPR@95: 81.33, AUROC: 81.16 AUPR_IN: 77.51, AUPR_OUT: 81.60
──────────────────────────────────────────────────────────────────────

Performing inference on tin dataset...
Computing metrics on tin dataset...
FPR@95: 67.68, AUROC: 83.30 AUPR_IN: 83.82, AUPR_OUT: 80.95
──────────────────────────────────────────────────────────────────────

Computing mean metrics...
FPR@95: 74.51, AUROC: 82.23 AUPR_IN: 80.67, AUPR_OUT: 81.27
──────────────────────────────────────────────────────────────────────

Processing far ood...
Performing inference on mnist dataset...
Computing metrics on mnist dataset...
FPR@95: 11.68, AUROC: 97.23 AUPR_IN: 90.12, AUPR_OUT: 99.56
──────────────────────────────────────────────────────────────────────

Performing inference on svhn dataset...
Computing metrics on svhn dataset...
FPR@95: 12.86, AUROC: 97.86 AUPR_IN: 94.14, AUPR_OUT: 99.27
──────────────────────────────────────────────────────────────────────

Performing inference on texture dataset...
Computing metrics on texture dataset...
FPR@95: 27.93, AUROC: 94.47 AUPR_IN: 96.23, AUPR_OUT: 92.51
──────────────────────────────────────────────────────────────────────

Performing inference on places365 dataset...
Computing metrics on places365 dataset...
FPR@95: 84.70, AUROC: 71.45 AUPR_IN: 36.52, AUPR_OUT: 90.81
──────────────────────────────────────────────────────────────────────

Computing mean metrics...
FPR@95: 34.29, AUROC: 90.25 AUPR_IN: 79.25, AUPR_OUT: 95.54
──────────────────────────────────────────────────────────────────────

           FPR@95  AUROC  AUPR_IN  AUPR_OUT   ACC
cifar100    81.33  81.16    77.51     81.60 94.63
tin         67.68  83.30    83.82     80.95 94.63
nearood     74.51  82.23    80.67     81.27 94.63
mnist       11.68  97.23    90.12     99.56 94.63
svhn        12.86  97.86    94.14     99.27 94.63
texture     27.93  94.47    96.23     92.51 94.63
places365   84.70  71.45    36.52     90.81 94.63
farood      34.29  90.25    79.25     95.54 94.63
[Timing] Eval:  71.1s

==================================================
Setting up Nyström Kernel-Attention OOD detector...
  sigma:        0.5
  n_anchors:    200
  anchor_init:  kmeans
  reg_lambda:   0.0001
  alpha:        0.05
  feature_space:multilayer_minmax_concat
  normalize:    True
  score_mode:   max
==================================================
Extracted 50000 train features of dim 1920
Extracted 1000 val features for threshold
  Fitting Nyström anchors (m=200, init=kmeans, λ=0.0001)...
  Nyström fit complete. anchors: torch.Size([10, 200, 1920]), gamma: torch.Size([10, 200])
  Per-class score variance (mean): 0.000890
  Nyström threshold (max) at 5.0%: 17.7928
Nyström setup complete.

[Timing] Setup: 16.1s
Performing inference on cifar10 test set...
Processing near ood...
Performing inference on cifar100 dataset...
Computing metrics on cifar100 dataset...
FPR@95: 77.81, AUROC: 79.07 AUPR_IN: 76.93, AUPR_OUT: 79.00
──────────────────────────────────────────────────────────────────────

Performing inference on tin dataset...
Computing metrics on tin dataset...
FPR@95: 70.43, AUROC: 79.81 AUPR_IN: 81.49, AUPR_OUT: 76.97
──────────────────────────────────────────────────────────────────────

Computing mean metrics...
FPR@95: 74.12, AUROC: 79.44 AUPR_IN: 79.21, AUPR_OUT: 77.98
──────────────────────────────────────────────────────────────────────

Processing far ood...
Performing inference on mnist dataset...
Computing metrics on mnist dataset...
FPR@95: 17.16, AUROC: 96.28 AUPR_IN: 86.19, AUPR_OUT: 99.41
──────────────────────────────────────────────────────────────────────

Performing inference on svhn dataset...
Computing metrics on svhn dataset...
FPR@95: 13.33, AUROC: 97.77 AUPR_IN: 94.36, AUPR_OUT: 99.22
──────────────────────────────────────────────────────────────────────

Performing inference on texture dataset...
Computing metrics on texture dataset...
FPR@95: 40.23, AUROC: 92.25 AUPR_IN: 94.75, AUPR_OUT: 89.87
──────────────────────────────────────────────────────────────────────

Performing inference on places365 dataset...
Computing metrics on places365 dataset...
FPR@95: 82.88, AUROC: 68.93 AUPR_IN: 38.19, AUPR_OUT: 89.43
──────────────────────────────────────────────────────────────────────

Computing mean metrics...
FPR@95: 38.40, AUROC: 88.81 AUPR_IN: 78.37, AUPR_OUT: 94.48
──────────────────────────────────────────────────────────────────────

           FPR@95  AUROC  AUPR_IN  AUPR_OUT   ACC
cifar100    77.81  79.07    76.93     79.00 95.32
tin         70.43  79.81    81.49     76.97 95.32
nearood     74.12  79.44    79.21     77.98 95.32
mnist       17.16  96.28    86.19     99.41 95.32
svhn        13.33  97.77    94.36     99.22 95.32
texture     40.23  92.25    94.75     89.87 95.32
places365   82.88  68.93    38.19     89.43 95.32
farood      38.40  88.81    78.37     94.48 95.32
[Timing] Eval:  69.4s

[Timing Summary]
  Setup: 16.3s ± 0.2s per seed
  Eval:  70.5s ± 0.8s per seed
  Total: 260.3s across 3 seeds
=== Done | Mon Jun  1 12:41:47 PM EDT 2026 ===
---------------------------------------
Begin Slurm Epilog: Jun-01-2026 12:41:47
Job ID:        5355742
Array Job ID:  5355733_0
User ID:       ksalzman3
Account:       coc
Job name:      nystrom_max_vw_mlminmax
Resources:     cpu=4,gres/gpu:a100=1,mem=32G,node=1
Rsrc Used:     cput=00:19:12,vmem=0,walltime=00:04:48,mem=3918232K,energy_used=0
Partition:     ice-gpu
QOS:           coc-ice
Nodes:         atl1-1-03-007-35-0
---------------------------------------
