---------------------------------------
Begin Slurm Prolog: Jun-01-2026 14:43:50
Job ID:    5355923
User ID:   ksalzman3
Account:   coc
Job name:  nystrom_softmax_vw_mlpca_yw
Partition: ice-gpu
QOS:       coc-ice
---------------------------------------
=== nystrom_softmax_vw_mlpca_yw | cifar10 | Mon Jun  1 02:43:57 PM EDT 2026 ===

==================================================
Setting up Nyström Kernel-Attention OOD detector...
  sigma:        0.5
  n_anchors:    200
  anchor_init:  kmeans
  reg_lambda:   0.0001
  alpha:        0.05
  feature_space:multilayer_pca
  normalize:    True
  score_mode:   softmax
==================================================
Extracted 50000 train features of dim 384
Extracted 1000 val features for threshold
  Fitting Nyström anchors (m=200, init=kmeans, λ=0.0001)...
  Nyström fit complete. anchors: torch.Size([10, 200, 384]), gamma: torch.Size([10, 200])
  Per-class score variance (mean): 0.005806
  Nyström threshold (softmax) at 5.0%: 2.8897
Nyström setup complete.

[Timing] Setup: 14.6s
Performing inference on cifar10 test set...
Processing near ood...
Performing inference on cifar100 dataset...
Computing metrics on cifar100 dataset...
FPR@95: 43.31, AUROC: 88.64 AUPR_IN: 88.30, AUPR_OUT: 87.32
──────────────────────────────────────────────────────────────────────

Performing inference on tin dataset...
Computing metrics on tin dataset...
FPR@95: 36.64, AUROC: 90.56 AUPR_IN: 92.27, AUPR_OUT: 87.90
──────────────────────────────────────────────────────────────────────

Computing mean metrics...
FPR@95: 39.98, AUROC: 89.60 AUPR_IN: 90.28, AUPR_OUT: 87.61
──────────────────────────────────────────────────────────────────────

Processing far ood...
Performing inference on mnist dataset...
Computing metrics on mnist dataset...
FPR@95: 21.53, AUROC: 94.13 AUPR_IN: 81.82, AUPR_OUT: 99.00
──────────────────────────────────────────────────────────────────────

Performing inference on svhn dataset...
Computing metrics on svhn dataset...
FPR@95: 19.10, AUROC: 93.59 AUPR_IN: 90.14, AUPR_OUT: 96.78
──────────────────────────────────────────────────────────────────────

Performing inference on texture dataset...
Computing metrics on texture dataset...
FPR@95: 23.09, AUROC: 93.01 AUPR_IN: 95.96, AUPR_OUT: 87.36
──────────────────────────────────────────────────────────────────────

Performing inference on places365 dataset...
Computing metrics on places365 dataset...
FPR@95: 42.81, AUROC: 89.89 AUPR_IN: 74.06, AUPR_OUT: 96.71
──────────────────────────────────────────────────────────────────────

Computing mean metrics...
FPR@95: 26.63, AUROC: 92.65 AUPR_IN: 85.50, AUPR_OUT: 94.96
──────────────────────────────────────────────────────────────────────

           FPR@95  AUROC  AUPR_IN  AUPR_OUT   ACC
cifar100    43.31  88.64    88.30     87.32 95.22
tin         36.64  90.56    92.27     87.90 95.22
nearood     39.98  89.60    90.28     87.61 95.22
mnist       21.53  94.13    81.82     99.00 95.22
svhn        19.10  93.59    90.14     96.78 95.22
texture     23.09  93.01    95.96     87.36 95.22
places365   42.81  89.89    74.06     96.71 95.22
farood      26.63  92.65    85.50     94.96 95.22
[Timing] Eval:  67.8s

==================================================
Setting up Nyström Kernel-Attention OOD detector...
  sigma:        0.5
  n_anchors:    200
  anchor_init:  kmeans
  reg_lambda:   0.0001
  alpha:        0.05
  feature_space:multilayer_pca
  normalize:    True
  score_mode:   softmax
==================================================
Extracted 50000 train features of dim 384
Extracted 1000 val features for threshold
  Fitting Nyström anchors (m=200, init=kmeans, λ=0.0001)...
  Nyström fit complete. anchors: torch.Size([10, 200, 384]), gamma: torch.Size([10, 200])
  Per-class score variance (mean): 0.006484
  Nyström threshold (softmax) at 5.0%: 2.6387
Nyström setup complete.

[Timing] Setup: 15.2s
Performing inference on cifar10 test set...
Processing near ood...
Performing inference on cifar100 dataset...
Computing metrics on cifar100 dataset...
FPR@95: 52.63, AUROC: 87.73 AUPR_IN: 86.70, AUPR_OUT: 86.53
──────────────────────────────────────────────────────────────────────

Performing inference on tin dataset...
Computing metrics on tin dataset...
FPR@95: 38.12, AUROC: 89.87 AUPR_IN: 91.45, AUPR_OUT: 86.94
──────────────────────────────────────────────────────────────────────

Computing mean metrics...
FPR@95: 45.38, AUROC: 88.80 AUPR_IN: 89.08, AUPR_OUT: 86.73
──────────────────────────────────────────────────────────────────────

Processing far ood...
Performing inference on mnist dataset...
Computing metrics on mnist dataset...
FPR@95: 17.07, AUROC: 95.25 AUPR_IN: 86.72, AUPR_OUT: 99.17
──────────────────────────────────────────────────────────────────────

Performing inference on svhn dataset...
Computing metrics on svhn dataset...
FPR@95: 21.39, AUROC: 93.75 AUPR_IN: 89.45, AUPR_OUT: 97.12
──────────────────────────────────────────────────────────────────────

Performing inference on texture dataset...
Computing metrics on texture dataset...
FPR@95: 26.03, AUROC: 92.58 AUPR_IN: 95.58, AUPR_OUT: 86.99
──────────────────────────────────────────────────────────────────────

Performing inference on places365 dataset...
Computing metrics on places365 dataset...
FPR@95: 57.63, AUROC: 87.80 AUPR_IN: 66.10, AUPR_OUT: 96.11
──────────────────────────────────────────────────────────────────────

Computing mean metrics...
FPR@95: 30.53, AUROC: 92.35 AUPR_IN: 84.46, AUPR_OUT: 94.84
──────────────────────────────────────────────────────────────────────

           FPR@95  AUROC  AUPR_IN  AUPR_OUT   ACC
cifar100    52.63  87.73    86.70     86.53 94.63
tin         38.12  89.87    91.45     86.94 94.63
nearood     45.38  88.80    89.08     86.73 94.63
mnist       17.07  95.25    86.72     99.17 94.63
svhn        21.39  93.75    89.45     97.12 94.63
texture     26.03  92.58    95.58     86.99 94.63
places365   57.63  87.80    66.10     96.11 94.63
farood      30.53  92.35    84.46     94.84 94.63
[Timing] Eval:  67.5s

==================================================
Setting up Nyström Kernel-Attention OOD detector...
  sigma:        0.5
  n_anchors:    200
  anchor_init:  kmeans
  reg_lambda:   0.0001
  alpha:        0.05
  feature_space:multilayer_pca
  normalize:    True
  score_mode:   softmax
==================================================
Extracted 50000 train features of dim 384
Extracted 1000 val features for threshold
  Fitting Nyström anchors (m=200, init=kmeans, λ=0.0001)...
  Nyström fit complete. anchors: torch.Size([10, 200, 384]), gamma: torch.Size([10, 200])
  Per-class score variance (mean): 0.005819
  Nyström threshold (softmax) at 5.0%: 3.3142
Nyström setup complete.

[Timing] Setup: 15.2s
Performing inference on cifar10 test set...
Processing near ood...
Performing inference on cifar100 dataset...
Computing metrics on cifar100 dataset...
FPR@95: 52.86, AUROC: 87.68 AUPR_IN: 86.66, AUPR_OUT: 86.73
──────────────────────────────────────────────────────────────────────

Performing inference on tin dataset...
Computing metrics on tin dataset...
FPR@95: 44.38, AUROC: 89.63 AUPR_IN: 90.95, AUPR_OUT: 87.13
──────────────────────────────────────────────────────────────────────

Computing mean metrics...
FPR@95: 48.62, AUROC: 88.66 AUPR_IN: 88.81, AUPR_OUT: 86.93
──────────────────────────────────────────────────────────────────────

Processing far ood...
Performing inference on mnist dataset...
Computing metrics on mnist dataset...
FPR@95: 19.83, AUROC: 93.98 AUPR_IN: 84.03, AUPR_OUT: 98.91
──────────────────────────────────────────────────────────────────────

Performing inference on svhn dataset...
Computing metrics on svhn dataset...
FPR@95: 20.19, AUROC: 93.27 AUPR_IN: 89.56, AUPR_OUT: 96.72
──────────────────────────────────────────────────────────────────────

Performing inference on texture dataset...
Computing metrics on texture dataset...
FPR@95: 28.97, AUROC: 92.40 AUPR_IN: 95.30, AUPR_OUT: 87.23
──────────────────────────────────────────────────────────────────────

Performing inference on places365 dataset...
Computing metrics on places365 dataset...
FPR@95: 62.39, AUROC: 86.98 AUPR_IN: 64.60, AUPR_OUT: 95.86
──────────────────────────────────────────────────────────────────────

Computing mean metrics...
FPR@95: 32.84, AUROC: 91.66 AUPR_IN: 83.37, AUPR_OUT: 94.68
──────────────────────────────────────────────────────────────────────

           FPR@95  AUROC  AUPR_IN  AUPR_OUT   ACC
cifar100    52.86  87.68    86.66     86.73 95.32
tin         44.38  89.63    90.95     87.13 95.32
nearood     48.62  88.66    88.81     86.93 95.32
mnist       19.83  93.98    84.03     98.91 95.32
svhn        20.19  93.27    89.56     96.72 95.32
texture     28.97  92.40    95.30     87.23 95.32
places365   62.39  86.98    64.60     95.86 95.32
farood      32.84  91.66    83.37     94.68 95.32
[Timing] Eval:  66.3s

[Timing Summary]
  Setup: 15.0s ± 0.3s per seed
  Eval:  67.2s ± 0.6s per seed
  Total: 246.6s across 3 seeds
=== Done | Mon Jun  1 02:48:45 PM EDT 2026 ===
---------------------------------------
Begin Slurm Epilog: Jun-01-2026 14:48:45
Job ID:        5355923
Array Job ID:  5355911_0
User ID:       ksalzman3
Account:       coc
Job name:      nystrom_softmax_vw_mlpca_yw
Resources:     cpu=4,gres/gpu:h200=1,mem=32G,node=1
Rsrc Used:     cput=00:19:40,vmem=0,walltime=00:04:55,mem=3634036K,energy_used=0
Partition:     ice-gpu
QOS:           coc-ice
Nodes:         atl1-1-03-017-16-0
---------------------------------------
