---------------------------------------
Begin Slurm Prolog: Jun-01-2026 14:43:50
Job ID:    5355915
User ID:   ksalzman3
Account:   coc
Job name:  nystrom_softmax_novw_mlpca_yw
Partition: ice-gpu
QOS:       coc-ice
---------------------------------------
=== nystrom_softmax_novw_mlpca_yw | cifar10 | Mon Jun  1 02:43:56 PM EDT 2026 ===

==================================================
Setting up Nyström Kernel-Attention OOD detector...
  sigma:        0.5
  n_anchors:    200
  anchor_init:  kmeans
  reg_lambda:   0.0001
  alpha:        0.05
  feature_space:multilayer_pca
  normalize:    True
  score_mode:   softmax
==================================================
Extracted 50000 train features of dim 384
Extracted 1000 val features for threshold
  Fitting Nyström anchors (m=200, init=kmeans, λ=0.0001)...
  Nyström fit complete. anchors: torch.Size([10, 200, 384]), gamma: torch.Size([10, 200])
  Nyström threshold (softmax) at 5.0%: 0.2283
Nyström setup complete.

[Timing] Setup: 14.4s
Performing inference on cifar10 test set...
Processing near ood...
Performing inference on cifar100 dataset...
Computing metrics on cifar100 dataset...
FPR@95: 41.30, AUROC: 88.93 AUPR_IN: 88.99, AUPR_OUT: 87.50
──────────────────────────────────────────────────────────────────────

Performing inference on tin dataset...
Computing metrics on tin dataset...
FPR@95: 34.28, AUROC: 90.78 AUPR_IN: 92.58, AUPR_OUT: 88.06
──────────────────────────────────────────────────────────────────────

Computing mean metrics...
FPR@95: 37.79, AUROC: 89.86 AUPR_IN: 90.79, AUPR_OUT: 87.78
──────────────────────────────────────────────────────────────────────

Processing far ood...
Performing inference on mnist dataset...
Computing metrics on mnist dataset...
FPR@95: 22.09, AUROC: 94.04 AUPR_IN: 82.04, AUPR_OUT: 98.99
──────────────────────────────────────────────────────────────────────

Performing inference on svhn dataset...
Computing metrics on svhn dataset...
FPR@95: 21.32, AUROC: 92.98 AUPR_IN: 89.01, AUPR_OUT: 96.46
──────────────────────────────────────────────────────────────────────

Performing inference on texture dataset...
Computing metrics on texture dataset...
FPR@95: 24.37, AUROC: 92.87 AUPR_IN: 95.95, AUPR_OUT: 87.08
──────────────────────────────────────────────────────────────────────

Performing inference on places365 dataset...
Computing metrics on places365 dataset...
FPR@95: 34.99, AUROC: 90.61 AUPR_IN: 76.72, AUPR_OUT: 96.90
──────────────────────────────────────────────────────────────────────

Computing mean metrics...
FPR@95: 25.69, AUROC: 92.62 AUPR_IN: 85.93, AUPR_OUT: 94.86
──────────────────────────────────────────────────────────────────────

           FPR@95  AUROC  AUPR_IN  AUPR_OUT   ACC
cifar100    41.30  88.93    88.99     87.50 95.22
tin         34.28  90.78    92.58     88.06 95.22
nearood     37.79  89.86    90.79     87.78 95.22
mnist       22.09  94.04    82.04     98.99 95.22
svhn        21.32  92.98    89.01     96.46 95.22
texture     24.37  92.87    95.95     87.08 95.22
places365   34.99  90.61    76.72     96.90 95.22
farood      25.69  92.62    85.93     94.86 95.22
[Timing] Eval:  58.5s

==================================================
Setting up Nyström Kernel-Attention OOD detector...
  sigma:        0.5
  n_anchors:    200
  anchor_init:  kmeans
  reg_lambda:   0.0001
  alpha:        0.05
  feature_space:multilayer_pca
  normalize:    True
  score_mode:   softmax
==================================================
Extracted 50000 train features of dim 384
Extracted 1000 val features for threshold
  Fitting Nyström anchors (m=200, init=kmeans, λ=0.0001)...
  Nyström fit complete. anchors: torch.Size([10, 200, 384]), gamma: torch.Size([10, 200])
  Nyström threshold (softmax) at 5.0%: 0.2181
Nyström setup complete.

[Timing] Setup: 12.9s
Performing inference on cifar10 test set...
Processing near ood...
Performing inference on cifar100 dataset...
Computing metrics on cifar100 dataset...
FPR@95: 42.84, AUROC: 88.61 AUPR_IN: 88.47, AUPR_OUT: 87.04
──────────────────────────────────────────────────────────────────────

Performing inference on tin dataset...
Computing metrics on tin dataset...
FPR@95: 33.71, AUROC: 90.37 AUPR_IN: 92.19, AUPR_OUT: 87.31
──────────────────────────────────────────────────────────────────────

Computing mean metrics...
FPR@95: 38.28, AUROC: 89.49 AUPR_IN: 90.33, AUPR_OUT: 87.18
──────────────────────────────────────────────────────────────────────

Processing far ood...
Performing inference on mnist dataset...
Computing metrics on mnist dataset...
FPR@95: 18.02, AUROC: 95.05 AUPR_IN: 86.15, AUPR_OUT: 99.13
──────────────────────────────────────────────────────────────────────

Performing inference on svhn dataset...
Computing metrics on svhn dataset...
FPR@95: 21.89, AUROC: 93.59 AUPR_IN: 89.26, AUPR_OUT: 97.03
──────────────────────────────────────────────────────────────────────

Performing inference on texture dataset...
Computing metrics on texture dataset...
FPR@95: 25.31, AUROC: 92.76 AUPR_IN: 95.77, AUPR_OUT: 87.09
──────────────────────────────────────────────────────────────────────

Performing inference on places365 dataset...
Computing metrics on places365 dataset...
FPR@95: 39.43, AUROC: 89.66 AUPR_IN: 73.54, AUPR_OUT: 96.59
──────────────────────────────────────────────────────────────────────

Computing mean metrics...
FPR@95: 26.16, AUROC: 92.77 AUPR_IN: 86.18, AUPR_OUT: 94.96
──────────────────────────────────────────────────────────────────────

           FPR@95  AUROC  AUPR_IN  AUPR_OUT   ACC
cifar100    42.84  88.61    88.47     87.04 94.63
tin         33.71  90.37    92.19     87.31 94.63
nearood     38.28  89.49    90.33     87.18 94.63
mnist       18.02  95.05    86.15     99.13 94.63
svhn        21.89  93.59    89.26     97.03 94.63
texture     25.31  92.76    95.77     87.09 94.63
places365   39.43  89.66    73.54     96.59 94.63
farood      26.16  92.77    86.18     94.96 94.63
[Timing] Eval:  59.3s

==================================================
Setting up Nyström Kernel-Attention OOD detector...
  sigma:        0.5
  n_anchors:    200
  anchor_init:  kmeans
  reg_lambda:   0.0001
  alpha:        0.05
  feature_space:multilayer_pca
  normalize:    True
  score_mode:   softmax
==================================================
Extracted 50000 train features of dim 384
Extracted 1000 val features for threshold
  Fitting Nyström anchors (m=200, init=kmeans, λ=0.0001)...
  Nyström fit complete. anchors: torch.Size([10, 200, 384]), gamma: torch.Size([10, 200])
  Nyström threshold (softmax) at 5.0%: 0.2676
Nyström setup complete.

[Timing] Setup: 12.1s
Performing inference on cifar10 test set...
Processing near ood...
Performing inference on cifar100 dataset...
Computing metrics on cifar100 dataset...
FPR@95: 42.19, AUROC: 88.86 AUPR_IN: 88.79, AUPR_OUT: 87.48
──────────────────────────────────────────────────────────────────────

Performing inference on tin dataset...
Computing metrics on tin dataset...
FPR@95: 35.10, AUROC: 90.75 AUPR_IN: 92.43, AUPR_OUT: 88.00
──────────────────────────────────────────────────────────────────────

Computing mean metrics...
FPR@95: 38.64, AUROC: 89.81 AUPR_IN: 90.61, AUPR_OUT: 87.74
──────────────────────────────────────────────────────────────────────

Processing far ood...
Performing inference on mnist dataset...
Computing metrics on mnist dataset...
FPR@95: 20.50, AUROC: 93.82 AUPR_IN: 83.60, AUPR_OUT: 98.88
──────────────────────────────────────────────────────────────────────

Performing inference on svhn dataset...
Computing metrics on svhn dataset...
FPR@95: 23.00, AUROC: 92.57 AUPR_IN: 88.23, AUPR_OUT: 96.40
──────────────────────────────────────────────────────────────────────

Performing inference on texture dataset...
Computing metrics on texture dataset...
FPR@95: 25.69, AUROC: 92.90 AUPR_IN: 95.83, AUPR_OUT: 87.54
──────────────────────────────────────────────────────────────────────

Performing inference on places365 dataset...
Computing metrics on places365 dataset...
FPR@95: 38.77, AUROC: 89.85 AUPR_IN: 74.63, AUPR_OUT: 96.63
──────────────────────────────────────────────────────────────────────

Computing mean metrics...
FPR@95: 26.99, AUROC: 92.28 AUPR_IN: 85.57, AUPR_OUT: 94.86
──────────────────────────────────────────────────────────────────────

           FPR@95  AUROC  AUPR_IN  AUPR_OUT   ACC
cifar100    42.19  88.86    88.79     87.48 95.32
tin         35.10  90.75    92.43     88.00 95.32
nearood     38.64  89.81    90.61     87.74 95.32
mnist       20.50  93.82    83.60     98.88 95.32
svhn        23.00  92.57    88.23     96.40 95.32
texture     25.69  92.90    95.83     87.54 95.32
places365   38.77  89.85    74.63     96.63 95.32
farood      26.99  92.28    85.57     94.86 95.32
[Timing] Eval:  57.1s

[Timing Summary]
  Setup: 13.1s ± 0.9s per seed
  Eval:  58.3s ± 0.9s per seed
  Total: 214.3s across 3 seeds
=== Done | Mon Jun  1 02:48:12 PM EDT 2026 ===
---------------------------------------
Begin Slurm Epilog: Jun-01-2026 14:48:12
Job ID:        5355915
Array Job ID:  5355907_0
User ID:       ksalzman3
Account:       coc
Job name:      nystrom_softmax_novw_mlpca_yw
Resources:     cpu=4,gres/gpu:h200=1,mem=32G,node=1
Rsrc Used:     cput=00:17:28,vmem=0,walltime=00:04:22,mem=3447884K,energy_used=0
Partition:     ice-gpu
QOS:           coc-ice
Nodes:         atl1-1-03-018-2-0
---------------------------------------
