---------------------------------------
Begin Slurm Prolog: Jun-01-2026 12:36:59
Job ID:    5355741
User ID:   ksalzman3
Account:   coc
Job name:  nystrom_predictor_aware_novw_mlminmax
Partition: ice-gpu
QOS:       coc-ice
---------------------------------------
=== nystrom_predictor_aware_novw_mlminmax | cifar100 | Mon Jun  1 12:37:07 PM EDT 2026 ===

==================================================
Setting up Nyström Kernel-Attention OOD detector...
  sigma:        0.5
  n_anchors:    200
  anchor_init:  kmeans
  reg_lambda:   0.0001
  alpha:        0.05
  feature_space:multilayer_minmax_concat
  normalize:    True
  score_mode:   predictor_aware
==================================================
Extracted 50000 train features of dim 1920
Extracted 1000 val features for threshold
  Fitting Nyström anchors (m=200, init=kmeans, λ=0.0001)...
  Nyström fit complete. anchors: torch.Size([100, 200, 1920]), gamma: torch.Size([100, 200])
  Nyström threshold (predictor_aware) at 5.0%: -2.4511
Nyström setup complete.

[Timing] Setup: 16.5s
Performing inference on cifar100 test set...
Processing near ood...
Performing inference on cifar10 dataset...
Computing metrics on cifar10 dataset...
FPR@95: 65.77, AUROC: 78.30 AUPR_IN: 74.94, AUPR_OUT: 76.23
──────────────────────────────────────────────────────────────────────

Performing inference on tin dataset...
Computing metrics on tin dataset...
FPR@95: 49.78, AUROC: 83.32 AUPR_IN: 88.34, AUPR_OUT: 73.83
──────────────────────────────────────────────────────────────────────

Computing mean metrics...
FPR@95: 57.77, AUROC: 80.81 AUPR_IN: 81.64, AUPR_OUT: 75.03
──────────────────────────────────────────────────────────────────────

Processing far ood...
Performing inference on mnist dataset...
Computing metrics on mnist dataset...
FPR@95: 55.29, AUROC: 76.64 AUPR_IN: 54.65, AUPR_OUT: 94.73
──────────────────────────────────────────────────────────────────────

Performing inference on svhn dataset...
Computing metrics on svhn dataset...
FPR@95: 50.37, AUROC: 81.93 AUPR_IN: 72.02, AUPR_OUT: 90.53
──────────────────────────────────────────────────────────────────────

Performing inference on texture dataset...
Computing metrics on texture dataset...
FPR@95: 52.41, AUROC: 80.71 AUPR_IN: 88.45, AUPR_OUT: 67.64
──────────────────────────────────────────────────────────────────────

Performing inference on places365 dataset...
Computing metrics on places365 dataset...
FPR@95: 56.51, AUROC: 80.18 AUPR_IN: 60.20, AUPR_OUT: 91.94
──────────────────────────────────────────────────────────────────────

Computing mean metrics...
FPR@95: 53.64, AUROC: 79.86 AUPR_IN: 68.83, AUPR_OUT: 86.21
──────────────────────────────────────────────────────────────────────

           FPR@95  AUROC  AUPR_IN  AUPR_OUT   ACC
cifar10     65.77  78.30    74.94     76.23 77.18
tin         49.78  83.32    88.34     73.83 77.18
nearood     57.77  80.81    81.64     75.03 77.18
mnist       55.29  76.64    54.65     94.73 77.18
svhn        50.37  81.93    72.02     90.53 77.18
texture     52.41  80.71    88.45     67.64 77.18
places365   56.51  80.18    60.20     91.94 77.18
farood      53.64  79.86    68.83     86.21 77.18
[Timing] Eval:  72.3s

==================================================
Setting up Nyström Kernel-Attention OOD detector...
  sigma:        0.5
  n_anchors:    200
  anchor_init:  kmeans
  reg_lambda:   0.0001
  alpha:        0.05
  feature_space:multilayer_minmax_concat
  normalize:    True
  score_mode:   predictor_aware
==================================================
Extracted 50000 train features of dim 1920
Extracted 1000 val features for threshold
  Fitting Nyström anchors (m=200, init=kmeans, λ=0.0001)...
  Nyström fit complete. anchors: torch.Size([100, 200, 1920]), gamma: torch.Size([100, 200])
  Nyström threshold (predictor_aware) at 5.0%: -2.4851
Nyström setup complete.

[Timing] Setup: 16.2s
Performing inference on cifar100 test set...
Processing near ood...
Performing inference on cifar10 dataset...
Computing metrics on cifar10 dataset...
FPR@95: 63.51, AUROC: 78.44 AUPR_IN: 76.38, AUPR_OUT: 76.20
──────────────────────────────────────────────────────────────────────

Performing inference on tin dataset...
Computing metrics on tin dataset...
FPR@95: 49.71, AUROC: 83.17 AUPR_IN: 88.26, AUPR_OUT: 73.62
──────────────────────────────────────────────────────────────────────

Computing mean metrics...
FPR@95: 56.61, AUROC: 80.81 AUPR_IN: 82.32, AUPR_OUT: 74.91
──────────────────────────────────────────────────────────────────────

Processing far ood...
Performing inference on mnist dataset...
Computing metrics on mnist dataset...
FPR@95: 47.60, AUROC: 80.50 AUPR_IN: 61.37, AUPR_OUT: 95.32
──────────────────────────────────────────────────────────────────────

Performing inference on svhn dataset...
Computing metrics on svhn dataset...
FPR@95: 53.20, AUROC: 82.44 AUPR_IN: 71.47, AUPR_OUT: 91.38
──────────────────────────────────────────────────────────────────────

Performing inference on texture dataset...
Computing metrics on texture dataset...
FPR@95: 52.22, AUROC: 80.22 AUPR_IN: 88.36, AUPR_OUT: 65.92
──────────────────────────────────────────────────────────────────────

Performing inference on places365 dataset...
Computing metrics on places365 dataset...
FPR@95: 58.37, AUROC: 79.53 AUPR_IN: 58.38, AUPR_OUT: 91.60
──────────────────────────────────────────────────────────────────────

Computing mean metrics...
FPR@95: 52.85, AUROC: 80.67 AUPR_IN: 69.89, AUPR_OUT: 86.05
──────────────────────────────────────────────────────────────────────

           FPR@95  AUROC  AUPR_IN  AUPR_OUT   ACC
cifar10     63.51  78.44    76.38     76.20 77.38
tin         49.71  83.17    88.26     73.62 77.38
nearood     56.61  80.81    82.32     74.91 77.38
mnist       47.60  80.50    61.37     95.32 77.38
svhn        53.20  82.44    71.47     91.38 77.38
texture     52.22  80.22    88.36     65.92 77.38
places365   58.37  79.53    58.38     91.60 77.38
farood      52.85  80.67    69.89     86.05 77.38
[Timing] Eval:  72.0s

==================================================
Setting up Nyström Kernel-Attention OOD detector...
  sigma:        0.5
  n_anchors:    200
  anchor_init:  kmeans
  reg_lambda:   0.0001
  alpha:        0.05
  feature_space:multilayer_minmax_concat
  normalize:    True
  score_mode:   predictor_aware
==================================================
Extracted 50000 train features of dim 1920
Extracted 1000 val features for threshold
  Fitting Nyström anchors (m=200, init=kmeans, λ=0.0001)...
  Nyström fit complete. anchors: torch.Size([100, 200, 1920]), gamma: torch.Size([100, 200])
  Nyström threshold (predictor_aware) at 5.0%: -2.3937
Nyström setup complete.

[Timing] Setup: 15.6s
Performing inference on cifar100 test set...
Processing near ood...
Performing inference on cifar10 dataset...
Computing metrics on cifar10 dataset...
FPR@95: 64.87, AUROC: 78.35 AUPR_IN: 75.94, AUPR_OUT: 76.39
──────────────────────────────────────────────────────────────────────

Performing inference on tin dataset...
Computing metrics on tin dataset...
FPR@95: 49.49, AUROC: 83.16 AUPR_IN: 88.25, AUPR_OUT: 73.34
──────────────────────────────────────────────────────────────────────

Computing mean metrics...
FPR@95: 57.18, AUROC: 80.75 AUPR_IN: 82.09, AUPR_OUT: 74.86
──────────────────────────────────────────────────────────────────────

Processing far ood...
Performing inference on mnist dataset...
Computing metrics on mnist dataset...
FPR@95: 49.98, AUROC: 79.52 AUPR_IN: 59.13, AUPR_OUT: 95.40
──────────────────────────────────────────────────────────────────────

Performing inference on svhn dataset...
Computing metrics on svhn dataset...
FPR@95: 51.67, AUROC: 80.74 AUPR_IN: 71.21, AUPR_OUT: 89.80
──────────────────────────────────────────────────────────────────────

Performing inference on texture dataset...
Computing metrics on texture dataset...
FPR@95: 53.69, AUROC: 79.24 AUPR_IN: 87.54, AUPR_OUT: 65.59
──────────────────────────────────────────────────────────────────────

Performing inference on places365 dataset...
Computing metrics on places365 dataset...
FPR@95: 58.17, AUROC: 79.71 AUPR_IN: 58.21, AUPR_OUT: 91.78
──────────────────────────────────────────────────────────────────────

Computing mean metrics...
FPR@95: 53.37, AUROC: 79.80 AUPR_IN: 69.02, AUPR_OUT: 85.64
──────────────────────────────────────────────────────────────────────

           FPR@95  AUROC  AUPR_IN  AUPR_OUT   ACC
cifar10     64.87  78.35    75.94     76.39 77.20
tin         49.49  83.16    88.25     73.34 77.20
nearood     57.18  80.75    82.09     74.86 77.20
mnist       49.98  79.52    59.13     95.40 77.20
svhn        51.67  80.74    71.21     89.80 77.20
texture     53.69  79.24    87.54     65.59 77.20
places365   58.17  79.71    58.21     91.78 77.20
farood      53.37  79.80    69.02     85.64 77.20
[Timing] Eval:  70.5s

[Timing Summary]
  Setup: 16.1s ± 0.4s per seed
  Eval:  71.6s ± 0.8s per seed
  Total: 263.1s across 3 seeds
=== Done | Mon Jun  1 12:41:50 PM EDT 2026 ===
---------------------------------------
Begin Slurm Epilog: Jun-01-2026 12:41:50
Job ID:        5355741
Array Job ID:  5355732_1
User ID:       ksalzman3
Account:       coc
Job name:      nystrom_predictor_aware_novw_mlminmax
Resources:     cpu=4,gres/gpu:a100=1,mem=32G,node=1
Rsrc Used:     cput=00:19:24,vmem=0,walltime=00:04:51,mem=4355276K,energy_used=0
Partition:     ice-gpu
QOS:           coc-ice
Nodes:         atl1-1-03-007-33-0
---------------------------------------
