---------------------------------------
Begin Slurm Prolog: May-28-2026 16:05:47
Job ID:    5340930
User ID:   ksalzman3
Account:   coc
Job name:  nystrom_pa_imgnet
Partition: ice-gpu
QOS:       coc-ice
---------------------------------------
=== nystrom_predictor_aware_novw | imagenet | Thu May 28 04:05:53 PM EDT 2026 ===

==================================================
Setting up Nyström Kernel-Attention OOD detector...
  sigma:        0.5
  n_anchors:    200
  anchor_init:  kmeans
  reg_lambda:   0.0001
  alpha:        0.05
  feature_space:penultimate
  normalize:    True
  score_mode:   predictor_aware
==================================================
Extracted 1281167 train features of dim 2048
Extracted 5000 val features for threshold
  Fitting Nyström anchors (m=200, init=kmeans, λ=0.0001)...
  Nyström fit complete. anchors: torch.Size([1000, 200, 2048]), gamma: torch.Size([1000, 200])
  Nyström threshold (predictor_aware) at 5.0%: -2.6302
Nyström setup complete.

[Timing] Setup: 2659.4s
Performing inference on imagenet test set...
Processing near ood...
Performing inference on ssb_hard dataset...
Computing metrics on ssb_hard dataset...
FPR@95: 79.39, AUROC: 72.41 AUPR_IN: 69.66, AUPR_OUT: 70.80
──────────────────────────────────────────────────────────────────────

Performing inference on ninco dataset...
Computing metrics on ninco dataset...
FPR@95: 53.44, AUROC: 82.31 AUPR_IN: 97.24, AUPR_OUT: 33.16
──────────────────────────────────────────────────────────────────────

Computing mean metrics...
FPR@95: 66.42, AUROC: 77.36 AUPR_IN: 83.45, AUPR_OUT: 51.98
──────────────────────────────────────────────────────────────────────

Processing far ood...
Performing inference on inaturalist dataset...
Computing metrics on inaturalist dataset...
FPR@95: 34.93, AUROC: 91.48 AUPR_IN: 97.90, AUPR_OUT: 69.62
──────────────────────────────────────────────────────────────────────

Performing inference on textures dataset...
Computing metrics on textures dataset...
FPR@95: 52.17, AUROC: 87.19 AUPR_IN: 98.22, AUPR_OUT: 50.03
──────────────────────────────────────────────────────────────────────

Performing inference on openimage_o dataset...
Computing metrics on openimage_o dataset...
FPR@95: 43.96, AUROC: 88.31 AUPR_IN: 95.58, AUPR_OUT: 70.26
──────────────────────────────────────────────────────────────────────

Computing mean metrics...
FPR@95: 43.69, AUROC: 88.99 AUPR_IN: 97.23, AUPR_OUT: 63.30
──────────────────────────────────────────────────────────────────────

             FPR@95  AUROC  AUPR_IN  AUPR_OUT   ACC
ssb_hard      79.39  72.41    69.66     70.80 76.19
ninco         53.44  82.31    97.24     33.16 76.19
nearood       66.42  77.36    83.45     51.98 76.19
inaturalist   34.93  91.48    97.90     69.62 76.19
textures      52.17  87.19    98.22     50.03 76.19
openimage_o   43.96  88.31    95.58     70.26 76.19
farood        43.69  88.99    97.23     63.30 76.19
[Timing] Eval:  382.7s

[Timing Summary]
  Setup: 2659.4s ± 0.0s per seed
  Eval:  382.7s ± 0.0s per seed
  Total: 3042.1s across 1 seeds
=== Done | Thu May 28 04:56:51 PM EDT 2026 ===
---------------------------------------
Begin Slurm Epilog: May-28-2026 16:56:51
Job ID:        5340930
User ID:       ksalzman3
Account:       coc
Job name:      nystrom_pa_imgnet
Resources:     cpu=4,gres/gpu:h200=1,mem=64G,node=1
Rsrc Used:     cput=03:24:16,vmem=0,walltime=00:51:04,mem=67074992K,energy_used=0
Partition:     ice-gpu
QOS:           coc-ice
Nodes:         atl1-1-03-017-2-0
---------------------------------------
