---------------------------------------
Begin Slurm Prolog: Apr-29-2026 14:44:49
Job ID:    5118960
User ID:   ksalzman3
Account:   coc
Job name:  nystrom_softmax
Partition: ice-gpu
QOS:       coc-ice
---------------------------------------
=== nystrom_softmax_novw | cifar100 | Wed Apr 29 02:44:56 PM EDT 2026 ===

==================================================
Setting up Nyström Kernel-Attention OOD detector...
  sigma:        0.5
  n_anchors:    200
  anchor_init:  kmeans
  reg_lambda:   0.0001
  alpha:        0.05
  feature_space:penultimate
  normalize:    True
  score_mode:   softmax
==================================================
Extracted 50000 train features of dim 512
Extracted 1000 val features for threshold
  Fitting Nyström anchors (m=200, init=kmeans, λ=0.0001)...
  Nyström fit complete. anchors: torch.Size([100, 200, 512]), gamma: torch.Size([100, 200])
  Nyström threshold (softmax) at 5.0%: 0.1768
Nyström setup complete.

[Timing] Setup: 58.6s
Performing inference on cifar100 test set...
Processing near ood...
Performing inference on cifar10 dataset...
Computing metrics on cifar10 dataset...
FPR@95: 75.92, AUROC: 77.10 AUPR_IN: 72.82, AUPR_OUT: 75.70
──────────────────────────────────────────────────────────────────────

Performing inference on tin dataset...
Computing metrics on tin dataset...
FPR@95: 50.22, AUROC: 83.53 AUPR_IN: 88.24, AUPR_OUT: 74.46
──────────────────────────────────────────────────────────────────────

Computing mean metrics...
FPR@95: 63.07, AUROC: 80.32 AUPR_IN: 80.53, AUPR_OUT: 75.08
──────────────────────────────────────────────────────────────────────

Processing far ood...
Performing inference on mnist dataset...
Computing metrics on mnist dataset...
FPR@95: 53.52, AUROC: 79.01 AUPR_IN: 55.39, AUPR_OUT: 95.56
──────────────────────────────────────────────────────────────────────

Performing inference on svhn dataset...
Computing metrics on svhn dataset...
FPR@95: 52.89, AUROC: 82.88 AUPR_IN: 70.38, AUPR_OUT: 91.96
──────────────────────────────────────────────────────────────────────

Performing inference on texture dataset...
Computing metrics on texture dataset...
FPR@95: 52.74, AUROC: 83.30 AUPR_IN: 89.38, AUPR_OUT: 73.34
──────────────────────────────────────────────────────────────────────

Performing inference on places365 dataset...
Computing metrics on places365 dataset...
FPR@95: 61.97, AUROC: 79.69 AUPR_IN: 57.71, AUPR_OUT: 92.13
──────────────────────────────────────────────────────────────────────

Computing mean metrics...
FPR@95: 55.28, AUROC: 81.22 AUPR_IN: 68.21, AUPR_OUT: 88.25
──────────────────────────────────────────────────────────────────────

           FPR@95  AUROC  AUPR_IN  AUPR_OUT   ACC
cifar10     75.92  77.10    72.82     75.70 77.17
tin         50.22  83.53    88.24     74.46 77.17
nearood     63.07  80.32    80.53     75.08 77.17
mnist       53.52  79.01    55.39     95.56 77.17
svhn        52.89  82.88    70.38     91.96 77.17
texture     52.74  83.30    89.38     73.34 77.17
places365   61.97  79.69    57.71     92.13 77.17
farood      55.28  81.22    68.21     88.25 77.17
[Timing] Eval:  152.6s

==================================================
Setting up Nyström Kernel-Attention OOD detector...
  sigma:        0.5
  n_anchors:    200
  anchor_init:  kmeans
  reg_lambda:   0.0001
  alpha:        0.05
  feature_space:penultimate
  normalize:    True
  score_mode:   softmax
==================================================
Extracted 50000 train features of dim 512
Extracted 1000 val features for threshold
  Fitting Nyström anchors (m=200, init=kmeans, λ=0.0001)...
  Nyström fit complete. anchors: torch.Size([100, 200, 512]), gamma: torch.Size([100, 200])
  Nyström threshold (softmax) at 5.0%: 0.1756
Nyström setup complete.

[Timing] Setup: 16.6s
Performing inference on cifar100 test set...
Processing near ood...
Performing inference on cifar10 dataset...
Computing metrics on cifar10 dataset...
FPR@95: 74.40, AUROC: 77.00 AUPR_IN: 73.95, AUPR_OUT: 75.63
──────────────────────────────────────────────────────────────────────

Performing inference on tin dataset...
Computing metrics on tin dataset...
FPR@95: 50.34, AUROC: 83.20 AUPR_IN: 88.03, AUPR_OUT: 74.04
──────────────────────────────────────────────────────────────────────

Computing mean metrics...
FPR@95: 62.37, AUROC: 80.10 AUPR_IN: 80.99, AUPR_OUT: 74.83
──────────────────────────────────────────────────────────────────────

Processing far ood...
Performing inference on mnist dataset...
Computing metrics on mnist dataset...
FPR@95: 45.10, AUROC: 82.54 AUPR_IN: 62.87, AUPR_OUT: 96.05
──────────────────────────────────────────────────────────────────────

Performing inference on svhn dataset...
Computing metrics on svhn dataset...
FPR@95: 58.11, AUROC: 82.19 AUPR_IN: 68.38, AUPR_OUT: 91.96
──────────────────────────────────────────────────────────────────────

Performing inference on texture dataset...
Computing metrics on texture dataset...
FPR@95: 52.71, AUROC: 82.89 AUPR_IN: 89.40, AUPR_OUT: 71.93
──────────────────────────────────────────────────────────────────────

Performing inference on places365 dataset...
Computing metrics on places365 dataset...
FPR@95: 64.53, AUROC: 78.67 AUPR_IN: 55.68, AUPR_OUT: 91.56
──────────────────────────────────────────────────────────────────────

Computing mean metrics...
FPR@95: 55.11, AUROC: 81.57 AUPR_IN: 69.08, AUPR_OUT: 87.88
──────────────────────────────────────────────────────────────────────

           FPR@95  AUROC  AUPR_IN  AUPR_OUT   ACC
cifar10     74.40  77.00    73.95     75.63 77.39
tin         50.34  83.20    88.03     74.04 77.39
nearood     62.37  80.10    80.99     74.83 77.39
mnist       45.10  82.54    62.87     96.05 77.39
svhn        58.11  82.19    68.38     91.96 77.39
texture     52.71  82.89    89.40     71.93 77.39
places365   64.53  78.67    55.68     91.56 77.39
farood      55.11  81.57    69.08     87.88 77.39
[Timing] Eval:  75.0s

==================================================
Setting up Nyström Kernel-Attention OOD detector...
  sigma:        0.5
  n_anchors:    200
  anchor_init:  kmeans
  reg_lambda:   0.0001
  alpha:        0.05
  feature_space:penultimate
  normalize:    True
  score_mode:   softmax
==================================================
Extracted 50000 train features of dim 512
Extracted 1000 val features for threshold
  Fitting Nyström anchors (m=200, init=kmeans, λ=0.0001)...
  Nyström fit complete. anchors: torch.Size([100, 200, 512]), gamma: torch.Size([100, 200])
  Nyström threshold (softmax) at 5.0%: 0.1736
Nyström setup complete.

[Timing] Setup: 17.0s
Performing inference on cifar100 test set...
Processing near ood...
Performing inference on cifar10 dataset...
Computing metrics on cifar10 dataset...
FPR@95: 75.38, AUROC: 77.42 AUPR_IN: 74.23, AUPR_OUT: 76.09
──────────────────────────────────────────────────────────────────────

Performing inference on tin dataset...
Computing metrics on tin dataset...
FPR@95: 51.66, AUROC: 83.20 AUPR_IN: 88.01, AUPR_OUT: 73.77
──────────────────────────────────────────────────────────────────────

Computing mean metrics...
FPR@95: 63.52, AUROC: 80.31 AUPR_IN: 81.12, AUPR_OUT: 74.93
──────────────────────────────────────────────────────────────────────

Processing far ood...
Performing inference on mnist dataset...
Computing metrics on mnist dataset...
FPR@95: 46.83, AUROC: 82.24 AUPR_IN: 60.81, AUPR_OUT: 96.27
──────────────────────────────────────────────────────────────────────

Performing inference on svhn dataset...
Computing metrics on svhn dataset...
FPR@95: 51.61, AUROC: 83.54 AUPR_IN: 72.27, AUPR_OUT: 92.27
──────────────────────────────────────────────────────────────────────

Performing inference on texture dataset...
Computing metrics on texture dataset...
FPR@95: 58.10, AUROC: 81.57 AUPR_IN: 88.00, AUPR_OUT: 71.14
──────────────────────────────────────────────────────────────────────

Performing inference on places365 dataset...
Computing metrics on places365 dataset...
FPR@95: 64.39, AUROC: 79.12 AUPR_IN: 55.32, AUPR_OUT: 91.93
──────────────────────────────────────────────────────────────────────

Computing mean metrics...
FPR@95: 55.23, AUROC: 81.62 AUPR_IN: 69.10, AUPR_OUT: 87.90
──────────────────────────────────────────────────────────────────────

           FPR@95  AUROC  AUPR_IN  AUPR_OUT   ACC
cifar10     75.38  77.42    74.23     76.09 77.20
tin         51.66  83.20    88.01     73.77 77.20
nearood     63.52  80.31    81.12     74.93 77.20
mnist       46.83  82.24    60.81     96.27 77.20
svhn        51.61  83.54    72.27     92.27 77.20
texture     58.10  81.57    88.00     71.14 77.20
places365   64.39  79.12    55.32     91.93 77.20
farood      55.23  81.62    69.10     87.90 77.20
[Timing] Eval:  76.1s

[Timing Summary]
  Setup: 30.7s ± 19.7s per seed
  Eval:  101.2s ± 36.3s per seed
  Total: 395.9s across 3 seeds
=== Done | Wed Apr 29 02:54:12 PM EDT 2026 ===
---------------------------------------
Begin Slurm Epilog: Apr-29-2026 14:54:12
Job ID:        5118960
Array Job ID:  5118955_1
User ID:       ksalzman3
Account:       coc
Job name:      nystrom_softmax
Resources:     cpu=4,gres/gpu:l40s=1,mem=32G,node=1
Rsrc Used:     cput=00:37:36,vmem=0,walltime=00:09:24,mem=3711112K,energy_used=0
Partition:     ice-gpu
QOS:           coc-ice
Nodes:         atl1-1-03-004-25-0
---------------------------------------
