---------------------------------------
Begin Slurm Prolog: May-29-2026 20:40:06
Job ID:    5348324
User ID:   ksalzman3
Account:   coc
Job name:  nys_soft_mlpca
Partition: ice-gpu
QOS:       coc-ice
---------------------------------------
=== nystrom_softmax_novw_mlpca | cifar10 | Fri May 29 08:40:13 PM EDT 2026 ===

==================================================
Setting up Nyström Kernel-Attention OOD detector...
  sigma:        0.5
  n_anchors:    200
  anchor_init:  kmeans
  reg_lambda:   0.0001
  alpha:        0.05
  feature_space:multilayer_pca
  normalize:    True
  score_mode:   softmax
==================================================
Extracted 50000 train features of dim 384
Extracted 1000 val features for threshold
  Fitting Nyström anchors (m=200, init=kmeans, λ=0.0001)...
  Nyström fit complete. anchors: torch.Size([10, 200, 384]), gamma: torch.Size([10, 200])
  Nyström threshold (softmax) at 5.0%: 0.2277
Nyström setup complete.

[Timing] Setup: 125.5s
Performing inference on cifar10 test set...
Processing near ood...
Performing inference on cifar100 dataset...
Computing metrics on cifar100 dataset...
FPR@95: 41.36, AUROC: 88.94 AUPR_IN: 88.99, AUPR_OUT: 87.52
──────────────────────────────────────────────────────────────────────

Performing inference on tin dataset...
Computing metrics on tin dataset...
FPR@95: 34.30, AUROC: 90.79 AUPR_IN: 92.59, AUPR_OUT: 88.08
──────────────────────────────────────────────────────────────────────

Computing mean metrics...
FPR@95: 37.83, AUROC: 89.86 AUPR_IN: 90.79, AUPR_OUT: 87.80
──────────────────────────────────────────────────────────────────────

Processing far ood...
Performing inference on mnist dataset...
Computing metrics on mnist dataset...
FPR@95: 21.72, AUROC: 94.13 AUPR_IN: 82.39, AUPR_OUT: 99.00
──────────────────────────────────────────────────────────────────────

Performing inference on svhn dataset...
Computing metrics on svhn dataset...
FPR@95: 20.96, AUROC: 93.06 AUPR_IN: 89.15, AUPR_OUT: 96.51
──────────────────────────────────────────────────────────────────────

Performing inference on texture dataset...
Computing metrics on texture dataset...
FPR@95: 24.03, AUROC: 92.97 AUPR_IN: 96.01, AUPR_OUT: 87.25
──────────────────────────────────────────────────────────────────────

Performing inference on places365 dataset...
Computing metrics on places365 dataset...
FPR@95: 35.09, AUROC: 90.60 AUPR_IN: 76.64, AUPR_OUT: 96.90
──────────────────────────────────────────────────────────────────────

Computing mean metrics...
FPR@95: 25.45, AUROC: 92.69 AUPR_IN: 86.05, AUPR_OUT: 94.91
──────────────────────────────────────────────────────────────────────

           FPR@95  AUROC  AUPR_IN  AUPR_OUT   ACC
cifar100    41.36  88.94    88.99     87.52 95.22
tin         34.30  90.79    92.59     88.08 95.22
nearood     37.83  89.86    90.79     87.80 95.22
mnist       21.72  94.13    82.39     99.00 95.22
svhn        20.96  93.06    89.15     96.51 95.22
texture     24.03  92.97    96.01     87.25 95.22
places365   35.09  90.60    76.64     96.90 95.22
farood      25.45  92.69    86.05     94.91 95.22
[Timing] Eval:  315.4s

==================================================
Setting up Nyström Kernel-Attention OOD detector...
  sigma:        0.5
  n_anchors:    200
  anchor_init:  kmeans
  reg_lambda:   0.0001
  alpha:        0.05
  feature_space:multilayer_pca
  normalize:    True
  score_mode:   softmax
==================================================
Extracted 50000 train features of dim 384
Extracted 1000 val features for threshold
  Fitting Nyström anchors (m=200, init=kmeans, λ=0.0001)...
  Nyström fit complete. anchors: torch.Size([10, 200, 384]), gamma: torch.Size([10, 200])
  Nyström threshold (softmax) at 5.0%: 0.2160
Nyström setup complete.

[Timing] Setup: 12.7s
Performing inference on cifar10 test set...
Processing near ood...
Performing inference on cifar100 dataset...
Computing metrics on cifar100 dataset...
FPR@95: 42.77, AUROC: 88.62 AUPR_IN: 88.47, AUPR_OUT: 87.06
──────────────────────────────────────────────────────────────────────

Performing inference on tin dataset...
Computing metrics on tin dataset...
FPR@95: 33.80, AUROC: 90.39 AUPR_IN: 92.20, AUPR_OUT: 87.33
──────────────────────────────────────────────────────────────────────

Computing mean metrics...
FPR@95: 38.28, AUROC: 89.51 AUPR_IN: 90.33, AUPR_OUT: 87.20
──────────────────────────────────────────────────────────────────────

Processing far ood...
Performing inference on mnist dataset...
Computing metrics on mnist dataset...
FPR@95: 17.60, AUROC: 95.14 AUPR_IN: 86.43, AUPR_OUT: 99.15
──────────────────────────────────────────────────────────────────────

Performing inference on svhn dataset...
Computing metrics on svhn dataset...
FPR@95: 21.70, AUROC: 93.67 AUPR_IN: 89.38, AUPR_OUT: 97.08
──────────────────────────────────────────────────────────────────────

Performing inference on texture dataset...
Computing metrics on texture dataset...
FPR@95: 24.93, AUROC: 92.86 AUPR_IN: 95.83, AUPR_OUT: 87.29
──────────────────────────────────────────────────────────────────────

Performing inference on places365 dataset...
Computing metrics on places365 dataset...
FPR@95: 39.62, AUROC: 89.65 AUPR_IN: 73.47, AUPR_OUT: 96.58
──────────────────────────────────────────────────────────────────────

Computing mean metrics...
FPR@95: 25.96, AUROC: 92.83 AUPR_IN: 86.28, AUPR_OUT: 95.02
──────────────────────────────────────────────────────────────────────

           FPR@95  AUROC  AUPR_IN  AUPR_OUT   ACC
cifar100    42.77  88.62    88.47     87.06 94.63
tin         33.80  90.39    92.20     87.33 94.63
nearood     38.28  89.51    90.33     87.20 94.63
mnist       17.60  95.14    86.43     99.15 94.63
svhn        21.70  93.67    89.38     97.08 94.63
texture     24.93  92.86    95.83     87.29 94.63
places365   39.62  89.65    73.47     96.58 94.63
farood      25.96  92.83    86.28     95.02 94.63
[Timing] Eval:  52.3s

==================================================
Setting up Nyström Kernel-Attention OOD detector...
  sigma:        0.5
  n_anchors:    200
  anchor_init:  kmeans
  reg_lambda:   0.0001
  alpha:        0.05
  feature_space:multilayer_pca
  normalize:    True
  score_mode:   softmax
==================================================
Extracted 50000 train features of dim 384
Extracted 1000 val features for threshold
  Fitting Nyström anchors (m=200, init=kmeans, λ=0.0001)...
  Nyström fit complete. anchors: torch.Size([10, 200, 384]), gamma: torch.Size([10, 200])
  Nyström threshold (softmax) at 5.0%: 0.2662
Nyström setup complete.

[Timing] Setup: 11.8s
Performing inference on cifar10 test set...
Processing near ood...
Performing inference on cifar100 dataset...
Computing metrics on cifar100 dataset...
FPR@95: 42.08, AUROC: 88.87 AUPR_IN: 88.79, AUPR_OUT: 87.50
──────────────────────────────────────────────────────────────────────

Performing inference on tin dataset...
Computing metrics on tin dataset...
FPR@95: 35.10, AUROC: 90.76 AUPR_IN: 92.44, AUPR_OUT: 88.02
──────────────────────────────────────────────────────────────────────

Computing mean metrics...
FPR@95: 38.59, AUROC: 89.82 AUPR_IN: 90.61, AUPR_OUT: 87.76
──────────────────────────────────────────────────────────────────────

Processing far ood...
Performing inference on mnist dataset...
Computing metrics on mnist dataset...
FPR@95: 20.28, AUROC: 93.88 AUPR_IN: 83.81, AUPR_OUT: 98.89
──────────────────────────────────────────────────────────────────────

Performing inference on svhn dataset...
Computing metrics on svhn dataset...
FPR@95: 22.71, AUROC: 92.65 AUPR_IN: 88.38, AUPR_OUT: 96.45
──────────────────────────────────────────────────────────────────────

Performing inference on texture dataset...
Computing metrics on texture dataset...
FPR@95: 25.50, AUROC: 92.98 AUPR_IN: 95.88, AUPR_OUT: 87.68
──────────────────────────────────────────────────────────────────────

Performing inference on places365 dataset...
Computing metrics on places365 dataset...
FPR@95: 38.90, AUROC: 89.84 AUPR_IN: 74.56, AUPR_OUT: 96.63
──────────────────────────────────────────────────────────────────────

Computing mean metrics...
FPR@95: 26.85, AUROC: 92.34 AUPR_IN: 85.66, AUPR_OUT: 94.91
──────────────────────────────────────────────────────────────────────

           FPR@95  AUROC  AUPR_IN  AUPR_OUT   ACC
cifar100    42.08  88.87    88.79     87.50 95.32
tin         35.10  90.76    92.44     88.02 95.32
nearood     38.59  89.82    90.61     87.76 95.32
mnist       20.28  93.88    83.81     98.89 95.32
svhn        22.71  92.65    88.38     96.45 95.32
texture     25.50  92.98    95.88     87.68 95.32
places365   38.90  89.84    74.56     96.63 95.32
farood      26.85  92.34    85.66     94.91 95.32
[Timing] Eval:  52.6s

[Timing Summary]
  Setup: 50.0s ± 53.4s per seed
  Eval:  140.1s ± 123.9s per seed
  Total: 570.3s across 3 seeds
=== Done | Fri May 29 08:51:40 PM EDT 2026 ===
---------------------------------------
Begin Slurm Epilog: May-29-2026 20:51:40
Job ID:        5348324
Array Job ID:  5348317_0
User ID:       ksalzman3
Account:       coc
Job name:      nys_soft_mlpca
Resources:     cpu=4,gres/gpu:h200=1,mem=32G,node=1
Rsrc Used:     cput=00:46:16,vmem=0,walltime=00:11:34,mem=3668636K,energy_used=0
Partition:     ice-gpu
QOS:           coc-ice
Nodes:         atl1-1-03-017-9-0
---------------------------------------
