---------------------------------------
Begin Slurm Prolog: Jun-01-2026 11:09:08
Job ID:    5355618
User ID:   ksalzman3
Account:   coc
Job name:  nys_max_mlpca
Partition: ice-gpu
QOS:       coc-ice
---------------------------------------
=== nystrom_max_vw_mlpca | cifar100 | Mon Jun  1 11:09:15 AM EDT 2026 ===

==================================================
Setting up Nyström Kernel-Attention OOD detector...
  sigma:        0.5
  n_anchors:    200
  anchor_init:  kmeans
  reg_lambda:   0.0001
  alpha:        0.05
  feature_space:multilayer_pca
  normalize:    True
  score_mode:   max
==================================================
Extracted 50000 train features of dim 384
Extracted 1000 val features for threshold
  Fitting Nyström anchors (m=200, init=kmeans, λ=0.0001)...
  Nyström fit complete. anchors: torch.Size([100, 200, 384]), gamma: torch.Size([100, 200])
  Per-class score variance (mean): 0.005539
  Nyström threshold (max) at 5.0%: 1.4280
Nyström setup complete.

[Timing] Setup: 136.2s
Performing inference on cifar100 test set...
Processing near ood...
Performing inference on cifar10 dataset...
Computing metrics on cifar10 dataset...
FPR@95: 73.08, AUROC: 77.18 AUPR_IN: 73.78, AUPR_OUT: 75.49
──────────────────────────────────────────────────────────────────────

Performing inference on tin dataset...
Computing metrics on tin dataset...
FPR@95: 48.86, AUROC: 83.83 AUPR_IN: 88.62, AUPR_OUT: 74.90
──────────────────────────────────────────────────────────────────────

Computing mean metrics...
FPR@95: 60.97, AUROC: 80.50 AUPR_IN: 81.20, AUPR_OUT: 75.19
──────────────────────────────────────────────────────────────────────

Processing far ood...
Performing inference on mnist dataset...
Computing metrics on mnist dataset...
FPR@95: 50.79, AUROC: 82.21 AUPR_IN: 58.07, AUPR_OUT: 96.28
──────────────────────────────────────────────────────────────────────

Performing inference on svhn dataset...
Computing metrics on svhn dataset...
FPR@95: 47.12, AUROC: 84.72 AUPR_IN: 74.16, AUPR_OUT: 92.48
──────────────────────────────────────────────────────────────────────

Performing inference on texture dataset...
Computing metrics on texture dataset...
FPR@95: 51.72, AUROC: 83.83 AUPR_IN: 89.68, AUPR_OUT: 73.28
──────────────────────────────────────────────────────────────────────

Performing inference on places365 dataset...
Computing metrics on places365 dataset...
FPR@95: 56.13, AUROC: 81.22 AUPR_IN: 61.74, AUPR_OUT: 92.71
──────────────────────────────────────────────────────────────────────

Computing mean metrics...
FPR@95: 51.44, AUROC: 83.00 AUPR_IN: 70.91, AUPR_OUT: 88.69
──────────────────────────────────────────────────────────────────────

           FPR@95  AUROC  AUPR_IN  AUPR_OUT   ACC
cifar10     73.08  77.18    73.78     75.49 77.18
tin         48.86  83.83    88.62     74.90 77.18
nearood     60.97  80.50    81.20     75.19 77.18
mnist       50.79  82.21    58.07     96.28 77.18
svhn        47.12  84.72    74.16     92.48 77.18
texture     51.72  83.83    89.68     73.28 77.18
places365   56.13  81.22    61.74     92.71 77.18
farood      51.44  83.00    70.91     88.69 77.18
[Timing] Eval:  322.1s

==================================================
Setting up Nyström Kernel-Attention OOD detector...
  sigma:        0.5
  n_anchors:    200
  anchor_init:  kmeans
  reg_lambda:   0.0001
  alpha:        0.05
  feature_space:multilayer_pca
  normalize:    True
  score_mode:   max
==================================================
Extracted 50000 train features of dim 384
Extracted 1000 val features for threshold
  Fitting Nyström anchors (m=200, init=kmeans, λ=0.0001)...
  Nyström fit complete. anchors: torch.Size([100, 200, 384]), gamma: torch.Size([100, 200])
  Per-class score variance (mean): 0.005314
  Nyström threshold (max) at 5.0%: 1.4194
Nyström setup complete.

[Timing] Setup: 14.6s
Performing inference on cifar100 test set...
Processing near ood...
Performing inference on cifar10 dataset...
Computing metrics on cifar10 dataset...
FPR@95: 68.01, AUROC: 77.03 AUPR_IN: 75.22, AUPR_OUT: 74.86
──────────────────────────────────────────────────────────────────────

Performing inference on tin dataset...
Computing metrics on tin dataset...
FPR@95: 48.89, AUROC: 83.60 AUPR_IN: 88.39, AUPR_OUT: 74.61
──────────────────────────────────────────────────────────────────────

Computing mean metrics...
FPR@95: 58.45, AUROC: 80.31 AUPR_IN: 81.81, AUPR_OUT: 74.74
──────────────────────────────────────────────────────────────────────

Processing far ood...
Performing inference on mnist dataset...
Computing metrics on mnist dataset...
FPR@95: 42.82, AUROC: 84.70 AUPR_IN: 63.64, AUPR_OUT: 96.64
──────────────────────────────────────────────────────────────────────

Performing inference on svhn dataset...
Computing metrics on svhn dataset...
FPR@95: 54.53, AUROC: 82.42 AUPR_IN: 70.13, AUPR_OUT: 91.30
──────────────────────────────────────────────────────────────────────

Performing inference on texture dataset...
Computing metrics on texture dataset...
FPR@95: 52.34, AUROC: 83.01 AUPR_IN: 89.39, AUPR_OUT: 71.20
──────────────────────────────────────────────────────────────────────

Performing inference on places365 dataset...
Computing metrics on places365 dataset...
FPR@95: 57.53, AUROC: 80.68 AUPR_IN: 60.43, AUPR_OUT: 92.41
──────────────────────────────────────────────────────────────────────

Computing mean metrics...
FPR@95: 51.81, AUROC: 82.70 AUPR_IN: 70.90, AUPR_OUT: 87.89
──────────────────────────────────────────────────────────────────────

           FPR@95  AUROC  AUPR_IN  AUPR_OUT   ACC
cifar10     68.01  77.03    75.22     74.86 77.38
tin         48.89  83.60    88.39     74.61 77.38
nearood     58.45  80.31    81.81     74.74 77.38
mnist       42.82  84.70    63.64     96.64 77.38
svhn        54.53  82.42    70.13     91.30 77.38
texture     52.34  83.01    89.39     71.20 77.38
places365   57.53  80.68    60.43     92.41 77.38
farood      51.81  82.70    70.90     87.89 77.38
[Timing] Eval:  64.0s

==================================================
Setting up Nyström Kernel-Attention OOD detector...
  sigma:        0.5
  n_anchors:    200
  anchor_init:  kmeans
  reg_lambda:   0.0001
  alpha:        0.05
  feature_space:multilayer_pca
  normalize:    True
  score_mode:   max
==================================================
Extracted 50000 train features of dim 384
Extracted 1000 val features for threshold
  Fitting Nyström anchors (m=200, init=kmeans, λ=0.0001)...
  Nyström fit complete. anchors: torch.Size([100, 200, 384]), gamma: torch.Size([100, 200])
  Per-class score variance (mean): 0.005408
  Nyström threshold (max) at 5.0%: 1.3872
Nyström setup complete.

[Timing] Setup: 14.7s
Performing inference on cifar100 test set...
Processing near ood...
Performing inference on cifar10 dataset...
Computing metrics on cifar10 dataset...
FPR@95: 68.26, AUROC: 77.63 AUPR_IN: 76.00, AUPR_OUT: 75.59
──────────────────────────────────────────────────────────────────────

Performing inference on tin dataset...
Computing metrics on tin dataset...
FPR@95: 49.81, AUROC: 83.57 AUPR_IN: 88.52, AUPR_OUT: 74.23
──────────────────────────────────────────────────────────────────────

Computing mean metrics...
FPR@95: 59.03, AUROC: 80.60 AUPR_IN: 82.26, AUPR_OUT: 74.91
──────────────────────────────────────────────────────────────────────

Processing far ood...
Performing inference on mnist dataset...
Computing metrics on mnist dataset...
FPR@95: 39.56, AUROC: 86.01 AUPR_IN: 67.41, AUPR_OUT: 97.01
──────────────────────────────────────────────────────────────────────

Performing inference on svhn dataset...
Computing metrics on svhn dataset...
FPR@95: 47.01, AUROC: 85.07 AUPR_IN: 75.29, AUPR_OUT: 92.64
──────────────────────────────────────────────────────────────────────

Performing inference on texture dataset...
Computing metrics on texture dataset...
FPR@95: 56.83, AUROC: 81.86 AUPR_IN: 88.26, AUPR_OUT: 70.35
──────────────────────────────────────────────────────────────────────

Performing inference on places365 dataset...
Computing metrics on places365 dataset...
FPR@95: 57.36, AUROC: 81.27 AUPR_IN: 61.21, AUPR_OUT: 92.79
──────────────────────────────────────────────────────────────────────

Computing mean metrics...
FPR@95: 50.19, AUROC: 83.55 AUPR_IN: 73.04, AUPR_OUT: 88.20
──────────────────────────────────────────────────────────────────────

           FPR@95  AUROC  AUPR_IN  AUPR_OUT   ACC
cifar10     68.26  77.63    76.00     75.59 77.20
tin         49.81  83.57    88.52     74.23 77.20
nearood     59.03  80.60    82.26     74.91 77.20
mnist       39.56  86.01    67.41     97.01 77.20
svhn        47.01  85.07    75.29     92.64 77.20
texture     56.83  81.86    88.26     70.35 77.20
places365   57.36  81.27    61.21     92.79 77.20
farood      50.19  83.55    73.04     88.20 77.20
[Timing] Eval:  63.9s

[Timing Summary]
  Setup: 55.2s ± 57.3s per seed
  Eval:  150.0s ± 121.7s per seed
  Total: 615.5s across 3 seeds
=== Done | Mon Jun  1 11:24:01 AM EDT 2026 ===
---------------------------------------
Begin Slurm Epilog: Jun-01-2026 11:24:01
Job ID:        5355618
Array Job ID:  5355611_1
User ID:       ksalzman3
Account:       coc
Job name:      nys_max_mlpca
Resources:     cpu=4,gres/gpu:h200=1,mem=32G,node=1
Rsrc Used:     cput=00:59:36,vmem=0,walltime=00:14:54,mem=3135432K,energy_used=0
Partition:     ice-gpu
QOS:           coc-ice
Nodes:         atl1-1-03-017-2-0
---------------------------------------
