---------------------------------------
Begin Slurm Prolog: May-29-2026 20:40:06
Job ID:    5348327
User ID:   ksalzman3
Account:   coc
Job name:  nys_pa_mlpca
Partition: ice-gpu
QOS:       coc-ice
---------------------------------------
=== nystrom_predictor_aware_vw_mlpca | cifar100 | Fri May 29 08:40:15 PM EDT 2026 ===

==================================================
Setting up Nyström Kernel-Attention OOD detector...
  sigma:        0.5
  n_anchors:    200
  anchor_init:  kmeans
  reg_lambda:   0.0001
  alpha:        0.05
  feature_space:multilayer_pca
  normalize:    True
  score_mode:   predictor_aware
==================================================
Extracted 50000 train features of dim 384
Extracted 1000 val features for threshold
  Fitting Nyström anchors (m=200, init=kmeans, λ=0.0001)...
  Nyström fit complete. anchors: torch.Size([100, 200, 384]), gamma: torch.Size([100, 200])
  Nyström threshold (predictor_aware) at 5.0%: -2.6911
Nyström setup complete.

[Timing] Setup: 125.4s
Performing inference on cifar100 test set...
Processing near ood...
Performing inference on cifar10 dataset...
Computing metrics on cifar10 dataset...
FPR@95: 65.68, AUROC: 78.39 AUPR_IN: 75.51, AUPR_OUT: 76.25
──────────────────────────────────────────────────────────────────────

Performing inference on tin dataset...
Computing metrics on tin dataset...
FPR@95: 49.27, AUROC: 83.32 AUPR_IN: 88.34, AUPR_OUT: 73.75
──────────────────────────────────────────────────────────────────────

Computing mean metrics...
FPR@95: 57.47, AUROC: 80.85 AUPR_IN: 81.93, AUPR_OUT: 75.00
──────────────────────────────────────────────────────────────────────

Processing far ood...
Performing inference on mnist dataset...
Computing metrics on mnist dataset...
FPR@95: 58.42, AUROC: 75.94 AUPR_IN: 51.27, AUPR_OUT: 94.55
──────────────────────────────────────────────────────────────────────

Performing inference on svhn dataset...
Computing metrics on svhn dataset...
FPR@95: 55.02, AUROC: 80.66 AUPR_IN: 68.01, AUPR_OUT: 89.80
──────────────────────────────────────────────────────────────────────

Performing inference on texture dataset...
Computing metrics on texture dataset...
FPR@95: 56.76, AUROC: 79.82 AUPR_IN: 87.54, AUPR_OUT: 66.51
──────────────────────────────────────────────────────────────────────

Performing inference on places365 dataset...
Computing metrics on places365 dataset...
FPR@95: 57.21, AUROC: 80.07 AUPR_IN: 60.05, AUPR_OUT: 91.88
──────────────────────────────────────────────────────────────────────

Computing mean metrics...
FPR@95: 56.85, AUROC: 79.12 AUPR_IN: 66.72, AUPR_OUT: 85.69
──────────────────────────────────────────────────────────────────────

           FPR@95  AUROC  AUPR_IN  AUPR_OUT   ACC
cifar10     65.68  78.39    75.51     76.25 77.18
tin         49.27  83.32    88.34     73.75 77.18
nearood     57.47  80.85    81.93     75.00 77.18
mnist       58.42  75.94    51.27     94.55 77.18
svhn        55.02  80.66    68.01     89.80 77.18
texture     56.76  79.82    87.54     66.51 77.18
places365   57.21  80.07    60.05     91.88 77.18
farood      56.85  79.12    66.72     85.69 77.18
[Timing] Eval:  316.6s

==================================================
Setting up Nyström Kernel-Attention OOD detector...
  sigma:        0.5
  n_anchors:    200
  anchor_init:  kmeans
  reg_lambda:   0.0001
  alpha:        0.05
  feature_space:multilayer_pca
  normalize:    True
  score_mode:   predictor_aware
==================================================
Extracted 50000 train features of dim 384
Extracted 1000 val features for threshold
  Fitting Nyström anchors (m=200, init=kmeans, λ=0.0001)...
  Nyström fit complete. anchors: torch.Size([100, 200, 384]), gamma: torch.Size([100, 200])
  Nyström threshold (predictor_aware) at 5.0%: -2.7469
Nyström setup complete.

[Timing] Setup: 18.2s
Performing inference on cifar100 test set...
Processing near ood...
Performing inference on cifar10 dataset...
Computing metrics on cifar10 dataset...
FPR@95: 63.49, AUROC: 78.56 AUPR_IN: 77.22, AUPR_OUT: 76.21
──────────────────────────────────────────────────────────────────────

Performing inference on tin dataset...
Computing metrics on tin dataset...
FPR@95: 49.63, AUROC: 83.17 AUPR_IN: 88.30, AUPR_OUT: 73.57
──────────────────────────────────────────────────────────────────────

Computing mean metrics...
FPR@95: 56.56, AUROC: 80.87 AUPR_IN: 82.76, AUPR_OUT: 74.89
──────────────────────────────────────────────────────────────────────

Processing far ood...
Performing inference on mnist dataset...
Computing metrics on mnist dataset...
FPR@95: 48.96, AUROC: 80.00 AUPR_IN: 59.59, AUPR_OUT: 95.16
──────────────────────────────────────────────────────────────────────

Performing inference on svhn dataset...
Computing metrics on svhn dataset...
FPR@95: 59.41, AUROC: 81.08 AUPR_IN: 66.75, AUPR_OUT: 90.71
──────────────────────────────────────────────────────────────────────

Performing inference on texture dataset...
Computing metrics on texture dataset...
FPR@95: 56.13, AUROC: 79.29 AUPR_IN: 87.40, AUPR_OUT: 64.75
──────────────────────────────────────────────────────────────────────

Performing inference on places365 dataset...
Computing metrics on places365 dataset...
FPR@95: 59.20, AUROC: 79.41 AUPR_IN: 58.15, AUPR_OUT: 91.54
──────────────────────────────────────────────────────────────────────

Computing mean metrics...
FPR@95: 55.93, AUROC: 79.95 AUPR_IN: 67.97, AUPR_OUT: 85.54
──────────────────────────────────────────────────────────────────────

           FPR@95  AUROC  AUPR_IN  AUPR_OUT   ACC
cifar10     63.49  78.56    77.22     76.21 77.39
tin         49.63  83.17    88.30     73.57 77.39
nearood     56.56  80.87    82.76     74.89 77.39
mnist       48.96  80.00    59.59     95.16 77.39
svhn        59.41  81.08    66.75     90.71 77.39
texture     56.13  79.29    87.40     64.75 77.39
places365   59.20  79.41    58.15     91.54 77.39
farood      55.93  79.95    67.97     85.54 77.39
[Timing] Eval:  82.1s

==================================================
Setting up Nyström Kernel-Attention OOD detector...
  sigma:        0.5
  n_anchors:    200
  anchor_init:  kmeans
  reg_lambda:   0.0001
  alpha:        0.05
  feature_space:multilayer_pca
  normalize:    True
  score_mode:   predictor_aware
==================================================
Extracted 50000 train features of dim 384
Extracted 1000 val features for threshold
  Fitting Nyström anchors (m=200, init=kmeans, λ=0.0001)...
  Nyström fit complete. anchors: torch.Size([100, 200, 384]), gamma: torch.Size([100, 200])
  Nyström threshold (predictor_aware) at 5.0%: -2.6371
Nyström setup complete.

[Timing] Setup: 18.4s
Performing inference on cifar100 test set...
Processing near ood...
Performing inference on cifar10 dataset...
Computing metrics on cifar10 dataset...
FPR@95: 65.02, AUROC: 78.42 AUPR_IN: 76.48, AUPR_OUT: 76.40
──────────────────────────────────────────────────────────────────────

Performing inference on tin dataset...
Computing metrics on tin dataset...
FPR@95: 49.13, AUROC: 83.13 AUPR_IN: 88.21, AUPR_OUT: 73.28
──────────────────────────────────────────────────────────────────────

Computing mean metrics...
FPR@95: 57.08, AUROC: 80.77 AUPR_IN: 82.34, AUPR_OUT: 74.84
──────────────────────────────────────────────────────────────────────

Processing far ood...
Performing inference on mnist dataset...
Computing metrics on mnist dataset...
FPR@95: 51.71, AUROC: 78.89 AUPR_IN: 56.30, AUPR_OUT: 95.23
──────────────────────────────────────────────────────────────────────

Performing inference on svhn dataset...
Computing metrics on svhn dataset...
FPR@95: 57.97, AUROC: 79.24 AUPR_IN: 66.89, AUPR_OUT: 89.00
──────────────────────────────────────────────────────────────────────

Performing inference on texture dataset...
Computing metrics on texture dataset...
FPR@95: 59.59, AUROC: 78.04 AUPR_IN: 86.17, AUPR_OUT: 64.31
──────────────────────────────────────────────────────────────────────

Performing inference on places365 dataset...
Computing metrics on places365 dataset...
FPR@95: 59.21, AUROC: 79.53 AUPR_IN: 57.63, AUPR_OUT: 91.70
──────────────────────────────────────────────────────────────────────

Computing mean metrics...
FPR@95: 57.12, AUROC: 78.93 AUPR_IN: 66.75, AUPR_OUT: 85.06
──────────────────────────────────────────────────────────────────────

           FPR@95  AUROC  AUPR_IN  AUPR_OUT   ACC
cifar10     65.02  78.42    76.48     76.40 77.20
tin         49.13  83.13    88.21     73.28 77.20
nearood     57.08  80.77    82.34     74.84 77.20
mnist       51.71  78.89    56.30     95.23 77.20
svhn        57.97  79.24    66.89     89.00 77.20
texture     59.59  78.04    86.17     64.31 77.20
places365   59.21  79.53    57.63     91.70 77.20
farood      57.12  78.93    66.75     85.06 77.20
[Timing] Eval:  81.8s

[Timing Summary]
  Setup: 54.0s ± 50.5s per seed
  Eval:  160.2s ± 110.6s per seed
  Total: 642.5s across 3 seeds
=== Done | Fri May 29 08:52:48 PM EDT 2026 ===
---------------------------------------
Begin Slurm Epilog: May-29-2026 20:52:49
Job ID:        5348327
Array Job ID:  5348318_1
User ID:       ksalzman3
Account:       coc
Job name:      nys_pa_mlpca
Resources:     cpu=4,gres/gpu:a40=1,mem=32G,node=1
Rsrc Used:     cput=00:50:48,vmem=0,walltime=00:12:42,mem=3342488K,energy_used=0
Partition:     ice-gpu
QOS:           coc-ice
Nodes:         atl1-1-01-005-9-0
---------------------------------------
