---------------------------------------
Begin Slurm Prolog: Jun-01-2026 11:09:08
Job ID:    5355617
User ID:   ksalzman3
Account:   coc
Job name:  nys_max_mlpca
Partition: ice-gpu
QOS:       coc-ice
---------------------------------------
=== nystrom_max_vw_mlpca | cifar10 | Mon Jun  1 11:09:15 AM EDT 2026 ===

==================================================
Setting up Nyström Kernel-Attention OOD detector...
  sigma:        0.5
  n_anchors:    200
  anchor_init:  kmeans
  reg_lambda:   0.0001
  alpha:        0.05
  feature_space:multilayer_pca
  normalize:    True
  score_mode:   max
==================================================
Extracted 50000 train features of dim 384
Extracted 1000 val features for threshold
  Fitting Nyström anchors (m=200, init=kmeans, λ=0.0001)...
  Nyström fit complete. anchors: torch.Size([10, 200, 384]), gamma: torch.Size([10, 200])
  Per-class score variance (mean): 0.005762
  Nyström threshold (max) at 5.0%: 3.2832
Nyström setup complete.

[Timing] Setup: 136.2s
Performing inference on cifar10 test set...
Processing near ood...
Performing inference on cifar100 dataset...
Computing metrics on cifar100 dataset...
FPR@95: 43.33, AUROC: 88.63 AUPR_IN: 88.30, AUPR_OUT: 87.23
──────────────────────────────────────────────────────────────────────

Performing inference on tin dataset...
Computing metrics on tin dataset...
FPR@95: 36.77, AUROC: 90.54 AUPR_IN: 92.26, AUPR_OUT: 87.75
──────────────────────────────────────────────────────────────────────

Computing mean metrics...
FPR@95: 40.05, AUROC: 89.59 AUPR_IN: 90.28, AUPR_OUT: 87.49
──────────────────────────────────────────────────────────────────────

Processing far ood...
Performing inference on mnist dataset...
Computing metrics on mnist dataset...
FPR@95: 21.29, AUROC: 94.01 AUPR_IN: 81.99, AUPR_OUT: 98.94
──────────────────────────────────────────────────────────────────────

Performing inference on svhn dataset...
Computing metrics on svhn dataset...
FPR@95: 18.78, AUROC: 93.73 AUPR_IN: 90.32, AUPR_OUT: 96.84
──────────────────────────────────────────────────────────────────────

Performing inference on texture dataset...
Computing metrics on texture dataset...
FPR@95: 22.96, AUROC: 93.19 AUPR_IN: 96.06, AUPR_OUT: 87.68
──────────────────────────────────────────────────────────────────────

Performing inference on places365 dataset...
Computing metrics on places365 dataset...
FPR@95: 42.73, AUROC: 89.82 AUPR_IN: 74.06, AUPR_OUT: 96.63
──────────────────────────────────────────────────────────────────────

Computing mean metrics...
FPR@95: 26.44, AUROC: 92.69 AUPR_IN: 85.61, AUPR_OUT: 95.02
──────────────────────────────────────────────────────────────────────

           FPR@95  AUROC  AUPR_IN  AUPR_OUT   ACC
cifar100    43.33  88.63    88.30     87.23 95.22
tin         36.77  90.54    92.26     87.75 95.22
nearood     40.05  89.59    90.28     87.49 95.22
mnist       21.29  94.01    81.99     98.94 95.22
svhn        18.78  93.73    90.32     96.84 95.22
texture     22.96  93.19    96.06     87.68 95.22
places365   42.73  89.82    74.06     96.63 95.22
farood      26.44  92.69    85.61     95.02 95.22
[Timing] Eval:  322.5s

==================================================
Setting up Nyström Kernel-Attention OOD detector...
  sigma:        0.5
  n_anchors:    200
  anchor_init:  kmeans
  reg_lambda:   0.0001
  alpha:        0.05
  feature_space:multilayer_pca
  normalize:    True
  score_mode:   max
==================================================
Extracted 50000 train features of dim 384
Extracted 1000 val features for threshold
  Fitting Nyström anchors (m=200, init=kmeans, λ=0.0001)...
  Nyström fit complete. anchors: torch.Size([10, 200, 384]), gamma: torch.Size([10, 200])
  Per-class score variance (mean): 0.006434
  Nyström threshold (max) at 5.0%: 2.9042
Nyström setup complete.

[Timing] Setup: 14.3s
Performing inference on cifar10 test set...
Processing near ood...
Performing inference on cifar100 dataset...
Computing metrics on cifar100 dataset...
FPR@95: 52.62, AUROC: 87.66 AUPR_IN: 86.67, AUPR_OUT: 86.30
──────────────────────────────────────────────────────────────────────

Performing inference on tin dataset...
Computing metrics on tin dataset...
FPR@95: 38.36, AUROC: 89.82 AUPR_IN: 91.43, AUPR_OUT: 86.71
──────────────────────────────────────────────────────────────────────

Computing mean metrics...
FPR@95: 45.49, AUROC: 88.74 AUPR_IN: 89.05, AUPR_OUT: 86.50
──────────────────────────────────────────────────────────────────────

Processing far ood...
Performing inference on mnist dataset...
Computing metrics on mnist dataset...
FPR@95: 16.69, AUROC: 95.31 AUPR_IN: 87.02, AUPR_OUT: 99.16
──────────────────────────────────────────────────────────────────────

Performing inference on svhn dataset...
Computing metrics on svhn dataset...
FPR@95: 21.09, AUROC: 93.84 AUPR_IN: 89.63, AUPR_OUT: 97.13
──────────────────────────────────────────────────────────────────────

Performing inference on texture dataset...
Computing metrics on texture dataset...
FPR@95: 25.78, AUROC: 92.73 AUPR_IN: 95.67, AUPR_OUT: 87.17
──────────────────────────────────────────────────────────────────────

Performing inference on places365 dataset...
Computing metrics on places365 dataset...
FPR@95: 57.72, AUROC: 87.62 AUPR_IN: 65.97, AUPR_OUT: 95.99
──────────────────────────────────────────────────────────────────────

Computing mean metrics...
FPR@95: 30.32, AUROC: 92.38 AUPR_IN: 84.57, AUPR_OUT: 94.86
──────────────────────────────────────────────────────────────────────

           FPR@95  AUROC  AUPR_IN  AUPR_OUT   ACC
cifar100    52.62  87.66    86.67     86.30 94.63
tin         38.36  89.82    91.43     86.71 94.63
nearood     45.49  88.74    89.05     86.50 94.63
mnist       16.69  95.31    87.02     99.16 94.63
svhn        21.09  93.84    89.63     97.13 94.63
texture     25.78  92.73    95.67     87.17 94.63
places365   57.72  87.62    65.97     95.99 94.63
farood      30.32  92.38    84.57     94.86 94.63
[Timing] Eval:  64.0s

==================================================
Setting up Nyström Kernel-Attention OOD detector...
  sigma:        0.5
  n_anchors:    200
  anchor_init:  kmeans
  reg_lambda:   0.0001
  alpha:        0.05
  feature_space:multilayer_pca
  normalize:    True
  score_mode:   max
==================================================
Extracted 50000 train features of dim 384
Extracted 1000 val features for threshold
  Fitting Nyström anchors (m=200, init=kmeans, λ=0.0001)...
  Nyström fit complete. anchors: torch.Size([10, 200, 384]), gamma: torch.Size([10, 200])
  Per-class score variance (mean): 0.005779
  Nyström threshold (max) at 5.0%: 3.4617
Nyström setup complete.

[Timing] Setup: 14.4s
Performing inference on cifar10 test set...
Processing near ood...
Performing inference on cifar100 dataset...
Computing metrics on cifar100 dataset...
FPR@95: 52.80, AUROC: 87.60 AUPR_IN: 86.62, AUPR_OUT: 86.51
──────────────────────────────────────────────────────────────────────

Performing inference on tin dataset...
Computing metrics on tin dataset...
FPR@95: 44.40, AUROC: 89.53 AUPR_IN: 90.90, AUPR_OUT: 86.84
──────────────────────────────────────────────────────────────────────

Computing mean metrics...
FPR@95: 48.60, AUROC: 88.57 AUPR_IN: 88.76, AUPR_OUT: 86.67
──────────────────────────────────────────────────────────────────────

Processing far ood...
Performing inference on mnist dataset...
Computing metrics on mnist dataset...
FPR@95: 19.57, AUROC: 94.16 AUPR_IN: 84.35, AUPR_OUT: 98.95
──────────────────────────────────────────────────────────────────────

Performing inference on svhn dataset...
Computing metrics on svhn dataset...
FPR@95: 19.84, AUROC: 93.36 AUPR_IN: 89.73, AUPR_OUT: 96.72
──────────────────────────────────────────────────────────────────────

Performing inference on texture dataset...
Computing metrics on texture dataset...
FPR@95: 28.76, AUROC: 92.47 AUPR_IN: 95.36, AUPR_OUT: 87.25
──────────────────────────────────────────────────────────────────────

Performing inference on places365 dataset...
Computing metrics on places365 dataset...
FPR@95: 62.50, AUROC: 86.81 AUPR_IN: 64.46, AUPR_OUT: 95.75
──────────────────────────────────────────────────────────────────────

Computing mean metrics...
FPR@95: 32.67, AUROC: 91.70 AUPR_IN: 83.48, AUPR_OUT: 94.67
──────────────────────────────────────────────────────────────────────

           FPR@95  AUROC  AUPR_IN  AUPR_OUT   ACC
cifar100    52.80  87.60    86.62     86.51 95.32
tin         44.40  89.53    90.90     86.84 95.32
nearood     48.60  88.57    88.76     86.67 95.32
mnist       19.57  94.16    84.35     98.95 95.32
svhn        19.84  93.36    89.73     96.72 95.32
texture     28.76  92.47    95.36     87.25 95.32
places365   62.50  86.81    64.46     95.75 95.32
farood      32.67  91.70    83.48     94.67 95.32
[Timing] Eval:  64.4s

[Timing Summary]
  Setup: 55.0s ± 57.4s per seed
  Eval:  150.3s ± 121.8s per seed
  Total: 615.9s across 3 seeds
=== Done | Mon Jun  1 11:24:01 AM EDT 2026 ===
---------------------------------------
Begin Slurm Epilog: Jun-01-2026 11:24:01
Job ID:        5355617
Array Job ID:  5355611_0
User ID:       ksalzman3
Account:       coc
Job name:      nys_max_mlpca
Resources:     cpu=4,gres/gpu:h200=1,mem=32G,node=1
Rsrc Used:     cput=00:59:36,vmem=0,walltime=00:14:54,mem=2998556K,energy_used=0
Partition:     ice-gpu
QOS:           coc-ice
Nodes:         atl1-1-03-017-2-0
---------------------------------------
