---------------------------------------
Begin Slurm Prolog: Jun-01-2026 14:43:50
Job ID:    5355922
User ID:   ksalzman3
Account:   coc
Job name:  nystrom_softmax_novw_mlpca_minmax_l1234
Partition: ice-gpu
QOS:       coc-ice
---------------------------------------
=== nystrom_softmax_novw_mlpca_minmax_l1234 | cifar100 | Mon Jun  1 02:43:57 PM EDT 2026 ===

==================================================
Setting up Nyström Kernel-Attention OOD detector...
  sigma:        0.5
  n_anchors:    200
  anchor_init:  kmeans
  reg_lambda:   0.0001
  alpha:        0.05
  feature_space:multilayer_pca
  normalize:    True
  score_mode:   softmax
==================================================
Extracted 50000 train features of dim 512
Extracted 1000 val features for threshold
  Fitting Nyström anchors (m=200, init=kmeans, λ=0.0001)...
  Nyström fit complete. anchors: torch.Size([100, 200, 512]), gamma: torch.Size([100, 200])
  Nyström threshold (softmax) at 5.0%: 0.0564
Nyström setup complete.

[Timing] Setup: 15.1s
Performing inference on cifar100 test set...
Processing near ood...
Performing inference on cifar10 dataset...
Computing metrics on cifar10 dataset...
FPR@95: 73.22, AUROC: 77.40 AUPR_IN: 74.12, AUPR_OUT: 75.77
──────────────────────────────────────────────────────────────────────

Performing inference on tin dataset...
Computing metrics on tin dataset...
FPR@95: 51.02, AUROC: 83.54 AUPR_IN: 88.29, AUPR_OUT: 74.30
──────────────────────────────────────────────────────────────────────

Computing mean metrics...
FPR@95: 62.12, AUROC: 80.47 AUPR_IN: 81.21, AUPR_OUT: 75.04
──────────────────────────────────────────────────────────────────────

Processing far ood...
Performing inference on mnist dataset...
Computing metrics on mnist dataset...
FPR@95: 50.98, AUROC: 79.85 AUPR_IN: 58.36, AUPR_OUT: 95.55
──────────────────────────────────────────────────────────────────────

Performing inference on svhn dataset...
Computing metrics on svhn dataset...
FPR@95: 59.12, AUROC: 80.19 AUPR_IN: 65.93, AUPR_OUT: 89.87
──────────────────────────────────────────────────────────────────────

Performing inference on texture dataset...
Computing metrics on texture dataset...
FPR@95: 54.47, AUROC: 81.62 AUPR_IN: 88.61, AUPR_OUT: 69.08
──────────────────────────────────────────────────────────────────────

Performing inference on places365 dataset...
Computing metrics on places365 dataset...
FPR@95: 63.24, AUROC: 78.48 AUPR_IN: 56.14, AUPR_OUT: 91.37
──────────────────────────────────────────────────────────────────────

Computing mean metrics...
FPR@95: 56.95, AUROC: 80.03 AUPR_IN: 67.26, AUPR_OUT: 86.47
──────────────────────────────────────────────────────────────────────

           FPR@95  AUROC  AUPR_IN  AUPR_OUT   ACC
cifar10     73.22  77.40    74.12     75.77 77.18
tin         51.02  83.54    88.29     74.30 77.18
nearood     62.12  80.47    81.21     75.04 77.18
mnist       50.98  79.85    58.36     95.55 77.18
svhn        59.12  80.19    65.93     89.87 77.18
texture     54.47  81.62    88.61     69.08 77.18
places365   63.24  78.48    56.14     91.37 77.18
farood      56.95  80.03    67.26     86.47 77.18
[Timing] Eval:  67.8s

==================================================
Setting up Nyström Kernel-Attention OOD detector...
  sigma:        0.5
  n_anchors:    200
  anchor_init:  kmeans
  reg_lambda:   0.0001
  alpha:        0.05
  feature_space:multilayer_pca
  normalize:    True
  score_mode:   softmax
==================================================
Extracted 50000 train features of dim 512
Extracted 1000 val features for threshold
  Fitting Nyström anchors (m=200, init=kmeans, λ=0.0001)...
  Nyström fit complete. anchors: torch.Size([100, 200, 512]), gamma: torch.Size([100, 200])
  Nyström threshold (softmax) at 5.0%: 0.0559
Nyström setup complete.

[Timing] Setup: 15.5s
Performing inference on cifar100 test set...
Processing near ood...
Performing inference on cifar10 dataset...
Computing metrics on cifar10 dataset...
FPR@95: 71.28, AUROC: 77.36 AUPR_IN: 75.49, AUPR_OUT: 75.62
──────────────────────────────────────────────────────────────────────

Performing inference on tin dataset...
Computing metrics on tin dataset...
FPR@95: 50.01, AUROC: 83.23 AUPR_IN: 88.19, AUPR_OUT: 73.78
──────────────────────────────────────────────────────────────────────

Computing mean metrics...
FPR@95: 60.64, AUROC: 80.30 AUPR_IN: 81.84, AUPR_OUT: 74.70
──────────────────────────────────────────────────────────────────────

Processing far ood...
Performing inference on mnist dataset...
Computing metrics on mnist dataset...
FPR@95: 40.57, AUROC: 83.54 AUPR_IN: 66.76, AUPR_OUT: 96.13
──────────────────────────────────────────────────────────────────────

Performing inference on svhn dataset...
Computing metrics on svhn dataset...
FPR@95: 64.99, AUROC: 78.86 AUPR_IN: 62.59, AUPR_OUT: 89.75
──────────────────────────────────────────────────────────────────────

Performing inference on texture dataset...
Computing metrics on texture dataset...
FPR@95: 54.47, AUROC: 80.95 AUPR_IN: 88.30, AUPR_OUT: 67.01
──────────────────────────────────────────────────────────────────────

Performing inference on places365 dataset...
Computing metrics on places365 dataset...
FPR@95: 65.39, AUROC: 77.70 AUPR_IN: 54.21, AUPR_OUT: 90.94
──────────────────────────────────────────────────────────────────────

Computing mean metrics...
FPR@95: 56.35, AUROC: 80.26 AUPR_IN: 67.96, AUPR_OUT: 85.96
──────────────────────────────────────────────────────────────────────

           FPR@95  AUROC  AUPR_IN  AUPR_OUT   ACC
cifar10     71.28  77.36    75.49     75.62 77.38
tin         50.01  83.23    88.19     73.78 77.38
nearood     60.64  80.30    81.84     74.70 77.38
mnist       40.57  83.54    66.76     96.13 77.38
svhn        64.99  78.86    62.59     89.75 77.38
texture     54.47  80.95    88.30     67.01 77.38
places365   65.39  77.70    54.21     90.94 77.38
farood      56.35  80.26    67.96     85.96 77.38
[Timing] Eval:  68.7s

==================================================
Setting up Nyström Kernel-Attention OOD detector...
  sigma:        0.5
  n_anchors:    200
  anchor_init:  kmeans
  reg_lambda:   0.0001
  alpha:        0.05
  feature_space:multilayer_pca
  normalize:    True
  score_mode:   softmax
==================================================
Extracted 50000 train features of dim 512
Extracted 1000 val features for threshold
  Fitting Nyström anchors (m=200, init=kmeans, λ=0.0001)...
  Nyström fit complete. anchors: torch.Size([100, 200, 512]), gamma: torch.Size([100, 200])
  Nyström threshold (softmax) at 5.0%: 0.0578
Nyström setup complete.

[Timing] Setup: 14.7s
Performing inference on cifar100 test set...
Processing near ood...
Performing inference on cifar10 dataset...
Computing metrics on cifar10 dataset...
FPR@95: 73.31, AUROC: 77.51 AUPR_IN: 74.95, AUPR_OUT: 75.92
──────────────────────────────────────────────────────────────────────

Performing inference on tin dataset...
Computing metrics on tin dataset...
FPR@95: 50.53, AUROC: 83.29 AUPR_IN: 88.11, AUPR_OUT: 73.61
──────────────────────────────────────────────────────────────────────

Computing mean metrics...
FPR@95: 61.92, AUROC: 80.40 AUPR_IN: 81.53, AUPR_OUT: 74.76
──────────────────────────────────────────────────────────────────────

Processing far ood...
Performing inference on mnist dataset...
Computing metrics on mnist dataset...
FPR@95: 44.23, AUROC: 82.41 AUPR_IN: 63.30, AUPR_OUT: 96.06
──────────────────────────────────────────────────────────────────────

Performing inference on svhn dataset...
Computing metrics on svhn dataset...
FPR@95: 60.16, AUROC: 79.19 AUPR_IN: 65.59, AUPR_OUT: 89.26
──────────────────────────────────────────────────────────────────────

Performing inference on texture dataset...
Computing metrics on texture dataset...
FPR@95: 59.68, AUROC: 79.49 AUPR_IN: 86.97, AUPR_OUT: 66.32
──────────────────────────────────────────────────────────────────────

Performing inference on places365 dataset...
Computing metrics on places365 dataset...
FPR@95: 66.43, AUROC: 77.86 AUPR_IN: 53.55, AUPR_OUT: 91.14
──────────────────────────────────────────────────────────────────────

Computing mean metrics...
FPR@95: 57.63, AUROC: 79.74 AUPR_IN: 67.35, AUPR_OUT: 85.70
──────────────────────────────────────────────────────────────────────

           FPR@95  AUROC  AUPR_IN  AUPR_OUT   ACC
cifar10     73.31  77.51    74.95     75.92 77.20
tin         50.53  83.29    88.11     73.61 77.20
nearood     61.92  80.40    81.53     74.76 77.20
mnist       44.23  82.41    63.30     96.06 77.20
svhn        60.16  79.19    65.59     89.26 77.20
texture     59.68  79.49    86.97     66.32 77.20
places365   66.43  77.86    53.55     91.14 77.20
farood      57.63  79.74    67.35     85.70 77.20
[Timing] Eval:  65.9s

[Timing Summary]
  Setup: 15.1s ± 0.3s per seed
  Eval:  67.5s ± 1.2s per seed
  Total: 247.8s across 3 seeds
=== Done | Mon Jun  1 02:48:45 PM EDT 2026 ===
---------------------------------------
Begin Slurm Epilog: Jun-01-2026 14:48:45
Job ID:        5355922
Array Job ID:  5355910_1
User ID:       ksalzman3
Account:       coc
Job name:      nystrom_softmax_novw_mlpca_minmax_l1234
Resources:     cpu=4,gres/gpu:h200=1,mem=32G,node=1
Rsrc Used:     cput=00:19:40,vmem=0,walltime=00:04:55,mem=3659180K,energy_used=0
Partition:     ice-gpu
QOS:           coc-ice
Nodes:         atl1-1-03-017-16-0
---------------------------------------
