---------------------------------------
Begin Slurm Prolog: Jun-01-2026 14:43:50
Job ID:    5355918
User ID:   ksalzman3
Account:   coc
Job name:  nystrom_softmax_novw_mlpca_minmax_yw
Partition: ice-gpu
QOS:       coc-ice
---------------------------------------
=== nystrom_softmax_novw_mlpca_minmax_yw | cifar100 | Mon Jun  1 02:43:57 PM EDT 2026 ===

==================================================
Setting up Nyström Kernel-Attention OOD detector...
  sigma:        0.5
  n_anchors:    200
  anchor_init:  kmeans
  reg_lambda:   0.0001
  alpha:        0.05
  feature_space:multilayer_pca
  normalize:    True
  score_mode:   softmax
==================================================
Extracted 50000 train features of dim 384
Extracted 1000 val features for threshold
  Fitting Nyström anchors (m=200, init=kmeans, λ=0.0001)...
  Nyström fit complete. anchors: torch.Size([100, 200, 384]), gamma: torch.Size([100, 200])
  Nyström threshold (softmax) at 5.0%: 0.0570
Nyström setup complete.

[Timing] Setup: 16.5s
Performing inference on cifar100 test set...
Processing near ood...
Performing inference on cifar10 dataset...
Computing metrics on cifar10 dataset...
FPR@95: 73.20, AUROC: 77.40 AUPR_IN: 74.03, AUPR_OUT: 75.78
──────────────────────────────────────────────────────────────────────

Performing inference on tin dataset...
Computing metrics on tin dataset...
FPR@95: 51.12, AUROC: 83.54 AUPR_IN: 88.29, AUPR_OUT: 74.33
──────────────────────────────────────────────────────────────────────

Computing mean metrics...
FPR@95: 62.16, AUROC: 80.47 AUPR_IN: 81.16, AUPR_OUT: 75.06
──────────────────────────────────────────────────────────────────────

Processing far ood...
Performing inference on mnist dataset...
Computing metrics on mnist dataset...
FPR@95: 51.60, AUROC: 79.56 AUPR_IN: 57.65, AUPR_OUT: 95.48
──────────────────────────────────────────────────────────────────────

Performing inference on svhn dataset...
Computing metrics on svhn dataset...
FPR@95: 59.08, AUROC: 80.04 AUPR_IN: 65.75, AUPR_OUT: 89.75
──────────────────────────────────────────────────────────────────────

Performing inference on texture dataset...
Computing metrics on texture dataset...
FPR@95: 54.70, AUROC: 81.56 AUPR_IN: 88.54, AUPR_OUT: 68.99
──────────────────────────────────────────────────────────────────────

Performing inference on places365 dataset...
Computing metrics on places365 dataset...
FPR@95: 63.23, AUROC: 78.47 AUPR_IN: 56.10, AUPR_OUT: 91.36
──────────────────────────────────────────────────────────────────────

Computing mean metrics...
FPR@95: 57.15, AUROC: 79.91 AUPR_IN: 67.01, AUPR_OUT: 86.39
──────────────────────────────────────────────────────────────────────

           FPR@95  AUROC  AUPR_IN  AUPR_OUT   ACC
cifar10     73.20  77.40    74.03     75.78 77.18
tin         51.12  83.54    88.29     74.33 77.18
nearood     62.16  80.47    81.16     75.06 77.18
mnist       51.60  79.56    57.65     95.48 77.18
svhn        59.08  80.04    65.75     89.75 77.18
texture     54.70  81.56    88.54     68.99 77.18
places365   63.23  78.47    56.10     91.36 77.18
farood      57.15  79.91    67.01     86.39 77.18
[Timing] Eval:  73.1s

==================================================
Setting up Nyström Kernel-Attention OOD detector...
  sigma:        0.5
  n_anchors:    200
  anchor_init:  kmeans
  reg_lambda:   0.0001
  alpha:        0.05
  feature_space:multilayer_pca
  normalize:    True
  score_mode:   softmax
==================================================
Extracted 50000 train features of dim 384
Extracted 1000 val features for threshold
  Fitting Nyström anchors (m=200, init=kmeans, λ=0.0001)...
  Nyström fit complete. anchors: torch.Size([100, 200, 384]), gamma: torch.Size([100, 200])
  Nyström threshold (softmax) at 5.0%: 0.0567
Nyström setup complete.

[Timing] Setup: 16.2s
Performing inference on cifar100 test set...
Processing near ood...
Performing inference on cifar10 dataset...
Computing metrics on cifar10 dataset...
FPR@95: 71.20, AUROC: 77.37 AUPR_IN: 75.46, AUPR_OUT: 75.64
──────────────────────────────────────────────────────────────────────

Performing inference on tin dataset...
Computing metrics on tin dataset...
FPR@95: 50.20, AUROC: 83.24 AUPR_IN: 88.19, AUPR_OUT: 73.81
──────────────────────────────────────────────────────────────────────

Computing mean metrics...
FPR@95: 60.70, AUROC: 80.30 AUPR_IN: 81.82, AUPR_OUT: 74.72
──────────────────────────────────────────────────────────────────────

Processing far ood...
Performing inference on mnist dataset...
Computing metrics on mnist dataset...
FPR@95: 41.14, AUROC: 83.31 AUPR_IN: 66.23, AUPR_OUT: 96.06
──────────────────────────────────────────────────────────────────────

Performing inference on svhn dataset...
Computing metrics on svhn dataset...
FPR@95: 65.27, AUROC: 78.70 AUPR_IN: 62.35, AUPR_OUT: 89.63
──────────────────────────────────────────────────────────────────────

Performing inference on texture dataset...
Computing metrics on texture dataset...
FPR@95: 55.07, AUROC: 80.90 AUPR_IN: 88.25, AUPR_OUT: 66.94
──────────────────────────────────────────────────────────────────────

Performing inference on places365 dataset...
Computing metrics on places365 dataset...
FPR@95: 65.47, AUROC: 77.70 AUPR_IN: 54.21, AUPR_OUT: 90.94
──────────────────────────────────────────────────────────────────────

Computing mean metrics...
FPR@95: 56.74, AUROC: 80.15 AUPR_IN: 67.76, AUPR_OUT: 85.90
──────────────────────────────────────────────────────────────────────

           FPR@95  AUROC  AUPR_IN  AUPR_OUT   ACC
cifar10     71.20  77.37    75.46     75.64 77.38
tin         50.20  83.24    88.19     73.81 77.38
nearood     60.70  80.30    81.82     74.72 77.38
mnist       41.14  83.31    66.23     96.06 77.38
svhn        65.27  78.70    62.35     89.63 77.38
texture     55.07  80.90    88.25     66.94 77.38
places365   65.47  77.70    54.21     90.94 77.38
farood      56.74  80.15    67.76     85.90 77.38
[Timing] Eval:  72.5s

==================================================
Setting up Nyström Kernel-Attention OOD detector...
  sigma:        0.5
  n_anchors:    200
  anchor_init:  kmeans
  reg_lambda:   0.0001
  alpha:        0.05
  feature_space:multilayer_pca
  normalize:    True
  score_mode:   softmax
==================================================
Extracted 50000 train features of dim 384
Extracted 1000 val features for threshold
  Fitting Nyström anchors (m=200, init=kmeans, λ=0.0001)...
  Nyström fit complete. anchors: torch.Size([100, 200, 384]), gamma: torch.Size([100, 200])
  Nyström threshold (softmax) at 5.0%: 0.0584
Nyström setup complete.

[Timing] Setup: 15.9s
Performing inference on cifar100 test set...
Processing near ood...
Performing inference on cifar10 dataset...
Computing metrics on cifar10 dataset...
FPR@95: 73.51, AUROC: 77.50 AUPR_IN: 74.89, AUPR_OUT: 75.92
──────────────────────────────────────────────────────────────────────

Performing inference on tin dataset...
Computing metrics on tin dataset...
FPR@95: 50.41, AUROC: 83.29 AUPR_IN: 88.10, AUPR_OUT: 73.63
──────────────────────────────────────────────────────────────────────

Computing mean metrics...
FPR@95: 61.96, AUROC: 80.40 AUPR_IN: 81.49, AUPR_OUT: 74.78
──────────────────────────────────────────────────────────────────────

Processing far ood...
Performing inference on mnist dataset...
Computing metrics on mnist dataset...
FPR@95: 44.76, AUROC: 82.18 AUPR_IN: 62.74, AUPR_OUT: 96.01
──────────────────────────────────────────────────────────────────────

Performing inference on svhn dataset...
Computing metrics on svhn dataset...
FPR@95: 59.59, AUROC: 79.31 AUPR_IN: 65.86, AUPR_OUT: 89.25
──────────────────────────────────────────────────────────────────────

Performing inference on texture dataset...
Computing metrics on texture dataset...
FPR@95: 60.10, AUROC: 79.40 AUPR_IN: 86.89, AUPR_OUT: 66.19
──────────────────────────────────────────────────────────────────────

Performing inference on places365 dataset...
Computing metrics on places365 dataset...
FPR@95: 66.54, AUROC: 77.85 AUPR_IN: 53.51, AUPR_OUT: 91.13
──────────────────────────────────────────────────────────────────────

Computing mean metrics...
FPR@95: 57.75, AUROC: 79.69 AUPR_IN: 67.25, AUPR_OUT: 85.65
──────────────────────────────────────────────────────────────────────

           FPR@95  AUROC  AUPR_IN  AUPR_OUT   ACC
cifar10     73.51  77.50    74.89     75.92 77.20
tin         50.41  83.29    88.10     73.63 77.20
nearood     61.96  80.40    81.49     74.78 77.20
mnist       44.76  82.18    62.74     96.01 77.20
svhn        59.59  79.31    65.86     89.25 77.20
texture     60.10  79.40    86.89     66.19 77.20
places365   66.54  77.85    53.51     91.13 77.20
farood      57.75  79.69    67.25     85.65 77.20
[Timing] Eval:  70.8s

[Timing Summary]
  Setup: 16.2s ± 0.3s per seed
  Eval:  72.1s ± 1.0s per seed
  Total: 265.0s across 3 seeds
=== Done | Mon Jun  1 02:49:02 PM EDT 2026 ===
---------------------------------------
Begin Slurm Epilog: Jun-01-2026 14:49:02
Job ID:        5355918
Array Job ID:  5355908_1
User ID:       ksalzman3
Account:       coc
Job name:      nystrom_softmax_novw_mlpca_minmax_yw
Resources:     cpu=4,gres/gpu:a100=1,mem=32G,node=1
Rsrc Used:     cput=00:20:48,vmem=0,walltime=00:05:12,mem=4252040K,energy_used=0
Partition:     ice-gpu
QOS:           coc-ice
Nodes:         atl1-1-03-007-33-0
---------------------------------------
