---------------------------------------
Begin Slurm Prolog: Jun-01-2026 14:43:50
Job ID:    5355927
User ID:   ksalzman3
Account:   coc
Job name:  nystrom_softmax_vw_mlpca_l1234
Partition: ice-gpu
QOS:       coc-ice
---------------------------------------
=== nystrom_softmax_vw_mlpca_l1234 | cifar10 | Mon Jun  1 02:43:56 PM EDT 2026 ===

==================================================
Setting up Nyström Kernel-Attention OOD detector...
  sigma:        0.5
  n_anchors:    200
  anchor_init:  kmeans
  reg_lambda:   0.0001
  alpha:        0.05
  feature_space:multilayer_pca
  normalize:    True
  score_mode:   softmax
==================================================
Extracted 50000 train features of dim 448
Extracted 1000 val features for threshold
  Fitting Nyström anchors (m=200, init=kmeans, λ=0.0001)...
  Nyström fit complete. anchors: torch.Size([10, 200, 448]), gamma: torch.Size([10, 200])
  Per-class score variance (mean): 0.005737
  Nyström threshold (softmax) at 5.0%: 2.8883
Nyström setup complete.

[Timing] Setup: 15.6s
Performing inference on cifar10 test set...
Processing near ood...
Performing inference on cifar100 dataset...
Computing metrics on cifar100 dataset...
FPR@95: 43.11, AUROC: 88.68 AUPR_IN: 88.34, AUPR_OUT: 87.36
──────────────────────────────────────────────────────────────────────

Performing inference on tin dataset...
Computing metrics on tin dataset...
FPR@95: 36.64, AUROC: 90.59 AUPR_IN: 92.29, AUPR_OUT: 87.94
──────────────────────────────────────────────────────────────────────

Computing mean metrics...
FPR@95: 39.88, AUROC: 89.63 AUPR_IN: 90.32, AUPR_OUT: 87.65
──────────────────────────────────────────────────────────────────────

Processing far ood...
Performing inference on mnist dataset...
Computing metrics on mnist dataset...
FPR@95: 20.63, AUROC: 94.36 AUPR_IN: 82.69, AUPR_OUT: 99.04
──────────────────────────────────────────────────────────────────────

Performing inference on svhn dataset...
Computing metrics on svhn dataset...
FPR@95: 18.73, AUROC: 93.70 AUPR_IN: 90.32, AUPR_OUT: 96.83
──────────────────────────────────────────────────────────────────────

Performing inference on texture dataset...
Computing metrics on texture dataset...
FPR@95: 22.79, AUROC: 93.12 AUPR_IN: 96.03, AUPR_OUT: 87.56
──────────────────────────────────────────────────────────────────────

Performing inference on places365 dataset...
Computing metrics on places365 dataset...
FPR@95: 42.71, AUROC: 89.92 AUPR_IN: 74.14, AUPR_OUT: 96.72
──────────────────────────────────────────────────────────────────────

Computing mean metrics...
FPR@95: 26.22, AUROC: 92.77 AUPR_IN: 85.80, AUPR_OUT: 95.04
──────────────────────────────────────────────────────────────────────

           FPR@95  AUROC  AUPR_IN  AUPR_OUT   ACC
cifar100    43.11  88.68    88.34     87.36 95.22
tin         36.64  90.59    92.29     87.94 95.22
nearood     39.88  89.63    90.32     87.65 95.22
mnist       20.63  94.36    82.69     99.04 95.22
svhn        18.73  93.70    90.32     96.83 95.22
texture     22.79  93.12    96.03     87.56 95.22
places365   42.71  89.92    74.14     96.72 95.22
farood      26.22  92.77    85.80     95.04 95.22
[Timing] Eval:  70.0s

==================================================
Setting up Nyström Kernel-Attention OOD detector...
  sigma:        0.5
  n_anchors:    200
  anchor_init:  kmeans
  reg_lambda:   0.0001
  alpha:        0.05
  feature_space:multilayer_pca
  normalize:    True
  score_mode:   softmax
==================================================
Extracted 50000 train features of dim 448
Extracted 1000 val features for threshold
  Fitting Nyström anchors (m=200, init=kmeans, λ=0.0001)...
  Nyström fit complete. anchors: torch.Size([10, 200, 448]), gamma: torch.Size([10, 200])
  Per-class score variance (mean): 0.006417
  Nyström threshold (softmax) at 5.0%: 2.6384
Nyström setup complete.

[Timing] Setup: 16.1s
Performing inference on cifar10 test set...
Processing near ood...
Performing inference on cifar100 dataset...
Computing metrics on cifar100 dataset...
FPR@95: 52.83, AUROC: 87.78 AUPR_IN: 86.76, AUPR_OUT: 86.59
──────────────────────────────────────────────────────────────────────

Performing inference on tin dataset...
Computing metrics on tin dataset...
FPR@95: 37.90, AUROC: 89.91 AUPR_IN: 91.49, AUPR_OUT: 87.00
──────────────────────────────────────────────────────────────────────

Computing mean metrics...
FPR@95: 45.37, AUROC: 88.85 AUPR_IN: 89.13, AUPR_OUT: 86.80
──────────────────────────────────────────────────────────────────────

Processing far ood...
Performing inference on mnist dataset...
Computing metrics on mnist dataset...
FPR@95: 16.51, AUROC: 95.39 AUPR_IN: 87.17, AUPR_OUT: 99.19
──────────────────────────────────────────────────────────────────────

Performing inference on svhn dataset...
Computing metrics on svhn dataset...
FPR@95: 21.30, AUROC: 93.83 AUPR_IN: 89.57, AUPR_OUT: 97.16
──────────────────────────────────────────────────────────────────────

Performing inference on texture dataset...
Computing metrics on texture dataset...
FPR@95: 25.63, AUROC: 92.72 AUPR_IN: 95.68, AUPR_OUT: 87.25
──────────────────────────────────────────────────────────────────────

Performing inference on places365 dataset...
Computing metrics on places365 dataset...
FPR@95: 57.26, AUROC: 87.84 AUPR_IN: 66.20, AUPR_OUT: 96.12
──────────────────────────────────────────────────────────────────────

Computing mean metrics...
FPR@95: 30.17, AUROC: 92.44 AUPR_IN: 84.66, AUPR_OUT: 94.93
──────────────────────────────────────────────────────────────────────

           FPR@95  AUROC  AUPR_IN  AUPR_OUT   ACC
cifar100    52.83  87.78    86.76     86.59 94.63
tin         37.90  89.91    91.49     87.00 94.63
nearood     45.37  88.85    89.13     86.80 94.63
mnist       16.51  95.39    87.17     99.19 94.63
svhn        21.30  93.83    89.57     97.16 94.63
texture     25.63  92.72    95.68     87.25 94.63
places365   57.26  87.84    66.20     96.12 94.63
farood      30.17  92.44    84.66     94.93 94.63
[Timing] Eval:  69.6s

==================================================
Setting up Nyström Kernel-Attention OOD detector...
  sigma:        0.5
  n_anchors:    200
  anchor_init:  kmeans
  reg_lambda:   0.0001
  alpha:        0.05
  feature_space:multilayer_pca
  normalize:    True
  score_mode:   softmax
==================================================
Extracted 50000 train features of dim 448
Extracted 1000 val features for threshold
  Fitting Nyström anchors (m=200, init=kmeans, λ=0.0001)...
  Nyström fit complete. anchors: torch.Size([10, 200, 448]), gamma: torch.Size([10, 200])
  Per-class score variance (mean): 0.005763
  Nyström threshold (softmax) at 5.0%: 3.2968
Nyström setup complete.

[Timing] Setup: 15.2s
Performing inference on cifar10 test set...
Processing near ood...
Performing inference on cifar100 dataset...
Computing metrics on cifar100 dataset...
FPR@95: 52.71, AUROC: 87.72 AUPR_IN: 86.70, AUPR_OUT: 86.78
──────────────────────────────────────────────────────────────────────

Performing inference on tin dataset...
Computing metrics on tin dataset...
FPR@95: 44.09, AUROC: 89.67 AUPR_IN: 90.98, AUPR_OUT: 87.18
──────────────────────────────────────────────────────────────────────

Computing mean metrics...
FPR@95: 48.40, AUROC: 88.70 AUPR_IN: 88.84, AUPR_OUT: 86.98
──────────────────────────────────────────────────────────────────────

Processing far ood...
Performing inference on mnist dataset...
Computing metrics on mnist dataset...
FPR@95: 19.44, AUROC: 94.11 AUPR_IN: 84.46, AUPR_OUT: 98.94
──────────────────────────────────────────────────────────────────────

Performing inference on svhn dataset...
Computing metrics on svhn dataset...
FPR@95: 19.84, AUROC: 93.35 AUPR_IN: 89.69, AUPR_OUT: 96.77
──────────────────────────────────────────────────────────────────────

Performing inference on texture dataset...
Computing metrics on texture dataset...
FPR@95: 28.23, AUROC: 92.54 AUPR_IN: 95.41, AUPR_OUT: 87.46
──────────────────────────────────────────────────────────────────────

Performing inference on places365 dataset...
Computing metrics on places365 dataset...
FPR@95: 62.26, AUROC: 87.00 AUPR_IN: 64.63, AUPR_OUT: 95.87
──────────────────────────────────────────────────────────────────────

Computing mean metrics...
FPR@95: 32.44, AUROC: 91.75 AUPR_IN: 83.55, AUPR_OUT: 94.76
──────────────────────────────────────────────────────────────────────

           FPR@95  AUROC  AUPR_IN  AUPR_OUT   ACC
cifar100    52.71  87.72    86.70     86.78 95.32
tin         44.09  89.67    90.98     87.18 95.32
nearood     48.40  88.70    88.84     86.98 95.32
mnist       19.44  94.11    84.46     98.94 95.32
svhn        19.84  93.35    89.69     96.77 95.32
texture     28.23  92.54    95.41     87.46 95.32
places365   62.26  87.00    64.63     95.87 95.32
farood      32.44  91.75    83.55     94.76 95.32
[Timing] Eval:  68.0s

[Timing Summary]
  Setup: 15.6s ± 0.4s per seed
  Eval:  69.2s ± 0.8s per seed
  Total: 254.5s across 3 seeds
=== Done | Mon Jun  1 02:48:53 PM EDT 2026 ===
---------------------------------------
Begin Slurm Epilog: Jun-01-2026 14:48:53
Job ID:        5355927
Array Job ID:  5355913_0
User ID:       ksalzman3
Account:       coc
Job name:      nystrom_softmax_vw_mlpca_l1234
Resources:     cpu=4,gres/gpu:h200=1,mem=32G,node=1
Rsrc Used:     cput=00:20:12,vmem=0,walltime=00:05:03,mem=3781228K,energy_used=0
Partition:     ice-gpu
QOS:           coc-ice
Nodes:         atl1-1-03-017-23-0
---------------------------------------
