---------------------------------------
Begin Slurm Prolog: Jun-01-2026 12:36:59
Job ID:    5355743
User ID:   ksalzman3
Account:   coc
Job name:  nystrom_max_vw_mlminmax
Partition: ice-gpu
QOS:       coc-ice
---------------------------------------
=== nystrom_max_vw_mlminmax | cifar100 | Mon Jun  1 12:37:07 PM EDT 2026 ===

==================================================
Setting up Nyström Kernel-Attention OOD detector...
  sigma:        0.5
  n_anchors:    200
  anchor_init:  kmeans
  reg_lambda:   0.0001
  alpha:        0.05
  feature_space:multilayer_minmax_concat
  normalize:    True
  score_mode:   max
==================================================
Extracted 50000 train features of dim 1920
Extracted 1000 val features for threshold
  Fitting Nyström anchors (m=200, init=kmeans, λ=0.0001)...
  Nyström fit complete. anchors: torch.Size([100, 200, 1920]), gamma: torch.Size([100, 200])
  Per-class score variance (mean): 0.002128
  Nyström threshold (max) at 5.0%: 7.8781
Nyström setup complete.

[Timing] Setup: 16.6s
Performing inference on cifar100 test set...
Processing near ood...
Performing inference on cifar10 dataset...
Computing metrics on cifar10 dataset...
FPR@95: 94.73, AUROC: 69.94 AUPR_IN: 61.67, AUPR_OUT: 69.45
──────────────────────────────────────────────────────────────────────

Performing inference on tin dataset...
Computing metrics on tin dataset...
FPR@95: 61.14, AUROC: 79.49 AUPR_IN: 84.32, AUPR_OUT: 69.38
──────────────────────────────────────────────────────────────────────

Computing mean metrics...
FPR@95: 77.94, AUROC: 74.71 AUPR_IN: 72.99, AUPR_OUT: 69.41
──────────────────────────────────────────────────────────────────────

Processing far ood...
Performing inference on mnist dataset...
Computing metrics on mnist dataset...
FPR@95: 24.33, AUROC: 93.89 AUPR_IN: 82.45, AUPR_OUT: 98.88
──────────────────────────────────────────────────────────────────────

Performing inference on svhn dataset...
Computing metrics on svhn dataset...
FPR@95: 17.41, AUROC: 96.78 AUPR_IN: 93.09, AUPR_OUT: 98.78
──────────────────────────────────────────────────────────────────────

Performing inference on texture dataset...
Computing metrics on texture dataset...
FPR@95: 41.71, AUROC: 90.70 AUPR_IN: 93.48, AUPR_OUT: 87.40
──────────────────────────────────────────────────────────────────────

Performing inference on places365 dataset...
Computing metrics on places365 dataset...
FPR@95: 62.64, AUROC: 79.33 AUPR_IN: 55.70, AUPR_OUT: 92.03
──────────────────────────────────────────────────────────────────────

Computing mean metrics...
FPR@95: 36.52, AUROC: 90.18 AUPR_IN: 81.18, AUPR_OUT: 94.27
──────────────────────────────────────────────────────────────────────

           FPR@95  AUROC  AUPR_IN  AUPR_OUT   ACC
cifar10     94.73  69.94    61.67     69.45 77.18
tin         61.14  79.49    84.32     69.38 77.18
nearood     77.94  74.71    72.99     69.41 77.18
mnist       24.33  93.89    82.45     98.88 77.18
svhn        17.41  96.78    93.09     98.78 77.18
texture     41.71  90.70    93.48     87.40 77.18
places365   62.64  79.33    55.70     92.03 77.18
farood      36.52  90.18    81.18     94.27 77.18
[Timing] Eval:  70.7s

==================================================
Setting up Nyström Kernel-Attention OOD detector...
  sigma:        0.5
  n_anchors:    200
  anchor_init:  kmeans
  reg_lambda:   0.0001
  alpha:        0.05
  feature_space:multilayer_minmax_concat
  normalize:    True
  score_mode:   max
==================================================
Extracted 50000 train features of dim 1920
Extracted 1000 val features for threshold
  Fitting Nyström anchors (m=200, init=kmeans, λ=0.0001)...
  Nyström fit complete. anchors: torch.Size([100, 200, 1920]), gamma: torch.Size([100, 200])
  Per-class score variance (mean): 0.002103
  Nyström threshold (max) at 5.0%: 7.7602
Nyström setup complete.

[Timing] Setup: 16.4s
Performing inference on cifar100 test set...
Processing near ood...
Performing inference on cifar10 dataset...
Computing metrics on cifar10 dataset...
FPR@95: 89.02, AUROC: 69.67 AUPR_IN: 63.06, AUPR_OUT: 68.81
──────────────────────────────────────────────────────────────────────

Performing inference on tin dataset...
Computing metrics on tin dataset...
FPR@95: 60.26, AUROC: 79.54 AUPR_IN: 84.32, AUPR_OUT: 69.53
──────────────────────────────────────────────────────────────────────

Computing mean metrics...
FPR@95: 74.64, AUROC: 74.60 AUPR_IN: 73.69, AUPR_OUT: 69.17
──────────────────────────────────────────────────────────────────────

Processing far ood...
Performing inference on mnist dataset...
Computing metrics on mnist dataset...
FPR@95: 31.02, AUROC: 92.34 AUPR_IN: 75.53, AUPR_OUT: 98.63
──────────────────────────────────────────────────────────────────────

Performing inference on svhn dataset...
Computing metrics on svhn dataset...
FPR@95: 22.02, AUROC: 95.64 AUPR_IN: 91.11, AUPR_OUT: 98.30
──────────────────────────────────────────────────────────────────────

Performing inference on texture dataset...
Computing metrics on texture dataset...
FPR@95: 43.63, AUROC: 90.05 AUPR_IN: 93.10, AUPR_OUT: 86.44
──────────────────────────────────────────────────────────────────────

Performing inference on places365 dataset...
Computing metrics on places365 dataset...
FPR@95: 59.22, AUROC: 80.47 AUPR_IN: 58.33, AUPR_OUT: 92.41
──────────────────────────────────────────────────────────────────────

Computing mean metrics...
FPR@95: 38.98, AUROC: 89.62 AUPR_IN: 79.51, AUPR_OUT: 93.95
──────────────────────────────────────────────────────────────────────

           FPR@95  AUROC  AUPR_IN  AUPR_OUT   ACC
cifar10     89.02  69.67    63.06     68.81 77.38
tin         60.26  79.54    84.32     69.53 77.38
nearood     74.64  74.60    73.69     69.17 77.38
mnist       31.02  92.34    75.53     98.63 77.38
svhn        22.02  95.64    91.11     98.30 77.38
texture     43.63  90.05    93.10     86.44 77.38
places365   59.22  80.47    58.33     92.41 77.38
farood      38.98  89.62    79.51     93.95 77.38
[Timing] Eval:  70.8s

==================================================
Setting up Nyström Kernel-Attention OOD detector...
  sigma:        0.5
  n_anchors:    200
  anchor_init:  kmeans
  reg_lambda:   0.0001
  alpha:        0.05
  feature_space:multilayer_minmax_concat
  normalize:    True
  score_mode:   max
==================================================
Extracted 50000 train features of dim 1920
Extracted 1000 val features for threshold
  Fitting Nyström anchors (m=200, init=kmeans, λ=0.0001)...
  Nyström fit complete. anchors: torch.Size([100, 200, 1920]), gamma: torch.Size([100, 200])
  Per-class score variance (mean): 0.002102
  Nyström threshold (max) at 5.0%: 7.9139
Nyström setup complete.

[Timing] Setup: 16.0s
Performing inference on cifar100 test set...
Processing near ood...
Performing inference on cifar10 dataset...
Computing metrics on cifar10 dataset...
FPR@95: 85.29, AUROC: 71.56 AUPR_IN: 66.25, AUPR_OUT: 70.28
──────────────────────────────────────────────────────────────────────

Performing inference on tin dataset...
Computing metrics on tin dataset...
FPR@95: 59.56, AUROC: 79.27 AUPR_IN: 84.64, AUPR_OUT: 69.29
──────────────────────────────────────────────────────────────────────

Computing mean metrics...
FPR@95: 72.42, AUROC: 75.41 AUPR_IN: 75.45, AUPR_OUT: 69.79
──────────────────────────────────────────────────────────────────────

Processing far ood...
Performing inference on mnist dataset...
Computing metrics on mnist dataset...
FPR@95: 20.00, AUROC: 94.93 AUPR_IN: 84.65, AUPR_OUT: 99.06
──────────────────────────────────────────────────────────────────────

Performing inference on svhn dataset...
Computing metrics on svhn dataset...
FPR@95: 13.08, AUROC: 97.67 AUPR_IN: 94.73, AUPR_OUT: 99.12
──────────────────────────────────────────────────────────────────────

Performing inference on texture dataset...
Computing metrics on texture dataset...
FPR@95: 46.14, AUROC: 89.82 AUPR_IN: 92.86, AUPR_OUT: 86.34
──────────────────────────────────────────────────────────────────────

Performing inference on places365 dataset...
Computing metrics on places365 dataset...
FPR@95: 60.09, AUROC: 80.79 AUPR_IN: 58.94, AUPR_OUT: 92.64
──────────────────────────────────────────────────────────────────────

Computing mean metrics...
FPR@95: 34.83, AUROC: 90.80 AUPR_IN: 82.80, AUPR_OUT: 94.29
──────────────────────────────────────────────────────────────────────

           FPR@95  AUROC  AUPR_IN  AUPR_OUT   ACC
cifar10     85.29  71.56    66.25     70.28 77.20
tin         59.56  79.27    84.64     69.29 77.20
nearood     72.42  75.41    75.45     69.79 77.20
mnist       20.00  94.93    84.65     99.06 77.20
svhn        13.08  97.67    94.73     99.12 77.20
texture     46.14  89.82    92.86     86.34 77.20
places365   60.09  80.79    58.94     92.64 77.20
farood      34.83  90.80    82.80     94.29 77.20
[Timing] Eval:  69.2s

[Timing Summary]
  Setup: 16.3s ± 0.3s per seed
  Eval:  70.2s ± 0.7s per seed
  Total: 259.7s across 3 seeds
=== Done | Mon Jun  1 12:41:47 PM EDT 2026 ===
---------------------------------------
Begin Slurm Epilog: Jun-01-2026 12:41:47
Job ID:        5355743
Array Job ID:  5355733_1
User ID:       ksalzman3
Account:       coc
Job name:      nystrom_max_vw_mlminmax
Resources:     cpu=4,gres/gpu:a100=1,mem=32G,node=1
Rsrc Used:     cput=00:19:12,vmem=0,walltime=00:04:48,mem=3933408K,energy_used=0
Partition:     ice-gpu
QOS:           coc-ice
Nodes:         atl1-1-03-007-35-0
---------------------------------------
