---------------------------------------
Begin Slurm Prolog: May-28-2026 16:05:47
Job ID:    5340929
User ID:   ksalzman3
Account:   coc
Job name:  nystrom_sm_imgnet
Partition: ice-gpu
QOS:       coc-ice
---------------------------------------
=== nystrom_softmax_vw | imagenet | Thu May 28 04:05:56 PM EDT 2026 ===

==================================================
Setting up Nyström Kernel-Attention OOD detector...
  sigma:        0.5
  n_anchors:    200
  anchor_init:  kmeans
  reg_lambda:   0.0001
  alpha:        0.05
  feature_space:penultimate
  normalize:    True
  score_mode:   softmax
==================================================
Extracted 1281167 train features of dim 2048
Extracted 5000 val features for threshold
=== Done | Thu May 28 05:09:04 PM EDT 2026 ===
---------------------------------------
Begin Slurm Epilog: May-28-2026 17:09:07
Job ID:        5340929
User ID:       ksalzman3
Account:       coc
Job name:      nystrom_sm_imgnet
Resources:     cpu=4,gres/gpu:rtx_6000=1,mem=64G,node=1
Rsrc Used:     cput=04:13:08,vmem=0,walltime=01:03:17,mem=64037604K,energy_used=0
Partition:     ice-gpu
QOS:           coc-ice
Nodes:         atl1-1-01-005-5-0
---------------------------------------
