---------------------------------------
Begin Slurm Prolog: Apr-29-2026 14:44:49
Job ID:    5118954
User ID:   ksalzman3
Account:   coc
Job name:  nystrom_max
Partition: ice-gpu
QOS:       coc-ice
---------------------------------------
=== nystrom_max_novw | imagenet200 | Wed Apr 29 02:44:57 PM EDT 2026 ===

==================================================
Setting up Nyström Kernel-Attention OOD detector...
  sigma:        0.5
  n_anchors:    200
  anchor_init:  kmeans
  reg_lambda:   0.0001
  alpha:        0.05
  feature_space:penultimate
  normalize:    True
  score_mode:   max
==================================================
Extracted 258951 train features of dim 512
Extracted 1000 val features for threshold
  Fitting Nyström anchors (m=200, init=kmeans, λ=0.0001)...
  Nyström fit complete. anchors: torch.Size([200, 200, 512]), gamma: torch.Size([200, 200])
  Nyström threshold (max) at 5.0%: 0.2668
Nyström setup complete.

[Timing] Setup: 764.1s
Performing inference on imagenet200 test set...
Processing near ood...
Performing inference on ssb_hard dataset...
Computing metrics on ssb_hard dataset...
FPR@95: 75.77, AUROC: 77.45 AUPR_IN: 37.52, AUPR_OUT: 94.20
──────────────────────────────────────────────────────────────────────

Performing inference on ninco dataset...
Computing metrics on ninco dataset...
FPR@95: 46.84, AUROC: 86.72 AUPR_IN: 91.27, AUPR_OUT: 78.87
──────────────────────────────────────────────────────────────────────

Computing mean metrics...
FPR@95: 61.31, AUROC: 82.08 AUPR_IN: 64.40, AUPR_OUT: 86.53
──────────────────────────────────────────────────────────────────────

Processing far ood...
Performing inference on inaturalist dataset...
Computing metrics on inaturalist dataset...
FPR@95: 19.73, AUROC: 95.62 AUPR_IN: 95.85, AUPR_OUT: 95.69
──────────────────────────────────────────────────────────────────────

Performing inference on textures dataset...
Computing metrics on textures dataset...
FPR@95: 25.03, AUROC: 94.41 AUPR_IN: 95.84, AUPR_OUT: 91.68
──────────────────────────────────────────────────────────────────────

Performing inference on openimage_o dataset...
Computing metrics on openimage_o dataset...
FPR@95: 29.94, AUROC: 91.20 AUPR_IN: 88.71, AUPR_OUT: 93.74
──────────────────────────────────────────────────────────────────────

Computing mean metrics...
FPR@95: 24.90, AUROC: 93.75 AUPR_IN: 93.46, AUPR_OUT: 93.70
──────────────────────────────────────────────────────────────────────

             FPR@95  AUROC  AUPR_IN  AUPR_OUT   ACC
ssb_hard      75.77  77.45    37.52     94.20 86.39
ninco         46.84  86.72    91.27     78.87 86.39
nearood       61.31  82.08    64.40     86.53 86.39
inaturalist   19.73  95.62    95.85     95.69 86.39
textures      25.03  94.41    95.84     91.68 86.39
openimage_o   29.94  91.20    88.71     93.74 86.39
farood        24.90  93.75    93.46     93.70 86.39
[Timing] Eval:  279.3s

==================================================
Setting up Nyström Kernel-Attention OOD detector...
  sigma:        0.5
  n_anchors:    200
  anchor_init:  kmeans
  reg_lambda:   0.0001
  alpha:        0.05
  feature_space:penultimate
  normalize:    True
  score_mode:   max
==================================================
Extracted 258951 train features of dim 512
Extracted 1000 val features for threshold
  Fitting Nyström anchors (m=200, init=kmeans, λ=0.0001)...
  Nyström fit complete. anchors: torch.Size([200, 200, 512]), gamma: torch.Size([200, 200])
  Nyström threshold (max) at 5.0%: 0.2638
Nyström setup complete.

[Timing] Setup: 764.4s
Performing inference on imagenet200 test set...
Processing near ood...
Performing inference on ssb_hard dataset...
Computing metrics on ssb_hard dataset...
FPR@95: 75.39, AUROC: 77.35 AUPR_IN: 37.63, AUPR_OUT: 94.13
──────────────────────────────────────────────────────────────────────

Performing inference on ninco dataset...
Computing metrics on ninco dataset...
FPR@95: 44.79, AUROC: 86.80 AUPR_IN: 91.51, AUPR_OUT: 78.74
──────────────────────────────────────────────────────────────────────

Computing mean metrics...
FPR@95: 60.09, AUROC: 82.07 AUPR_IN: 64.57, AUPR_OUT: 86.43
──────────────────────────────────────────────────────────────────────

Processing far ood...
Performing inference on inaturalist dataset...
Computing metrics on inaturalist dataset...
FPR@95: 19.46, AUROC: 95.28 AUPR_IN: 95.58, AUPR_OUT: 95.28
──────────────────────────────────────────────────────────────────────

Performing inference on textures dataset...
Computing metrics on textures dataset...
FPR@95: 24.98, AUROC: 94.32 AUPR_IN: 95.42, AUPR_OUT: 91.78
──────────────────────────────────────────────────────────────────────

Performing inference on openimage_o dataset...
Computing metrics on openimage_o dataset...
FPR@95: 29.29, AUROC: 91.10 AUPR_IN: 88.59, AUPR_OUT: 93.63
──────────────────────────────────────────────────────────────────────

Computing mean metrics...
FPR@95: 24.57, AUROC: 93.57 AUPR_IN: 93.19, AUPR_OUT: 93.56
──────────────────────────────────────────────────────────────────────

             FPR@95  AUROC  AUPR_IN  AUPR_OUT   ACC
ssb_hard      75.39  77.35    37.63     94.13 86.46
ninco         44.79  86.80    91.51     78.74 86.46
nearood       60.09  82.07    64.57     86.43 86.46
inaturalist   19.46  95.28    95.58     95.28 86.46
textures      24.98  94.32    95.42     91.78 86.46
openimage_o   29.29  91.10    88.59     93.63 86.46
farood        24.57  93.57    93.19     93.56 86.46
[Timing] Eval:  281.5s

==================================================
Setting up Nyström Kernel-Attention OOD detector...
  sigma:        0.5
  n_anchors:    200
  anchor_init:  kmeans
  reg_lambda:   0.0001
  alpha:        0.05
  feature_space:penultimate
  normalize:    True
  score_mode:   max
==================================================
Extracted 258951 train features of dim 512
Extracted 1000 val features for threshold
  Fitting Nyström anchors (m=200, init=kmeans, λ=0.0001)...
  Nyström fit complete. anchors: torch.Size([200, 200, 512]), gamma: torch.Size([200, 200])
  Nyström threshold (max) at 5.0%: 0.2628
Nyström setup complete.

[Timing] Setup: 765.7s
Performing inference on imagenet200 test set...
Processing near ood...
Performing inference on ssb_hard dataset...
Computing metrics on ssb_hard dataset...
FPR@95: 76.13, AUROC: 77.01 AUPR_IN: 37.23, AUPR_OUT: 94.07
──────────────────────────────────────────────────────────────────────

Performing inference on ninco dataset...
Computing metrics on ninco dataset...
FPR@95: 46.37, AUROC: 86.58 AUPR_IN: 91.27, AUPR_OUT: 78.69
──────────────────────────────────────────────────────────────────────

Computing mean metrics...
FPR@95: 61.25, AUROC: 81.79 AUPR_IN: 64.25, AUPR_OUT: 86.38
──────────────────────────────────────────────────────────────────────

Processing far ood...
Performing inference on inaturalist dataset...
Computing metrics on inaturalist dataset...
FPR@95: 21.62, AUROC: 95.18 AUPR_IN: 95.38, AUPR_OUT: 95.30
──────────────────────────────────────────────────────────────────────

Performing inference on textures dataset...
Computing metrics on textures dataset...
FPR@95: 24.86, AUROC: 94.35 AUPR_IN: 95.66, AUPR_OUT: 91.80
──────────────────────────────────────────────────────────────────────

Performing inference on openimage_o dataset...
Computing metrics on openimage_o dataset...
FPR@95: 31.52, AUROC: 90.83 AUPR_IN: 88.09, AUPR_OUT: 93.58
──────────────────────────────────────────────────────────────────────

Computing mean metrics...
FPR@95: 26.00, AUROC: 93.45 AUPR_IN: 93.04, AUPR_OUT: 93.56
──────────────────────────────────────────────────────────────────────

             FPR@95  AUROC  AUPR_IN  AUPR_OUT   ACC
ssb_hard      76.13  77.01    37.23     94.07 86.27
ninco         46.37  86.58    91.27     78.69 86.27
nearood       61.25  81.79    64.25     86.38 86.27
inaturalist   21.62  95.18    95.38     95.30 86.27
textures      24.86  94.35    95.66     91.80 86.27
openimage_o   31.52  90.83    88.09     93.58 86.27
farood        26.00  93.45    93.04     93.56 86.27
[Timing] Eval:  275.4s

[Timing Summary]
  Setup: 764.7s ± 0.7s per seed
  Eval:  278.7s ± 2.5s per seed
  Total: 3130.5s across 3 seeds
=== Done | Wed Apr 29 03:40:11 PM EDT 2026 ===
---------------------------------------
Begin Slurm Epilog: Apr-29-2026 15:40:11
Job ID:        5118954
Array Job ID:  5118954_2
User ID:       ksalzman3
Account:       coc
Job name:      nystrom_max
Resources:     cpu=4,gres/gpu:rtx_6000=1,mem=32G,node=1
Rsrc Used:     cput=00:36:40,vmem=0,walltime=00:09:10,mem=5346532K,energy_used=0
Partition:     ice-gpu
QOS:           coc-ice
Nodes:         atl1-1-01-005-7-0
---------------------------------------
