---------------------------------------
Begin Slurm Prolog: Jun-01-2026 11:09:08
Job ID:    5355614
User ID:   ksalzman3
Account:   coc
Job name:  nys_max_mlpca_mm
Partition: ice-gpu
QOS:       coc-ice
---------------------------------------
=== nystrom_max_vw_mlpca_minmax | imagenet200 | Mon Jun  1 11:09:15 AM EDT 2026 ===

==================================================
Setting up Nyström Kernel-Attention OOD detector...
  sigma:        0.5
  n_anchors:    200
  anchor_init:  kmeans
  reg_lambda:   0.0001
  alpha:        0.05
  feature_space:multilayer_pca
  normalize:    True
  score_mode:   max
==================================================
Extracted 258951 train features of dim 384
Extracted 1000 val features for threshold
  Fitting Nyström anchors (m=200, init=kmeans, λ=0.0001)...
  Nyström fit complete. anchors: torch.Size([200, 200, 384]), gamma: torch.Size([200, 200])
  Per-class score variance (mean): 0.008020
  Nyström threshold (max) at 5.0%: 1.2223
Nyström setup complete.

[Timing] Setup: 554.6s
Performing inference on imagenet200 test set...
Processing near ood...
Performing inference on ssb_hard dataset...
Computing metrics on ssb_hard dataset...
FPR@95: 71.60, AUROC: 78.40 AUPR_IN: 40.64, AUPR_OUT: 94.28
──────────────────────────────────────────────────────────────────────

Performing inference on ninco dataset...
Computing metrics on ninco dataset...
FPR@95: 52.27, AUROC: 84.26 AUPR_IN: 89.11, AUPR_OUT: 74.86
──────────────────────────────────────────────────────────────────────

Computing mean metrics...
FPR@95: 61.93, AUROC: 81.33 AUPR_IN: 64.87, AUPR_OUT: 84.57
──────────────────────────────────────────────────────────────────────

Processing far ood...
Performing inference on inaturalist dataset...
Computing metrics on inaturalist dataset...
FPR@95: 26.88, AUROC: 93.07 AUPR_IN: 93.45, AUPR_OUT: 92.80
──────────────────────────────────────────────────────────────────────

Performing inference on textures dataset...
Computing metrics on textures dataset...
FPR@95: 27.66, AUROC: 93.17 AUPR_IN: 95.79, AUPR_OUT: 88.78
──────────────────────────────────────────────────────────────────────

Performing inference on openimage_o dataset...
Computing metrics on openimage_o dataset...
FPR@95: 39.21, AUROC: 88.23 AUPR_IN: 84.84, AUPR_OUT: 91.41
──────────────────────────────────────────────────────────────────────

Computing mean metrics...
FPR@95: 31.25, AUROC: 91.49 AUPR_IN: 91.36, AUPR_OUT: 90.99
──────────────────────────────────────────────────────────────────────

             FPR@95  AUROC  AUPR_IN  AUPR_OUT   ACC
ssb_hard      71.60  78.40    40.64     94.28 86.38
ninco         52.27  84.26    89.11     74.86 86.38
nearood       61.93  81.33    64.87     84.57 86.38
inaturalist   26.88  93.07    93.45     92.80 86.38
textures      27.66  93.17    95.79     88.78 86.38
openimage_o   39.21  88.23    84.84     91.41 86.38
farood        31.25  91.49    91.36     90.99 86.38
[Timing] Eval:  209.2s

==================================================
Setting up Nyström Kernel-Attention OOD detector...
  sigma:        0.5
  n_anchors:    200
  anchor_init:  kmeans
  reg_lambda:   0.0001
  alpha:        0.05
  feature_space:multilayer_pca
  normalize:    True
  score_mode:   max
==================================================
Extracted 258951 train features of dim 384
Extracted 1000 val features for threshold
  Fitting Nyström anchors (m=200, init=kmeans, λ=0.0001)...
  Nyström fit complete. anchors: torch.Size([200, 200, 384]), gamma: torch.Size([200, 200])
  Per-class score variance (mean): 0.008111
  Nyström threshold (max) at 5.0%: 1.2323
Nyström setup complete.

[Timing] Setup: 545.0s
Performing inference on imagenet200 test set...
Processing near ood...
Performing inference on ssb_hard dataset...
Computing metrics on ssb_hard dataset...
FPR@95: 72.33, AUROC: 78.21 AUPR_IN: 40.14, AUPR_OUT: 94.19
──────────────────────────────────────────────────────────────────────

Performing inference on ninco dataset...
Computing metrics on ninco dataset...
FPR@95: 51.56, AUROC: 84.11 AUPR_IN: 89.17, AUPR_OUT: 74.60
──────────────────────────────────────────────────────────────────────

Computing mean metrics...
FPR@95: 61.94, AUROC: 81.16 AUPR_IN: 64.66, AUPR_OUT: 84.40
──────────────────────────────────────────────────────────────────────

Processing far ood...
Performing inference on inaturalist dataset...
Computing metrics on inaturalist dataset...
FPR@95: 26.46, AUROC: 92.64 AUPR_IN: 93.18, AUPR_OUT: 92.29
──────────────────────────────────────────────────────────────────────

Performing inference on textures dataset...
Computing metrics on textures dataset...
FPR@95: 27.62, AUROC: 93.03 AUPR_IN: 95.68, AUPR_OUT: 88.54
──────────────────────────────────────────────────────────────────────

Performing inference on openimage_o dataset...
Computing metrics on openimage_o dataset...
FPR@95: 37.77, AUROC: 88.32 AUPR_IN: 85.23, AUPR_OUT: 91.40
──────────────────────────────────────────────────────────────────────

Computing mean metrics...
FPR@95: 30.61, AUROC: 91.33 AUPR_IN: 91.36, AUPR_OUT: 90.75
──────────────────────────────────────────────────────────────────────

             FPR@95  AUROC  AUPR_IN  AUPR_OUT   ACC
ssb_hard      72.33  78.21    40.14     94.19 86.47
ninco         51.56  84.11    89.17     74.60 86.47
nearood       61.94  81.16    64.66     84.40 86.47
inaturalist   26.46  92.64    93.18     92.29 86.47
textures      27.62  93.03    95.68     88.54 86.47
openimage_o   37.77  88.32    85.23     91.40 86.47
farood        30.61  91.33    91.36     90.75 86.47
[Timing] Eval:  202.5s

==================================================
Setting up Nyström Kernel-Attention OOD detector...
  sigma:        0.5
  n_anchors:    200
  anchor_init:  kmeans
  reg_lambda:   0.0001
  alpha:        0.05
  feature_space:multilayer_pca
  normalize:    True
  score_mode:   max
==================================================
Extracted 258951 train features of dim 384
Extracted 1000 val features for threshold
  Fitting Nyström anchors (m=200, init=kmeans, λ=0.0001)...
  Nyström fit complete. anchors: torch.Size([200, 200, 384]), gamma: torch.Size([200, 200])
  Per-class score variance (mean): 0.008042
  Nyström threshold (max) at 5.0%: 1.2058
Nyström setup complete.

[Timing] Setup: 543.8s
Performing inference on imagenet200 test set...
Processing near ood...
Performing inference on ssb_hard dataset...
Computing metrics on ssb_hard dataset...
FPR@95: 71.59, AUROC: 78.06 AUPR_IN: 40.29, AUPR_OUT: 94.15
──────────────────────────────────────────────────────────────────────

Performing inference on ninco dataset...
Computing metrics on ninco dataset...
FPR@95: 53.47, AUROC: 84.06 AUPR_IN: 89.07, AUPR_OUT: 74.55
──────────────────────────────────────────────────────────────────────

Computing mean metrics...
FPR@95: 62.53, AUROC: 81.06 AUPR_IN: 64.68, AUPR_OUT: 84.35
──────────────────────────────────────────────────────────────────────

Processing far ood...
Performing inference on inaturalist dataset...
Computing metrics on inaturalist dataset...
FPR@95: 28.90, AUROC: 92.62 AUPR_IN: 92.90, AUPR_OUT: 92.33
──────────────────────────────────────────────────────────────────────

Performing inference on textures dataset...
Computing metrics on textures dataset...
FPR@95: 28.66, AUROC: 93.06 AUPR_IN: 95.70, AUPR_OUT: 88.58
──────────────────────────────────────────────────────────────────────

Performing inference on openimage_o dataset...
Computing metrics on openimage_o dataset...
FPR@95: 39.14, AUROC: 88.03 AUPR_IN: 84.75, AUPR_OUT: 91.26
──────────────────────────────────────────────────────────────────────

Computing mean metrics...
FPR@95: 32.23, AUROC: 91.24 AUPR_IN: 91.12, AUPR_OUT: 90.72
──────────────────────────────────────────────────────────────────────

             FPR@95  AUROC  AUPR_IN  AUPR_OUT   ACC
ssb_hard      71.59  78.06    40.29     94.15 86.27
ninco         53.47  84.06    89.07     74.55 86.27
nearood       62.53  81.06    64.68     84.35 86.27
inaturalist   28.90  92.62    92.90     92.33 86.27
textures      28.66  93.06    95.70     88.58 86.27
openimage_o   39.14  88.03    84.75     91.26 86.27
farood        32.23  91.24    91.12     90.72 86.27
[Timing] Eval:  200.0s

[Timing Summary]
  Setup: 547.8s ± 4.8s per seed
  Eval:  203.9s ± 3.9s per seed
  Total: 2255.0s across 3 seeds
=== Done | Mon Jun  1 11:51:14 AM EDT 2026 ===
---------------------------------------
Begin Slurm Epilog: Jun-01-2026 11:51:15
Job ID:        5355614
Array Job ID:  5355614_2
User ID:       ksalzman3
Account:       coc
Job name:      nys_max_mlpca_mm
Resources:     cpu=4,gres/gpu:a100=1,mem=32G,node=1
Rsrc Used:     cput=01:00:00,vmem=0,walltime=00:15:00,mem=3754352K,energy_used=0
Partition:     ice-gpu
QOS:           coc-ice
Nodes:         atl1-1-03-007-35-0
---------------------------------------
