---------------------------------------
Begin Slurm Prolog: Jun-01-2026 11:09:08
Job ID:    5355623
User ID:   ksalzman3
Account:   coc
Job name:  nys_max_mlpca_mm
Partition: ice-gpu
QOS:       coc-ice
---------------------------------------
=== nystrom_max_vw_mlpca_minmax | cifar10 | Mon Jun  1 11:09:16 AM EDT 2026 ===

==================================================
Setting up Nyström Kernel-Attention OOD detector...
  sigma:        0.5
  n_anchors:    200
  anchor_init:  kmeans
  reg_lambda:   0.0001
  alpha:        0.05
  feature_space:multilayer_pca
  normalize:    True
  score_mode:   max
==================================================
Extracted 50000 train features of dim 384
Extracted 1000 val features for threshold
  Fitting Nyström anchors (m=200, init=kmeans, λ=0.0001)...
  Nyström fit complete. anchors: torch.Size([10, 200, 384]), gamma: torch.Size([10, 200])
  Per-class score variance (mean): 0.002478
  Nyström threshold (max) at 5.0%: 2.8966
Nyström setup complete.

[Timing] Setup: 136.2s
Performing inference on cifar10 test set...
Processing near ood...
Performing inference on cifar100 dataset...
Computing metrics on cifar100 dataset...
FPR@95: 48.56, AUROC: 88.45 AUPR_IN: 87.74, AUPR_OUT: 87.64
──────────────────────────────────────────────────────────────────────

Performing inference on tin dataset...
Computing metrics on tin dataset...
FPR@95: 41.38, AUROC: 90.39 AUPR_IN: 91.73, AUPR_OUT: 88.16
──────────────────────────────────────────────────────────────────────

Computing mean metrics...
FPR@95: 44.97, AUROC: 89.42 AUPR_IN: 89.73, AUPR_OUT: 87.90
──────────────────────────────────────────────────────────────────────

Processing far ood...
Performing inference on mnist dataset...
Computing metrics on mnist dataset...
FPR@95: 13.33, AUROC: 96.78 AUPR_IN: 89.36, AUPR_OUT: 99.49
──────────────────────────────────────────────────────────────────────

Performing inference on svhn dataset...
Computing metrics on svhn dataset...
FPR@95: 11.93, AUROC: 96.73 AUPR_IN: 93.79, AUPR_OUT: 98.56
──────────────────────────────────────────────────────────────────────

Performing inference on texture dataset...
Computing metrics on texture dataset...
FPR@95: 21.47, AUROC: 94.61 AUPR_IN: 96.82, AUPR_OUT: 90.84
──────────────────────────────────────────────────────────────────────

Performing inference on places365 dataset...
Computing metrics on places365 dataset...
FPR@95: 41.22, AUROC: 90.34 AUPR_IN: 74.68, AUPR_OUT: 96.91
──────────────────────────────────────────────────────────────────────

Computing mean metrics...
FPR@95: 21.99, AUROC: 94.62 AUPR_IN: 88.66, AUPR_OUT: 96.45
──────────────────────────────────────────────────────────────────────

           FPR@95  AUROC  AUPR_IN  AUPR_OUT   ACC
cifar100    48.56  88.45    87.74     87.64 95.22
tin         41.38  90.39    91.73     88.16 95.22
nearood     44.97  89.42    89.73     87.90 95.22
mnist       13.33  96.78    89.36     99.49 95.22
svhn        11.93  96.73    93.79     98.56 95.22
texture     21.47  94.61    96.82     90.84 95.22
places365   41.22  90.34    74.68     96.91 95.22
farood      21.99  94.62    88.66     96.45 95.22
[Timing] Eval:  322.1s

==================================================
Setting up Nyström Kernel-Attention OOD detector...
  sigma:        0.5
  n_anchors:    200
  anchor_init:  kmeans
  reg_lambda:   0.0001
  alpha:        0.05
  feature_space:multilayer_pca
  normalize:    True
  score_mode:   max
==================================================
Extracted 50000 train features of dim 384
Extracted 1000 val features for threshold
  Fitting Nyström anchors (m=200, init=kmeans, λ=0.0001)...
  Nyström fit complete. anchors: torch.Size([10, 200, 384]), gamma: torch.Size([10, 200])
  Per-class score variance (mean): 0.002924
  Nyström threshold (max) at 5.0%: 2.5190
Nyström setup complete.

[Timing] Setup: 15.7s
Performing inference on cifar10 test set...
Processing near ood...
Performing inference on cifar100 dataset...
Computing metrics on cifar100 dataset...
FPR@95: 45.73, AUROC: 88.55 AUPR_IN: 87.70, AUPR_OUT: 87.42
──────────────────────────────────────────────────────────────────────

Performing inference on tin dataset...
Computing metrics on tin dataset...
FPR@95: 37.03, AUROC: 90.30 AUPR_IN: 91.86, AUPR_OUT: 87.49
──────────────────────────────────────────────────────────────────────

Computing mean metrics...
FPR@95: 41.38, AUROC: 89.42 AUPR_IN: 89.78, AUPR_OUT: 87.45
──────────────────────────────────────────────────────────────────────

Processing far ood...
Performing inference on mnist dataset...
Computing metrics on mnist dataset...
FPR@95: 11.97, AUROC: 97.09 AUPR_IN: 91.23, AUPR_OUT: 99.51
──────────────────────────────────────────────────────────────────────

Performing inference on svhn dataset...
Computing metrics on svhn dataset...
FPR@95: 13.86, AUROC: 96.69 AUPR_IN: 93.48, AUPR_OUT: 98.64
──────────────────────────────────────────────────────────────────────

Performing inference on texture dataset...
Computing metrics on texture dataset...
FPR@95: 23.19, AUROC: 94.21 AUPR_IN: 96.59, AUPR_OUT: 90.22
──────────────────────────────────────────────────────────────────────

Performing inference on places365 dataset...
Computing metrics on places365 dataset...
FPR@95: 45.62, AUROC: 89.09 AUPR_IN: 70.49, AUPR_OUT: 96.47
──────────────────────────────────────────────────────────────────────

Computing mean metrics...
FPR@95: 23.66, AUROC: 94.27 AUPR_IN: 87.95, AUPR_OUT: 96.21
──────────────────────────────────────────────────────────────────────

           FPR@95  AUROC  AUPR_IN  AUPR_OUT   ACC
cifar100    45.73  88.55    87.70     87.42 94.63
tin         37.03  90.30    91.86     87.49 94.63
nearood     41.38  89.42    89.78     87.45 94.63
mnist       11.97  97.09    91.23     99.51 94.63
svhn        13.86  96.69    93.48     98.64 94.63
texture     23.19  94.21    96.59     90.22 94.63
places365   45.62  89.09    70.49     96.47 94.63
farood      23.66  94.27    87.95     96.21 94.63
[Timing] Eval:  68.1s

==================================================
Setting up Nyström Kernel-Attention OOD detector...
  sigma:        0.5
  n_anchors:    200
  anchor_init:  kmeans
  reg_lambda:   0.0001
  alpha:        0.05
  feature_space:multilayer_pca
  normalize:    True
  score_mode:   max
==================================================
Extracted 50000 train features of dim 384
Extracted 1000 val features for threshold
  Fitting Nyström anchors (m=200, init=kmeans, λ=0.0001)...
  Nyström fit complete. anchors: torch.Size([10, 200, 384]), gamma: torch.Size([10, 200])
  Per-class score variance (mean): 0.002431
  Nyström threshold (max) at 5.0%: 3.0322
Nyström setup complete.

[Timing] Setup: 16.0s
Performing inference on cifar10 test set...
Processing near ood...
Performing inference on cifar100 dataset...
Computing metrics on cifar100 dataset...
FPR@95: 52.90, AUROC: 87.94 AUPR_IN: 86.59, AUPR_OUT: 87.34
──────────────────────────────────────────────────────────────────────

Performing inference on tin dataset...
Computing metrics on tin dataset...
FPR@95: 43.66, AUROC: 89.88 AUPR_IN: 91.03, AUPR_OUT: 87.64
──────────────────────────────────────────────────────────────────────

Computing mean metrics...
FPR@95: 48.28, AUROC: 88.91 AUPR_IN: 88.81, AUPR_OUT: 87.49
──────────────────────────────────────────────────────────────────────

Processing far ood...
Performing inference on mnist dataset...
Computing metrics on mnist dataset...
FPR@95: 15.01, AUROC: 95.92 AUPR_IN: 88.13, AUPR_OUT: 99.31
──────────────────────────────────────────────────────────────────────

Performing inference on svhn dataset...
Computing metrics on svhn dataset...
FPR@95: 13.86, AUROC: 96.38 AUPR_IN: 93.19, AUPR_OUT: 98.47
──────────────────────────────────────────────────────────────────────

Performing inference on texture dataset...
Computing metrics on texture dataset...
FPR@95: 22.82, AUROC: 94.43 AUPR_IN: 96.68, AUPR_OUT: 90.76
──────────────────────────────────────────────────────────────────────

Performing inference on places365 dataset...
Computing metrics on places365 dataset...
FPR@95: 59.94, AUROC: 87.10 AUPR_IN: 63.58, AUPR_OUT: 95.95
──────────────────────────────────────────────────────────────────────

Computing mean metrics...
FPR@95: 27.91, AUROC: 93.46 AUPR_IN: 85.40, AUPR_OUT: 96.12
──────────────────────────────────────────────────────────────────────

           FPR@95  AUROC  AUPR_IN  AUPR_OUT   ACC
cifar100    52.90  87.94    86.59     87.34 95.32
tin         43.66  89.88    91.03     87.64 95.32
nearood     48.28  88.91    88.81     87.49 95.32
mnist       15.01  95.92    88.13     99.31 95.32
svhn        13.86  96.38    93.19     98.47 95.32
texture     22.82  94.43    96.68     90.76 95.32
places365   59.94  87.10    63.58     95.95 95.32
farood      27.91  93.46    85.40     96.12 95.32
[Timing] Eval:  68.3s

[Timing Summary]
  Setup: 56.0s ± 56.7s per seed
  Eval:  152.8s ± 119.7s per seed
  Total: 626.5s across 3 seeds
=== Done | Mon Jun  1 11:24:07 AM EDT 2026 ===
---------------------------------------
Begin Slurm Epilog: Jun-01-2026 11:24:07
Job ID:        5355623
Array Job ID:  5355614_0
User ID:       ksalzman3
Account:       coc
Job name:      nys_max_mlpca_mm
Resources:     cpu=4,gres/gpu:a100=1,mem=32G,node=1
Rsrc Used:     cput=01:00:00,vmem=0,walltime=00:15:00,mem=3754352K,energy_used=0
Partition:     ice-gpu
QOS:           coc-ice
Nodes:         atl1-1-03-007-35-0
---------------------------------------
