---------------------------------------
Begin Slurm Prolog: May-29-2026 20:40:06
Job ID:    5348329
User ID:   ksalzman3
Account:   coc
Job name:  nys_max_mlpca_mm
Partition: ice-gpu
QOS:       coc-ice
---------------------------------------
=== nystrom_max_vw_mlpca_minmax | cifar100 | Fri May 29 08:40:15 PM EDT 2026 ===

==================================================
Setting up Nyström Kernel-Attention OOD detector...
  sigma:        0.5
  n_anchors:    200
  anchor_init:  kmeans
  reg_lambda:   0.0001
  alpha:        0.05
  feature_space:multilayer_pca
  normalize:    True
  score_mode:   max
==================================================
Extracted 50000 train features of dim 384
Extracted 1000 val features for threshold
  Fitting Nyström anchors (m=200, init=kmeans, λ=0.0001)...
  Nyström fit complete. anchors: torch.Size([100, 200, 384]), gamma: torch.Size([100, 200])
  Nyström threshold (max) at 5.0%: 0.0819
Nyström setup complete.

[Timing] Setup: 125.5s
Performing inference on cifar100 test set...
Processing near ood...
Performing inference on cifar10 dataset...
Computing metrics on cifar10 dataset...
FPR@95: 74.28, AUROC: 76.75 AUPR_IN: 73.46, AUPR_OUT: 75.32
──────────────────────────────────────────────────────────────────────

Performing inference on tin dataset...
Computing metrics on tin dataset...
FPR@95: 51.44, AUROC: 83.06 AUPR_IN: 87.97, AUPR_OUT: 73.63
──────────────────────────────────────────────────────────────────────

Computing mean metrics...
FPR@95: 62.86, AUROC: 79.91 AUPR_IN: 80.72, AUPR_OUT: 74.47
──────────────────────────────────────────────────────────────────────

Processing far ood...
Performing inference on mnist dataset...
Computing metrics on mnist dataset...
FPR@95: 50.00, AUROC: 80.72 AUPR_IN: 59.19, AUPR_OUT: 95.80
──────────────────────────────────────────────────────────────────────

Performing inference on svhn dataset...
Computing metrics on svhn dataset...
FPR@95: 59.40, AUROC: 78.93 AUPR_IN: 64.79, AUPR_OUT: 89.03
──────────────────────────────────────────────────────────────────────

Performing inference on texture dataset...
Computing metrics on texture dataset...
FPR@95: 55.60, AUROC: 81.28 AUPR_IN: 88.43, AUPR_OUT: 68.20
──────────────────────────────────────────────────────────────────────

Performing inference on places365 dataset...
Computing metrics on places365 dataset...
FPR@95: 64.46, AUROC: 77.26 AUPR_IN: 54.79, AUPR_OUT: 90.84
──────────────────────────────────────────────────────────────────────

Computing mean metrics...
FPR@95: 57.36, AUROC: 79.55 AUPR_IN: 66.80, AUPR_OUT: 85.97
──────────────────────────────────────────────────────────────────────

           FPR@95  AUROC  AUPR_IN  AUPR_OUT   ACC
cifar10     74.28  76.75    73.46     75.32 77.18
tin         51.44  83.06    87.97     73.63 77.18
nearood     62.86  79.91    80.72     74.47 77.18
mnist       50.00  80.72    59.19     95.80 77.18
svhn        59.40  78.93    64.79     89.03 77.18
texture     55.60  81.28    88.43     68.20 77.18
places365   64.46  77.26    54.79     90.84 77.18
farood      57.36  79.55    66.80     85.97 77.18
[Timing] Eval:  316.4s

==================================================
Setting up Nyström Kernel-Attention OOD detector...
  sigma:        0.5
  n_anchors:    200
  anchor_init:  kmeans
  reg_lambda:   0.0001
  alpha:        0.05
  feature_space:multilayer_pca
  normalize:    True
  score_mode:   max
==================================================
Extracted 50000 train features of dim 384
Extracted 1000 val features for threshold
  Fitting Nyström anchors (m=200, init=kmeans, λ=0.0001)...
  Nyström fit complete. anchors: torch.Size([100, 200, 384]), gamma: torch.Size([100, 200])
  Nyström threshold (max) at 5.0%: 0.0798
Nyström setup complete.

[Timing] Setup: 18.0s
Performing inference on cifar100 test set...
Processing near ood...
Performing inference on cifar10 dataset...
Computing metrics on cifar10 dataset...
FPR@95: 72.28, AUROC: 76.71 AUPR_IN: 74.86, AUPR_OUT: 75.07
──────────────────────────────────────────────────────────────────────

Performing inference on tin dataset...
Computing metrics on tin dataset...
FPR@95: 51.23, AUROC: 82.66 AUPR_IN: 87.82, AUPR_OUT: 73.01
──────────────────────────────────────────────────────────────────────

Computing mean metrics...
FPR@95: 61.76, AUROC: 79.69 AUPR_IN: 81.34, AUPR_OUT: 74.04
──────────────────────────────────────────────────────────────────────

Processing far ood...
Performing inference on mnist dataset...
Computing metrics on mnist dataset...
FPR@95: 39.31, AUROC: 84.53 AUPR_IN: 67.93, AUPR_OUT: 96.48
──────────────────────────────────────────────────────────────────────

Performing inference on svhn dataset...
Computing metrics on svhn dataset...
FPR@95: 66.22, AUROC: 76.23 AUPR_IN: 60.49, AUPR_OUT: 87.82
──────────────────────────────────────────────────────────────────────

Performing inference on texture dataset...
Computing metrics on texture dataset...
FPR@95: 54.69, AUROC: 80.63 AUPR_IN: 88.11, AUPR_OUT: 66.39
──────────────────────────────────────────────────────────────────────

Performing inference on places365 dataset...
Computing metrics on places365 dataset...
FPR@95: 66.48, AUROC: 76.52 AUPR_IN: 52.97, AUPR_OUT: 90.43
──────────────────────────────────────────────────────────────────────

Computing mean metrics...
FPR@95: 56.67, AUROC: 79.48 AUPR_IN: 67.38, AUPR_OUT: 85.28
──────────────────────────────────────────────────────────────────────

           FPR@95  AUROC  AUPR_IN  AUPR_OUT   ACC
cifar10     72.28  76.71    74.86     75.07 77.38
tin         51.23  82.66    87.82     73.01 77.38
nearood     61.76  79.69    81.34     74.04 77.38
mnist       39.31  84.53    67.93     96.48 77.38
svhn        66.22  76.23    60.49     87.82 77.38
texture     54.69  80.63    88.11     66.39 77.38
places365   66.48  76.52    52.97     90.43 77.38
farood      56.67  79.48    67.38     85.28 77.38
[Timing] Eval:  84.3s

==================================================
Setting up Nyström Kernel-Attention OOD detector...
  sigma:        0.5
  n_anchors:    200
  anchor_init:  kmeans
  reg_lambda:   0.0001
  alpha:        0.05
  feature_space:multilayer_pca
  normalize:    True
  score_mode:   max
==================================================
Extracted 50000 train features of dim 384
Extracted 1000 val features for threshold
  Fitting Nyström anchors (m=200, init=kmeans, λ=0.0001)...
  Nyström fit complete. anchors: torch.Size([100, 200, 384]), gamma: torch.Size([100, 200])
  Nyström threshold (max) at 5.0%: 0.0805
Nyström setup complete.

[Timing] Setup: 18.2s
Performing inference on cifar100 test set...
Processing near ood...
Performing inference on cifar10 dataset...
Computing metrics on cifar10 dataset...
FPR@95: 74.72, AUROC: 76.91 AUPR_IN: 74.31, AUPR_OUT: 75.54
──────────────────────────────────────────────────────────────────────

Performing inference on tin dataset...
Computing metrics on tin dataset...
FPR@95: 51.94, AUROC: 82.79 AUPR_IN: 87.75, AUPR_OUT: 73.08
──────────────────────────────────────────────────────────────────────

Computing mean metrics...
FPR@95: 63.33, AUROC: 79.85 AUPR_IN: 81.03, AUPR_OUT: 74.31
──────────────────────────────────────────────────────────────────────

Processing far ood...
Performing inference on mnist dataset...
Computing metrics on mnist dataset...
FPR@95: 42.86, AUROC: 83.22 AUPR_IN: 64.36, AUPR_OUT: 96.29
──────────────────────────────────────────────────────────────────────

Performing inference on svhn dataset...
Computing metrics on svhn dataset...
FPR@95: 60.09, AUROC: 78.17 AUPR_IN: 64.94, AUPR_OUT: 88.63
──────────────────────────────────────────────────────────────────────

Performing inference on texture dataset...
Computing metrics on texture dataset...
FPR@95: 59.63, AUROC: 79.06 AUPR_IN: 86.75, AUPR_OUT: 65.32
──────────────────────────────────────────────────────────────────────

Performing inference on places365 dataset...
Computing metrics on places365 dataset...
FPR@95: 67.69, AUROC: 76.69 AUPR_IN: 52.29, AUPR_OUT: 90.66
──────────────────────────────────────────────────────────────────────

Computing mean metrics...
FPR@95: 57.57, AUROC: 79.29 AUPR_IN: 67.09, AUPR_OUT: 85.22
──────────────────────────────────────────────────────────────────────

           FPR@95  AUROC  AUPR_IN  AUPR_OUT   ACC
cifar10     74.72  76.91    74.31     75.54 77.20
tin         51.94  82.79    87.75     73.08 77.20
nearood     63.33  79.85    81.03     74.31 77.20
mnist       42.86  83.22    64.36     96.29 77.20
svhn        60.09  78.17    64.94     88.63 77.20
texture     59.63  79.06    86.75     65.32 77.20
places365   67.69  76.69    52.29     90.66 77.20
farood      57.57  79.29    67.09     85.22 77.20
[Timing] Eval:  85.1s

[Timing Summary]
  Setup: 53.9s ± 50.6s per seed
  Eval:  162.0s ± 109.2s per seed
  Total: 647.6s across 3 seeds
=== Done | Fri May 29 08:52:53 PM EDT 2026 ===
---------------------------------------
Begin Slurm Epilog: May-29-2026 20:52:53
Job ID:        5348329
Array Job ID:  5348319_1
User ID:       ksalzman3
Account:       coc
Job name:      nys_max_mlpca_mm
Resources:     cpu=4,gres/gpu:a100=1,mem=32G,node=1
Rsrc Used:     cput=00:51:08,vmem=0,walltime=00:12:47,mem=3980956K,energy_used=0
Partition:     ice-gpu
QOS:           coc-ice
Nodes:         atl1-1-01-005-13-0
---------------------------------------
