---------------------------------------
Begin Slurm Prolog: May-06-2026 02:53:00
Job ID:    5262541
User ID:   ksalzman3
Account:   coc
Job name:  nys_pa_idlw
Partition: ice-gpu
QOS:       coc-ice
---------------------------------------
=== nystrom_predictor_aware_novw_idlw | cifar10 | Wed May  6 02:53:09 AM EDT 2026 ===

==================================================
Setting up Nyström Kernel-Attention OOD detector...
  sigma:        0.5
  n_anchors:    200
  anchor_init:  kmeans
  reg_lambda:   0.0001
  alpha:        0.05
  feature_space:multilayer_pca
  normalize:    True
  score_mode:   predictor_aware
==================================================
[ID layer weights] layer0=0.016, layer1=0.019, layer2=0.018, layer3=0.037, layer4=0.909
Extracted 50000 train features of dim 512
Extracted 1000 val features for threshold
  Fitting Nyström anchors (m=200, init=kmeans, λ=0.0001)...
  Nyström fit complete. anchors: torch.Size([10, 200, 512]), gamma: torch.Size([10, 200])
  Nyström threshold (predictor_aware) at 5.0%: -0.3251
Nyström setup complete.

[Timing] Setup: 39.0s
Performing inference on cifar10 test set...
Processing near ood...
Performing inference on cifar100 dataset...
Computing metrics on cifar100 dataset...
FPR@95: 40.81, AUROC: 88.80 AUPR_IN: 88.95, AUPR_OUT: 87.14
──────────────────────────────────────────────────────────────────────

Performing inference on tin dataset...
Computing metrics on tin dataset...
FPR@95: 34.09, AUROC: 90.64 AUPR_IN: 92.53, AUPR_OUT: 87.68
──────────────────────────────────────────────────────────────────────

Computing mean metrics...
FPR@95: 37.45, AUROC: 89.72 AUPR_IN: 90.74, AUPR_OUT: 87.41
──────────────────────────────────────────────────────────────────────

Processing far ood...
Performing inference on mnist dataset...
Computing metrics on mnist dataset...
FPR@95: 22.81, AUROC: 94.13 AUPR_IN: 80.83, AUPR_OUT: 99.03
──────────────────────────────────────────────────────────────────────

Performing inference on svhn dataset...
Computing metrics on svhn dataset...
FPR@95: 22.44, AUROC: 92.47 AUPR_IN: 88.30, AUPR_OUT: 96.14
──────────────────────────────────────────────────────────────────────

Performing inference on texture dataset...
Computing metrics on texture dataset...
FPR@95: 26.28, AUROC: 91.88 AUPR_IN: 95.39, AUPR_OUT: 84.89
──────────────────────────────────────────────────────────────────────

Performing inference on places365 dataset...
Computing metrics on places365 dataset...
FPR@95: 34.37, AUROC: 90.69 AUPR_IN: 77.24, AUPR_OUT: 96.90
──────────────────────────────────────────────────────────────────────

Computing mean metrics...
FPR@95: 26.48, AUROC: 92.29 AUPR_IN: 85.44, AUPR_OUT: 94.24
──────────────────────────────────────────────────────────────────────

           FPR@95  AUROC  AUPR_IN  AUPR_OUT   ACC
cifar100    40.81  88.80    88.95     87.14 95.22
tin         34.09  90.64    92.53     87.68 95.22
nearood     37.45  89.72    90.74     87.41 95.22
mnist       22.81  94.13    80.83     99.03 95.22
svhn        22.44  92.47    88.30     96.14 95.22
texture     26.28  91.88    95.39     84.89 95.22
places365   34.37  90.69    77.24     96.90 95.22
farood      26.48  92.29    85.44     94.24 95.22
[Timing] Eval:  86.7s

==================================================
Setting up Nyström Kernel-Attention OOD detector...
  sigma:        0.5
  n_anchors:    200
  anchor_init:  kmeans
  reg_lambda:   0.0001
  alpha:        0.05
  feature_space:multilayer_pca
  normalize:    True
  score_mode:   predictor_aware
==================================================
[ID layer weights] layer0=0.019, layer1=0.022, layer2=0.022, layer3=0.031, layer4=0.905
Extracted 50000 train features of dim 512
Extracted 1000 val features for threshold
  Fitting Nyström anchors (m=200, init=kmeans, λ=0.0001)...
  Nyström fit complete. anchors: torch.Size([10, 200, 512]), gamma: torch.Size([10, 200])
  Nyström threshold (predictor_aware) at 5.0%: -0.3927
Nyström setup complete.

[Timing] Setup: 20.1s
Performing inference on cifar10 test set...
Processing near ood...
Performing inference on cifar100 dataset...
Computing metrics on cifar100 dataset...
FPR@95: 41.84, AUROC: 88.52 AUPR_IN: 88.53, AUPR_OUT: 86.71
──────────────────────────────────────────────────────────────────────

Performing inference on tin dataset...
Computing metrics on tin dataset...
FPR@95: 33.54, AUROC: 90.18 AUPR_IN: 92.11, AUPR_OUT: 86.84
──────────────────────────────────────────────────────────────────────

Computing mean metrics...
FPR@95: 37.69, AUROC: 89.35 AUPR_IN: 90.32, AUPR_OUT: 86.77
──────────────────────────────────────────────────────────────────────

Processing far ood...
Performing inference on mnist dataset...
Computing metrics on mnist dataset...
FPR@95: 19.42, AUROC: 94.46 AUPR_IN: 84.43, AUPR_OUT: 99.02
──────────────────────────────────────────────────────────────────────

Performing inference on svhn dataset...
Computing metrics on svhn dataset...
FPR@95: 23.29, AUROC: 93.07 AUPR_IN: 88.43, AUPR_OUT: 96.78
──────────────────────────────────────────────────────────────────────

Performing inference on texture dataset...
Computing metrics on texture dataset...
FPR@95: 26.48, AUROC: 91.80 AUPR_IN: 95.24, AUPR_OUT: 85.07
──────────────────────────────────────────────────────────────────────

Performing inference on places365 dataset...
Computing metrics on places365 dataset...
FPR@95: 37.68, AUROC: 89.76 AUPR_IN: 74.32, AUPR_OUT: 96.56
──────────────────────────────────────────────────────────────────────

Computing mean metrics...
FPR@95: 26.72, AUROC: 92.28 AUPR_IN: 85.60, AUPR_OUT: 94.36
──────────────────────────────────────────────────────────────────────

           FPR@95  AUROC  AUPR_IN  AUPR_OUT   ACC
cifar100    41.84  88.52    88.53     86.71 94.63
tin         33.54  90.18    92.11     86.84 94.63
nearood     37.69  89.35    90.32     86.77 94.63
mnist       19.42  94.46    84.43     99.02 94.63
svhn        23.29  93.07    88.43     96.78 94.63
texture     26.48  91.80    95.24     85.07 94.63
places365   37.68  89.76    74.32     96.56 94.63
farood      26.72  92.28    85.60     94.36 94.63
[Timing] Eval:  85.0s

==================================================
Setting up Nyström Kernel-Attention OOD detector...
  sigma:        0.5
  n_anchors:    200
  anchor_init:  kmeans
  reg_lambda:   0.0001
  alpha:        0.05
  feature_space:multilayer_pca
  normalize:    True
  score_mode:   predictor_aware
==================================================
[ID layer weights] layer0=0.016, layer1=0.019, layer2=0.021, layer3=0.029, layer4=0.915
Extracted 50000 train features of dim 512
Extracted 1000 val features for threshold
  Fitting Nyström anchors (m=200, init=kmeans, λ=0.0001)...
  Nyström fit complete. anchors: torch.Size([10, 200, 512]), gamma: torch.Size([10, 200])
  Nyström threshold (predictor_aware) at 5.0%: -0.1675
Nyström setup complete.

[Timing] Setup: 19.0s
Performing inference on cifar10 test set...
Processing near ood...
Performing inference on cifar100 dataset...
Computing metrics on cifar100 dataset...
FPR@95: 41.43, AUROC: 88.78 AUPR_IN: 88.85, AUPR_OUT: 87.22
──────────────────────────────────────────────────────────────────────

Performing inference on tin dataset...
Computing metrics on tin dataset...
FPR@95: 34.29, AUROC: 90.64 AUPR_IN: 92.42, AUPR_OUT: 87.70
──────────────────────────────────────────────────────────────────────

Computing mean metrics...
FPR@95: 37.86, AUROC: 89.71 AUPR_IN: 90.64, AUPR_OUT: 87.46
──────────────────────────────────────────────────────────────────────

Processing far ood...
Performing inference on mnist dataset...
Computing metrics on mnist dataset...
FPR@95: 22.10, AUROC: 92.78 AUPR_IN: 81.68, AUPR_OUT: 98.64
──────────────────────────────────────────────────────────────────────

Performing inference on svhn dataset...
Computing metrics on svhn dataset...
FPR@95: 24.99, AUROC: 92.08 AUPR_IN: 87.33, AUPR_OUT: 96.18
──────────────────────────────────────────────────────────────────────

Performing inference on texture dataset...
Computing metrics on texture dataset...
FPR@95: 26.80, AUROC: 92.17 AUPR_IN: 95.43, AUPR_OUT: 86.08
──────────────────────────────────────────────────────────────────────

Performing inference on places365 dataset...
Computing metrics on places365 dataset...
FPR@95: 37.54, AUROC: 89.83 AUPR_IN: 75.12, AUPR_OUT: 96.57
──────────────────────────────────────────────────────────────────────

Computing mean metrics...
FPR@95: 27.86, AUROC: 91.71 AUPR_IN: 84.89, AUPR_OUT: 94.37
──────────────────────────────────────────────────────────────────────

           FPR@95  AUROC  AUPR_IN  AUPR_OUT   ACC
cifar100    41.43  88.78    88.85     87.22 95.32
tin         34.29  90.64    92.42     87.70 95.32
nearood     37.86  89.71    90.64     87.46 95.32
mnist       22.10  92.78    81.68     98.64 95.32
svhn        24.99  92.08    87.33     96.18 95.32
texture     26.80  92.17    95.43     86.08 95.32
places365   37.54  89.83    75.12     96.57 95.32
farood      27.86  91.71    84.89     94.37 95.32
[Timing] Eval:  82.7s

[Timing Summary]
  Setup: 26.1s ± 9.2s per seed
  Eval:  84.8s ± 1.6s per seed
  Total: 332.6s across 3 seeds
=== Done | Wed May  6 03:00:22 AM EDT 2026 ===
---------------------------------------
Begin Slurm Epilog: May-06-2026 03:00:22
Job ID:        5262541
Array Job ID:  5262528_0
User ID:       ksalzman3
Account:       coc
Job name:      nys_pa_idlw
Resources:     cpu=4,gres/gpu:v100=1,mem=32G,node=1
Rsrc Used:     cput=00:29:32,vmem=0,walltime=00:07:23,mem=4450884K,energy_used=0
Partition:     ice-gpu
QOS:           coc-ice
Nodes:         atl1-1-01-002-8-0
---------------------------------------
