---------------------------------------
Begin Slurm Prolog: May-06-2026 02:53:00
Job ID:    5262542
User ID:   ksalzman3
Account:   coc
Job name:  nys_pa_idlw
Partition: ice-gpu
QOS:       coc-ice
---------------------------------------
=== nystrom_predictor_aware_novw_idlw | cifar100 | Wed May  6 02:53:09 AM EDT 2026 ===

==================================================
Setting up Nyström Kernel-Attention OOD detector...
  sigma:        0.5
  n_anchors:    200
  anchor_init:  kmeans
  reg_lambda:   0.0001
  alpha:        0.05
  feature_space:multilayer_pca
  normalize:    True
  score_mode:   predictor_aware
==================================================
[ID layer weights] layer0=0.072, layer1=0.077, layer2=0.075, layer3=0.079, layer4=0.697
Extracted 50000 train features of dim 512
Extracted 1000 val features for threshold
  Fitting Nyström anchors (m=200, init=kmeans, λ=0.0001)...
  Nyström fit complete. anchors: torch.Size([100, 200, 512]), gamma: torch.Size([100, 200])
  Nyström threshold (predictor_aware) at 5.0%: -2.6917
Nyström setup complete.

[Timing] Setup: 39.0s
Performing inference on cifar100 test set...
Processing near ood...
Performing inference on cifar10 dataset...
Computing metrics on cifar10 dataset...
FPR@95: 65.88, AUROC: 78.39 AUPR_IN: 75.52, AUPR_OUT: 76.25
──────────────────────────────────────────────────────────────────────

Performing inference on tin dataset...
Computing metrics on tin dataset...
FPR@95: 49.31, AUROC: 83.32 AUPR_IN: 88.35, AUPR_OUT: 73.75
──────────────────────────────────────────────────────────────────────

Computing mean metrics...
FPR@95: 57.59, AUROC: 80.86 AUPR_IN: 81.93, AUPR_OUT: 75.00
──────────────────────────────────────────────────────────────────────

Processing far ood...
Performing inference on mnist dataset...
Computing metrics on mnist dataset...
FPR@95: 58.52, AUROC: 75.92 AUPR_IN: 51.13, AUPR_OUT: 94.55
──────────────────────────────────────────────────────────────────────

Performing inference on svhn dataset...
Computing metrics on svhn dataset...
FPR@95: 55.20, AUROC: 80.64 AUPR_IN: 67.93, AUPR_OUT: 89.79
──────────────────────────────────────────────────────────────────────

Performing inference on texture dataset...
Computing metrics on texture dataset...
FPR@95: 57.08, AUROC: 79.72 AUPR_IN: 87.38, AUPR_OUT: 66.44
──────────────────────────────────────────────────────────────────────

Performing inference on places365 dataset...
Computing metrics on places365 dataset...
FPR@95: 57.21, AUROC: 80.07 AUPR_IN: 60.11, AUPR_OUT: 91.89
──────────────────────────────────────────────────────────────────────

Computing mean metrics...
FPR@95: 57.00, AUROC: 79.09 AUPR_IN: 66.64, AUPR_OUT: 85.67
──────────────────────────────────────────────────────────────────────

           FPR@95  AUROC  AUPR_IN  AUPR_OUT   ACC
cifar10     65.88  78.39    75.52     76.25 77.17
tin         49.31  83.32    88.35     73.75 77.17
nearood     57.59  80.86    81.93     75.00 77.17
mnist       58.52  75.92    51.13     94.55 77.17
svhn        55.20  80.64    67.93     89.79 77.17
texture     57.08  79.72    87.38     66.44 77.17
places365   57.21  80.07    60.11     91.89 77.17
farood      57.00  79.09    66.64     85.67 77.17
[Timing] Eval:  86.4s

==================================================
Setting up Nyström Kernel-Attention OOD detector...
  sigma:        0.5
  n_anchors:    200
  anchor_init:  kmeans
  reg_lambda:   0.0001
  alpha:        0.05
  feature_space:multilayer_pca
  normalize:    True
  score_mode:   predictor_aware
==================================================
[ID layer weights] layer0=0.071, layer1=0.074, layer2=0.075, layer3=0.080, layer4=0.700
Extracted 50000 train features of dim 512
Extracted 1000 val features for threshold
  Fitting Nyström anchors (m=200, init=kmeans, λ=0.0001)...
  Nyström fit complete. anchors: torch.Size([100, 200, 512]), gamma: torch.Size([100, 200])
  Nyström threshold (predictor_aware) at 5.0%: -2.7474
Nyström setup complete.

[Timing] Setup: 19.8s
Performing inference on cifar100 test set...
Processing near ood...
Performing inference on cifar10 dataset...
Computing metrics on cifar10 dataset...
FPR@95: 63.38, AUROC: 78.56 AUPR_IN: 77.23, AUPR_OUT: 76.21
──────────────────────────────────────────────────────────────────────

Performing inference on tin dataset...
Computing metrics on tin dataset...
FPR@95: 49.61, AUROC: 83.17 AUPR_IN: 88.30, AUPR_OUT: 73.58
──────────────────────────────────────────────────────────────────────

Computing mean metrics...
FPR@95: 56.49, AUROC: 80.87 AUPR_IN: 82.77, AUPR_OUT: 74.89
──────────────────────────────────────────────────────────────────────

Processing far ood...
Performing inference on mnist dataset...
Computing metrics on mnist dataset...
FPR@95: 49.00, AUROC: 79.98 AUPR_IN: 59.48, AUPR_OUT: 95.16
──────────────────────────────────────────────────────────────────────

Performing inference on svhn dataset...
Computing metrics on svhn dataset...
FPR@95: 59.61, AUROC: 81.05 AUPR_IN: 66.62, AUPR_OUT: 90.70
──────────────────────────────────────────────────────────────────────

Performing inference on texture dataset...
Computing metrics on texture dataset...
FPR@95: 56.63, AUROC: 79.19 AUPR_IN: 87.25, AUPR_OUT: 64.68
──────────────────────────────────────────────────────────────────────

Performing inference on places365 dataset...
Computing metrics on places365 dataset...
FPR@95: 59.26, AUROC: 79.42 AUPR_IN: 58.21, AUPR_OUT: 91.54
──────────────────────────────────────────────────────────────────────

Computing mean metrics...
FPR@95: 56.12, AUROC: 79.91 AUPR_IN: 67.89, AUPR_OUT: 85.52
──────────────────────────────────────────────────────────────────────

           FPR@95  AUROC  AUPR_IN  AUPR_OUT   ACC
cifar10     63.38  78.56    77.23     76.21 77.39
tin         49.61  83.17    88.30     73.58 77.39
nearood     56.49  80.87    82.77     74.89 77.39
mnist       49.00  79.98    59.48     95.16 77.39
svhn        59.61  81.05    66.62     90.70 77.39
texture     56.63  79.19    87.25     64.68 77.39
places365   59.26  79.42    58.21     91.54 77.39
farood      56.12  79.91    67.89     85.52 77.39
[Timing] Eval:  83.9s

==================================================
Setting up Nyström Kernel-Attention OOD detector...
  sigma:        0.5
  n_anchors:    200
  anchor_init:  kmeans
  reg_lambda:   0.0001
  alpha:        0.05
  feature_space:multilayer_pca
  normalize:    True
  score_mode:   predictor_aware
==================================================
[ID layer weights] layer0=0.076, layer1=0.078, layer2=0.076, layer3=0.080, layer4=0.690
Extracted 50000 train features of dim 512
Extracted 1000 val features for threshold
  Fitting Nyström anchors (m=200, init=kmeans, λ=0.0001)...
  Nyström fit complete. anchors: torch.Size([100, 200, 512]), gamma: torch.Size([100, 200])
  Nyström threshold (predictor_aware) at 5.0%: -2.6357
Nyström setup complete.

[Timing] Setup: 19.2s
Performing inference on cifar100 test set...
Processing near ood...
Performing inference on cifar10 dataset...
Computing metrics on cifar10 dataset...
FPR@95: 65.00, AUROC: 78.42 AUPR_IN: 76.49, AUPR_OUT: 76.41
──────────────────────────────────────────────────────────────────────

Performing inference on tin dataset...
Computing metrics on tin dataset...
FPR@95: 49.24, AUROC: 83.13 AUPR_IN: 88.20, AUPR_OUT: 73.28
──────────────────────────────────────────────────────────────────────

Computing mean metrics...
FPR@95: 57.12, AUROC: 80.77 AUPR_IN: 82.35, AUPR_OUT: 74.84
──────────────────────────────────────────────────────────────────────

Processing far ood...
Performing inference on mnist dataset...
Computing metrics on mnist dataset...
FPR@95: 51.77, AUROC: 78.88 AUPR_IN: 56.18, AUPR_OUT: 95.23
──────────────────────────────────────────────────────────────────────

Performing inference on svhn dataset...
Computing metrics on svhn dataset...
FPR@95: 58.00, AUROC: 79.24 AUPR_IN: 66.87, AUPR_OUT: 89.00
──────────────────────────────────────────────────────────────────────

Performing inference on texture dataset...
Computing metrics on texture dataset...
FPR@95: 60.47, AUROC: 77.93 AUPR_IN: 85.98, AUPR_OUT: 64.22
──────────────────────────────────────────────────────────────────────

Performing inference on places365 dataset...
Computing metrics on places365 dataset...
FPR@95: 59.10, AUROC: 79.54 AUPR_IN: 57.69, AUPR_OUT: 91.70
──────────────────────────────────────────────────────────────────────

Computing mean metrics...
FPR@95: 57.33, AUROC: 78.89 AUPR_IN: 66.68, AUPR_OUT: 85.04
──────────────────────────────────────────────────────────────────────

           FPR@95  AUROC  AUPR_IN  AUPR_OUT   ACC
cifar10     65.00  78.42    76.49     76.41 77.19
tin         49.24  83.13    88.20     73.28 77.19
nearood     57.12  80.77    82.35     74.84 77.19
mnist       51.77  78.88    56.18     95.23 77.19
svhn        58.00  79.24    66.87     89.00 77.19
texture     60.47  77.93    85.98     64.22 77.19
places365   59.10  79.54    57.69     91.70 77.19
farood      57.33  78.89    66.68     85.04 77.19
[Timing] Eval:  82.3s

[Timing Summary]
  Setup: 26.0s ± 9.2s per seed
  Eval:  84.2s ± 1.7s per seed
  Total: 330.6s across 3 seeds
=== Done | Wed May  6 03:00:22 AM EDT 2026 ===
---------------------------------------
Begin Slurm Epilog: May-06-2026 03:00:22
Job ID:        5262542
Array Job ID:  5262528_1
User ID:       ksalzman3
Account:       coc
Job name:      nys_pa_idlw
Resources:     cpu=4,gres/gpu:v100=1,mem=32G,node=1
Rsrc Used:     cput=00:29:32,vmem=0,walltime=00:07:23,mem=5001808K,energy_used=0
Partition:     ice-gpu
QOS:           coc-ice
Nodes:         atl1-1-01-002-8-0
---------------------------------------
