---------------------------------------
Begin Slurm Prolog: Jun-01-2026 12:36:59
Job ID:    5355745
User ID:   ksalzman3
Account:   coc
Job name:  nystrom_softmax_vw_mlminmax
Partition: ice-gpu
QOS:       coc-ice
---------------------------------------
=== nystrom_softmax_vw_mlminmax | cifar100 | Mon Jun  1 12:37:06 PM EDT 2026 ===

==================================================
Setting up Nyström Kernel-Attention OOD detector...
  sigma:        0.5
  n_anchors:    200
  anchor_init:  kmeans
  reg_lambda:   0.0001
  alpha:        0.05
  feature_space:multilayer_minmax_concat
  normalize:    True
  score_mode:   softmax
==================================================
Extracted 50000 train features of dim 1920
Extracted 1000 val features for threshold
  Fitting Nyström anchors (m=200, init=kmeans, λ=0.0001)...
  Nyström fit complete. anchors: torch.Size([100, 200, 1920]), gamma: torch.Size([100, 200])
  Per-class score variance (mean): 0.002128
  Nyström threshold (softmax) at 5.0%: 6.6258
Nyström setup complete.

[Timing] Setup: 15.4s
Performing inference on cifar100 test set...
Processing near ood...
Performing inference on cifar10 dataset...
Computing metrics on cifar10 dataset...
FPR@95: 93.37, AUROC: 73.47 AUPR_IN: 64.80, AUPR_OUT: 73.46
──────────────────────────────────────────────────────────────────────

Performing inference on tin dataset...
Computing metrics on tin dataset...
FPR@95: 56.77, AUROC: 82.30 AUPR_IN: 86.27, AUPR_OUT: 73.93
──────────────────────────────────────────────────────────────────────

Computing mean metrics...
FPR@95: 75.07, AUROC: 77.89 AUPR_IN: 75.54, AUPR_OUT: 73.70
──────────────────────────────────────────────────────────────────────

Processing far ood...
Performing inference on mnist dataset...
Computing metrics on mnist dataset...
FPR@95: 32.04, AUROC: 90.23 AUPR_IN: 76.11, AUPR_OUT: 98.19
──────────────────────────────────────────────────────────────────────

Performing inference on svhn dataset...
Computing metrics on svhn dataset...
FPR@95: 24.47, AUROC: 95.21 AUPR_IN: 90.22, AUPR_OUT: 98.20
──────────────────────────────────────────────────────────────────────

Performing inference on texture dataset...
Computing metrics on texture dataset...
FPR@95: 43.48, AUROC: 89.83 AUPR_IN: 93.03, AUPR_OUT: 86.03
──────────────────────────────────────────────────────────────────────

Performing inference on places365 dataset...
Computing metrics on places365 dataset...
FPR@95: 60.67, AUROC: 80.64 AUPR_IN: 57.67, AUPR_OUT: 92.63
──────────────────────────────────────────────────────────────────────

Computing mean metrics...
FPR@95: 40.16, AUROC: 88.98 AUPR_IN: 79.26, AUPR_OUT: 93.76
──────────────────────────────────────────────────────────────────────

           FPR@95  AUROC  AUPR_IN  AUPR_OUT   ACC
cifar10     93.37  73.47    64.80     73.46 77.18
tin         56.77  82.30    86.27     73.93 77.18
nearood     75.07  77.89    75.54     73.70 77.18
mnist       32.04  90.23    76.11     98.19 77.18
svhn        24.47  95.21    90.22     98.20 77.18
texture     43.48  89.83    93.03     86.03 77.18
places365   60.67  80.64    57.67     92.63 77.18
farood      40.16  88.98    79.26     93.76 77.18
[Timing] Eval:  69.9s

==================================================
Setting up Nyström Kernel-Attention OOD detector...
  sigma:        0.5
  n_anchors:    200
  anchor_init:  kmeans
  reg_lambda:   0.0001
  alpha:        0.05
  feature_space:multilayer_minmax_concat
  normalize:    True
  score_mode:   softmax
==================================================
Extracted 50000 train features of dim 1920
Extracted 1000 val features for threshold
  Fitting Nyström anchors (m=200, init=kmeans, λ=0.0001)...
  Nyström fit complete. anchors: torch.Size([100, 200, 1920]), gamma: torch.Size([100, 200])
  Per-class score variance (mean): 0.002103
  Nyström threshold (softmax) at 5.0%: 6.6018
Nyström setup complete.

[Timing] Setup: 15.4s
Performing inference on cifar100 test set...
Processing near ood...
Performing inference on cifar10 dataset...
Computing metrics on cifar10 dataset...
FPR@95: 85.94, AUROC: 73.43 AUPR_IN: 66.33, AUPR_OUT: 73.10
──────────────────────────────────────────────────────────────────────

Performing inference on tin dataset...
Computing metrics on tin dataset...
FPR@95: 56.49, AUROC: 82.13 AUPR_IN: 86.12, AUPR_OUT: 73.58
──────────────────────────────────────────────────────────────────────

Computing mean metrics...
FPR@95: 71.22, AUROC: 77.78 AUPR_IN: 76.23, AUPR_OUT: 73.34
──────────────────────────────────────────────────────────────────────

Processing far ood...
Performing inference on mnist dataset...
Computing metrics on mnist dataset...
FPR@95: 35.63, AUROC: 89.52 AUPR_IN: 71.61, AUPR_OUT: 98.03
──────────────────────────────────────────────────────────────────────

Performing inference on svhn dataset...
Computing metrics on svhn dataset...
FPR@95: 27.63, AUROC: 94.20 AUPR_IN: 88.48, AUPR_OUT: 97.81
──────────────────────────────────────────────────────────────────────

Performing inference on texture dataset...
Computing metrics on texture dataset...
FPR@95: 44.58, AUROC: 88.97 AUPR_IN: 92.55, AUPR_OUT: 84.69
──────────────────────────────────────────────────────────────────────

Performing inference on places365 dataset...
Computing metrics on places365 dataset...
FPR@95: 58.23, AUROC: 80.99 AUPR_IN: 59.45, AUPR_OUT: 92.66
──────────────────────────────────────────────────────────────────────

Computing mean metrics...
FPR@95: 41.52, AUROC: 88.42 AUPR_IN: 78.02, AUPR_OUT: 93.30
──────────────────────────────────────────────────────────────────────

           FPR@95  AUROC  AUPR_IN  AUPR_OUT   ACC
cifar10     85.94  73.43    66.33     73.10 77.38
tin         56.49  82.13    86.12     73.58 77.38
nearood     71.22  77.78    76.23     73.34 77.38
mnist       35.63  89.52    71.61     98.03 77.38
svhn        27.63  94.20    88.48     97.81 77.38
texture     44.58  88.97    92.55     84.69 77.38
places365   58.23  80.99    59.45     92.66 77.38
farood      41.52  88.42    78.02     93.30 77.38
[Timing] Eval:  68.7s

==================================================
Setting up Nyström Kernel-Attention OOD detector...
  sigma:        0.5
  n_anchors:    200
  anchor_init:  kmeans
  reg_lambda:   0.0001
  alpha:        0.05
  feature_space:multilayer_minmax_concat
  normalize:    True
  score_mode:   softmax
==================================================
Extracted 50000 train features of dim 1920
Extracted 1000 val features for threshold
  Fitting Nyström anchors (m=200, init=kmeans, λ=0.0001)...
  Nyström fit complete. anchors: torch.Size([100, 200, 1920]), gamma: torch.Size([100, 200])
  Per-class score variance (mean): 0.002102
  Nyström threshold (softmax) at 5.0%: 6.6595
Nyström setup complete.

[Timing] Setup: 14.6s
Performing inference on cifar100 test set...
Processing near ood...
Performing inference on cifar10 dataset...
Computing metrics on cifar10 dataset...
FPR@95: 83.60, AUROC: 74.38 AUPR_IN: 68.58, AUPR_OUT: 73.68
──────────────────────────────────────────────────────────────────────

Performing inference on tin dataset...
Computing metrics on tin dataset...
FPR@95: 55.94, AUROC: 82.07 AUPR_IN: 86.53, AUPR_OUT: 73.09
──────────────────────────────────────────────────────────────────────

Computing mean metrics...
FPR@95: 69.77, AUROC: 78.23 AUPR_IN: 77.56, AUPR_OUT: 73.39
──────────────────────────────────────────────────────────────────────

Processing far ood...
Performing inference on mnist dataset...
Computing metrics on mnist dataset...
FPR@95: 26.11, AUROC: 92.75 AUPR_IN: 80.41, AUPR_OUT: 98.66
──────────────────────────────────────────────────────────────────────

Performing inference on svhn dataset...
Computing metrics on svhn dataset...
FPR@95: 19.42, AUROC: 96.33 AUPR_IN: 92.39, AUPR_OUT: 98.61
──────────────────────────────────────────────────────────────────────

Performing inference on texture dataset...
Computing metrics on texture dataset...
FPR@95: 46.10, AUROC: 88.92 AUPR_IN: 92.40, AUPR_OUT: 84.86
──────────────────────────────────────────────────────────────────────

Performing inference on places365 dataset...
Computing metrics on places365 dataset...
FPR@95: 58.83, AUROC: 81.45 AUPR_IN: 60.06, AUPR_OUT: 92.86
──────────────────────────────────────────────────────────────────────

Computing mean metrics...
FPR@95: 37.62, AUROC: 89.86 AUPR_IN: 81.32, AUPR_OUT: 93.75
──────────────────────────────────────────────────────────────────────

           FPR@95  AUROC  AUPR_IN  AUPR_OUT   ACC
cifar10     83.60  74.38    68.58     73.68 77.20
tin         55.94  82.07    86.53     73.09 77.20
nearood     69.77  78.23    77.56     73.39 77.20
mnist       26.11  92.75    80.41     98.66 77.20
svhn        19.42  96.33    92.39     98.61 77.20
texture     46.10  88.92    92.40     84.86 77.20
places365   58.83  81.45    60.06     92.86 77.20
farood      37.62  89.86    81.32     93.75 77.20
[Timing] Eval:  66.5s

[Timing Summary]
  Setup: 15.1s ± 0.3s per seed
  Eval:  68.4s ± 1.4s per seed
  Total: 250.5s across 3 seeds
=== Done | Mon Jun  1 12:41:38 PM EDT 2026 ===
---------------------------------------
Begin Slurm Epilog: Jun-01-2026 12:41:38
Job ID:        5355745
Array Job ID:  5355734_1
User ID:       ksalzman3
Account:       coc
Job name:      nystrom_softmax_vw_mlminmax
Resources:     cpu=4,gres/gpu:h100=1,mem=32G,node=1
Rsrc Used:     cput=00:18:36,vmem=0,walltime=00:04:39,mem=3574464K,energy_used=0
Partition:     ice-gpu
QOS:           coc-ice
Nodes:         atl1-1-03-013-8-0
---------------------------------------
