---------------------------------------
Begin Slurm Prolog: Jun-01-2026 14:43:50
Job ID:    5355910
User ID:   ksalzman3
Account:   coc
Job name:  nystrom_softmax_novw_mlpca_minmax_l1234
Partition: ice-gpu
QOS:       coc-ice
---------------------------------------
=== nystrom_softmax_novw_mlpca_minmax_l1234 | imagenet200 | Mon Jun  1 02:43:57 PM EDT 2026 ===

==================================================
Setting up Nyström Kernel-Attention OOD detector...
  sigma:        0.5
  n_anchors:    200
  anchor_init:  kmeans
  reg_lambda:   0.0001
  alpha:        0.05
  feature_space:multilayer_pca
  normalize:    True
  score_mode:   softmax
==================================================
Extracted 258951 train features of dim 512
Extracted 1000 val features for threshold
  Fitting Nyström anchors (m=200, init=kmeans, λ=0.0001)...
  Nyström fit complete. anchors: torch.Size([200, 200, 512]), gamma: torch.Size([200, 200])
  Nyström threshold (softmax) at 5.0%: 0.0734
Nyström setup complete.

[Timing] Setup: 515.9s
Performing inference on imagenet200 test set...
Processing near ood...
Performing inference on ssb_hard dataset...
Computing metrics on ssb_hard dataset...
FPR@95: 73.91, AUROC: 77.97 AUPR_IN: 39.26, AUPR_OUT: 94.17
──────────────────────────────────────────────────────────────────────

Performing inference on ninco dataset...
Computing metrics on ninco dataset...
FPR@95: 48.67, AUROC: 85.59 AUPR_IN: 90.56, AUPR_OUT: 76.44
──────────────────────────────────────────────────────────────────────

Computing mean metrics...
FPR@95: 61.29, AUROC: 81.78 AUPR_IN: 64.91, AUPR_OUT: 85.31
──────────────────────────────────────────────────────────────────────

Processing far ood...
Performing inference on inaturalist dataset...
Computing metrics on inaturalist dataset...
FPR@95: 22.73, AUROC: 93.47 AUPR_IN: 94.32, AUPR_OUT: 92.36
──────────────────────────────────────────────────────────────────────

Performing inference on textures dataset...
Computing metrics on textures dataset...
FPR@95: 27.57, AUROC: 93.00 AUPR_IN: 95.44, AUPR_OUT: 88.80
──────────────────────────────────────────────────────────────────────

Performing inference on openimage_o dataset...
Computing metrics on openimage_o dataset...
FPR@95: 31.52, AUROC: 90.13 AUPR_IN: 87.71, AUPR_OUT: 92.61
──────────────────────────────────────────────────────────────────────

Computing mean metrics...
FPR@95: 27.27, AUROC: 92.20 AUPR_IN: 92.49, AUPR_OUT: 91.26
──────────────────────────────────────────────────────────────────────

             FPR@95  AUROC  AUPR_IN  AUPR_OUT   ACC
ssb_hard      73.91  77.97    39.26     94.17 86.38
ninco         48.67  85.59    90.56     76.44 86.38
nearood       61.29  81.78    64.91     85.31 86.38
inaturalist   22.73  93.47    94.32     92.36 86.38
textures      27.57  93.00    95.44     88.80 86.38
openimage_o   31.52  90.13    87.71     92.61 86.38
farood        27.27  92.20    92.49     91.26 86.38
[Timing] Eval:  190.0s

==================================================
Setting up Nyström Kernel-Attention OOD detector...
  sigma:        0.5
  n_anchors:    200
  anchor_init:  kmeans
  reg_lambda:   0.0001
  alpha:        0.05
  feature_space:multilayer_pca
  normalize:    True
  score_mode:   softmax
==================================================
Extracted 258951 train features of dim 512
Extracted 1000 val features for threshold
  Fitting Nyström anchors (m=200, init=kmeans, λ=0.0001)...
  Nyström fit complete. anchors: torch.Size([200, 200, 512]), gamma: torch.Size([200, 200])
  Nyström threshold (softmax) at 5.0%: 0.0727
Nyström setup complete.

[Timing] Setup: 519.6s
Performing inference on imagenet200 test set...
Processing near ood...
Performing inference on ssb_hard dataset...
Computing metrics on ssb_hard dataset...
FPR@95: 73.94, AUROC: 77.89 AUPR_IN: 38.83, AUPR_OUT: 94.14
──────────────────────────────────────────────────────────────────────

Performing inference on ninco dataset...
Computing metrics on ninco dataset...
FPR@95: 47.29, AUROC: 85.76 AUPR_IN: 90.78, AUPR_OUT: 76.44
──────────────────────────────────────────────────────────────────────

Computing mean metrics...
FPR@95: 60.62, AUROC: 81.83 AUPR_IN: 64.81, AUPR_OUT: 85.29
──────────────────────────────────────────────────────────────────────

Processing far ood...
Performing inference on inaturalist dataset...
Computing metrics on inaturalist dataset...
FPR@95: 22.91, AUROC: 93.14 AUPR_IN: 94.07, AUPR_OUT: 91.98
──────────────────────────────────────────────────────────────────────

Performing inference on textures dataset...
Computing metrics on textures dataset...
FPR@95: 28.68, AUROC: 92.93 AUPR_IN: 94.95, AUPR_OUT: 88.91
──────────────────────────────────────────────────────────────────────

Performing inference on openimage_o dataset...
Computing metrics on openimage_o dataset...
FPR@95: 31.29, AUROC: 90.11 AUPR_IN: 87.81, AUPR_OUT: 92.52
──────────────────────────────────────────────────────────────────────

Computing mean metrics...
FPR@95: 27.63, AUROC: 92.06 AUPR_IN: 92.28, AUPR_OUT: 91.13
──────────────────────────────────────────────────────────────────────

             FPR@95  AUROC  AUPR_IN  AUPR_OUT   ACC
ssb_hard      73.94  77.89    38.83     94.14 86.47
ninco         47.29  85.76    90.78     76.44 86.47
nearood       60.62  81.83    64.81     85.29 86.47
inaturalist   22.91  93.14    94.07     91.98 86.47
textures      28.68  92.93    94.95     88.91 86.47
openimage_o   31.29  90.11    87.81     92.52 86.47
farood        27.63  92.06    92.28     91.13 86.47
[Timing] Eval:  191.0s

==================================================
Setting up Nyström Kernel-Attention OOD detector...
  sigma:        0.5
  n_anchors:    200
  anchor_init:  kmeans
  reg_lambda:   0.0001
  alpha:        0.05
  feature_space:multilayer_pca
  normalize:    True
  score_mode:   softmax
==================================================
Extracted 258951 train features of dim 512
Extracted 1000 val features for threshold
  Fitting Nyström anchors (m=200, init=kmeans, λ=0.0001)...
  Nyström fit complete. anchors: torch.Size([200, 200, 512]), gamma: torch.Size([200, 200])
  Nyström threshold (softmax) at 5.0%: 0.0707
Nyström setup complete.

[Timing] Setup: 523.0s
Performing inference on imagenet200 test set...
Processing near ood...
Performing inference on ssb_hard dataset...
Computing metrics on ssb_hard dataset...
FPR@95: 73.97, AUROC: 77.76 AUPR_IN: 38.88, AUPR_OUT: 94.10
──────────────────────────────────────────────────────────────────────

Performing inference on ninco dataset...
Computing metrics on ninco dataset...
FPR@95: 48.87, AUROC: 85.69 AUPR_IN: 90.73, AUPR_OUT: 76.25
──────────────────────────────────────────────────────────────────────

Computing mean metrics...
FPR@95: 61.42, AUROC: 81.73 AUPR_IN: 64.81, AUPR_OUT: 85.18
──────────────────────────────────────────────────────────────────────

Processing far ood...
Performing inference on inaturalist dataset...
Computing metrics on inaturalist dataset...
FPR@95: 24.42, AUROC: 92.89 AUPR_IN: 93.77, AUPR_OUT: 91.61
──────────────────────────────────────────────────────────────────────

Performing inference on textures dataset...
Computing metrics on textures dataset...
FPR@95: 29.51, AUROC: 92.80 AUPR_IN: 95.15, AUPR_OUT: 88.54
──────────────────────────────────────────────────────────────────────

Performing inference on openimage_o dataset...
Computing metrics on openimage_o dataset...
FPR@95: 32.38, AUROC: 89.85 AUPR_IN: 87.40, AUPR_OUT: 92.36
──────────────────────────────────────────────────────────────────────

Computing mean metrics...
FPR@95: 28.77, AUROC: 91.85 AUPR_IN: 92.11, AUPR_OUT: 90.84
──────────────────────────────────────────────────────────────────────

             FPR@95  AUROC  AUPR_IN  AUPR_OUT   ACC
ssb_hard      73.97  77.76    38.88     94.10 86.27
ninco         48.87  85.69    90.73     76.25 86.27
nearood       61.42  81.73    64.81     85.18 86.27
inaturalist   24.42  92.89    93.77     91.61 86.27
textures      29.51  92.80    95.15     88.54 86.27
openimage_o   32.38  89.85    87.40     92.36 86.27
farood        28.77  91.85    92.11     90.84 86.27
[Timing] Eval:  190.6s

[Timing Summary]
  Setup: 519.5s ± 2.9s per seed
  Eval:  190.5s ± 0.4s per seed
  Total: 2130.0s across 3 seeds
=== Done | Mon Jun  1 03:20:08 PM EDT 2026 ===
---------------------------------------
Begin Slurm Epilog: Jun-01-2026 15:20:08
Job ID:        5355910
Array Job ID:  5355910_2
User ID:       ksalzman3
Account:       coc
Job name:      nystrom_softmax_novw_mlpca_minmax_l1234
Resources:     cpu=4,gres/gpu:h200=1,mem=32G,node=1
Rsrc Used:     cput=00:19:40,vmem=0,walltime=00:04:55,mem=4113684K,energy_used=0
Partition:     ice-gpu
QOS:           coc-ice
Nodes:         atl1-1-03-017-16-0
---------------------------------------
