---------------------------------------
Begin Slurm Prolog: Jun-01-2026 14:43:50
Job ID:    5355917
User ID:   ksalzman3
Account:   coc
Job name:  nystrom_softmax_novw_mlpca_minmax_yw
Partition: ice-gpu
QOS:       coc-ice
---------------------------------------
=== nystrom_softmax_novw_mlpca_minmax_yw | cifar10 | Mon Jun  1 02:43:56 PM EDT 2026 ===

==================================================
Setting up Nyström Kernel-Attention OOD detector...
  sigma:        0.5
  n_anchors:    200
  anchor_init:  kmeans
  reg_lambda:   0.0001
  alpha:        0.05
  feature_space:multilayer_pca
  normalize:    True
  score_mode:   softmax
==================================================
Extracted 50000 train features of dim 384
Extracted 1000 val features for threshold
  Fitting Nyström anchors (m=200, init=kmeans, λ=0.0001)...
  Nyström fit complete. anchors: torch.Size([10, 200, 384]), gamma: torch.Size([10, 200])
  Nyström threshold (softmax) at 5.0%: 0.1437
Nyström setup complete.

[Timing] Setup: 14.4s
Performing inference on cifar10 test set...
Processing near ood...
Performing inference on cifar100 dataset...
Computing metrics on cifar100 dataset...
FPR@95: 50.43, AUROC: 88.03 AUPR_IN: 87.35, AUPR_OUT: 87.29
──────────────────────────────────────────────────────────────────────

Performing inference on tin dataset...
Computing metrics on tin dataset...
FPR@95: 43.87, AUROC: 89.75 AUPR_IN: 90.71, AUPR_OUT: 87.68
──────────────────────────────────────────────────────────────────────

Computing mean metrics...
FPR@95: 47.15, AUROC: 88.89 AUPR_IN: 89.03, AUPR_OUT: 87.49
──────────────────────────────────────────────────────────────────────

Processing far ood...
Performing inference on mnist dataset...
Computing metrics on mnist dataset...
FPR@95: 13.68, AUROC: 96.58 AUPR_IN: 88.99, AUPR_OUT: 99.45
──────────────────────────────────────────────────────────────────────

Performing inference on svhn dataset...
Computing metrics on svhn dataset...
FPR@95: 12.59, AUROC: 96.17 AUPR_IN: 93.35, AUPR_OUT: 98.21
──────────────────────────────────────────────────────────────────────

Performing inference on texture dataset...
Computing metrics on texture dataset...
FPR@95: 26.12, AUROC: 93.48 AUPR_IN: 95.94, AUPR_OUT: 89.18
──────────────────────────────────────────────────────────────────────

Performing inference on places365 dataset...
Computing metrics on places365 dataset...
FPR@95: 45.54, AUROC: 89.67 AUPR_IN: 70.77, AUPR_OUT: 96.75
──────────────────────────────────────────────────────────────────────

Computing mean metrics...
FPR@95: 24.48, AUROC: 93.98 AUPR_IN: 87.27, AUPR_OUT: 95.90
──────────────────────────────────────────────────────────────────────

           FPR@95  AUROC  AUPR_IN  AUPR_OUT   ACC
cifar100    50.43  88.03    87.35     87.29 95.22
tin         43.87  89.75    90.71     87.68 95.22
nearood     47.15  88.89    89.03     87.49 95.22
mnist       13.68  96.58    88.99     99.45 95.22
svhn        12.59  96.17    93.35     98.21 95.22
texture     26.12  93.48    95.94     89.18 95.22
places365   45.54  89.67    70.77     96.75 95.22
farood      24.48  93.98    87.27     95.90 95.22
[Timing] Eval:  58.5s

==================================================
Setting up Nyström Kernel-Attention OOD detector...
  sigma:        0.5
  n_anchors:    200
  anchor_init:  kmeans
  reg_lambda:   0.0001
  alpha:        0.05
  feature_space:multilayer_pca
  normalize:    True
  score_mode:   softmax
==================================================
Extracted 50000 train features of dim 384
Extracted 1000 val features for threshold
  Fitting Nyström anchors (m=200, init=kmeans, λ=0.0001)...
  Nyström fit complete. anchors: torch.Size([10, 200, 384]), gamma: torch.Size([10, 200])
  Nyström threshold (softmax) at 5.0%: 0.1282
Nyström setup complete.

[Timing] Setup: 13.0s
Performing inference on cifar10 test set...
Processing near ood...
Performing inference on cifar100 dataset...
Computing metrics on cifar100 dataset...
FPR@95: 47.83, AUROC: 88.30 AUPR_IN: 87.86, AUPR_OUT: 87.21
──────────────────────────────────────────────────────────────────────

Performing inference on tin dataset...
Computing metrics on tin dataset...
FPR@95: 40.54, AUROC: 89.69 AUPR_IN: 90.88, AUPR_OUT: 87.09
──────────────────────────────────────────────────────────────────────

Computing mean metrics...
FPR@95: 44.19, AUROC: 89.00 AUPR_IN: 89.37, AUPR_OUT: 87.15
──────────────────────────────────────────────────────────────────────

Processing far ood...
Performing inference on mnist dataset...
Computing metrics on mnist dataset...
FPR@95: 12.37, AUROC: 96.96 AUPR_IN: 91.02, AUPR_OUT: 99.49
──────────────────────────────────────────────────────────────────────

Performing inference on svhn dataset...
Computing metrics on svhn dataset...
FPR@95: 15.09, AUROC: 96.15 AUPR_IN: 92.75, AUPR_OUT: 98.37
──────────────────────────────────────────────────────────────────────

Performing inference on texture dataset...
Computing metrics on texture dataset...
FPR@95: 27.77, AUROC: 93.18 AUPR_IN: 95.68, AUPR_OUT: 88.91
──────────────────────────────────────────────────────────────────────

Performing inference on places365 dataset...
Computing metrics on places365 dataset...
FPR@95: 45.09, AUROC: 89.19 AUPR_IN: 70.35, AUPR_OUT: 96.53
──────────────────────────────────────────────────────────────────────

Computing mean metrics...
FPR@95: 25.08, AUROC: 93.87 AUPR_IN: 87.45, AUPR_OUT: 95.82
──────────────────────────────────────────────────────────────────────

           FPR@95  AUROC  AUPR_IN  AUPR_OUT   ACC
cifar100    47.83  88.30    87.86     87.21 94.63
tin         40.54  89.69    90.88     87.09 94.63
nearood     44.19  89.00    89.37     87.15 94.63
mnist       12.37  96.96    91.02     99.49 94.63
svhn        15.09  96.15    92.75     98.37 94.63
texture     27.77  93.18    95.68     88.91 94.63
places365   45.09  89.19    70.35     96.53 94.63
farood      25.08  93.87    87.45     95.82 94.63
[Timing] Eval:  59.2s

==================================================
Setting up Nyström Kernel-Attention OOD detector...
  sigma:        0.5
  n_anchors:    200
  anchor_init:  kmeans
  reg_lambda:   0.0001
  alpha:        0.05
  feature_space:multilayer_pca
  normalize:    True
  score_mode:   softmax
==================================================
Extracted 50000 train features of dim 384
Extracted 1000 val features for threshold
  Fitting Nyström anchors (m=200, init=kmeans, λ=0.0001)...
  Nyström fit complete. anchors: torch.Size([10, 200, 384]), gamma: torch.Size([10, 200])
  Nyström threshold (softmax) at 5.0%: 0.1488
Nyström setup complete.

[Timing] Setup: 12.1s
Performing inference on cifar10 test set...
Processing near ood...
Performing inference on cifar100 dataset...
Computing metrics on cifar100 dataset...
FPR@95: 51.94, AUROC: 87.94 AUPR_IN: 87.10, AUPR_OUT: 87.29
──────────────────────────────────────────────────────────────────────

Performing inference on tin dataset...
Computing metrics on tin dataset...
FPR@95: 44.01, AUROC: 89.60 AUPR_IN: 90.49, AUPR_OUT: 87.51
──────────────────────────────────────────────────────────────────────

Computing mean metrics...
FPR@95: 47.98, AUROC: 88.77 AUPR_IN: 88.80, AUPR_OUT: 87.40
──────────────────────────────────────────────────────────────────────

Processing far ood...
Performing inference on mnist dataset...
Computing metrics on mnist dataset...
FPR@95: 15.53, AUROC: 95.62 AUPR_IN: 87.60, AUPR_OUT: 99.24
──────────────────────────────────────────────────────────────────────

Performing inference on svhn dataset...
Computing metrics on svhn dataset...
FPR@95: 15.13, AUROC: 95.71 AUPR_IN: 92.31, AUPR_OUT: 98.11
──────────────────────────────────────────────────────────────────────

Performing inference on texture dataset...
Computing metrics on texture dataset...
FPR@95: 26.89, AUROC: 93.34 AUPR_IN: 95.75, AUPR_OUT: 89.35
──────────────────────────────────────────────────────────────────────

Performing inference on places365 dataset...
Computing metrics on places365 dataset...
FPR@95: 52.63, AUROC: 88.15 AUPR_IN: 66.37, AUPR_OUT: 96.27
──────────────────────────────────────────────────────────────────────

Computing mean metrics...
FPR@95: 27.55, AUROC: 93.20 AUPR_IN: 85.51, AUPR_OUT: 95.74
──────────────────────────────────────────────────────────────────────

           FPR@95  AUROC  AUPR_IN  AUPR_OUT   ACC
cifar100    51.94  87.94    87.10     87.29 95.32
tin         44.01  89.60    90.49     87.51 95.32
nearood     47.98  88.77    88.80     87.40 95.32
mnist       15.53  95.62    87.60     99.24 95.32
svhn        15.13  95.71    92.31     98.11 95.32
texture     26.89  93.34    95.75     89.35 95.32
places365   52.63  88.15    66.37     96.27 95.32
farood      27.55  93.20    85.51     95.74 95.32
[Timing] Eval:  57.1s

[Timing Summary]
  Setup: 13.2s ± 0.9s per seed
  Eval:  58.3s ± 0.9s per seed
  Total: 214.3s across 3 seeds
=== Done | Mon Jun  1 02:48:12 PM EDT 2026 ===
---------------------------------------
Begin Slurm Epilog: Jun-01-2026 14:48:12
Job ID:        5355917
Array Job ID:  5355908_0
User ID:       ksalzman3
Account:       coc
Job name:      nystrom_softmax_novw_mlpca_minmax_yw
Resources:     cpu=4,gres/gpu:h200=1,mem=32G,node=1
Rsrc Used:     cput=00:17:28,vmem=0,walltime=00:04:22,mem=3980116K,energy_used=0
Partition:     ice-gpu
QOS:           coc-ice
Nodes:         atl1-1-03-018-2-0
---------------------------------------
