---------------------------------------
Begin Slurm Prolog: Apr-29-2026 14:44:49
Job ID:    5118958
User ID:   ksalzman3
Account:   coc
Job name:  nystrom_max
Partition: ice-gpu
QOS:       coc-ice
---------------------------------------
=== nystrom_max_novw | cifar100 | Wed Apr 29 02:44:57 PM EDT 2026 ===

==================================================
Setting up Nyström Kernel-Attention OOD detector...
  sigma:        0.5
  n_anchors:    200
  anchor_init:  kmeans
  reg_lambda:   0.0001
  alpha:        0.05
  feature_space:penultimate
  normalize:    True
  score_mode:   max
==================================================
Extracted 50000 train features of dim 512
Extracted 1000 val features for threshold
  Fitting Nyström anchors (m=200, init=kmeans, λ=0.0001)...
  Nyström fit complete. anchors: torch.Size([100, 200, 512]), gamma: torch.Size([100, 200])
  Nyström threshold (max) at 5.0%: 0.2225
Nyström setup complete.

[Timing] Setup: 63.1s
Performing inference on cifar100 test set...
Processing near ood...
Performing inference on cifar10 dataset...
Computing metrics on cifar10 dataset...
FPR@95: 77.73, AUROC: 76.08 AUPR_IN: 71.77, AUPR_OUT: 74.78
──────────────────────────────────────────────────────────────────────

Performing inference on tin dataset...
Computing metrics on tin dataset...
FPR@95: 51.29, AUROC: 82.88 AUPR_IN: 87.82, AUPR_OUT: 73.57
──────────────────────────────────────────────────────────────────────

Computing mean metrics...
FPR@95: 64.51, AUROC: 79.48 AUPR_IN: 79.79, AUPR_OUT: 74.18
──────────────────────────────────────────────────────────────────────

Processing far ood...
Performing inference on mnist dataset...
Computing metrics on mnist dataset...
FPR@95: 52.31, AUROC: 79.79 AUPR_IN: 56.42, AUPR_OUT: 95.74
──────────────────────────────────────────────────────────────────────

Performing inference on svhn dataset...
Computing metrics on svhn dataset...
FPR@95: 52.23, AUROC: 82.67 AUPR_IN: 70.46, AUPR_OUT: 91.75
──────────────────────────────────────────────────────────────────────

Performing inference on texture dataset...
Computing metrics on texture dataset...
FPR@95: 53.20, AUROC: 83.63 AUPR_IN: 89.51, AUPR_OUT: 74.17
──────────────────────────────────────────────────────────────────────

Performing inference on places365 dataset...
Computing metrics on places365 dataset...
FPR@95: 63.02, AUROC: 78.66 AUPR_IN: 56.50, AUPR_OUT: 91.71
──────────────────────────────────────────────────────────────────────

Computing mean metrics...
FPR@95: 55.19, AUROC: 81.19 AUPR_IN: 68.22, AUPR_OUT: 88.34
──────────────────────────────────────────────────────────────────────

           FPR@95  AUROC  AUPR_IN  AUPR_OUT   ACC
cifar10     77.73  76.08    71.77     74.78 77.17
tin         51.29  82.88    87.82     73.57 77.17
nearood     64.51  79.48    79.79     74.18 77.17
mnist       52.31  79.79    56.42     95.74 77.17
svhn        52.23  82.67    70.46     91.75 77.17
texture     53.20  83.63    89.51     74.17 77.17
places365   63.02  78.66    56.50     91.71 77.17
farood      55.19  81.19    68.22     88.34 77.17
[Timing] Eval:  148.1s

==================================================
Setting up Nyström Kernel-Attention OOD detector...
  sigma:        0.5
  n_anchors:    200
  anchor_init:  kmeans
  reg_lambda:   0.0001
  alpha:        0.05
  feature_space:penultimate
  normalize:    True
  score_mode:   max
==================================================
Extracted 50000 train features of dim 512
Extracted 1000 val features for threshold
  Fitting Nyström anchors (m=200, init=kmeans, λ=0.0001)...
  Nyström fit complete. anchors: torch.Size([100, 200, 512]), gamma: torch.Size([100, 200])
  Nyström threshold (max) at 5.0%: 0.2191
Nyström setup complete.

[Timing] Setup: 16.6s
Performing inference on cifar100 test set...
Processing near ood...
Performing inference on cifar10 dataset...
Computing metrics on cifar10 dataset...
FPR@95: 76.13, AUROC: 75.94 AUPR_IN: 72.84, AUPR_OUT: 74.64
──────────────────────────────────────────────────────────────────────

Performing inference on tin dataset...
Computing metrics on tin dataset...
FPR@95: 51.54, AUROC: 82.37 AUPR_IN: 87.52, AUPR_OUT: 72.63
──────────────────────────────────────────────────────────────────────

Computing mean metrics...
FPR@95: 63.84, AUROC: 79.15 AUPR_IN: 80.18, AUPR_OUT: 73.63
──────────────────────────────────────────────────────────────────────

Processing far ood...
Performing inference on mnist dataset...
Computing metrics on mnist dataset...
FPR@95: 44.31, AUROC: 83.19 AUPR_IN: 63.56, AUPR_OUT: 96.30
──────────────────────────────────────────────────────────────────────

Performing inference on svhn dataset...
Computing metrics on svhn dataset...
FPR@95: 58.23, AUROC: 80.78 AUPR_IN: 67.52, AUPR_OUT: 90.86
──────────────────────────────────────────────────────────────────────

Performing inference on texture dataset...
Computing metrics on texture dataset...
FPR@95: 52.58, AUROC: 83.23 AUPR_IN: 89.51, AUPR_OUT: 72.92
──────────────────────────────────────────────────────────────────────

Performing inference on places365 dataset...
Computing metrics on places365 dataset...
FPR@95: 65.31, AUROC: 77.56 AUPR_IN: 54.52, AUPR_OUT: 91.04
──────────────────────────────────────────────────────────────────────

Computing mean metrics...
FPR@95: 55.11, AUROC: 81.19 AUPR_IN: 68.78, AUPR_OUT: 87.78
──────────────────────────────────────────────────────────────────────

           FPR@95  AUROC  AUPR_IN  AUPR_OUT   ACC
cifar10     76.13  75.94    72.84     74.64 77.39
tin         51.54  82.37    87.52     72.63 77.39
nearood     63.84  79.15    80.18     73.63 77.39
mnist       44.31  83.19    63.56     96.30 77.39
svhn        58.23  80.78    67.52     90.86 77.39
texture     52.58  83.23    89.51     72.92 77.39
places365   65.31  77.56    54.52     91.04 77.39
farood      55.11  81.19    68.78     87.78 77.39
[Timing] Eval:  74.2s

==================================================
Setting up Nyström Kernel-Attention OOD detector...
  sigma:        0.5
  n_anchors:    200
  anchor_init:  kmeans
  reg_lambda:   0.0001
  alpha:        0.05
  feature_space:penultimate
  normalize:    True
  score_mode:   max
==================================================
Extracted 50000 train features of dim 512
Extracted 1000 val features for threshold
  Fitting Nyström anchors (m=200, init=kmeans, λ=0.0001)...
  Nyström fit complete. anchors: torch.Size([100, 200, 512]), gamma: torch.Size([100, 200])
  Nyström threshold (max) at 5.0%: 0.2225
Nyström setup complete.

[Timing] Setup: 15.8s
Performing inference on cifar100 test set...
Processing near ood...
Performing inference on cifar10 dataset...
Computing metrics on cifar10 dataset...
FPR@95: 76.98, AUROC: 76.51 AUPR_IN: 73.31, AUPR_OUT: 75.25
──────────────────────────────────────────────────────────────────────

Performing inference on tin dataset...
Computing metrics on tin dataset...
FPR@95: 52.41, AUROC: 82.47 AUPR_IN: 87.54, AUPR_OUT: 72.82
──────────────────────────────────────────────────────────────────────

Computing mean metrics...
FPR@95: 64.69, AUROC: 79.49 AUPR_IN: 80.42, AUPR_OUT: 74.03
──────────────────────────────────────────────────────────────────────

Processing far ood...
Performing inference on mnist dataset...
Computing metrics on mnist dataset...
FPR@95: 45.30, AUROC: 82.91 AUPR_IN: 61.89, AUPR_OUT: 96.39
──────────────────────────────────────────────────────────────────────

Performing inference on svhn dataset...
Computing metrics on svhn dataset...
FPR@95: 50.78, AUROC: 84.04 AUPR_IN: 72.97, AUPR_OUT: 92.62
──────────────────────────────────────────────────────────────────────

Performing inference on texture dataset...
Computing metrics on texture dataset...
FPR@95: 58.32, AUROC: 81.78 AUPR_IN: 88.05, AUPR_OUT: 72.08
──────────────────────────────────────────────────────────────────────

Performing inference on places365 dataset...
Computing metrics on places365 dataset...
FPR@95: 65.60, AUROC: 78.17 AUPR_IN: 54.24, AUPR_OUT: 91.57
──────────────────────────────────────────────────────────────────────

Computing mean metrics...
FPR@95: 55.00, AUROC: 81.72 AUPR_IN: 69.29, AUPR_OUT: 88.16
──────────────────────────────────────────────────────────────────────

           FPR@95  AUROC  AUPR_IN  AUPR_OUT   ACC
cifar10     76.98  76.51    73.31     75.25 77.19
tin         52.41  82.47    87.54     72.82 77.19
nearood     64.69  79.49    80.42     74.03 77.19
mnist       45.30  82.91    61.89     96.39 77.19
svhn        50.78  84.04    72.97     92.62 77.19
texture     58.32  81.78    88.05     72.08 77.19
places365   65.60  78.17    54.24     91.57 77.19
farood      55.00  81.72    69.29     88.16 77.19
[Timing] Eval:  72.2s

[Timing Summary]
  Setup: 31.8s ± 22.1s per seed
  Eval:  98.1s ± 35.3s per seed
  Total: 389.9s across 3 seeds
=== Done | Wed Apr 29 02:54:07 PM EDT 2026 ===
---------------------------------------
Begin Slurm Epilog: Apr-29-2026 14:54:07
Job ID:        5118958
Array Job ID:  5118954_1
User ID:       ksalzman3
Account:       coc
Job name:      nystrom_max
Resources:     cpu=4,gres/gpu:v100=1,mem=32G,node=1
Rsrc Used:     cput=00:37:16,vmem=0,walltime=00:09:19,mem=5432716K,energy_used=0
Partition:     ice-gpu
QOS:           coc-ice
Nodes:         atl1-1-02-009-32-0
---------------------------------------
