---------------------------------------
Begin Slurm Prolog: Jun-02-2026 12:15:47
Job ID:    5357595
User ID:   ksalzman3
Account:   coc
Job name:  nystrom_softmax_novw_mlpca_minmax_yw_imagenet
Partition: ice-gpu
QOS:       coc-ice
---------------------------------------
=== nystrom_softmax_novw_mlpca_minmax_yw | imagenet | Tue Jun  2 12:15:54 PM EDT 2026 ===

==================================================
Setting up Nyström Kernel-Attention OOD detector...
  sigma:        0.5
  n_anchors:    200
  anchor_init:  kmeans
  reg_lambda:   0.0001
  alpha:        0.05
  feature_space:multilayer_pca
  normalize:    True
  score_mode:   softmax
==================================================
=== Done | Tue Jun  2 01:03:33 PM EDT 2026 ===
---------------------------------------
Begin Slurm Epilog: Jun-02-2026 13:03:34
Job ID:        5357595
User ID:       ksalzman3
Account:       coc
Job name:      nystrom_softmax_novw_mlpca_minmax_yw_imagenet
Resources:     cpu=4,gres/gpu:l40s=1,mem=64G,node=1
Rsrc Used:     cput=03:11:04,vmem=0,walltime=00:47:46,mem=67074780K,energy_used=0
Partition:     ice-gpu
QOS:           coc-ice
Nodes:         atl1-1-03-004-21-0
---------------------------------------
