---------------------------------------
Begin Slurm Prolog: Jun-02-2026 09:53:41
Job ID:    5357383
User ID:   ksalzman3
Account:   coc
Job name:  nystrom_predictor_aware_vw_mlminmax_imagenet
Partition: ice-gpu
QOS:       coc-ice
---------------------------------------
=== nystrom_predictor_aware_vw_mlminmax | imagenet | Tue Jun  2 09:53:48 AM EDT 2026 ===

==================================================
Setting up Nyström Kernel-Attention OOD detector...
  sigma:        0.5
  n_anchors:    200
  anchor_init:  kmeans
  reg_lambda:   0.0001
  alpha:        0.05
  feature_space:multilayer_minmax_concat
  normalize:    True
  score_mode:   predictor_aware
==================================================
=== Done | Tue Jun  2 10:49:13 AM EDT 2026 ===
---------------------------------------
Begin Slurm Epilog: Jun-02-2026 10:49:14
Job ID:        5357383
User ID:       ksalzman3
Account:       coc
Job name:      nystrom_predictor_aware_vw_mlminmax_imagenet
Resources:     cpu=4,gres/gpu:l40s=1,mem=128G,node=1
Rsrc Used:     cput=03:42:48,vmem=0,walltime=00:55:42,mem=134183740K,energy_used=0
Partition:     ice-gpu
QOS:           coc-ice
Nodes:         atl1-1-03-004-23-0
---------------------------------------
