---------------------------------------
Begin Slurm Prolog: Jun-01-2026 14:43:50
Job ID:    5355914
User ID:   ksalzman3
Account:   coc
Job name:  nystrom_softmax_vw_mlpca_minmax_l1234
Partition: ice-gpu
QOS:       coc-ice
---------------------------------------
=== nystrom_softmax_vw_mlpca_minmax_l1234 | imagenet200 | Mon Jun  1 02:43:58 PM EDT 2026 ===

==================================================
Setting up Nyström Kernel-Attention OOD detector...
  sigma:        0.5
  n_anchors:    200
  anchor_init:  kmeans
  reg_lambda:   0.0001
  alpha:        0.05
  feature_space:multilayer_pca
  normalize:    True
  score_mode:   softmax
==================================================
Extracted 258951 train features of dim 512
Extracted 1000 val features for threshold
  Fitting Nyström anchors (m=200, init=kmeans, λ=0.0001)...
  Nyström fit complete. anchors: torch.Size([200, 200, 512]), gamma: torch.Size([200, 200])
  Per-class score variance (mean): 0.007795
  Nyström threshold (softmax) at 5.0%: 0.8842
Nyström setup complete.

[Timing] Setup: 756.1s
Performing inference on imagenet200 test set...
Processing near ood...
Performing inference on ssb_hard dataset...
Computing metrics on ssb_hard dataset...
FPR@95: 70.80, AUROC: 79.52 AUPR_IN: 41.90, AUPR_OUT: 94.69
──────────────────────────────────────────────────────────────────────

Performing inference on ninco dataset...
Computing metrics on ninco dataset...
FPR@95: 50.31, AUROC: 85.49 AUPR_IN: 89.92, AUPR_OUT: 77.05
──────────────────────────────────────────────────────────────────────

Computing mean metrics...
FPR@95: 60.56, AUROC: 82.51 AUPR_IN: 65.91, AUPR_OUT: 85.87
──────────────────────────────────────────────────────────────────────

Processing far ood...
Performing inference on inaturalist dataset...
Computing metrics on inaturalist dataset...
FPR@95: 21.71, AUROC: 94.35 AUPR_IN: 94.81, AUPR_OUT: 93.89
──────────────────────────────────────────────────────────────────────

Performing inference on textures dataset...
Computing metrics on textures dataset...
FPR@95: 28.30, AUROC: 93.10 AUPR_IN: 95.78, AUPR_OUT: 88.93
──────────────────────────────────────────────────────────────────────

Performing inference on openimage_o dataset...
Computing metrics on openimage_o dataset...
FPR@95: 34.26, AUROC: 89.99 AUPR_IN: 86.93, AUPR_OUT: 92.76
──────────────────────────────────────────────────────────────────────

Computing mean metrics...
FPR@95: 28.09, AUROC: 92.48 AUPR_IN: 92.51, AUPR_OUT: 91.86
──────────────────────────────────────────────────────────────────────

             FPR@95  AUROC  AUPR_IN  AUPR_OUT   ACC
ssb_hard      70.80  79.52    41.90     94.69 86.39
ninco         50.31  85.49    89.92     77.05 86.39
nearood       60.56  82.51    65.91     85.87 86.39
inaturalist   21.71  94.35    94.81     93.89 86.39
textures      28.30  93.10    95.78     88.93 86.39
openimage_o   34.26  89.99    86.93     92.76 86.39
farood        28.09  92.48    92.51     91.86 86.39
[Timing] Eval:  284.8s

==================================================
Setting up Nyström Kernel-Attention OOD detector...
  sigma:        0.5
  n_anchors:    200
  anchor_init:  kmeans
  reg_lambda:   0.0001
  alpha:        0.05
  feature_space:multilayer_pca
  normalize:    True
  score_mode:   softmax
==================================================
Extracted 258951 train features of dim 512
Extracted 1000 val features for threshold
  Fitting Nyström anchors (m=200, init=kmeans, λ=0.0001)...
  Nyström fit complete. anchors: torch.Size([200, 200, 512]), gamma: torch.Size([200, 200])
  Per-class score variance (mean): 0.007866
  Nyström threshold (softmax) at 5.0%: 0.8909
Nyström setup complete.

[Timing] Setup: 762.3s
Performing inference on imagenet200 test set...
Processing near ood...
Performing inference on ssb_hard dataset...
Computing metrics on ssb_hard dataset...
FPR@95: 71.33, AUROC: 79.41 AUPR_IN: 41.40, AUPR_OUT: 94.63
──────────────────────────────────────────────────────────────────────

Performing inference on ninco dataset...
Computing metrics on ninco dataset...
FPR@95: 49.97, AUROC: 85.48 AUPR_IN: 90.07, AUPR_OUT: 76.90
──────────────────────────────────────────────────────────────────────

Computing mean metrics...
FPR@95: 60.65, AUROC: 82.45 AUPR_IN: 65.73, AUPR_OUT: 85.77
──────────────────────────────────────────────────────────────────────

Processing far ood...
Performing inference on inaturalist dataset...
Computing metrics on inaturalist dataset...
FPR@95: 21.90, AUROC: 93.92 AUPR_IN: 94.46, AUPR_OUT: 93.41
──────────────────────────────────────────────────────────────────────

Performing inference on textures dataset...
Computing metrics on textures dataset...
FPR@95: 28.11, AUROC: 93.06 AUPR_IN: 95.71, AUPR_OUT: 88.90
──────────────────────────────────────────────────────────────────────

Performing inference on openimage_o dataset...
Computing metrics on openimage_o dataset...
FPR@95: 32.92, AUROC: 89.93 AUPR_IN: 87.16, AUPR_OUT: 92.61
──────────────────────────────────────────────────────────────────────

Computing mean metrics...
FPR@95: 27.64, AUROC: 92.30 AUPR_IN: 92.44, AUPR_OUT: 91.64
──────────────────────────────────────────────────────────────────────

             FPR@95  AUROC  AUPR_IN  AUPR_OUT   ACC
ssb_hard      71.33  79.41    41.40     94.63 86.46
ninco         49.97  85.48    90.07     76.90 86.46
nearood       60.65  82.45    65.73     85.77 86.46
inaturalist   21.90  93.92    94.46     93.41 86.46
textures      28.11  93.06    95.71     88.90 86.46
openimage_o   32.92  89.93    87.16     92.61 86.46
farood        27.64  92.30    92.44     91.64 86.46
[Timing] Eval:  280.1s

==================================================
Setting up Nyström Kernel-Attention OOD detector...
  sigma:        0.5
  n_anchors:    200
  anchor_init:  kmeans
  reg_lambda:   0.0001
  alpha:        0.05
  feature_space:multilayer_pca
  normalize:    True
  score_mode:   softmax
==================================================
Extracted 258951 train features of dim 512
Extracted 1000 val features for threshold
  Fitting Nyström anchors (m=200, init=kmeans, λ=0.0001)...
  Nyström fit complete. anchors: torch.Size([200, 200, 512]), gamma: torch.Size([200, 200])
  Per-class score variance (mean): 0.007779
  Nyström threshold (softmax) at 5.0%: 0.8590
Nyström setup complete.

[Timing] Setup: 763.8s
Performing inference on imagenet200 test set...
Processing near ood...
Performing inference on ssb_hard dataset...
Computing metrics on ssb_hard dataset...
FPR@95: 70.78, AUROC: 79.22 AUPR_IN: 41.42, AUPR_OUT: 94.58
──────────────────────────────────────────────────────────────────────

Performing inference on ninco dataset...
Computing metrics on ninco dataset...
FPR@95: 51.09, AUROC: 85.40 AUPR_IN: 89.93, AUPR_OUT: 76.80
──────────────────────────────────────────────────────────────────────

Computing mean metrics...
FPR@95: 60.93, AUROC: 82.31 AUPR_IN: 65.67, AUPR_OUT: 85.69
──────────────────────────────────────────────────────────────────────

Processing far ood...
Performing inference on inaturalist dataset...
Computing metrics on inaturalist dataset...
FPR@95: 23.59, AUROC: 93.76 AUPR_IN: 94.17, AUPR_OUT: 93.18
──────────────────────────────────────────────────────────────────────

Performing inference on textures dataset...
Computing metrics on textures dataset...
FPR@95: 29.48, AUROC: 92.99 AUPR_IN: 95.69, AUPR_OUT: 88.75
──────────────────────────────────────────────────────────────────────

Performing inference on openimage_o dataset...
Computing metrics on openimage_o dataset...
FPR@95: 34.76, AUROC: 89.69 AUPR_IN: 86.74, AUPR_OUT: 92.49
──────────────────────────────────────────────────────────────────────

Computing mean metrics...
FPR@95: 29.27, AUROC: 92.15 AUPR_IN: 92.20, AUPR_OUT: 91.47
──────────────────────────────────────────────────────────────────────

             FPR@95  AUROC  AUPR_IN  AUPR_OUT   ACC
ssb_hard      70.78  79.22    41.42     94.58 86.27
ninco         51.09  85.40    89.93     76.80 86.27
nearood       60.93  82.31    65.67     85.69 86.27
inaturalist   23.59  93.76    94.17     93.18 86.27
textures      29.48  92.99    95.69     88.75 86.27
openimage_o   34.76  89.69    86.74     92.49 86.27
farood        29.27  92.15    92.20     91.47 86.27
[Timing] Eval:  281.6s

[Timing Summary]
  Setup: 760.7s ± 3.3s per seed
  Eval:  282.2s ± 2.0s per seed
  Total: 3128.7s across 3 seeds
=== Done | Mon Jun  1 03:36:47 PM EDT 2026 ===
---------------------------------------
Begin Slurm Epilog: Jun-01-2026 15:36:47
Job ID:        5355914
Array Job ID:  5355914_2
User ID:       ksalzman3
Account:       coc
Job name:      nystrom_softmax_vw_mlpca_minmax_l1234
Resources:     cpu=4,gres/gpu:h200=1,mem=32G,node=1
Rsrc Used:     cput=00:20:12,vmem=0,walltime=00:05:03,mem=3552016K,energy_used=0
Partition:     ice-gpu
QOS:           coc-ice
Nodes:         atl1-1-03-017-23-0
---------------------------------------
