---------------------------------------
Begin Slurm Prolog: May-28-2026 16:00:20
Job ID:    5340799
User ID:   ksalzman3
Account:   coc
Job name:  nystrom_pa_imgnet
Partition: ice-gpu
QOS:       coc-ice
---------------------------------------
=== nystrom_predictor_aware_vw | imagenet | Thu May 28 04:00:26 PM EDT 2026 ===
=== Done | Thu May 28 04:00:42 PM EDT 2026 ===
---------------------------------------
Begin Slurm Epilog: May-28-2026 16:00:42
Job ID:        5340799
User ID:       ksalzman3
Account:       coc
Job name:      nystrom_pa_imgnet
Resources:     cpu=4,gres/gpu:h100=1,mem=64G,node=1
Rsrc Used:     cput=00:01:28,vmem=0,walltime=00:00:22,mem=1299040K,energy_used=0
Partition:     ice-gpu
QOS:           coc-ice
Nodes:         atl1-1-03-013-8-0
---------------------------------------
