---------------------------------------
Begin Slurm Prolog: Jun-01-2026 14:43:50
Job ID:    5355919
User ID:   ksalzman3
Account:   coc
Job name:  nystrom_softmax_novw_mlpca_l1234
Partition: ice-gpu
QOS:       coc-ice
---------------------------------------
=== nystrom_softmax_novw_mlpca_l1234 | cifar10 | Mon Jun  1 02:43:58 PM EDT 2026 ===

==================================================
Setting up Nyström Kernel-Attention OOD detector...
  sigma:        0.5
  n_anchors:    200
  anchor_init:  kmeans
  reg_lambda:   0.0001
  alpha:        0.05
  feature_space:multilayer_pca
  normalize:    True
  score_mode:   softmax
==================================================
Extracted 50000 train features of dim 448
Extracted 1000 val features for threshold
  Fitting Nyström anchors (m=200, init=kmeans, λ=0.0001)...
  Nyström fit complete. anchors: torch.Size([10, 200, 448]), gamma: torch.Size([10, 200])
  Nyström threshold (softmax) at 5.0%: 0.2272
Nyström setup complete.

[Timing] Setup: 16.0s
Performing inference on cifar10 test set...
Processing near ood...
Performing inference on cifar100 dataset...
Computing metrics on cifar100 dataset...
FPR@95: 41.23, AUROC: 88.95 AUPR_IN: 89.00, AUPR_OUT: 87.54
──────────────────────────────────────────────────────────────────────

Performing inference on tin dataset...
Computing metrics on tin dataset...
FPR@95: 34.29, AUROC: 90.80 AUPR_IN: 92.59, AUPR_OUT: 88.09
──────────────────────────────────────────────────────────────────────

Computing mean metrics...
FPR@95: 37.76, AUROC: 89.88 AUPR_IN: 90.80, AUPR_OUT: 87.81
──────────────────────────────────────────────────────────────────────

Processing far ood...
Performing inference on mnist dataset...
Computing metrics on mnist dataset...
FPR@95: 21.14, AUROC: 94.28 AUPR_IN: 82.98, AUPR_OUT: 99.03
──────────────────────────────────────────────────────────────────────

Performing inference on svhn dataset...
Computing metrics on svhn dataset...
FPR@95: 20.76, AUROC: 93.10 AUPR_IN: 89.21, AUPR_OUT: 96.52
──────────────────────────────────────────────────────────────────────

Performing inference on texture dataset...
Computing metrics on texture dataset...
FPR@95: 24.09, AUROC: 92.98 AUPR_IN: 96.01, AUPR_OUT: 87.27
──────────────────────────────────────────────────────────────────────

Performing inference on places365 dataset...
Computing metrics on places365 dataset...
FPR@95: 35.18, AUROC: 90.59 AUPR_IN: 76.60, AUPR_OUT: 96.90
──────────────────────────────────────────────────────────────────────

Computing mean metrics...
FPR@95: 25.29, AUROC: 92.74 AUPR_IN: 86.20, AUPR_OUT: 94.93
──────────────────────────────────────────────────────────────────────

           FPR@95  AUROC  AUPR_IN  AUPR_OUT   ACC
cifar100    41.23  88.95    89.00     87.54 95.22
tin         34.29  90.80    92.59     88.09 95.22
nearood     37.76  89.88    90.80     87.81 95.22
mnist       21.14  94.28    82.98     99.03 95.22
svhn        20.76  93.10    89.21     96.52 95.22
texture     24.09  92.98    96.01     87.27 95.22
places365   35.18  90.59    76.60     96.90 95.22
farood      25.29  92.74    86.20     94.93 95.22
[Timing] Eval:  67.7s

==================================================
Setting up Nyström Kernel-Attention OOD detector...
  sigma:        0.5
  n_anchors:    200
  anchor_init:  kmeans
  reg_lambda:   0.0001
  alpha:        0.05
  feature_space:multilayer_pca
  normalize:    True
  score_mode:   softmax
==================================================
Extracted 50000 train features of dim 448
Extracted 1000 val features for threshold
  Fitting Nyström anchors (m=200, init=kmeans, λ=0.0001)...
  Nyström fit complete. anchors: torch.Size([10, 200, 448]), gamma: torch.Size([10, 200])
  Nyström threshold (softmax) at 5.0%: 0.2149
Nyström setup complete.

[Timing] Setup: 15.9s
Performing inference on cifar10 test set...
Processing near ood...
Performing inference on cifar100 dataset...
Computing metrics on cifar100 dataset...
FPR@95: 42.43, AUROC: 88.63 AUPR_IN: 88.47, AUPR_OUT: 87.08
──────────────────────────────────────────────────────────────────────

Performing inference on tin dataset...
Computing metrics on tin dataset...
FPR@95: 33.73, AUROC: 90.39 AUPR_IN: 92.20, AUPR_OUT: 87.35
──────────────────────────────────────────────────────────────────────

Computing mean metrics...
FPR@95: 38.08, AUROC: 89.51 AUPR_IN: 90.33, AUPR_OUT: 87.22
──────────────────────────────────────────────────────────────────────

Processing far ood...
Performing inference on mnist dataset...
Computing metrics on mnist dataset...
FPR@95: 17.43, AUROC: 95.21 AUPR_IN: 86.67, AUPR_OUT: 99.16
──────────────────────────────────────────────────────────────────────

Performing inference on svhn dataset...
Computing metrics on svhn dataset...
FPR@95: 21.82, AUROC: 93.66 AUPR_IN: 89.35, AUPR_OUT: 97.07
──────────────────────────────────────────────────────────────────────

Performing inference on texture dataset...
Computing metrics on texture dataset...
FPR@95: 24.72, AUROC: 92.88 AUPR_IN: 95.85, AUPR_OUT: 87.33
──────────────────────────────────────────────────────────────────────

Performing inference on places365 dataset...
Computing metrics on places365 dataset...
FPR@95: 39.76, AUROC: 89.64 AUPR_IN: 73.41, AUPR_OUT: 96.58
──────────────────────────────────────────────────────────────────────

Computing mean metrics...
FPR@95: 25.93, AUROC: 92.85 AUPR_IN: 86.32, AUPR_OUT: 95.04
──────────────────────────────────────────────────────────────────────

           FPR@95  AUROC  AUPR_IN  AUPR_OUT   ACC
cifar100    42.43  88.63    88.47     87.08 94.63
tin         33.73  90.39    92.20     87.35 94.63
nearood     38.08  89.51    90.33     87.22 94.63
mnist       17.43  95.21    86.67     99.16 94.63
svhn        21.82  93.66    89.35     97.07 94.63
texture     24.72  92.88    95.85     87.33 94.63
places365   39.76  89.64    73.41     96.58 94.63
farood      25.93  92.85    86.32     95.04 94.63
[Timing] Eval:  67.3s

==================================================
Setting up Nyström Kernel-Attention OOD detector...
  sigma:        0.5
  n_anchors:    200
  anchor_init:  kmeans
  reg_lambda:   0.0001
  alpha:        0.05
  feature_space:multilayer_pca
  normalize:    True
  score_mode:   softmax
==================================================
Extracted 50000 train features of dim 448
Extracted 1000 val features for threshold
  Fitting Nyström anchors (m=200, init=kmeans, λ=0.0001)...
  Nyström fit complete. anchors: torch.Size([10, 200, 448]), gamma: torch.Size([10, 200])
  Nyström threshold (softmax) at 5.0%: 0.2651
Nyström setup complete.

[Timing] Setup: 15.2s
Performing inference on cifar10 test set...
Processing near ood...
Performing inference on cifar100 dataset...
Computing metrics on cifar100 dataset...
FPR@95: 41.87, AUROC: 88.88 AUPR_IN: 88.79, AUPR_OUT: 87.52
──────────────────────────────────────────────────────────────────────

Performing inference on tin dataset...
Computing metrics on tin dataset...
FPR@95: 34.94, AUROC: 90.77 AUPR_IN: 92.44, AUPR_OUT: 88.03
──────────────────────────────────────────────────────────────────────

Computing mean metrics...
FPR@95: 38.41, AUROC: 89.82 AUPR_IN: 90.62, AUPR_OUT: 87.77
──────────────────────────────────────────────────────────────────────

Processing far ood...
Performing inference on mnist dataset...
Computing metrics on mnist dataset...
FPR@95: 20.01, AUROC: 93.96 AUPR_IN: 84.07, AUPR_OUT: 98.91
──────────────────────────────────────────────────────────────────────

Performing inference on svhn dataset...
Computing metrics on svhn dataset...
FPR@95: 22.61, AUROC: 92.67 AUPR_IN: 88.39, AUPR_OUT: 96.46
──────────────────────────────────────────────────────────────────────

Performing inference on texture dataset...
Computing metrics on texture dataset...
FPR@95: 25.37, AUROC: 93.01 AUPR_IN: 95.91, AUPR_OUT: 87.75
──────────────────────────────────────────────────────────────────────

Performing inference on places365 dataset...
Computing metrics on places365 dataset...
FPR@95: 39.02, AUROC: 89.83 AUPR_IN: 74.50, AUPR_OUT: 96.63
──────────────────────────────────────────────────────────────────────

Computing mean metrics...
FPR@95: 26.75, AUROC: 92.37 AUPR_IN: 85.72, AUPR_OUT: 94.94
──────────────────────────────────────────────────────────────────────

           FPR@95  AUROC  AUPR_IN  AUPR_OUT   ACC
cifar100    41.87  88.88    88.79     87.52 95.32
tin         34.94  90.77    92.44     88.03 95.32
nearood     38.41  89.82    90.62     87.77 95.32
mnist       20.01  93.96    84.07     98.91 95.32
svhn        22.61  92.67    88.39     96.46 95.32
texture     25.37  93.01    95.91     87.75 95.32
places365   39.02  89.83    74.50     96.63 95.32
farood      26.75  92.37    85.72     94.94 95.32
[Timing] Eval:  65.8s

[Timing Summary]
  Setup: 15.7s ± 0.4s per seed
  Eval:  66.9s ± 0.8s per seed
  Total: 247.9s across 3 seeds
=== Done | Mon Jun  1 02:48:45 PM EDT 2026 ===
---------------------------------------
Begin Slurm Epilog: Jun-01-2026 14:48:45
Job ID:        5355919
Array Job ID:  5355909_0
User ID:       ksalzman3
Account:       coc
Job name:      nystrom_softmax_novw_mlpca_l1234
Resources:     cpu=4,gres/gpu:a100=1,mem=32G,node=1
Rsrc Used:     cput=00:19:40,vmem=0,walltime=00:04:55,mem=4206900K,energy_used=0
Partition:     ice-gpu
QOS:           coc-ice
Nodes:         atl1-1-03-007-35-0
---------------------------------------
