---------------------------------------
Begin Slurm Prolog: May-19-2026 17:50:50
Job ID:    5300461
User ID:   ksalzman3
Account:   coc
Job name:  nystrom_sm_imgnet
Partition: ice-gpu
QOS:       coc-ice
---------------------------------------
=== nystrom_softmax_vw | imagenet | Tue May 19 05:50:58 PM EDT 2026 ===
=== Done | Tue May 19 05:52:06 PM EDT 2026 ===
---------------------------------------
Begin Slurm Epilog: May-19-2026 17:52:06
Job ID:        5300461
User ID:       ksalzman3
Account:       coc
Job name:      nystrom_sm_imgnet
Resources:     cpu=4,gres/gpu:v100=1,mem=64G,node=1
Rsrc Used:     cput=00:05:12,vmem=0,walltime=00:01:18,mem=1092484K,energy_used=0
Partition:     ice-gpu
QOS:           coc-ice
Nodes:         atl1-1-02-009-33-0
---------------------------------------
