---------------------------------------
Begin Slurm Prolog: Jun-01-2026 12:36:59
Job ID:    5355737
User ID:   ksalzman3
Account:   coc
Job name:  nystrom_max_novw_mlminmax
Partition: ice-gpu
QOS:       coc-ice
---------------------------------------
=== nystrom_max_novw_mlminmax | cifar100 | Mon Jun  1 12:37:06 PM EDT 2026 ===

==================================================
Setting up Nyström Kernel-Attention OOD detector...
  sigma:        0.5
  n_anchors:    200
  anchor_init:  kmeans
  reg_lambda:   0.0001
  alpha:        0.05
  feature_space:multilayer_minmax_concat
  normalize:    True
  score_mode:   max
==================================================
Extracted 50000 train features of dim 1920
Extracted 1000 val features for threshold
  Fitting Nyström anchors (m=200, init=kmeans, λ=0.0001)...
  Nyström fit complete. anchors: torch.Size([100, 200, 1920]), gamma: torch.Size([100, 200])
  Nyström threshold (max) at 5.0%: 0.3360
Nyström setup complete.

[Timing] Setup: 14.9s
Performing inference on cifar100 test set...
Processing near ood...
Performing inference on cifar10 dataset...
Computing metrics on cifar10 dataset...
FPR@95: 83.67, AUROC: 73.78 AUPR_IN: 68.13, AUPR_OUT: 72.81
──────────────────────────────────────────────────────────────────────

Performing inference on tin dataset...
Computing metrics on tin dataset...
FPR@95: 53.19, AUROC: 81.99 AUPR_IN: 87.08, AUPR_OUT: 72.44
──────────────────────────────────────────────────────────────────────

Computing mean metrics...
FPR@95: 68.43, AUROC: 77.88 AUPR_IN: 77.60, AUPR_OUT: 72.62
──────────────────────────────────────────────────────────────────────

Processing far ood...
Performing inference on mnist dataset...
Computing metrics on mnist dataset...
FPR@95: 40.37, AUROC: 87.40 AUPR_IN: 69.03, AUPR_OUT: 97.65
──────────────────────────────────────────────────────────────────────

Performing inference on svhn dataset...
Computing metrics on svhn dataset...
FPR@95: 35.12, AUROC: 92.50 AUPR_IN: 84.41, AUPR_OUT: 97.11
──────────────────────────────────────────────────────────────────────

Performing inference on texture dataset...
Computing metrics on texture dataset...
FPR@95: 42.82, AUROC: 89.73 AUPR_IN: 93.20, AUPR_OUT: 85.42
──────────────────────────────────────────────────────────────────────

Performing inference on places365 dataset...
Computing metrics on places365 dataset...
FPR@95: 64.34, AUROC: 77.53 AUPR_IN: 55.03, AUPR_OUT: 90.97
──────────────────────────────────────────────────────────────────────

Computing mean metrics...
FPR@95: 45.66, AUROC: 86.79 AUPR_IN: 75.42, AUPR_OUT: 92.79
──────────────────────────────────────────────────────────────────────

           FPR@95  AUROC  AUPR_IN  AUPR_OUT   ACC
cifar10     83.67  73.78    68.13     72.81 77.18
tin         53.19  81.99    87.08     72.44 77.18
nearood     68.43  77.88    77.60     72.62 77.18
mnist       40.37  87.40    69.03     97.65 77.18
svhn        35.12  92.50    84.41     97.11 77.18
texture     42.82  89.73    93.20     85.42 77.18
places365   64.34  77.53    55.03     90.97 77.18
farood      45.66  86.79    75.42     92.79 77.18
[Timing] Eval:  67.2s

==================================================
Setting up Nyström Kernel-Attention OOD detector...
  sigma:        0.5
  n_anchors:    200
  anchor_init:  kmeans
  reg_lambda:   0.0001
  alpha:        0.05
  feature_space:multilayer_minmax_concat
  normalize:    True
  score_mode:   max
==================================================
Extracted 50000 train features of dim 1920
Extracted 1000 val features for threshold
  Fitting Nyström anchors (m=200, init=kmeans, λ=0.0001)...
  Nyström fit complete. anchors: torch.Size([100, 200, 1920]), gamma: torch.Size([100, 200])
  Nyström threshold (max) at 5.0%: 0.3347
Nyström setup complete.

[Timing] Setup: 15.4s
Performing inference on cifar100 test set...
Processing near ood...
Performing inference on cifar10 dataset...
Computing metrics on cifar10 dataset...
FPR@95: 81.82, AUROC: 73.87 AUPR_IN: 69.40, AUPR_OUT: 72.91
──────────────────────────────────────────────────────────────────────

Performing inference on tin dataset...
Computing metrics on tin dataset...
FPR@95: 52.78, AUROC: 81.61 AUPR_IN: 86.92, AUPR_OUT: 71.52
──────────────────────────────────────────────────────────────────────

Computing mean metrics...
FPR@95: 67.30, AUROC: 77.74 AUPR_IN: 78.16, AUPR_OUT: 72.21
──────────────────────────────────────────────────────────────────────

Processing far ood...
Performing inference on mnist dataset...
Computing metrics on mnist dataset...
FPR@95: 32.37, AUROC: 90.63 AUPR_IN: 75.48, AUPR_OUT: 98.24
──────────────────────────────────────────────────────────────────────

Performing inference on svhn dataset...
Computing metrics on svhn dataset...
FPR@95: 42.60, AUROC: 90.17 AUPR_IN: 80.57, AUPR_OUT: 96.13
──────────────────────────────────────────────────────────────────────

Performing inference on texture dataset...
Computing metrics on texture dataset...
FPR@95: 40.16, AUROC: 89.41 AUPR_IN: 93.16, AUPR_OUT: 84.68
──────────────────────────────────────────────────────────────────────

Performing inference on places365 dataset...
Computing metrics on places365 dataset...
FPR@95: 65.74, AUROC: 76.79 AUPR_IN: 53.70, AUPR_OUT: 90.54
──────────────────────────────────────────────────────────────────────

Computing mean metrics...
FPR@95: 45.22, AUROC: 86.75 AUPR_IN: 75.73, AUPR_OUT: 92.40
──────────────────────────────────────────────────────────────────────

           FPR@95  AUROC  AUPR_IN  AUPR_OUT   ACC
cifar10     81.82  73.87    69.40     72.91 77.38
tin         52.78  81.61    86.92     71.52 77.38
nearood     67.30  77.74    78.16     72.21 77.38
mnist       32.37  90.63    75.48     98.24 77.38
svhn        42.60  90.17    80.57     96.13 77.38
texture     40.16  89.41    93.16     84.68 77.38
places365   65.74  76.79    53.70     90.54 77.38
farood      45.22  86.75    75.73     92.40 77.38
[Timing] Eval:  67.8s

==================================================
Setting up Nyström Kernel-Attention OOD detector...
  sigma:        0.5
  n_anchors:    200
  anchor_init:  kmeans
  reg_lambda:   0.0001
  alpha:        0.05
  feature_space:multilayer_minmax_concat
  normalize:    True
  score_mode:   max
==================================================
Extracted 50000 train features of dim 1920
Extracted 1000 val features for threshold
  Fitting Nyström anchors (m=200, init=kmeans, λ=0.0001)...
  Nyström fit complete. anchors: torch.Size([100, 200, 1920]), gamma: torch.Size([100, 200])
  Nyström threshold (max) at 5.0%: 0.3394
Nyström setup complete.

[Timing] Setup: 14.4s
Performing inference on cifar100 test set...
Processing near ood...
Performing inference on cifar10 dataset...
Computing metrics on cifar10 dataset...
FPR@95: 82.96, AUROC: 74.45 AUPR_IN: 69.80, AUPR_OUT: 73.38
──────────────────────────────────────────────────────────────────────

Performing inference on tin dataset...
Computing metrics on tin dataset...
FPR@95: 53.16, AUROC: 81.83 AUPR_IN: 87.00, AUPR_OUT: 71.88
──────────────────────────────────────────────────────────────────────

Computing mean metrics...
FPR@95: 68.06, AUROC: 78.14 AUPR_IN: 78.40, AUPR_OUT: 72.63
──────────────────────────────────────────────────────────────────────

Processing far ood...
Performing inference on mnist dataset...
Computing metrics on mnist dataset...
FPR@95: 32.98, AUROC: 90.20 AUPR_IN: 74.34, AUPR_OUT: 98.16
──────────────────────────────────────────────────────────────────────

Performing inference on svhn dataset...
Computing metrics on svhn dataset...
FPR@95: 30.53, AUROC: 93.80 AUPR_IN: 87.13, AUPR_OUT: 97.65
──────────────────────────────────────────────────────────────────────

Performing inference on texture dataset...
Computing metrics on texture dataset...
FPR@95: 45.06, AUROC: 88.83 AUPR_IN: 92.57, AUPR_OUT: 84.41
──────────────────────────────────────────────────────────────────────

Performing inference on places365 dataset...
Computing metrics on places365 dataset...
FPR@95: 65.68, AUROC: 77.48 AUPR_IN: 53.68, AUPR_OUT: 90.99
──────────────────────────────────────────────────────────────────────

Computing mean metrics...
FPR@95: 43.56, AUROC: 87.58 AUPR_IN: 76.93, AUPR_OUT: 92.80
──────────────────────────────────────────────────────────────────────

           FPR@95  AUROC  AUPR_IN  AUPR_OUT   ACC
cifar10     82.96  74.45    69.80     73.38 77.20
tin         53.16  81.83    87.00     71.88 77.20
nearood     68.06  78.14    78.40     72.63 77.20
mnist       32.98  90.20    74.34     98.16 77.20
svhn        30.53  93.80    87.13     97.65 77.20
texture     45.06  88.83    92.57     84.41 77.20
places365   65.68  77.48    53.68     90.99 77.20
farood      43.56  87.58    76.93     92.80 77.20
[Timing] Eval:  64.9s

[Timing Summary]
  Setup: 14.9s ± 0.4s per seed
  Eval:  66.6s ± 1.3s per seed
  Total: 244.6s across 3 seeds
=== Done | Mon Jun  1 12:41:31 PM EDT 2026 ===
---------------------------------------
Begin Slurm Epilog: Jun-01-2026 12:41:31
Job ID:        5355737
Array Job ID:  5355730_1
User ID:       ksalzman3
Account:       coc
Job name:      nystrom_max_novw_mlminmax
Resources:     cpu=4,gres/gpu:h200=1,mem=32G,node=1
Rsrc Used:     cput=00:18:08,vmem=0,walltime=00:04:32,mem=3625656K,energy_used=0
Partition:     ice-gpu
QOS:           coc-ice
Nodes:         atl1-1-03-017-2-0
---------------------------------------
