---------------------------------------
Begin Slurm Prolog: Apr-29-2026 10:33:33
Job ID:    5116884
User ID:   ksalzman3
Account:   coc
Job name:  rff_max_mlmx_cl
Partition: ice-gpu
QOS:       coc-ice
---------------------------------------
=== rff_max_vw_mlminmax_clip | cifar10 | Wed Apr 29 10:33:41 AM EDT 2026 ===

==================================================
Setting up RFFCLIPConcat OOD detector (ResNet + CLIP feature concat)...
  sigma=0.5  D=2048  alpha=0.05
  clip_backbone=ViT-B/16  score_mode=max
==================================================
[CLIPConcat] Loading CLIP ViT-B/16 with 10 classes (cifar10)...
Train: 50000 samples, feature_dim=2432
Val:   1000 samples
Per-class embedding norms (mean): 1.0000
Threshold at 5.0%: 13.6496
RFFCLIPConcat setup complete.

[Timing] Setup: 89.9s
Performing inference on cifar10 test set...
Processing near ood...
Performing inference on cifar100 dataset...
Computing metrics on cifar100 dataset...
FPR@95: 46.10, AUROC: 87.97 AUPR_IN: 88.11, AUPR_OUT: 86.61
──────────────────────────────────────────────────────────────────────

Performing inference on tin dataset...
Computing metrics on tin dataset...
FPR@95: 29.98, AUROC: 92.75 AUPR_IN: 93.75, AUPR_OUT: 90.94
──────────────────────────────────────────────────────────────────────

Computing mean metrics...
FPR@95: 38.04, AUROC: 90.36 AUPR_IN: 90.93, AUPR_OUT: 88.77
──────────────────────────────────────────────────────────────────────

Processing far ood...
Performing inference on mnist dataset...
Computing metrics on mnist dataset...
FPR@95: 1.63, AUROC: 99.58 AUPR_IN: 98.74, AUPR_OUT: 99.92
──────────────────────────────────────────────────────────────────────

Performing inference on svhn dataset...
Computing metrics on svhn dataset...
FPR@95: 0.40, AUROC: 99.91 AUPR_IN: 99.81, AUPR_OUT: 99.96
──────────────────────────────────────────────────────────────────────

Performing inference on texture dataset...
Computing metrics on texture dataset...
FPR@95: 21.27, AUROC: 95.57 AUPR_IN: 97.22, AUPR_OUT: 93.17
──────────────────────────────────────────────────────────────────────

Performing inference on places365 dataset...
Computing metrics on places365 dataset...
FPR@95: 29.41, AUROC: 92.17 AUPR_IN: 82.60, AUPR_OUT: 97.29
──────────────────────────────────────────────────────────────────────

Computing mean metrics...
FPR@95: 13.18, AUROC: 96.81 AUPR_IN: 94.59, AUPR_OUT: 97.58
──────────────────────────────────────────────────────────────────────

           FPR@95  AUROC  AUPR_IN  AUPR_OUT   ACC
cifar100    46.10  87.97    88.11     86.61 95.22
tin         29.98  92.75    93.75     90.94 95.22
nearood     38.04  90.36    90.93     88.77 95.22
mnist        1.63  99.58    98.74     99.92 95.22
svhn         0.40  99.91    99.81     99.96 95.22
texture     21.27  95.57    97.22     93.17 95.22
places365   29.41  92.17    82.60     97.29 95.22
farood      13.18  96.81    94.59     97.58 95.22
[Timing] Eval:  243.3s

==================================================
Setting up RFFCLIPConcat OOD detector (ResNet + CLIP feature concat)...
  sigma=0.5  D=2048  alpha=0.05
  clip_backbone=ViT-B/16  score_mode=max
==================================================
[CLIPConcat] Loading CLIP ViT-B/16 with 10 classes (cifar10)...
Train: 50000 samples, feature_dim=2432
Val:   1000 samples
Per-class embedding norms (mean): 1.0000
Threshold at 5.0%: 13.8214
RFFCLIPConcat setup complete.

[Timing] Setup: 72.0s
Performing inference on cifar10 test set...
Processing near ood...
Performing inference on cifar100 dataset...
Computing metrics on cifar100 dataset...
FPR@95: 50.71, AUROC: 87.28 AUPR_IN: 87.02, AUPR_OUT: 86.36
──────────────────────────────────────────────────────────────────────

Performing inference on tin dataset...
Computing metrics on tin dataset...
FPR@95: 37.82, AUROC: 91.55 AUPR_IN: 92.66, AUPR_OUT: 89.77
──────────────────────────────────────────────────────────────────────

Computing mean metrics...
FPR@95: 44.27, AUROC: 89.41 AUPR_IN: 89.84, AUPR_OUT: 88.06
──────────────────────────────────────────────────────────────────────

Processing far ood...
Performing inference on mnist dataset...
Computing metrics on mnist dataset...
FPR@95: 1.99, AUROC: 99.48 AUPR_IN: 98.47, AUPR_OUT: 99.91
──────────────────────────────────────────────────────────────────────

Performing inference on svhn dataset...
Computing metrics on svhn dataset...
FPR@95: 0.76, AUROC: 99.85 AUPR_IN: 99.68, AUPR_OUT: 99.94
──────────────────────────────────────────────────────────────────────

Performing inference on texture dataset...
Computing metrics on texture dataset...
FPR@95: 26.90, AUROC: 94.19 AUPR_IN: 96.24, AUPR_OUT: 91.26
──────────────────────────────────────────────────────────────────────

Performing inference on places365 dataset...
Computing metrics on places365 dataset...
FPR@95: 35.30, AUROC: 91.22 AUPR_IN: 79.09, AUPR_OUT: 97.08
──────────────────────────────────────────────────────────────────────

Computing mean metrics...
FPR@95: 16.24, AUROC: 96.19 AUPR_IN: 93.37, AUPR_OUT: 97.05
──────────────────────────────────────────────────────────────────────

           FPR@95  AUROC  AUPR_IN  AUPR_OUT   ACC
cifar100    50.71  87.28    87.02     86.36 94.63
tin         37.82  91.55    92.66     89.77 94.63
nearood     44.27  89.41    89.84     88.06 94.63
mnist        1.99  99.48    98.47     99.91 94.63
svhn         0.76  99.85    99.68     99.94 94.63
texture     26.90  94.19    96.24     91.26 94.63
places365   35.30  91.22    79.09     97.08 94.63
farood      16.24  96.19    93.37     97.05 94.63
[Timing] Eval:  239.8s

==================================================
Setting up RFFCLIPConcat OOD detector (ResNet + CLIP feature concat)...
  sigma=0.5  D=2048  alpha=0.05
  clip_backbone=ViT-B/16  score_mode=max
==================================================
[CLIPConcat] Loading CLIP ViT-B/16 with 10 classes (cifar10)...
Train: 50000 samples, feature_dim=2432
Val:   1000 samples
Per-class embedding norms (mean): 1.0000
Threshold at 5.0%: 14.2831
RFFCLIPConcat setup complete.

[Timing] Setup: 72.4s
Performing inference on cifar10 test set...
Processing near ood...
Performing inference on cifar100 dataset...
Computing metrics on cifar100 dataset...
FPR@95: 48.87, AUROC: 88.56 AUPR_IN: 87.95, AUPR_OUT: 87.64
──────────────────────────────────────────────────────────────────────

Performing inference on tin dataset...
Computing metrics on tin dataset...
FPR@95: 28.60, AUROC: 93.16 AUPR_IN: 94.28, AUPR_OUT: 91.27
──────────────────────────────────────────────────────────────────────

Computing mean metrics...
FPR@95: 38.73, AUROC: 90.86 AUPR_IN: 91.11, AUPR_OUT: 89.46
──────────────────────────────────────────────────────────────────────

Processing far ood...
Performing inference on mnist dataset...
Computing metrics on mnist dataset...
FPR@95: 2.27, AUROC: 99.40 AUPR_IN: 98.17, AUPR_OUT: 99.89
──────────────────────────────────────────────────────────────────────

Performing inference on svhn dataset...
Computing metrics on svhn dataset...
FPR@95: 0.47, AUROC: 99.89 AUPR_IN: 99.77, AUPR_OUT: 99.95
──────────────────────────────────────────────────────────────────────

Performing inference on texture dataset...
Computing metrics on texture dataset...
FPR@95: 21.83, AUROC: 95.47 AUPR_IN: 96.98, AUPR_OUT: 93.41
──────────────────────────────────────────────────────────────────────

Performing inference on places365 dataset...
Computing metrics on places365 dataset...
FPR@95: 35.46, AUROC: 91.27 AUPR_IN: 78.87, AUPR_OUT: 97.06
──────────────────────────────────────────────────────────────────────

Computing mean metrics...
FPR@95: 15.01, AUROC: 96.51 AUPR_IN: 93.45, AUPR_OUT: 97.58
──────────────────────────────────────────────────────────────────────

           FPR@95  AUROC  AUPR_IN  AUPR_OUT   ACC
cifar100    48.87  88.56    87.95     87.64 95.32
tin         28.60  93.16    94.28     91.27 95.32
nearood     38.73  90.86    91.11     89.46 95.32
mnist        2.27  99.40    98.17     99.89 95.32
svhn         0.47  99.89    99.77     99.95 95.32
texture     21.83  95.47    96.98     93.41 95.32
places365   35.46  91.27    78.87     97.06 95.32
farood      15.01  96.51    93.45     97.58 95.32
[Timing] Eval:  240.6s

[Timing Summary]
  Setup: 78.1s ± 8.4s per seed
  Eval:  241.2s ± 1.5s per seed
  Total: 958.0s across 3 seeds
=== Done | Wed Apr 29 10:52:13 AM EDT 2026 ===
---------------------------------------
Begin Slurm Epilog: Apr-29-2026 10:52:13
Job ID:        5116884
Array Job ID:  5116861_0
User ID:       ksalzman3
Account:       coc
Job name:      rff_max_mlmx_cl
Resources:     cpu=4,gres/gpu:rtx_6000=1,mem=64G,node=1
Rsrc Used:     cput=01:14:40,vmem=0,walltime=00:18:40,mem=5656020K,energy_used=0
Partition:     ice-gpu
QOS:           coc-ice
Nodes:         atl1-1-01-005-5-0
---------------------------------------
