---------------------------------------
Begin Slurm Prolog: May-29-2026 15:11:42
Job ID:    5347102
User ID:   ksalzman3
Account:   coc
Job name:  rff_softmax_vw_mlpca_minmax_l1234_imagenet
Partition: ice-gpu
QOS:       coc-ice
---------------------------------------
=== rff_softmax_vw_mlpca_minmax_l1234 | imagenet | Fri May 29 03:11:49 PM EDT 2026 ===

==================================================
Setting up RFF Kernel Attention OOD detector...
  sigma (bandwidth): 0.5
  D (RFF dimension): 1024
  alpha (target FPR): 0.05
  feature_space: multilayer_pca
  normalize: True
  score_mode: softmax
  variance_weighted: True
==================================================
=== Done | Fri May 29 04:02:37 PM EDT 2026 ===
---------------------------------------
Begin Slurm Epilog: May-29-2026 16:02:37
Job ID:        5347102
User ID:       ksalzman3
Account:       coc
Job name:      rff_softmax_vw_mlpca_minmax_l1234_imagenet
Resources:     cpu=4,gres/gpu:a100=1,mem=64G,node=1
Rsrc Used:     cput=03:23:52,vmem=0,walltime=00:50:58,mem=67073412K,energy_used=0
Partition:     ice-gpu
QOS:           coc-ice
Nodes:         atl1-1-03-007-33-0
---------------------------------------
