---------------------------------------
Begin Slurm Prolog: Mar-21-2026 10:20:11
Job ID:    4511332
User ID:   ksalzman3
Account:   coc
Job name:  rff_max_vw_whiten_pc
Partition: ice-gpu
QOS:       coc-ice
---------------------------------------
=== rff_max_vw_whiten_pc | imagenet200 | Sat Mar 21 10:20:18 AM EDT 2026 ===

==================================================
Setting up RFF Kernel Attention OOD detector...
  sigma (bandwidth): 0.5
  D (RFF dimension): 1024
  alpha (target FPR): 0.05
  feature_space: penultimate
  normalize: True
  score_mode: max
  variance_weighted: True
==================================================
Extracted 258951 train features of dim 512
  Feature norm (mean): 15.6563
  Number of classes: 200
Extracted 1000 val features for threshold
Per-class embedding norms (mean): 0.1393
Per-class score variance (mean): 0.000018
Threshold (max) at 5.0%: 5.9419
Max threshold (for diagnostics) at 5.0%: 5.9419
RFF setup complete.

Starting automatic parameter search...
Hyperparam: [0.1, 512, 0.025], auroc: 0.493402155416903
Hyperparam: [0.5, 512, 0.025], auroc: 0.5455802609188882
Hyperparam: [1.0, 512, 0.025], auroc: 0.5277101531480431
Hyperparam: [2.0, 512, 0.025], auroc: 0.4382521270561543
Hyperparam: [0.1, 1024, 0.025], auroc: 0.5038743618831537
Hyperparam: [0.5, 1024, 0.025], auroc: 0.5197504254112308
Hyperparam: [1.0, 1024, 0.025], auroc: 0.5250391378332389
Hyperparam: [2.0, 1024, 0.025], auroc: 0.5435036868973342
Hyperparam: [0.1, 2048, 0.025], auroc: 0.495137266023823
Hyperparam: [0.5, 2048, 0.025], auroc: 0.49655870674985814
Hyperparam: [1.0, 2048, 0.025], auroc: 0.5366653431650595
Hyperparam: [2.0, 2048, 0.025], auroc: 0.48631196823596146
Hyperparam: [0.1, 512, 0.05], auroc: 0.5135456608054453
Hyperparam: [0.5, 512, 0.05], auroc: 0.5046293250141803
Hyperparam: [1.0, 512, 0.05], auroc: 0.570171866137266
Hyperparam: [2.0, 512, 0.05], auroc: 0.4840499149177538
Hyperparam: [0.1, 1024, 0.05], auroc: 0.48853006239364716
Hyperparam: [0.5, 1024, 0.05], auroc: 0.49996596710153146
Hyperparam: [1.0, 1024, 0.05], auroc: 0.4836469086783891
Hyperparam: [2.0, 1024, 0.05], auroc: 0.4555056721497447
Hyperparam: [0.1, 2048, 0.05], auroc: 0.5002404991491776
Hyperparam: [0.5, 2048, 0.05], auroc: 0.4923942144072603
Hyperparam: [1.0, 2048, 0.05], auroc: 0.5341993760635281
Hyperparam: [2.0, 2048, 0.05], auroc: 0.5508692569483835
Hyperparam: [0.1, 512, 0.1], auroc: 0.49693023255813956
Hyperparam: [0.5, 512, 0.1], auroc: 0.5144758933635848
Hyperparam: [1.0, 512, 0.1], auroc: 0.5263360748723767
Hyperparam: [2.0, 512, 0.1], auroc: 0.4833306863301191
Hyperparam: [0.1, 1024, 0.1], auroc: 0.4864662507090187
Hyperparam: [0.5, 1024, 0.1], auroc: 0.4796579693703914
Hyperparam: [1.0, 1024, 0.1], auroc: 0.5206046511627906
Hyperparam: [2.0, 1024, 0.1], auroc: 0.5126823596142938
Hyperparam: [0.1, 2048, 0.1], auroc: 0.514379466817924
Hyperparam: [0.5, 2048, 0.1], auroc: 0.5179421440726035
Hyperparam: [1.0, 2048, 0.1], auroc: 0.4943806012478729
Hyperparam: [2.0, 2048, 0.1], auroc: 0.4666769710720363
Final hyperparam: [1.0, 512, 0.05, True]
Performing inference on imagenet200 test set...
Processing near ood...
Performing inference on ssb_hard dataset...
Computing metrics on ssb_hard dataset...
FPR@95: 93.27, AUROC: 53.00 AUPR_IN: 17.04, AUPR_OUT: 85.97
──────────────────────────────────────────────────────────────────────

Performing inference on ninco dataset...
Computing metrics on ninco dataset...
FPR@95: 92.36, AUROC: 56.94 AUPR_IN: 65.51, AUPR_OUT: 46.34
──────────────────────────────────────────────────────────────────────

Computing mean metrics...
FPR@95: 92.81, AUROC: 54.97 AUPR_IN: 41.28, AUPR_OUT: 66.16
──────────────────────────────────────────────────────────────────────

Processing far ood...
Performing inference on inaturalist dataset...
Computing metrics on inaturalist dataset...
FPR@95: 86.16, AUROC: 64.43 AUPR_IN: 61.31, AUPR_OUT: 65.31
──────────────────────────────────────────────────────────────────────

Performing inference on textures dataset...
Computing metrics on textures dataset...
FPR@95: 95.32, AUROC: 49.96 AUPR_IN: 63.20, AUPR_OUT: 37.28
──────────────────────────────────────────────────────────────────────

Performing inference on openimage_o dataset...
Computing metrics on openimage_o dataset...
FPR@95: 93.48, AUROC: 56.01 AUPR_IN: 40.23, AUPR_OUT: 69.41
──────────────────────────────────────────────────────────────────────

Computing mean metrics...
FPR@95: 91.65, AUROC: 56.80 AUPR_IN: 54.91, AUPR_OUT: 57.33
──────────────────────────────────────────────────────────────────────

             FPR@95  AUROC  AUPR_IN  AUPR_OUT   ACC
ssb_hard      93.27  53.00    17.04     85.97 86.39
ninco         92.36  56.94    65.51     46.34 86.39
nearood       92.81  54.97    41.28     66.16 86.39
inaturalist   86.16  64.43    61.31     65.31 86.39
textures      95.32  49.96    63.20     37.28 86.39
openimage_o   93.48  56.01    40.23     69.41 86.39
farood        91.65  56.80    54.91     57.33 86.39

--- RFF Debug Plots → ./results/imagenet200_resnet18_224x224_base_e90_lr0.1_default/s0/diagnostics ---
  φ(x) stats per split:
  Score dist:
    id_test        : mean=21.4318, std=0.7330, n=9000
    ssb_hard       : mean=21.3452, std=0.7406, n=49000
    ninco          : mean=21.2460, std=0.7576, n=5879
    inaturalist    : mean=21.0524, std=0.7100, n=10000
    textures       : mean=21.4282, std=0.7620, n=5160
    openimage_o    : mean=21.2679, std=0.7766, n=15869
  Debug stats → ./results/imagenet200_resnet18_224x224_base_e90_lr0.1_default/s0/diagnostics/rff_debug_stats.csv

==================================================
Setting up RFF Kernel Attention OOD detector...
  sigma (bandwidth): 0.5
  D (RFF dimension): 1024
  alpha (target FPR): 0.05
  feature_space: penultimate
  normalize: True
  score_mode: max
  variance_weighted: True
==================================================
Extracted 258951 train features of dim 512
  Feature norm (mean): 15.5764
  Number of classes: 200
Extracted 1000 val features for threshold
Per-class embedding norms (mean): 0.1393
Per-class score variance (mean): 0.000018
Threshold (max) at 5.0%: 5.9874
Max threshold (for diagnostics) at 5.0%: 5.9874
RFF setup complete.

Starting automatic parameter search...
Hyperparam: [0.1, 512, 0.025], auroc: 0.5176486103233124
Hyperparam: [0.5, 512, 0.025], auroc: 0.48605246738513896
Hyperparam: [1.0, 512, 0.025], auroc: 0.5335280771412365
Hyperparam: [2.0, 512, 0.025], auroc: 0.5123374929098128
Hyperparam: [0.1, 1024, 0.025], auroc: 0.47776290414066935
Hyperparam: [0.5, 1024, 0.025], auroc: 0.5327078842881452
Hyperparam: [1.0, 1024, 0.025], auroc: 0.48755842314237097
Hyperparam: [2.0, 1024, 0.025], auroc: 0.5270153148043109
Hyperparam: [0.1, 2048, 0.025], auroc: 0.5068564946114578
Hyperparam: [0.5, 2048, 0.025], auroc: 0.5292716959727737
Hyperparam: [1.0, 2048, 0.025], auroc: 0.48611174134997165
Hyperparam: [2.0, 2048, 0.025], auroc: 0.47799517867271696
Hyperparam: [0.1, 512, 0.05], auroc: 0.4827782189449802
Hyperparam: [0.5, 512, 0.05], auroc: 0.521254112308565
Hyperparam: [1.0, 512, 0.05], auroc: 0.48881508791832107
Hyperparam: [2.0, 512, 0.05], auroc: 0.5601500283607488
Hyperparam: [0.1, 1024, 0.05], auroc: 0.49971894498014746
Hyperparam: [0.5, 1024, 0.05], auroc: 0.5167257515598411
Hyperparam: [1.0, 1024, 0.05], auroc: 0.5057197958026092
Hyperparam: [2.0, 1024, 0.05], auroc: 0.4785382870107771
Hyperparam: [0.1, 2048, 0.05], auroc: 0.5162223482699944
Hyperparam: [0.5, 2048, 0.05], auroc: 0.4719103800340329
Hyperparam: [1.0, 2048, 0.05], auroc: 0.4893213272830403
Hyperparam: [2.0, 2048, 0.05], auroc: 0.48478814520703345
Hyperparam: [0.1, 512, 0.1], auroc: 0.4860646625070902
Hyperparam: [0.5, 512, 0.1], auroc: 0.4465490640952921
Hyperparam: [1.0, 512, 0.1], auroc: 0.5558193420306297
Hyperparam: [2.0, 512, 0.1], auroc: 0.46493477027793534
Hyperparam: [0.1, 1024, 0.1], auroc: 0.5190916052183778
Hyperparam: [0.5, 1024, 0.1], auroc: 0.5043647192285876
Hyperparam: [1.0, 1024, 0.1], auroc: 0.5417702779353375
Hyperparam: [2.0, 1024, 0.1], auroc: 0.45914917753828705
Hyperparam: [0.1, 2048, 0.1], auroc: 0.5054146341463415
Hyperparam: [0.5, 2048, 0.1], auroc: 0.49694469653998863
Hyperparam: [1.0, 2048, 0.1], auroc: 0.4940340328984685
Hyperparam: [2.0, 2048, 0.1], auroc: 0.5299778786159954
Final hyperparam: [2.0, 512, 0.05, True]
Performing inference on imagenet200 test set...
Processing near ood...
Performing inference on ssb_hard dataset...
Computing metrics on ssb_hard dataset...
FPR@95: 95.48, AUROC: 47.50 AUPR_IN: 14.79, AUPR_OUT: 83.33
──────────────────────────────────────────────────────────────────────

Performing inference on ninco dataset...
Computing metrics on ninco dataset...
FPR@95: 93.13, AUROC: 51.52 AUPR_IN: 62.75, AUPR_OUT: 39.93
──────────────────────────────────────────────────────────────────────

Computing mean metrics...
FPR@95: 94.31, AUROC: 49.51 AUPR_IN: 38.77, AUPR_OUT: 61.63
──────────────────────────────────────────────────────────────────────

Processing far ood...
Performing inference on inaturalist dataset...
Computing metrics on inaturalist dataset...
FPR@95: 89.81, AUROC: 55.73 AUPR_IN: 54.32, AUPR_OUT: 55.77
──────────────────────────────────────────────────────────────────────

Performing inference on textures dataset...
Computing metrics on textures dataset...
FPR@95: 96.76, AUROC: 46.78 AUPR_IN: 60.52, AUPR_OUT: 34.88
──────────────────────────────────────────────────────────────────────

Performing inference on openimage_o dataset...
Computing metrics on openimage_o dataset...
FPR@95: 93.52, AUROC: 50.28 AUPR_IN: 37.59, AUPR_OUT: 63.26
──────────────────────────────────────────────────────────────────────

Computing mean metrics...
FPR@95: 93.36, AUROC: 50.93 AUPR_IN: 50.81, AUPR_OUT: 51.30
──────────────────────────────────────────────────────────────────────

             FPR@95  AUROC  AUPR_IN  AUPR_OUT   ACC
ssb_hard      95.48  47.50    14.79     83.33 86.46
ninco         93.13  51.52    62.75     39.93 86.46
nearood       94.31  49.51    38.77     61.63 86.46
inaturalist   89.81  55.73    54.32     55.77 86.46
textures      96.76  46.78    60.52     34.88 86.46
openimage_o   93.52  50.28    37.59     63.26 86.46
farood        93.36  50.93    50.81     51.30 86.46

--- RFF Debug Plots → ./results/imagenet200_resnet18_224x224_base_e90_lr0.1_default/s1/diagnostics ---
  φ(x) stats per split:
  Score dist:
    id_test        : mean=55.9122, std=0.8333, n=9000
    ssb_hard       : mean=55.9808, std=0.8163, n=49000
    ninco          : mean=55.8635, std=0.7785, n=5879
    inaturalist    : mean=55.7472, std=0.7404, n=10000
    textures       : mean=56.0138, std=0.8906, n=5160
    openimage_o    : mean=55.8988, std=0.7783, n=15869
  Debug stats → ./results/imagenet200_resnet18_224x224_base_e90_lr0.1_default/s1/diagnostics/rff_debug_stats.csv

==================================================
Setting up RFF Kernel Attention OOD detector...
  sigma (bandwidth): 0.5
  D (RFF dimension): 1024
  alpha (target FPR): 0.05
  feature_space: penultimate
  normalize: True
  score_mode: max
  variance_weighted: True
==================================================
Extracted 258951 train features of dim 512
  Feature norm (mean): 15.6763
  Number of classes: 200
Extracted 1000 val features for threshold
Per-class embedding norms (mean): 0.1374
Per-class score variance (mean): 0.000018
Threshold (max) at 5.0%: 5.9314
Max threshold (for diagnostics) at 5.0%: 5.9314
RFF setup complete.

Starting automatic parameter search...
Hyperparam: [0.1, 512, 0.025], auroc: 0.4952280204197391
Hyperparam: [0.5, 512, 0.025], auroc: 0.5286613726602383
Hyperparam: [1.0, 512, 0.025], auroc: 0.5370215541690301
Hyperparam: [2.0, 512, 0.025], auroc: 0.5278845717526943
Hyperparam: [0.1, 1024, 0.025], auroc: 0.5173720930232558
Hyperparam: [0.5, 1024, 0.025], auroc: 0.5060666477595008
Hyperparam: [1.0, 1024, 0.025], auroc: 0.44172490073737947
Hyperparam: [2.0, 1024, 0.025], auroc: 0.5409835507657402
Hyperparam: [0.1, 2048, 0.025], auroc: 0.4924242768009075
Hyperparam: [0.5, 2048, 0.025], auroc: 0.5162731140102098
Hyperparam: [1.0, 2048, 0.025], auroc: 0.5089662507090187
Hyperparam: [2.0, 2048, 0.025], auroc: 0.5275269427112876
Hyperparam: [0.1, 512, 0.05], auroc: 0.5096471922858763
Hyperparam: [0.5, 512, 0.05], auroc: 0.4866715825297788
Hyperparam: [1.0, 512, 0.05], auroc: 0.43485365853658536
Hyperparam: [2.0, 512, 0.05], auroc: 0.5067144072603517
Hyperparam: [0.1, 1024, 0.05], auroc: 0.5029395916052184
Hyperparam: [0.5, 1024, 0.05], auroc: 0.4863216108905275
Hyperparam: [1.0, 1024, 0.05], auroc: 0.535378332387975
Hyperparam: [2.0, 1024, 0.05], auroc: 0.5501525808281338
Hyperparam: [0.1, 2048, 0.05], auroc: 0.4942007941009643
Hyperparam: [0.5, 2048, 0.05], auroc: 0.5265862166761203
Hyperparam: [1.0, 2048, 0.05], auroc: 0.46404424276800915
Hyperparam: [2.0, 2048, 0.05], auroc: 0.5430774248440159
Hyperparam: [0.1, 512, 0.1], auroc: 0.5037138400453772
Hyperparam: [0.5, 512, 0.1], auroc: 0.5013312535450936
Hyperparam: [1.0, 512, 0.1], auroc: 0.5416330119115144
Hyperparam: [2.0, 512, 0.1], auroc: 0.5600099262620533
Hyperparam: [0.1, 1024, 0.1], auroc: 0.5015541690300623
Hyperparam: [0.5, 1024, 0.1], auroc: 0.5209778786159955
Hyperparam: [1.0, 1024, 0.1], auroc: 0.5076435053885422
Hyperparam: [2.0, 1024, 0.1], auroc: 0.4669010209869541
Hyperparam: [0.1, 2048, 0.1], auroc: 0.4934288145207033
Hyperparam: [0.5, 2048, 0.1], auroc: 0.4673692569483834
Hyperparam: [1.0, 2048, 0.1], auroc: 0.53457288712422
Hyperparam: [2.0, 2048, 0.1], auroc: 0.5491219512195122
Final hyperparam: [2.0, 512, 0.1, True]
Performing inference on imagenet200 test set...
Processing near ood...
Performing inference on ssb_hard dataset...
Computing metrics on ssb_hard dataset...
FPR@95: 94.20, AUROC: 52.21 AUPR_IN: 16.49, AUPR_OUT: 85.23
──────────────────────────────────────────────────────────────────────

Performing inference on ninco dataset...
Computing metrics on ninco dataset...
FPR@95: 94.29, AUROC: 50.98 AUPR_IN: 61.31, AUPR_OUT: 40.40
──────────────────────────────────────────────────────────────────────

Computing mean metrics...
FPR@95: 94.24, AUROC: 51.59 AUPR_IN: 38.90, AUPR_OUT: 62.81
──────────────────────────────────────────────────────────────────────

Processing far ood...
Performing inference on inaturalist dataset...
Computing metrics on inaturalist dataset...
FPR@95: 95.21, AUROC: 52.32 AUPR_IN: 48.02, AUPR_OUT: 56.87
──────────────────────────────────────────────────────────────────────

Performing inference on textures dataset...
Computing metrics on textures dataset...
FPR@95: 91.54, AUROC: 54.51 AUPR_IN: 67.64, AUPR_OUT: 39.15
──────────────────────────────────────────────────────────────────────

Performing inference on openimage_o dataset...
Computing metrics on openimage_o dataset...
FPR@95: 93.88, AUROC: 51.92 AUPR_IN: 37.90, AUPR_OUT: 65.62
──────────────────────────────────────────────────────────────────────

Computing mean metrics...
FPR@95: 93.54, AUROC: 52.92 AUPR_IN: 51.19, AUPR_OUT: 53.88
──────────────────────────────────────────────────────────────────────

             FPR@95  AUROC  AUPR_IN  AUPR_OUT   ACC
ssb_hard      94.20  52.21    16.49     85.23 86.27
ninco         94.29  50.98    61.31     40.40 86.27
nearood       94.24  51.59    38.90     62.81 86.27
inaturalist   95.21  52.32    48.02     56.87 86.27
textures      91.54  54.51    67.64     39.15 86.27
openimage_o   93.88  51.92    37.90     65.62 86.27
farood        93.54  52.92    51.19     53.88 86.27

--- RFF Debug Plots → ./results/imagenet200_resnet18_224x224_base_e90_lr0.1_default/s2/diagnostics ---
  φ(x) stats per split:
  Score dist:
    id_test        : mean=55.9913, std=0.8324, n=9000
    ssb_hard       : mean=55.9306, std=0.8235, n=49000
    ninco          : mean=55.9599, std=0.8332, n=5879
    inaturalist    : mean=55.9075, std=0.9277, n=10000
    textures       : mean=55.8621, std=0.7884, n=5160
    openimage_o    : mean=55.9266, std=0.8370, n=15869
  Debug stats → ./results/imagenet200_resnet18_224x224_base_e90_lr0.1_default/s2/diagnostics/rff_debug_stats.csv
=== Done | Sat Mar 21 11:32:40 AM EDT 2026 ===
---------------------------------------
Begin Slurm Epilog: Mar-21-2026 11:32:40
Job ID:        4511332
Array Job ID:  4511332_2
User ID:       ksalzman3
Account:       coc
Job name:      rff_max_vw_whiten_pc
Resources:     cpu=4,gres/gpu:rtx_6000=1,mem=32G,node=1
Rsrc Used:     cput=00:43:00,vmem=0,walltime=00:10:45,mem=3925084K,energy_used=0
Partition:     ice-gpu
QOS:           coc-ice
Nodes:         atl1-1-01-005-5-0
---------------------------------------
