---------------------------------------
Begin Slurm Prolog: Apr-29-2026 10:34:03
Job ID:    5116889
User ID:   ksalzman3
Account:   coc
Job name:  rff_pa_mlmx_cl
Partition: ice-gpu
QOS:       coc-ice
---------------------------------------
=== rff_predictor_aware_vw_mlminmax_clip | cifar100 | Wed Apr 29 10:34:10 AM EDT 2026 ===

==================================================
Setting up RFFCLIPConcat OOD detector (ResNet + CLIP feature concat)...
  sigma=0.5  D=2048  alpha=0.05
  clip_backbone=ViT-B/16  score_mode=predictor_aware
==================================================
[CLIPConcat] Loading CLIP ViT-B/16 with 100 classes (cifar100)...
Train: 50000 samples, feature_dim=2432
Val:   1000 samples
Per-class embedding norms (mean): 1.0000
Threshold at 5.0%: 7.6844
RFFCLIPConcat setup complete.

[Timing] Setup: 58.2s
Performing inference on cifar100 test set...
Processing near ood...
Performing inference on cifar10 dataset...
Computing metrics on cifar10 dataset...
FPR@95: 75.19, AUROC: 76.99 AUPR_IN: 73.24, AUPR_OUT: 76.84
──────────────────────────────────────────────────────────────────────

Performing inference on tin dataset...
Computing metrics on tin dataset...
FPR@95: 47.94, AUROC: 86.01 AUPR_IN: 89.99, AUPR_OUT: 79.39
──────────────────────────────────────────────────────────────────────

Computing mean metrics...
FPR@95: 61.57, AUROC: 81.50 AUPR_IN: 81.62, AUPR_OUT: 78.11
──────────────────────────────────────────────────────────────────────

Processing far ood...
Performing inference on mnist dataset...
Computing metrics on mnist dataset...
FPR@95: 13.29, AUROC: 97.16 AUPR_IN: 90.42, AUPR_OUT: 99.52
──────────────────────────────────────────────────────────────────────

Performing inference on svhn dataset...
Computing metrics on svhn dataset...
FPR@95: 4.07, AUROC: 99.23 AUPR_IN: 98.15, AUPR_OUT: 99.72
──────────────────────────────────────────────────────────────────────

Performing inference on texture dataset...
Computing metrics on texture dataset...
FPR@95: 46.70, AUROC: 88.15 AUPR_IN: 91.96, AUPR_OUT: 82.74
──────────────────────────────────────────────────────────────────────

Performing inference on places365 dataset...
Computing metrics on places365 dataset...
FPR@95: 63.28, AUROC: 79.51 AUPR_IN: 56.84, AUPR_OUT: 92.23
──────────────────────────────────────────────────────────────────────

Computing mean metrics...
FPR@95: 31.83, AUROC: 91.01 AUPR_IN: 84.35, AUPR_OUT: 93.55
──────────────────────────────────────────────────────────────────────

           FPR@95  AUROC  AUPR_IN  AUPR_OUT   ACC
cifar10     75.19  76.99    73.24     76.84 77.17
tin         47.94  86.01    89.99     79.39 77.17
nearood     61.57  81.50    81.62     78.11 77.17
mnist       13.29  97.16    90.42     99.52 77.17
svhn         4.07  99.23    98.15     99.72 77.17
texture     46.70  88.15    91.96     82.74 77.17
places365   63.28  79.51    56.84     92.23 77.17
farood      31.83  91.01    84.35     93.55 77.17
[Timing] Eval:  134.0s

==================================================
Setting up RFFCLIPConcat OOD detector (ResNet + CLIP feature concat)...
  sigma=0.5  D=2048  alpha=0.05
  clip_backbone=ViT-B/16  score_mode=predictor_aware
==================================================
[CLIPConcat] Loading CLIP ViT-B/16 with 100 classes (cifar100)...
Train: 50000 samples, feature_dim=2432
Val:   1000 samples
Per-class embedding norms (mean): 1.0000
Threshold at 5.0%: 7.4658
RFFCLIPConcat setup complete.

[Timing] Setup: 38.0s
Performing inference on cifar100 test set...
Processing near ood...
Performing inference on cifar10 dataset...
Computing metrics on cifar10 dataset...
FPR@95: 75.99, AUROC: 75.64 AUPR_IN: 72.71, AUPR_OUT: 75.28
──────────────────────────────────────────────────────────────────────

Performing inference on tin dataset...
Computing metrics on tin dataset...
FPR@95: 51.93, AUROC: 84.99 AUPR_IN: 88.96, AUPR_OUT: 78.42
──────────────────────────────────────────────────────────────────────

Computing mean metrics...
FPR@95: 63.96, AUROC: 80.32 AUPR_IN: 80.84, AUPR_OUT: 76.85
──────────────────────────────────────────────────────────────────────

Processing far ood...
Performing inference on mnist dataset...
Computing metrics on mnist dataset...
FPR@95: 20.73, AUROC: 95.10 AUPR_IN: 84.33, AUPR_OUT: 99.09
──────────────────────────────────────────────────────────────────────

Performing inference on svhn dataset...
Computing metrics on svhn dataset...
FPR@95: 7.76, AUROC: 98.66 AUPR_IN: 97.01, AUPR_OUT: 99.50
──────────────────────────────────────────────────────────────────────

Performing inference on texture dataset...
Computing metrics on texture dataset...
FPR@95: 47.27, AUROC: 87.73 AUPR_IN: 91.91, AUPR_OUT: 81.65
──────────────────────────────────────────────────────────────────────

Performing inference on places365 dataset...
Computing metrics on places365 dataset...
FPR@95: 57.81, AUROC: 82.16 AUPR_IN: 61.81, AUPR_OUT: 93.34
──────────────────────────────────────────────────────────────────────

Computing mean metrics...
FPR@95: 33.39, AUROC: 90.91 AUPR_IN: 83.76, AUPR_OUT: 93.39
──────────────────────────────────────────────────────────────────────

           FPR@95  AUROC  AUPR_IN  AUPR_OUT   ACC
cifar10     75.99  75.64    72.71     75.28 77.39
tin         51.93  84.99    88.96     78.42 77.39
nearood     63.96  80.32    80.84     76.85 77.39
mnist       20.73  95.10    84.33     99.09 77.39
svhn         7.76  98.66    97.01     99.50 77.39
texture     47.27  87.73    91.91     81.65 77.39
places365   57.81  82.16    61.81     93.34 77.39
farood      33.39  90.91    83.76     93.39 77.39
[Timing] Eval:  118.8s

==================================================
Setting up RFFCLIPConcat OOD detector (ResNet + CLIP feature concat)...
  sigma=0.5  D=2048  alpha=0.05
  clip_backbone=ViT-B/16  score_mode=predictor_aware
==================================================
[CLIPConcat] Loading CLIP ViT-B/16 with 100 classes (cifar100)...
Train: 50000 samples, feature_dim=2432
Val:   1000 samples
Per-class embedding norms (mean): 1.0000
Threshold at 5.0%: 7.6730
RFFCLIPConcat setup complete.

[Timing] Setup: 38.1s
Performing inference on cifar100 test set...
Processing near ood...
Performing inference on cifar10 dataset...
Computing metrics on cifar10 dataset...
FPR@95: 79.40, AUROC: 75.98 AUPR_IN: 71.47, AUPR_OUT: 76.08
──────────────────────────────────────────────────────────────────────

Performing inference on tin dataset...
Computing metrics on tin dataset...
FPR@95: 52.23, AUROC: 84.30 AUPR_IN: 88.51, AUPR_OUT: 76.65
──────────────────────────────────────────────────────────────────────

Computing mean metrics...
FPR@95: 65.82, AUROC: 80.14 AUPR_IN: 79.99, AUPR_OUT: 76.36
──────────────────────────────────────────────────────────────────────

Processing far ood...
Performing inference on mnist dataset...
Computing metrics on mnist dataset...
FPR@95: 12.29, AUROC: 97.48 AUPR_IN: 90.33, AUPR_OUT: 99.61
──────────────────────────────────────────────────────────────────────

Performing inference on svhn dataset...
Computing metrics on svhn dataset...
FPR@95: 3.31, AUROC: 99.36 AUPR_IN: 98.53, AUPR_OUT: 99.75
──────────────────────────────────────────────────────────────────────

Performing inference on texture dataset...
Computing metrics on texture dataset...
FPR@95: 49.48, AUROC: 86.89 AUPR_IN: 91.25, AUPR_OUT: 80.46
──────────────────────────────────────────────────────────────────────

Performing inference on places365 dataset...
Computing metrics on places365 dataset...
FPR@95: 59.03, AUROC: 81.46 AUPR_IN: 60.41, AUPR_OUT: 93.13
──────────────────────────────────────────────────────────────────────

Computing mean metrics...
FPR@95: 31.03, AUROC: 91.30 AUPR_IN: 85.13, AUPR_OUT: 93.24
──────────────────────────────────────────────────────────────────────

           FPR@95  AUROC  AUPR_IN  AUPR_OUT   ACC
cifar10     79.40  75.98    71.47     76.08 77.20
tin         52.23  84.30    88.51     76.65 77.20
nearood     65.82  80.14    79.99     76.36 77.20
mnist       12.29  97.48    90.33     99.61 77.20
svhn         3.31  99.36    98.53     99.75 77.20
texture     49.48  86.89    91.25     80.46 77.20
places365   59.03  81.46    60.41     93.13 77.20
farood      31.03  91.30    85.13     93.24 77.20
[Timing] Eval:  118.6s

[Timing Summary]
  Setup: 44.8s ± 9.5s per seed
  Eval:  123.8s ± 7.2s per seed
  Total: 505.7s across 3 seeds
=== Done | Wed Apr 29 10:44:36 AM EDT 2026 ===
---------------------------------------
Begin Slurm Epilog: Apr-29-2026 10:44:36
Job ID:        5116889
Array Job ID:  5116863_1
User ID:       ksalzman3
Account:       coc
Job name:      rff_pa_mlmx_cl
Resources:     cpu=4,gres/gpu:l40s=1,mem=64G,node=1
Rsrc Used:     cput=00:42:12,vmem=0,walltime=00:10:33,mem=6838824K,energy_used=0
Partition:     ice-gpu
QOS:           coc-ice
Nodes:         atl1-1-03-004-27-0
---------------------------------------
