---------------------------------------
Begin Slurm Prolog: Apr-23-2026 01:43:06
Job ID:    5045914
User ID:   ksalzman3
Account:   coc
Job name:  rff_max_vw_clip
Partition: ice-gpu
QOS:       coc-ice
---------------------------------------
=== rff_max_vw_clip | cifar100 | Thu Apr 23 01:43:12 AM EDT 2026 ===

==================================================
Setting up RFF Kernel Attention OOD detector...
  sigma (bandwidth): 0.5
  D (RFF dimension): 2048
  alpha (target FPR): 0.05
  feature_space: penultimate
  normalize: True
  score_mode: max
  variance_weighted: True
==================================================
Extracted 50000 train features of dim 512
  Feature norm (mean): 12.7759
  Number of classes: 100
Extracted 1000 val features for threshold
Per-class embedding norms (mean): 1.0000
Per-class score variance (mean): 0.007440
Threshold (max) at 5.0%: 4.0676
Max threshold (for diagnostics) at 5.0%: 4.0676
RFF setup complete.

[RFFClip] Loading CLIP ViT-B/16 with 100 classes (cifar100)...
Starting automatic parameter search...
Hyperparam: [0.0], auroc: 0.7548055555555555
Hyperparam: [0.1], auroc: 0.7771718106995884
Hyperparam: [0.2], auroc: 0.7977438271604939
Hyperparam: [0.3], auroc: 0.8141769547325103
Hyperparam: [0.4], auroc: 0.8252139917695472
Hyperparam: [0.5], auroc: 0.8297880658436214
Hyperparam: [0.6], auroc: 0.8290637860082305
Hyperparam: [0.7], auroc: 0.8232098765432099
Hyperparam: [0.8], auroc: 0.8134969135802469
Hyperparam: [0.9], auroc: 0.800383744855967
Hyperparam: [1.0], auroc: 0.7853935185185185
Final hyperparam: [0.5]
[Timing] Setup: 74.8s
Performing inference on cifar100 test set...
Processing near ood...
Performing inference on cifar10 dataset...
Computing metrics on cifar10 dataset...
FPR@95: 66.63, AUROC: 76.07 AUPR_IN: 76.20, AUPR_OUT: 72.50
──────────────────────────────────────────────────────────────────────

Performing inference on tin dataset...
Computing metrics on tin dataset...
FPR@95: 56.08, AUROC: 81.66 AUPR_IN: 87.05, AUPR_OUT: 70.68
──────────────────────────────────────────────────────────────────────

Computing mean metrics...
FPR@95: 61.36, AUROC: 78.87 AUPR_IN: 81.62, AUPR_OUT: 71.59
──────────────────────────────────────────────────────────────────────

Processing far ood...
Performing inference on mnist dataset...
Computing metrics on mnist dataset...
FPR@95: 42.19, AUROC: 85.89 AUPR_IN: 66.08, AUPR_OUT: 96.97
──────────────────────────────────────────────────────────────────────

Performing inference on svhn dataset...
Computing metrics on svhn dataset...
FPR@95: 32.07, AUROC: 89.68 AUPR_IN: 83.83, AUPR_OUT: 94.37
──────────────────────────────────────────────────────────────────────

Performing inference on texture dataset...
Computing metrics on texture dataset...
FPR@95: 41.89, AUROC: 87.56 AUPR_IN: 92.48, AUPR_OUT: 76.81
──────────────────────────────────────────────────────────────────────

Performing inference on places365 dataset...
Computing metrics on places365 dataset...
FPR@95: 58.86, AUROC: 81.41 AUPR_IN: 60.18, AUPR_OUT: 92.66
──────────────────────────────────────────────────────────────────────

Computing mean metrics...
FPR@95: 43.75, AUROC: 86.14 AUPR_IN: 75.64, AUPR_OUT: 90.20
──────────────────────────────────────────────────────────────────────

           FPR@95  AUROC  AUPR_IN  AUPR_OUT   ACC
cifar10     66.63  76.07    76.20     72.50 77.18
tin         56.08  81.66    87.05     70.68 77.18
nearood     61.36  78.87    81.62     71.59 77.18
mnist       42.19  85.89    66.08     96.97 77.18
svhn        32.07  89.68    83.83     94.37 77.18
texture     41.89  87.56    92.48     76.81 77.18
places365   58.86  81.41    60.18     92.66 77.18
farood      43.75  86.14    75.64     90.20 77.18
[Timing] Eval:  106.6s

==================================================
Setting up RFF Kernel Attention OOD detector...
  sigma (bandwidth): 0.5
  D (RFF dimension): 2048
  alpha (target FPR): 0.05
  feature_space: penultimate
  normalize: True
  score_mode: max
  variance_weighted: True
==================================================
Extracted 50000 train features of dim 512
  Feature norm (mean): 12.8981
  Number of classes: 100
Extracted 1000 val features for threshold
Per-class embedding norms (mean): 1.0000
Per-class score variance (mean): 0.007233
Threshold (max) at 5.0%: 3.9640
Max threshold (for diagnostics) at 5.0%: 3.9640
RFF setup complete.

[RFFClip] Loading CLIP ViT-B/16 with 100 classes (cifar100)...
Starting automatic parameter search...
Hyperparam: [0.0], auroc: 0.7740761316872427
Hyperparam: [0.1], auroc: 0.7959742798353908
Hyperparam: [0.2], auroc: 0.8158127572016461
Hyperparam: [0.3], auroc: 0.8312150205761317
Hyperparam: [0.4], auroc: 0.839877572016461
Hyperparam: [0.5], auroc: 0.8417829218106997
Hyperparam: [0.6], auroc: 0.8376265432098766
Hyperparam: [0.7], auroc: 0.8293230452674897
Hyperparam: [0.8], auroc: 0.8171831275720165
Hyperparam: [0.9], auroc: 0.8021851851851851
Hyperparam: [1.0], auroc: 0.7853935185185185
Final hyperparam: [0.5]
[Timing] Setup: 27.9s
Performing inference on cifar100 test set...
Processing near ood...
Performing inference on cifar10 dataset...
Computing metrics on cifar10 dataset...
FPR@95: 66.03, AUROC: 75.69 AUPR_IN: 75.71, AUPR_OUT: 72.13
──────────────────────────────────────────────────────────────────────

Performing inference on tin dataset...
Computing metrics on tin dataset...
FPR@95: 54.21, AUROC: 82.18 AUPR_IN: 87.48, AUPR_OUT: 71.65
──────────────────────────────────────────────────────────────────────

Computing mean metrics...
FPR@95: 60.12, AUROC: 78.93 AUPR_IN: 81.59, AUPR_OUT: 71.89
──────────────────────────────────────────────────────────────────────

Processing far ood...
Performing inference on mnist dataset...
Computing metrics on mnist dataset...
FPR@95: 37.97, AUROC: 87.46 AUPR_IN: 69.22, AUPR_OUT: 97.29
──────────────────────────────────────────────────────────────────────

Performing inference on svhn dataset...
Computing metrics on svhn dataset...
FPR@95: 36.72, AUROC: 88.03 AUPR_IN: 81.64, AUPR_OUT: 93.32
──────────────────────────────────────────────────────────────────────

Performing inference on texture dataset...
Computing metrics on texture dataset...
FPR@95: 42.50, AUROC: 86.97 AUPR_IN: 92.21, AUPR_OUT: 75.99
──────────────────────────────────────────────────────────────────────

Performing inference on places365 dataset...
Computing metrics on places365 dataset...
FPR@95: 57.92, AUROC: 81.50 AUPR_IN: 60.94, AUPR_OUT: 92.66
──────────────────────────────────────────────────────────────────────

Computing mean metrics...
FPR@95: 43.78, AUROC: 85.99 AUPR_IN: 76.00, AUPR_OUT: 89.82
──────────────────────────────────────────────────────────────────────

           FPR@95  AUROC  AUPR_IN  AUPR_OUT   ACC
cifar10     66.03  75.69    75.71     72.13 77.38
tin         54.21  82.18    87.48     71.65 77.38
nearood     60.12  78.93    81.59     71.89 77.38
mnist       37.97  87.46    69.22     97.29 77.38
svhn        36.72  88.03    81.64     93.32 77.38
texture     42.50  86.97    92.21     75.99 77.38
places365   57.92  81.50    60.94     92.66 77.38
farood      43.78  85.99    76.00     89.82 77.38
[Timing] Eval:  55.9s

==================================================
Setting up RFF Kernel Attention OOD detector...
  sigma (bandwidth): 0.5
  D (RFF dimension): 2048
  alpha (target FPR): 0.05
  feature_space: penultimate
  normalize: True
  score_mode: max
  variance_weighted: True
==================================================
Extracted 50000 train features of dim 512
  Feature norm (mean): 12.9292
  Number of classes: 100
Extracted 1000 val features for threshold
Per-class embedding norms (mean): 1.0000
Per-class score variance (mean): 0.007370
Threshold (max) at 5.0%: 4.0379
Max threshold (for diagnostics) at 5.0%: 4.0379
RFF setup complete.

[RFFClip] Loading CLIP ViT-B/16 with 100 classes (cifar100)...
Starting automatic parameter search...
Hyperparam: [0.0], auroc: 0.711261316872428
Hyperparam: [0.1], auroc: 0.7365061728395061
Hyperparam: [0.2], auroc: 0.7616707818930042
Hyperparam: [0.3], auroc: 0.7837345679012345
Hyperparam: [0.4], auroc: 0.7998765432098764
Hyperparam: [0.5], auroc: 0.8094279835390947
Hyperparam: [0.6], auroc: 0.8127427983539095
Hyperparam: [0.7], auroc: 0.8109300411522633
Hyperparam: [0.8], auroc: 0.8052479423868314
Hyperparam: [0.9], auroc: 0.7962952674897119
Hyperparam: [1.0], auroc: 0.7853935185185185
Final hyperparam: [0.6]
[Timing] Setup: 28.4s
Performing inference on cifar100 test set...
Processing near ood...
Performing inference on cifar10 dataset...
Computing metrics on cifar10 dataset...
FPR@95: 66.52, AUROC: 75.80 AUPR_IN: 75.77, AUPR_OUT: 72.34
──────────────────────────────────────────────────────────────────────

Performing inference on tin dataset...
Computing metrics on tin dataset...
FPR@95: 55.74, AUROC: 81.53 AUPR_IN: 86.80, AUPR_OUT: 70.84
──────────────────────────────────────────────────────────────────────

Computing mean metrics...
FPR@95: 61.13, AUROC: 78.66 AUPR_IN: 81.29, AUPR_OUT: 71.59
──────────────────────────────────────────────────────────────────────

Processing far ood...
Performing inference on mnist dataset...
Computing metrics on mnist dataset...
FPR@95: 33.56, AUROC: 88.39 AUPR_IN: 72.81, AUPR_OUT: 97.35
──────────────────────────────────────────────────────────────────────

Performing inference on svhn dataset...
Computing metrics on svhn dataset...
FPR@95: 29.51, AUROC: 89.80 AUPR_IN: 85.23, AUPR_OUT: 93.97
──────────────────────────────────────────────────────────────────────

Performing inference on texture dataset...
Computing metrics on texture dataset...
FPR@95: 39.37, AUROC: 87.55 AUPR_IN: 92.58, AUPR_OUT: 76.49
──────────────────────────────────────────────────────────────────────

Performing inference on places365 dataset...
Computing metrics on places365 dataset...
FPR@95: 58.40, AUROC: 81.30 AUPR_IN: 60.74, AUPR_OUT: 92.63
──────────────────────────────────────────────────────────────────────

Computing mean metrics...
FPR@95: 40.21, AUROC: 86.76 AUPR_IN: 77.84, AUPR_OUT: 90.11
──────────────────────────────────────────────────────────────────────

           FPR@95  AUROC  AUPR_IN  AUPR_OUT   ACC
cifar10     66.52  75.80    75.77     72.34 77.20
tin         55.74  81.53    86.80     70.84 77.20
nearood     61.13  78.66    81.29     71.59 77.20
mnist       33.56  88.39    72.81     97.35 77.20
svhn        29.51  89.80    85.23     93.97 77.20
texture     39.37  87.55    92.58     76.49 77.20
places365   58.40  81.30    60.74     92.63 77.20
farood      40.21  86.76    77.84     90.11 77.20
[Timing] Eval:  54.9s

[Timing Summary]
  Setup: 43.7s ± 22.0s per seed
  Eval:  72.5s ± 24.1s per seed
  Total: 348.5s across 3 seeds
=== Done | Thu Apr 23 01:51:07 AM EDT 2026 ===
---------------------------------------
Begin Slurm Epilog: Apr-23-2026 01:51:07
Job ID:        5045914
Array Job ID:  5040273_1
User ID:       ksalzman3
Account:       coc
Job name:      rff_max_vw_clip
Resources:     cpu=4,gres/gpu:h100=1,mem=48G,node=1
Rsrc Used:     cput=00:32:08,vmem=0,walltime=00:08:02,mem=6426748K,energy_used=0
Partition:     ice-gpu
QOS:           coc-ice
Nodes:         atl1-1-03-012-28-0
---------------------------------------
