---------------------------------------
Begin Slurm Prolog: May-28-2026 15:31:06
Job ID:    5340635
User ID:   ksalzman3
Account:   coc
Job name:  rff_sm_mlminmax
Partition: ice-gpu
QOS:       coc-ice
---------------------------------------
=== rff_softmax_vw_mlminmax | imagenet200 | Thu May 28 03:31:12 PM EDT 2026 ===
Postprocessor_name is ignored because postprocessor is passed
[Timing] Setup: 1.1s
Loaded pre-computed scores from file.
Processing near ood...
Inference has been performed on ssb_hard dataset...
Computing metrics on ssb_hard dataset...
FPR@95: 79.73, AUROC: 78.07 AUPR_IN: 35.70, AUPR_OUT: 94.63
──────────────────────────────────────────────────────────────────────

Inference has been performed on ninco dataset...
Computing metrics on ninco dataset...
FPR@95: 64.21, AUROC: 84.19 AUPR_IN: 87.64, AUPR_OUT: 77.26
──────────────────────────────────────────────────────────────────────

Computing mean metrics...
FPR@95: 71.97, AUROC: 81.13 AUPR_IN: 61.67, AUPR_OUT: 85.94
──────────────────────────────────────────────────────────────────────

Processing far ood...
Inference has been performed on inaturalist dataset...
Computing metrics on inaturalist dataset...
FPR@95: 20.52, AUROC: 95.44 AUPR_IN: 95.23, AUPR_OUT: 95.63
──────────────────────────────────────────────────────────────────────

Inference has been performed on textures dataset...
Computing metrics on textures dataset...
FPR@95: 32.33, AUROC: 93.49 AUPR_IN: 95.56, AUPR_OUT: 90.59
──────────────────────────────────────────────────────────────────────

Inference has been performed on openimage_o dataset...
Computing metrics on openimage_o dataset...
FPR@95: 51.60, AUROC: 86.93 AUPR_IN: 79.38, AUPR_OUT: 91.27
──────────────────────────────────────────────────────────────────────

Computing mean metrics...
FPR@95: 34.82, AUROC: 91.95 AUPR_IN: 90.06, AUPR_OUT: 92.49
──────────────────────────────────────────────────────────────────────

             FPR@95  AUROC  AUPR_IN  AUPR_OUT   ACC
ssb_hard      79.73  78.07    35.70     94.63 86.39
ninco         64.21  84.19    87.64     77.26 86.39
nearood       71.97  81.13    61.67     85.94 86.39
inaturalist   20.52  95.44    95.23     95.63 86.39
textures      32.33  93.49    95.56     90.59 86.39
openimage_o   51.60  86.93    79.38     91.27 86.39
farood        34.82  91.95    90.06     92.49 86.39
[Timing] Eval:  0.1s

==================================================
Setting up RFF Kernel Attention OOD detector...
  sigma (bandwidth): 0.5
  D (RFF dimension): 2048
  alpha (target FPR): 0.05
  feature_space: multilayer_minmax_concat
  normalize: True
  score_mode: softmax
  variance_weighted: True
==================================================
Extracted 258951 train features of dim 1920 (multilayer_minmax_concat, 4 layers)
  Feature norm (mean): 23.3297
  Number of classes: 200
Extracted 1000 val features for threshold
Per-class embedding norms (mean): 0.7525
Per-class score variance (mean): 0.004075
Threshold (softmax) at 5.0%: 6.1155
Max threshold (for diagnostics) at 5.0%: 7.0643
RFF setup complete.

[Timing] Setup: 497.0s
Performing inference on imagenet200 test set...
Processing near ood...
Performing inference on ssb_hard dataset...
Computing metrics on ssb_hard dataset...
FPR@95: 79.06, AUROC: 78.52 AUPR_IN: 36.19, AUPR_OUT: 94.69
──────────────────────────────────────────────────────────────────────

Performing inference on ninco dataset...
Computing metrics on ninco dataset...
FPR@95: 61.71, AUROC: 84.63 AUPR_IN: 87.82, AUPR_OUT: 77.81
──────────────────────────────────────────────────────────────────────

Computing mean metrics...
FPR@95: 70.38, AUROC: 81.57 AUPR_IN: 62.01, AUPR_OUT: 86.25
──────────────────────────────────────────────────────────────────────

Processing far ood...
Performing inference on inaturalist dataset...
Computing metrics on inaturalist dataset...
FPR@95: 20.37, AUROC: 95.20 AUPR_IN: 95.03, AUPR_OUT: 95.21
──────────────────────────────────────────────────────────────────────

Performing inference on textures dataset...
Computing metrics on textures dataset...
FPR@95: 33.47, AUROC: 93.45 AUPR_IN: 95.56, AUPR_OUT: 90.79
──────────────────────────────────────────────────────────────────────

Performing inference on openimage_o dataset...
Computing metrics on openimage_o dataset...
FPR@95: 47.03, AUROC: 87.98 AUPR_IN: 80.93, AUPR_OUT: 91.87
──────────────────────────────────────────────────────────────────────

Computing mean metrics...
FPR@95: 33.62, AUROC: 92.21 AUPR_IN: 90.51, AUPR_OUT: 92.62
──────────────────────────────────────────────────────────────────────

             FPR@95  AUROC  AUPR_IN  AUPR_OUT   ACC
ssb_hard      79.06  78.52    36.19     94.69 86.46
ninco         61.71  84.63    87.82     77.81 86.46
nearood       70.38  81.57    62.01     86.25 86.46
inaturalist   20.37  95.20    95.03     95.21 86.46
textures      33.47  93.45    95.56     90.79 86.46
openimage_o   47.03  87.98    80.93     91.87 86.46
farood        33.62  92.21    90.51     92.62 86.46
[Timing] Eval:  178.3s

==================================================
Setting up RFF Kernel Attention OOD detector...
  sigma (bandwidth): 0.5
  D (RFF dimension): 2048
  alpha (target FPR): 0.05
  feature_space: multilayer_minmax_concat
  normalize: True
  score_mode: softmax
  variance_weighted: True
==================================================
Extracted 258951 train features of dim 1920 (multilayer_minmax_concat, 4 layers)
  Feature norm (mean): 23.4825
  Number of classes: 200
Extracted 1000 val features for threshold
Per-class embedding norms (mean): 0.7542
Per-class score variance (mean): 0.003979
Threshold (softmax) at 5.0%: 6.2680
Max threshold (for diagnostics) at 5.0%: 7.2245
RFF setup complete.

[Timing] Setup: 493.5s
Performing inference on imagenet200 test set...
Processing near ood...
Performing inference on ssb_hard dataset...
Computing metrics on ssb_hard dataset...
FPR@95: 78.46, AUROC: 77.97 AUPR_IN: 35.74, AUPR_OUT: 94.58
──────────────────────────────────────────────────────────────────────

Performing inference on ninco dataset...
Computing metrics on ninco dataset...
FPR@95: 64.99, AUROC: 84.47 AUPR_IN: 87.50, AUPR_OUT: 77.61
──────────────────────────────────────────────────────────────────────

Computing mean metrics...
FPR@95: 71.72, AUROC: 81.22 AUPR_IN: 61.62, AUPR_OUT: 86.10
──────────────────────────────────────────────────────────────────────

Processing far ood...
Performing inference on inaturalist dataset...
Computing metrics on inaturalist dataset...
FPR@95: 25.67, AUROC: 94.42 AUPR_IN: 93.83, AUPR_OUT: 94.67
──────────────────────────────────────────────────────────────────────

Performing inference on textures dataset...
Computing metrics on textures dataset...
FPR@95: 32.11, AUROC: 93.81 AUPR_IN: 95.87, AUPR_OUT: 91.14
──────────────────────────────────────────────────────────────────────

Performing inference on openimage_o dataset...
Computing metrics on openimage_o dataset...
FPR@95: 49.36, AUROC: 87.35 AUPR_IN: 80.02, AUPR_OUT: 91.49
──────────────────────────────────────────────────────────────────────

Computing mean metrics...
FPR@95: 35.71, AUROC: 91.86 AUPR_IN: 89.91, AUPR_OUT: 92.43
──────────────────────────────────────────────────────────────────────

             FPR@95  AUROC  AUPR_IN  AUPR_OUT   ACC
ssb_hard      78.46  77.97    35.74     94.58 86.27
ninco         64.99  84.47    87.50     77.61 86.27
nearood       71.72  81.22    61.62     86.10 86.27
inaturalist   25.67  94.42    93.83     94.67 86.27
textures      32.11  93.81    95.87     91.14 86.27
openimage_o   49.36  87.35    80.02     91.49 86.27
farood        35.71  91.86    89.91     92.43 86.27
[Timing] Eval:  175.2s

[Timing Summary]
  Setup: 330.5s ± 232.9s per seed
  Eval:  117.8s ± 83.3s per seed
  Total: 1345.2s across 3 seeds
=== Done | Thu May 28 03:57:15 PM EDT 2026 ===
---------------------------------------
Begin Slurm Epilog: May-28-2026 15:57:16
Job ID:        5340635
Array Job ID:  5340635_2
User ID:       ksalzman3
Account:       coc
Job name:      rff_sm_mlminmax
Resources:     cpu=4,gres/gpu:rtx_6000=1,mem=48G,node=1
Rsrc Used:     cput=00:51:04,vmem=0,walltime=00:12:46,mem=3108848K,energy_used=0
Partition:     ice-gpu
QOS:           coc-ice
Nodes:         atl1-1-01-005-5-0
---------------------------------------
