---------------------------------------
Begin Slurm Prolog: May-20-2026 15:59:47
Job ID:    5301176
User ID:   ksalzman3
Account:   coc
Job name:  rff_max_vw_vit_b16
Partition: ice-gpu
QOS:       coc-ice
---------------------------------------
=== rff_max_vw | imagenet | vit-b-16 | Wed May 20 03:59:53 PM EDT 2026 ===
=== Done | Wed May 20 04:01:52 PM EDT 2026 ===
---------------------------------------
Begin Slurm Epilog: May-20-2026 16:01:52
Job ID:        5301176
User ID:       ksalzman3
Account:       coc
Job name:      rff_max_vw_vit_b16
Resources:     cpu=4,gres/gpu:h200=1,mem=32G,node=1
Rsrc Used:     cput=00:08:20,vmem=0,walltime=00:02:05,mem=1280272K,energy_used=0
Partition:     ice-gpu
QOS:           coc-ice
Nodes:         atl1-1-03-018-2-0
---------------------------------------
