---------------------------------------
Begin Slurm Prolog: Apr-08-2026 20:45:25
Job ID:    4629755
User ID:   ksalzman3
Account:   coc
Job name:  rff_max_vw_mlpca_minmax
Partition: ice-gpu
QOS:       coc-ice
---------------------------------------
=== rff_max_vw_mlpca_minmax | cifar100 | Wed Apr  8 08:45:31 PM EDT 2026 ===

==================================================
Setting up RFF Kernel Attention OOD detector...
  sigma (bandwidth): 0.5
  D (RFF dimension): 1024
  alpha (target FPR): 0.05
  feature_space: multilayer_pca
  normalize: True
  score_mode: max
  variance_weighted: True
==================================================
Extracted 50000 train features of dim 384 (multilayer_pca, 3 layers)
  Feature norm (mean): 15.3618
  Number of classes: 100
Extracted 1000 val features for threshold
Per-class embedding norms (mean): 0.5749
Per-class score variance (mean): 0.004383
Threshold (max) at 5.0%: 1.4476
Max threshold (for diagnostics) at 5.0%: 1.4476
RFF setup complete.

Starting automatic parameter search...
Hyperparam: [0.1, 512, 0.025], auroc: 0.48475617283950617
Hyperparam: [0.5, 512, 0.025], auroc: 0.8490318930041152
Hyperparam: [1.0, 512, 0.025], auroc: 0.775496913580247
Hyperparam: [2.0, 512, 0.025], auroc: 0.5099691358024692
Hyperparam: [0.1, 1024, 0.025], auroc: 0.4960771604938272
Hyperparam: [0.5, 1024, 0.025], auroc: 0.8584650205761317
Hyperparam: [1.0, 1024, 0.025], auroc: 0.804920781893004
Hyperparam: [2.0, 1024, 0.025], auroc: 0.560695987654321
Hyperparam: [0.1, 2048, 0.025], auroc: 0.5036399176954732
Hyperparam: [0.5, 2048, 0.025], auroc: 0.8601512345679013
Hyperparam: [1.0, 2048, 0.025], auroc: 0.8124835390946501
Hyperparam: [2.0, 2048, 0.025], auroc: 0.5813420781893004
Hyperparam: [0.1, 512, 0.05], auroc: 0.49805658436213995
Hyperparam: [0.5, 512, 0.05], auroc: 0.8537026748971194
Hyperparam: [1.0, 512, 0.05], auroc: 0.7991810699588477
Hyperparam: [2.0, 512, 0.05], auroc: 0.5633873456790124
Hyperparam: [0.1, 1024, 0.05], auroc: 0.5031630658436215
Hyperparam: [0.5, 1024, 0.05], auroc: 0.854369341563786
Hyperparam: [1.0, 1024, 0.05], auroc: 0.8030586419753085
Hyperparam: [2.0, 1024, 0.05], auroc: 0.5464465020576132
Hyperparam: [0.1, 2048, 0.05], auroc: 0.5220951646090535
Hyperparam: [0.5, 2048, 0.05], auroc: 0.8561975308641977
Hyperparam: [1.0, 2048, 0.05], auroc: 0.799787037037037
Hyperparam: [2.0, 2048, 0.05], auroc: 0.5372361111111111
Hyperparam: [0.1, 512, 0.1], auroc: 0.49973662551440323
Hyperparam: [0.5, 512, 0.1], auroc: 0.8512674897119342
Hyperparam: [1.0, 512, 0.1], auroc: 0.7975915637860082
Hyperparam: [2.0, 512, 0.1], auroc: 0.5269197530864198
Hyperparam: [0.1, 1024, 0.1], auroc: 0.5078590534979424
Hyperparam: [0.5, 1024, 0.1], auroc: 0.8576913580246913
Hyperparam: [1.0, 1024, 0.1], auroc: 0.7917474279835391
Hyperparam: [2.0, 1024, 0.1], auroc: 0.5436512345679012
Hyperparam: [0.1, 2048, 0.1], auroc: 0.5022222222222222
Hyperparam: [0.5, 2048, 0.1], auroc: 0.8615246913580247
Hyperparam: [1.0, 2048, 0.1], auroc: 0.8022376543209877
Hyperparam: [2.0, 2048, 0.1], auroc: 0.49930658436213987
Final hyperparam: [0.5, 2048, 0.1, True]
[Timing] Setup: 87.9s
Performing inference on cifar100 test set...
Processing near ood...
Performing inference on cifar10 dataset...
Computing metrics on cifar10 dataset...
FPR@95: 72.77, AUROC: 77.14 AUPR_IN: 73.53, AUPR_OUT: 75.48
──────────────────────────────────────────────────────────────────────

Performing inference on tin dataset...
Computing metrics on tin dataset...
FPR@95: 49.88, AUROC: 83.48 AUPR_IN: 88.35, AUPR_OUT: 74.27
──────────────────────────────────────────────────────────────────────

Computing mean metrics...
FPR@95: 61.32, AUROC: 80.31 AUPR_IN: 80.94, AUPR_OUT: 74.88
──────────────────────────────────────────────────────────────────────

Processing far ood...
Performing inference on mnist dataset...
Computing metrics on mnist dataset...
FPR@95: 50.46, AUROC: 82.19 AUPR_IN: 57.57, AUPR_OUT: 96.24
──────────────────────────────────────────────────────────────────────

Performing inference on svhn dataset...
Computing metrics on svhn dataset...
FPR@95: 48.91, AUROC: 83.79 AUPR_IN: 72.85, AUPR_OUT: 91.95
──────────────────────────────────────────────────────────────────────

Performing inference on texture dataset...
Computing metrics on texture dataset...
FPR@95: 51.30, AUROC: 83.58 AUPR_IN: 89.70, AUPR_OUT: 72.69
──────────────────────────────────────────────────────────────────────

Performing inference on places365 dataset...
Computing metrics on places365 dataset...
FPR@95: 55.12, AUROC: 81.37 AUPR_IN: 62.85, AUPR_OUT: 92.68
──────────────────────────────────────────────────────────────────────

Computing mean metrics...
FPR@95: 51.45, AUROC: 82.73 AUPR_IN: 70.74, AUPR_OUT: 88.39
──────────────────────────────────────────────────────────────────────

           FPR@95  AUROC  AUPR_IN  AUPR_OUT   ACC
cifar10     72.77  77.14    73.53     75.48 77.18
tin         49.88  83.48    88.35     74.27 77.18
nearood     61.32  80.31    80.94     74.88 77.18
mnist       50.46  82.19    57.57     96.24 77.18
svhn        48.91  83.79    72.85     91.95 77.18
texture     51.30  83.58    89.70     72.69 77.18
places365   55.12  81.37    62.85     92.68 77.18
farood      51.45  82.73    70.74     88.39 77.18
[Timing] Eval:  105.5s

--- RFF Diagnostics (231963 samples) ./results/cifar100_resnet18_32x32_base_e100_lr0.1_default/s0/diagnostics/rff_max_vw_mlpca_minmax.npz ---
  Classes above threshold: mean=1.1, zero=32.2%, one=44.9%, multi(>1)=22.9%
  Max score: mean=9.1860, std=20.1344
  Margin (max-2nd): mean=1.2650, std=1.7232

--- RFF Per-Class Analysis → ./results/cifar100_resnet18_32x32_base_e100_lr0.1_default/s0/diagnostics/rff_max_vw_mlpca_minmax_per_class.csv ---
  id_test  multi_rate: mean=0.2224, max=0.7570
  cifar10         multi_rate: mean=0.1082, max=0.5327
  tin             multi_rate: mean=0.1177, max=0.4135
  mnist           multi_rate: mean=0.0130, max=1.0000
  svhn            multi_rate: mean=0.0189, max=0.3333
  texture         multi_rate: mean=0.0540, max=0.4000
  places365       multi_rate: mean=0.0870, max=0.2979

--- RFF Debug Plots → ./results/cifar100_resnet18_32x32_base_e100_lr0.1_default/s0/diagnostics ---
  Kernel dist: mean=0.0211, std=0.0411, min=-0.0528, max=0.5987
  φ(x) stats per split:
    train          : mean=0.00006, std=0.02209
    val            : mean=0.00008, std=0.02210
    id_test        : mean=0.00006, std=0.02209
    cifar10        : mean=-0.00004, std=0.02209
    tin            : mean=0.00006, std=0.02210
    mnist          : mean=0.00055, std=0.02211
    svhn           : mean=0.00051, std=0.02211
    texture        : mean=0.00009, std=0.02209
    places365      : mean=0.00008, std=0.02210
  Score dist:
    id_test        : mean=4.0359, std=1.7790, n=9000
    cifar10        : mean=2.4144, std=1.3159, n=10000
    tin            : mean=2.0363, std=0.9450, n=6526
    mnist          : mean=2.1115, std=0.8982, n=70000
    svhn           : mean=2.0153, std=0.9074, n=26032
    texture        : mean=2.0258, std=0.9610, n=5640
    places365      : mean=2.1570, std=1.0263, n=33773
  Debug stats → ./results/cifar100_resnet18_32x32_base_e100_lr0.1_default/s0/diagnostics/rff_debug_stats.csv

==================================================
Setting up RFF Kernel Attention OOD detector...
  sigma (bandwidth): 0.5
  D (RFF dimension): 1024
  alpha (target FPR): 0.05
  feature_space: multilayer_pca
  normalize: True
  score_mode: max
  variance_weighted: True
==================================================
Extracted 50000 train features of dim 384 (multilayer_pca, 3 layers)
  Feature norm (mean): 15.4971
  Number of classes: 100
Extracted 1000 val features for threshold
Per-class embedding norms (mean): 0.5746
Per-class score variance (mean): 0.004257
Threshold (max) at 5.0%: 1.4132
Max threshold (for diagnostics) at 5.0%: 1.4132
RFF setup complete.

Starting automatic parameter search...
Hyperparam: [0.1, 512, 0.025], auroc: 0.49306481481481484
Hyperparam: [0.5, 512, 0.025], auroc: 0.8465699588477366
Hyperparam: [1.0, 512, 0.025], auroc: 0.8003353909465021
Hyperparam: [2.0, 512, 0.025], auroc: 0.5174336419753086
Hyperparam: [0.1, 1024, 0.025], auroc: 0.5230421810699588
Hyperparam: [0.5, 1024, 0.025], auroc: 0.8546265432098766
Hyperparam: [1.0, 1024, 0.025], auroc: 0.7994475308641975
Hyperparam: [2.0, 1024, 0.025], auroc: 0.4828544238683128
Hyperparam: [0.1, 2048, 0.025], auroc: 0.504261316872428
Hyperparam: [0.5, 2048, 0.025], auroc: 0.8542150205761317
Hyperparam: [1.0, 2048, 0.025], auroc: 0.8171064814814815
Hyperparam: [2.0, 2048, 0.025], auroc: 0.5435390946502057
Hyperparam: [0.1, 512, 0.05], auroc: 0.5141183127572017
Hyperparam: [0.5, 512, 0.05], auroc: 0.8472623456790125
Hyperparam: [1.0, 512, 0.05], auroc: 0.8041779835390946
Hyperparam: [2.0, 512, 0.05], auroc: 0.4578251028806584
Hyperparam: [0.1, 1024, 0.05], auroc: 0.4857088477366255
Hyperparam: [0.5, 1024, 0.05], auroc: 0.8512489711934158
Hyperparam: [1.0, 1024, 0.05], auroc: 0.791675925925926
Hyperparam: [2.0, 1024, 0.05], auroc: 0.49787397119341564
Hyperparam: [0.1, 2048, 0.05], auroc: 0.4954197530864198
Hyperparam: [0.5, 2048, 0.05], auroc: 0.8549393004115227
Hyperparam: [1.0, 2048, 0.05], auroc: 0.807675925925926
Hyperparam: [2.0, 2048, 0.05], auroc: 0.5480637860082305
Hyperparam: [0.1, 512, 0.1], auroc: 0.5003811728395062
Hyperparam: [0.5, 512, 0.1], auroc: 0.8402016460905349
Hyperparam: [1.0, 512, 0.1], auroc: 0.787122427983539
Hyperparam: [2.0, 512, 0.1], auroc: 0.4970617283950617
Hyperparam: [0.1, 1024, 0.1], auroc: 0.4932258230452675
Hyperparam: [0.5, 1024, 0.1], auroc: 0.851037037037037
Hyperparam: [1.0, 1024, 0.1], auroc: 0.7990730452674897
Hyperparam: [2.0, 1024, 0.1], auroc: 0.5315272633744855
Hyperparam: [0.1, 2048, 0.1], auroc: 0.5308132716049383
Hyperparam: [0.5, 2048, 0.1], auroc: 0.8546779835390946
Hyperparam: [1.0, 2048, 0.1], auroc: 0.8155185185185185
Hyperparam: [2.0, 2048, 0.1], auroc: 0.542076646090535
Final hyperparam: [0.5, 2048, 0.05, True]
[Timing] Setup: 44.1s
Performing inference on cifar100 test set...
Processing near ood...
Performing inference on cifar10 dataset...
Computing metrics on cifar10 dataset...
FPR@95: 68.29, AUROC: 76.90 AUPR_IN: 74.93, AUPR_OUT: 74.81
──────────────────────────────────────────────────────────────────────

Performing inference on tin dataset...
Computing metrics on tin dataset...
FPR@95: 49.39, AUROC: 83.27 AUPR_IN: 88.25, AUPR_OUT: 73.61
──────────────────────────────────────────────────────────────────────

Computing mean metrics...
FPR@95: 58.84, AUROC: 80.08 AUPR_IN: 81.59, AUPR_OUT: 74.21
──────────────────────────────────────────────────────────────────────

Processing far ood...
Performing inference on mnist dataset...
Computing metrics on mnist dataset...
FPR@95: 41.27, AUROC: 84.75 AUPR_IN: 65.16, AUPR_OUT: 96.51
──────────────────────────────────────────────────────────────────────

Performing inference on svhn dataset...
Computing metrics on svhn dataset...
FPR@95: 57.62, AUROC: 80.94 AUPR_IN: 67.59, AUPR_OUT: 90.01
──────────────────────────────────────────────────────────────────────

Performing inference on texture dataset...
Computing metrics on texture dataset...
FPR@95: 50.30, AUROC: 83.40 AUPR_IN: 89.83, AUPR_OUT: 71.28
──────────────────────────────────────────────────────────────────────

Performing inference on places365 dataset...
Computing metrics on places365 dataset...
FPR@95: 56.13, AUROC: 80.96 AUPR_IN: 62.09, AUPR_OUT: 92.45
──────────────────────────────────────────────────────────────────────

Computing mean metrics...
FPR@95: 51.33, AUROC: 82.51 AUPR_IN: 71.17, AUPR_OUT: 87.56
──────────────────────────────────────────────────────────────────────

           FPR@95  AUROC  AUPR_IN  AUPR_OUT   ACC
cifar10     68.29  76.90    74.93     74.81 77.38
tin         49.39  83.27    88.25     73.61 77.38
nearood     58.84  80.08    81.59     74.21 77.38
mnist       41.27  84.75    65.16     96.51 77.38
svhn        57.62  80.94    67.59     90.01 77.38
texture     50.30  83.40    89.83     71.28 77.38
places365   56.13  80.96    62.09     92.45 77.38
farood      51.33  82.51    71.17     87.56 77.38
[Timing] Eval:  45.5s

--- RFF Diagnostics (231963 samples) ./results/cifar100_resnet18_32x32_base_e100_lr0.1_default/s1/diagnostics/rff_max_vw_mlpca_minmax.npz ---
  Classes above threshold: mean=1.3, zero=20.1%, one=48.7%, multi(>1)=31.3%
  Max score: mean=9.2622, std=20.4485
  Margin (max-2nd): mean=1.3025, std=1.8543

--- RFF Per-Class Analysis → ./results/cifar100_resnet18_32x32_base_e100_lr0.1_default/s1/diagnostics/rff_max_vw_mlpca_minmax_per_class.csv ---
  id_test  multi_rate: mean=0.3689, max=0.8700
  cifar10         multi_rate: mean=0.2755, max=0.7826
  tin             multi_rate: mean=0.2656, max=0.5597
  mnist           multi_rate: mean=0.0388, max=0.2857
  svhn            multi_rate: mean=0.0879, max=0.5824
  texture         multi_rate: mean=0.1876, max=1.0000
  places365       multi_rate: mean=0.2108, max=0.4471

--- RFF Debug Plots → ./results/cifar100_resnet18_32x32_base_e100_lr0.1_default/s1/diagnostics ---
  Kernel dist: mean=0.0218, std=0.0382, min=-0.0622, max=0.5849
  φ(x) stats per split:
    train          : mean=-0.00006, std=0.02209
    val            : mean=-0.00008, std=0.02209
    id_test        : mean=-0.00005, std=0.02209
    cifar10        : mean=-0.00002, std=0.02209
    tin            : mean=-0.00005, std=0.02209
    mnist          : mean=-0.00031, std=0.02208
    svhn           : mean=-0.00016, std=0.02211
    texture        : mean=-0.00004, std=0.02210
    places365      : mean=-0.00005, std=0.02209
  Score dist:
    id_test        : mean=4.0506, std=1.7831, n=9000
    cifar10        : mean=2.4280, std=1.2564, n=10000
    tin            : mean=2.0511, std=0.9461, n=6526
    mnist          : mean=1.9688, std=0.7311, n=70000
    svhn           : mean=2.1913, std=1.0387, n=26032
    texture        : mean=2.0426, std=0.9345, n=5640
    places365      : mean=2.1846, std=1.0420, n=33773
  Debug stats → ./results/cifar100_resnet18_32x32_base_e100_lr0.1_default/s1/diagnostics/rff_debug_stats.csv

==================================================
Setting up RFF Kernel Attention OOD detector...
  sigma (bandwidth): 0.5
  D (RFF dimension): 1024
  alpha (target FPR): 0.05
  feature_space: multilayer_pca
  normalize: True
  score_mode: max
  variance_weighted: True
==================================================
Extracted 50000 train features of dim 384 (multilayer_pca, 3 layers)
  Feature norm (mean): 15.5334
  Number of classes: 100
Extracted 1000 val features for threshold
Per-class embedding norms (mean): 0.5615
Per-class score variance (mean): 0.004288
Threshold (max) at 5.0%: 1.4332
Max threshold (for diagnostics) at 5.0%: 1.4332
RFF setup complete.

Starting automatic parameter search...
Hyperparam: [0.1, 512, 0.025], auroc: 0.4867561728395062
Hyperparam: [0.5, 512, 0.025], auroc: 0.8495277777777778
Hyperparam: [1.0, 512, 0.025], auroc: 0.7731872427983539
Hyperparam: [2.0, 512, 0.025], auroc: 0.48278343621399167
Hyperparam: [0.1, 1024, 0.025], auroc: 0.5131080246913581
Hyperparam: [0.5, 1024, 0.025], auroc: 0.8490082304526749
Hyperparam: [1.0, 1024, 0.025], auroc: 0.8040740740740739
Hyperparam: [2.0, 1024, 0.025], auroc: 0.5305859053497942
Hyperparam: [0.1, 2048, 0.025], auroc: 0.51409670781893
Hyperparam: [0.5, 2048, 0.025], auroc: 0.8579855967078188
Hyperparam: [1.0, 2048, 0.025], auroc: 0.8121615226337447
Hyperparam: [2.0, 2048, 0.025], auroc: 0.5562921810699588
Hyperparam: [0.1, 512, 0.05], auroc: 0.5012283950617284
Hyperparam: [0.5, 512, 0.05], auroc: 0.8518621399176954
Hyperparam: [1.0, 512, 0.05], auroc: 0.7941337448559671
Hyperparam: [2.0, 512, 0.05], auroc: 0.47725051440329214
Hyperparam: [0.1, 1024, 0.05], auroc: 0.5080102880658436
Hyperparam: [0.5, 1024, 0.05], auroc: 0.8506100823045267
Hyperparam: [1.0, 1024, 0.05], auroc: 0.8115925925925926
Hyperparam: [2.0, 1024, 0.05], auroc: 0.5797211934156379
Hyperparam: [0.1, 2048, 0.05], auroc: 0.4975751028806585
Hyperparam: [0.5, 2048, 0.05], auroc: 0.8512592592592593
Hyperparam: [1.0, 2048, 0.05], auroc: 0.8189598765432098
Hyperparam: [2.0, 2048, 0.05], auroc: 0.5436882716049383
Hyperparam: [0.1, 512, 0.1], auroc: 0.5050519547325103
Hyperparam: [0.5, 512, 0.1], auroc: 0.8495144032921811
Hyperparam: [1.0, 512, 0.1], auroc: 0.7931208847736625
Hyperparam: [2.0, 512, 0.1], auroc: 0.4984269547325103
Hyperparam: [0.1, 1024, 0.1], auroc: 0.5071985596707819
Hyperparam: [0.5, 1024, 0.1], auroc: 0.8505370370370371
Hyperparam: [1.0, 1024, 0.1], auroc: 0.8120432098765432
Hyperparam: [2.0, 1024, 0.1], auroc: 0.5396069958847737
Hyperparam: [0.1, 2048, 0.1], auroc: 0.49899897119341563
Hyperparam: [0.5, 2048, 0.1], auroc: 0.8540977366255144
Hyperparam: [1.0, 2048, 0.1], auroc: 0.8160704732510288
Hyperparam: [2.0, 2048, 0.1], auroc: 0.5910694444444444
Final hyperparam: [0.5, 2048, 0.025, True]
[Timing] Setup: 46.7s
Performing inference on cifar100 test set...
Processing near ood...
Performing inference on cifar10 dataset...
Computing metrics on cifar10 dataset...
FPR@95: 67.76, AUROC: 77.50 AUPR_IN: 76.07, AUPR_OUT: 75.31
──────────────────────────────────────────────────────────────────────

Performing inference on tin dataset...
Computing metrics on tin dataset...
FPR@95: 49.24, AUROC: 83.47 AUPR_IN: 88.51, AUPR_OUT: 73.82
──────────────────────────────────────────────────────────────────────

Computing mean metrics...
FPR@95: 58.50, AUROC: 80.48 AUPR_IN: 82.29, AUPR_OUT: 74.56
──────────────────────────────────────────────────────────────────────

Processing far ood...
Performing inference on mnist dataset...
Computing metrics on mnist dataset...
FPR@95: 36.07, AUROC: 87.03 AUPR_IN: 69.46, AUPR_OUT: 97.21
──────────────────────────────────────────────────────────────────────

Performing inference on svhn dataset...
Computing metrics on svhn dataset...
FPR@95: 46.59, AUROC: 84.96 AUPR_IN: 75.54, AUPR_OUT: 92.33
──────────────────────────────────────────────────────────────────────

Performing inference on texture dataset...
Computing metrics on texture dataset...
FPR@95: 54.17, AUROC: 82.59 AUPR_IN: 88.95, AUPR_OUT: 71.40
──────────────────────────────────────────────────────────────────────

Performing inference on places365 dataset...
Computing metrics on places365 dataset...
FPR@95: 55.64, AUROC: 81.59 AUPR_IN: 62.79, AUPR_OUT: 92.89
──────────────────────────────────────────────────────────────────────

Computing mean metrics...
FPR@95: 48.12, AUROC: 84.04 AUPR_IN: 74.19, AUPR_OUT: 88.46
──────────────────────────────────────────────────────────────────────

           FPR@95  AUROC  AUPR_IN  AUPR_OUT   ACC
cifar10     67.76  77.50    76.07     75.31 77.20
tin         49.24  83.47    88.51     73.82 77.20
nearood     58.50  80.48    82.29     74.56 77.20
mnist       36.07  87.03    69.46     97.21 77.20
svhn        46.59  84.96    75.54     92.33 77.20
texture     54.17  82.59    88.95     71.40 77.20
places365   55.64  81.59    62.79     92.89 77.20
farood      48.12  84.04    74.19     88.46 77.20
[Timing] Eval:  46.2s

--- RFF Diagnostics (231963 samples) ./results/cifar100_resnet18_32x32_base_e100_lr0.1_default/s2/diagnostics/rff_max_vw_mlpca_minmax.npz ---
  Classes above threshold: mean=1.6, zero=13.0%, one=42.2%, multi(>1)=44.9%
  Max score: mean=9.0269, std=20.1625
  Margin (max-2nd): mean=1.1780, std=1.6590

--- RFF Per-Class Analysis → ./results/cifar100_resnet18_32x32_base_e100_lr0.1_default/s2/diagnostics/rff_max_vw_mlpca_minmax_per_class.csv ---
  id_test  multi_rate: mean=0.5400, max=0.9327
  cifar10         multi_rate: mean=0.5001, max=0.8679
  tin             multi_rate: mean=0.5018, max=0.8261
  mnist           multi_rate: mean=0.1230, max=1.0000
  svhn            multi_rate: mean=0.2165, max=1.0000
  texture         multi_rate: mean=0.3723, max=1.0000
  places365       multi_rate: mean=0.4019, max=0.6697

--- RFF Debug Plots → ./results/cifar100_resnet18_32x32_base_e100_lr0.1_default/s2/diagnostics ---
  Kernel dist: mean=0.0235, std=0.0463, min=-0.0625, max=0.6870
  φ(x) stats per split:
    train          : mean=0.00012, std=0.02210
    val            : mean=0.00009, std=0.02209
    id_test        : mean=0.00011, std=0.02210
    cifar10        : mean=0.00015, std=0.02210
    tin            : mean=0.00013, std=0.02209
    mnist          : mean=0.00003, std=0.02210
    svhn           : mean=0.00011, std=0.02210
    texture        : mean=0.00011, std=0.02208
    places365      : mean=0.00017, std=0.02210
  Score dist:
    id_test        : mean=3.9769, std=1.7337, n=9000
    cifar10        : mean=2.3696, std=1.1914, n=10000
    tin            : mean=2.0289, std=0.9043, n=6526
    mnist          : mean=1.8316, std=0.6486, n=70000
    svhn           : mean=1.9447, std=0.8185, n=26032
    texture        : mean=2.0745, std=0.9829, n=5640
    places365      : mean=2.1319, std=1.0098, n=33773
  Debug stats → ./results/cifar100_resnet18_32x32_base_e100_lr0.1_default/s2/diagnostics/rff_debug_stats.csv

[Timing Summary]
  Setup: 59.6s ± 20.0s per seed
  Eval:  65.7s ± 28.1s per seed
  Total: 375.9s across 3 seeds
=== Done | Wed Apr  8 08:53:45 PM EDT 2026 ===
---------------------------------------
Begin Slurm Epilog: Apr-08-2026 20:53:45
Job ID:        4629755
Array Job ID:  4628934_1
User ID:       ksalzman3
Account:       coc
Job name:      rff_max_vw_mlpca_minmax
Resources:     cpu=4,gres/gpu:h100=1,mem=32G,node=1
Rsrc Used:     cput=00:33:20,vmem=0,walltime=00:08:20,mem=7520876K,energy_used=0
Partition:     ice-gpu
QOS:           coc-ice
Nodes:         atl1-1-03-012-28-0
---------------------------------------
