---------------------------------------
Begin Slurm Prolog: Mar-31-2026 14:22:16
Job ID:    4578478
User ID:   ksalzman3
Account:   coc
Job name:  rff_max_novw
Partition: ice-gpu
QOS:       coc-ice
---------------------------------------
=== rff_max_novw | imagenet200 | Tue Mar 31 02:22:25 PM EDT 2026 ===

==================================================
Setting up RFF Kernel Attention OOD detector...
  sigma (bandwidth): 0.5
  D (RFF dimension): 1024
  alpha (target FPR): 0.05
  feature_space: penultimate
  normalize: True
  score_mode: max
  variance_weighted: False
==================================================
Extracted 258951 train features of dim 512
  Feature norm (mean): 15.6563
  Number of classes: 200
Extracted 1000 val features for threshold
Per-class embedding norms (mean): 0.6876
Threshold (max) at 5.0%: 0.2670
Max threshold (for diagnostics) at 5.0%: 0.2670
RFF setup complete.

Starting automatic parameter search...
Hyperparam: [0.1, 512, 0.025], auroc: 0.5230765740215542
Hyperparam: [0.5, 512, 0.025], auroc: 0.9029302325581395
Hyperparam: [1.0, 512, 0.025], auroc: 0.8534256948383436
Hyperparam: [2.0, 512, 0.025], auroc: 0.8699931934203062
Hyperparam: [0.1, 1024, 0.025], auroc: 0.5241247872943846
Hyperparam: [0.5, 1024, 0.025], auroc: 0.9006602382302894
Hyperparam: [1.0, 1024, 0.025], auroc: 0.9007807714123652
Hyperparam: [2.0, 1024, 0.025], auroc: 0.8521131593874078
Hyperparam: [0.1, 2048, 0.025], auroc: 0.5432853091321611
Hyperparam: [0.5, 2048, 0.025], auroc: 0.9071100397050481
Hyperparam: [1.0, 2048, 0.025], auroc: 0.8961883153715258
Hyperparam: [2.0, 2048, 0.025], auroc: 0.845063244469654
Hyperparam: [0.1, 512, 0.05], auroc: 0.5166715825297787
Hyperparam: [0.5, 512, 0.05], auroc: 0.9115677821894498
Hyperparam: [1.0, 512, 0.05], auroc: 0.8745686330119113
Hyperparam: [2.0, 512, 0.05], auroc: 0.787298355076574
Hyperparam: [0.1, 1024, 0.05], auroc: 0.513884288145207
Hyperparam: [0.5, 1024, 0.05], auroc: 0.9027441860465116
Hyperparam: [1.0, 1024, 0.05], auroc: 0.8972657402155417
Hyperparam: [2.0, 1024, 0.05], auroc: 0.8935910380034032
Hyperparam: [0.1, 2048, 0.05], auroc: 0.5332560975609757
Hyperparam: [0.5, 2048, 0.05], auroc: 0.9072081678956325
Hyperparam: [1.0, 2048, 0.05], auroc: 0.9077600680657969
Hyperparam: [2.0, 2048, 0.05], auroc: 0.8870124787294384
Hyperparam: [0.1, 512, 0.1], auroc: 0.5152234826999433
Hyperparam: [0.5, 512, 0.1], auroc: 0.9043703913783322
Hyperparam: [1.0, 512, 0.1], auroc: 0.8651769710720364
Hyperparam: [2.0, 512, 0.1], auroc: 0.8389903573454338
Hyperparam: [0.1, 1024, 0.1], auroc: 0.49955785592739654
Hyperparam: [0.5, 1024, 0.1], auroc: 0.9043675553034598
Hyperparam: [1.0, 1024, 0.1], auroc: 0.9134492342597844
Hyperparam: [2.0, 1024, 0.1], auroc: 0.7851744186046511
Hyperparam: [0.1, 2048, 0.1], auroc: 0.5233250141803744
Hyperparam: [0.5, 2048, 0.1], auroc: 0.9080952921157117
Hyperparam: [1.0, 2048, 0.1], auroc: 0.9079146341463415
Hyperparam: [2.0, 2048, 0.1], auroc: 0.8970192853091323
Final hyperparam: [1.0, 1024, 0.1, True]
Performing inference on imagenet200 test set...
Processing near ood...
Performing inference on ssb_hard dataset...
Computing metrics on ssb_hard dataset...
FPR@95: 76.41, AUROC: 76.89 AUPR_IN: 37.24, AUPR_OUT: 94.18
──────────────────────────────────────────────────────────────────────

Performing inference on ninco dataset...
Computing metrics on ninco dataset...
FPR@95: 51.01, AUROC: 86.06 AUPR_IN: 90.51, AUPR_OUT: 78.92
──────────────────────────────────────────────────────────────────────

Computing mean metrics...
FPR@95: 63.71, AUROC: 81.47 AUPR_IN: 63.87, AUPR_OUT: 86.55
──────────────────────────────────────────────────────────────────────

Processing far ood...
Performing inference on inaturalist dataset...
Computing metrics on inaturalist dataset...
FPR@95: 13.62, AUROC: 97.11 AUPR_IN: 97.19, AUPR_OUT: 97.17
──────────────────────────────────────────────────────────────────────

Performing inference on textures dataset...
Computing metrics on textures dataset...
FPR@95: 24.70, AUROC: 94.27 AUPR_IN: 95.62, AUPR_OUT: 91.49
──────────────────────────────────────────────────────────────────────

Performing inference on openimage_o dataset...
Computing metrics on openimage_o dataset...
FPR@95: 29.77, AUROC: 92.14 AUPR_IN: 89.20, AUPR_OUT: 94.67
──────────────────────────────────────────────────────────────────────

Computing mean metrics...
FPR@95: 22.70, AUROC: 94.51 AUPR_IN: 94.00, AUPR_OUT: 94.44
──────────────────────────────────────────────────────────────────────

             FPR@95  AUROC  AUPR_IN  AUPR_OUT   ACC
ssb_hard      76.41  76.89    37.24     94.18 86.39
ninco         51.01  86.06    90.51     78.92 86.39
nearood       63.71  81.47    63.87     86.55 86.39
inaturalist   13.62  97.11    97.19     97.17 86.39
textures      24.70  94.27    95.62     91.49 86.39
openimage_o   29.77  92.14    89.20     94.67 86.39
farood        22.70  94.51    94.00     94.44 86.39

--- RFF Diagnostics (194376 samples) ./results/imagenet200_resnet18_224x224_base_e90_lr0.1_default/s0/diagnostics/rff_max_novw.npz ---
  Classes above threshold: mean=1.2, zero=38.2%, one=34.9%, multi(>1)=26.9%
  Max score: mean=0.6199, std=0.2900
  Margin (max-2nd): mean=0.0513, std=0.0735

--- RFF Per-Class Analysis → ./results/imagenet200_resnet18_224x224_base_e90_lr0.1_default/s0/diagnostics/rff_max_novw_per_class.csv ---
  id_test  multi_rate: mean=0.1850, max=0.9216
  ssb_hard        multi_rate: mean=0.1434, max=0.7161
  ninco           multi_rate: mean=0.0739, max=1.0000
  inaturalist     multi_rate: mean=0.0084, max=1.0000
  textures        multi_rate: mean=0.0088, max=0.2105
  openimage_o     multi_rate: mean=0.0549, max=0.5000

--- RFF Debug Plots → ./results/imagenet200_resnet18_224x224_base_e90_lr0.1_default/s0/diagnostics ---
  Kernel dist: mean=0.5129, std=0.0618, min=0.3480, max=0.9068
  φ(x) stats per split:
    train          : mean=-0.00150, std=0.03113
    val            : mean=-0.00151, std=0.03112
    id_test        : mean=-0.00150, std=0.03113
    ssb_hard       : mean=-0.00159, std=0.03111
    ninco          : mean=-0.00163, std=0.03110
    inaturalist    : mean=-0.00142, std=0.03099
    textures       : mean=-0.00176, std=0.03107
    openimage_o    : mean=-0.00155, std=0.03102
  Score dist:
    id_test        : mean=0.8076, std=0.0568, n=9000
    ssb_hard       : mean=0.7483, std=0.0571, n=49000
    ninco          : mean=0.7249, std=0.0476, n=5879
    inaturalist    : mean=0.6764, std=0.0344, n=10000
    textures       : mean=0.6862, std=0.0478, n=5160
    openimage_o    : mean=0.7037, std=0.0419, n=15869
  Debug stats → ./results/imagenet200_resnet18_224x224_base_e90_lr0.1_default/s0/diagnostics/rff_debug_stats.csv

==================================================
Setting up RFF Kernel Attention OOD detector...
  sigma (bandwidth): 0.5
  D (RFF dimension): 1024
  alpha (target FPR): 0.05
  feature_space: penultimate
  normalize: True
  score_mode: max
  variance_weighted: False
==================================================
Extracted 258951 train features of dim 512
  Feature norm (mean): 15.5764
  Number of classes: 200
Extracted 1000 val features for threshold
Per-class embedding norms (mean): 0.6861
Threshold (max) at 5.0%: 0.2650
Max threshold (for diagnostics) at 5.0%: 0.2650
RFF setup complete.

Starting automatic parameter search...
Hyperparam: [0.1, 512, 0.025], auroc: 0.5036988088485536
Hyperparam: [0.5, 512, 0.025], auroc: 0.9080720363017584
Hyperparam: [1.0, 512, 0.025], auroc: 0.8980765740215542
Hyperparam: [2.0, 512, 0.025], auroc: 0.8516849120816788
Hyperparam: [0.1, 1024, 0.025], auroc: 0.5100181508791832
Hyperparam: [0.5, 1024, 0.025], auroc: 0.9095110606920023
Hyperparam: [1.0, 1024, 0.025], auroc: 0.9181962563811685
Hyperparam: [2.0, 1024, 0.025], auroc: 0.8856608054452637
Hyperparam: [0.1, 2048, 0.025], auroc: 0.5308338060124786
Hyperparam: [0.5, 2048, 0.025], auroc: 0.9088241633579127
Hyperparam: [1.0, 2048, 0.025], auroc: 0.9079393079977311
Hyperparam: [2.0, 2048, 0.025], auroc: 0.8846514463981848
Hyperparam: [0.1, 512, 0.05], auroc: 0.5025422575155983
Hyperparam: [0.5, 512, 0.05], auroc: 0.9051695972773681
Hyperparam: [1.0, 512, 0.05], auroc: 0.9137810550198525
Hyperparam: [2.0, 512, 0.05], auroc: 0.8457742484401587
Hyperparam: [0.1, 1024, 0.05], auroc: 0.5079410096426545
Hyperparam: [0.5, 1024, 0.05], auroc: 0.9117629041406694
Hyperparam: [1.0, 1024, 0.05], auroc: 0.893964265456608
Hyperparam: [2.0, 1024, 0.05], auroc: 0.8114044242768009
Hyperparam: [0.1, 2048, 0.05], auroc: 0.5298167895632444
Hyperparam: [0.5, 2048, 0.05], auroc: 0.9119648326715826
Hyperparam: [1.0, 2048, 0.05], auroc: 0.9104134997163925
Hyperparam: [2.0, 2048, 0.05], auroc: 0.8982010777084515
Hyperparam: [0.1, 512, 0.1], auroc: 0.5079804310833806
Hyperparam: [0.5, 512, 0.1], auroc: 0.9087946681792399
Hyperparam: [1.0, 512, 0.1], auroc: 0.8947753828701077
Hyperparam: [2.0, 512, 0.1], auroc: 0.8379157685762904
Hyperparam: [0.1, 1024, 0.1], auroc: 0.5120674985819625
Hyperparam: [0.5, 1024, 0.1], auroc: 0.9046233692569484
Hyperparam: [1.0, 1024, 0.1], auroc: 0.8681202495745888
Hyperparam: [2.0, 1024, 0.1], auroc: 0.8736664775950086
Hyperparam: [0.1, 2048, 0.1], auroc: 0.522310266591038
Hyperparam: [0.5, 2048, 0.1], auroc: 0.9115133295519002
Hyperparam: [1.0, 2048, 0.1], auroc: 0.9155490640952922
Hyperparam: [2.0, 2048, 0.1], auroc: 0.9031520136131594
Final hyperparam: [1.0, 1024, 0.025, True]
Performing inference on imagenet200 test set...
Processing near ood...
Performing inference on ssb_hard dataset...
Computing metrics on ssb_hard dataset...
FPR@95: 78.82, AUROC: 75.74 AUPR_IN: 35.13, AUPR_OUT: 93.69
──────────────────────────────────────────────────────────────────────

Performing inference on ninco dataset...
Computing metrics on ninco dataset...
FPR@95: 45.92, AUROC: 86.65 AUPR_IN: 91.22, AUPR_OUT: 78.42
──────────────────────────────────────────────────────────────────────

Computing mean metrics...
FPR@95: 62.37, AUROC: 81.20 AUPR_IN: 63.18, AUPR_OUT: 86.06
──────────────────────────────────────────────────────────────────────

Processing far ood...
Performing inference on inaturalist dataset...
Computing metrics on inaturalist dataset...
FPR@95: 19.59, AUROC: 95.00 AUPR_IN: 95.37, AUPR_OUT: 94.67
──────────────────────────────────────────────────────────────────────

Performing inference on textures dataset...
Computing metrics on textures dataset...
FPR@95: 29.67, AUROC: 93.11 AUPR_IN: 94.14, AUPR_OUT: 89.76
──────────────────────────────────────────────────────────────────────

Performing inference on openimage_o dataset...
Computing metrics on openimage_o dataset...
FPR@95: 33.47, AUROC: 90.78 AUPR_IN: 87.34, AUPR_OUT: 93.46
──────────────────────────────────────────────────────────────────────

Computing mean metrics...
FPR@95: 27.57, AUROC: 92.96 AUPR_IN: 92.28, AUPR_OUT: 92.63
──────────────────────────────────────────────────────────────────────

             FPR@95  AUROC  AUPR_IN  AUPR_OUT   ACC
ssb_hard      78.82  75.74    35.13     93.69 86.46
ninco         45.92  86.65    91.22     78.42 86.46
nearood       62.37  81.20    63.18     86.06 86.46
inaturalist   19.59  95.00    95.37     94.67 86.46
textures      29.67  93.11    94.14     89.76 86.46
openimage_o   33.47  90.78    87.34     93.46 86.46
farood        27.57  92.96    92.28     92.63 86.46

--- RFF Diagnostics (194376 samples) ./results/imagenet200_resnet18_224x224_base_e90_lr0.1_default/s1/diagnostics/rff_max_novw.npz ---
  Classes above threshold: mean=1.5, zero=27.0%, one=36.0%, multi(>1)=37.0%
  Max score: mean=0.6253, std=0.2919
  Margin (max-2nd): mean=0.0511, std=0.0740

--- RFF Per-Class Analysis → ./results/imagenet200_resnet18_224x224_base_e90_lr0.1_default/s1/diagnostics/rff_max_novw_per_class.csv ---
  id_test  multi_rate: mean=0.3781, max=0.9839
  ssb_hard        multi_rate: mean=0.4121, max=0.8676
  ninco           multi_rate: mean=0.2482, max=0.9592
  inaturalist     multi_rate: mean=0.0633, max=0.6667
  textures        multi_rate: mean=0.0663, max=0.6667
  openimage_o     multi_rate: mean=0.2279, max=1.0000

--- RFF Debug Plots → ./results/imagenet200_resnet18_224x224_base_e90_lr0.1_default/s1/diagnostics ---
  Kernel dist: mean=0.5217, std=0.0598, min=0.3649, max=0.9386
  φ(x) stats per split:
    train          : mean=0.00151, std=0.03124
    val            : mean=0.00150, std=0.03125
    id_test        : mean=0.00151, std=0.03124
    ssb_hard       : mean=0.00144, std=0.03128
    ninco          : mean=0.00159, std=0.03120
    inaturalist    : mean=0.00168, std=0.03129
    textures       : mean=0.00174, std=0.03125
    openimage_o    : mean=0.00163, std=0.03123
  Score dist:
    id_test        : mean=0.8147, std=0.0575, n=9000
    ssb_hard       : mean=0.7592, std=0.0560, n=49000
    ninco          : mean=0.7322, std=0.0436, n=5879
    inaturalist    : mean=0.7001, std=0.0348, n=10000
    textures       : mean=0.7002, std=0.0495, n=5160
    openimage_o    : mean=0.7179, std=0.0410, n=15869
  Debug stats → ./results/imagenet200_resnet18_224x224_base_e90_lr0.1_default/s1/diagnostics/rff_debug_stats.csv

==================================================
Setting up RFF Kernel Attention OOD detector...
  sigma (bandwidth): 0.5
  D (RFF dimension): 1024
  alpha (target FPR): 0.05
  feature_space: penultimate
  normalize: True
  score_mode: max
  variance_weighted: False
==================================================
Extracted 258951 train features of dim 512
  Feature norm (mean): 15.6763
  Number of classes: 200
Extracted 1000 val features for threshold
Per-class embedding norms (mean): 0.6842
Threshold (max) at 5.0%: 0.2670
Max threshold (for diagnostics) at 5.0%: 0.2670
RFF setup complete.

Starting automatic parameter search...
Hyperparam: [0.1, 512, 0.025], auroc: 0.513406976744186
Hyperparam: [0.5, 512, 0.025], auroc: 0.8981747022121384
Hyperparam: [1.0, 512, 0.025], auroc: 0.891528644356211
Hyperparam: [2.0, 512, 0.025], auroc: 0.7446205331820761
Hyperparam: [0.1, 1024, 0.025], auroc: 0.507090754395916
Hyperparam: [0.5, 1024, 0.025], auroc: 0.9018403289846852
Hyperparam: [1.0, 1024, 0.025], auroc: 0.8715348837209301
Hyperparam: [2.0, 1024, 0.025], auroc: 0.8701934203062961
Hyperparam: [0.1, 2048, 0.025], auroc: 0.5201701644923427
Hyperparam: [0.5, 2048, 0.025], auroc: 0.8970255246738513
Hyperparam: [1.0, 2048, 0.025], auroc: 0.8979427112875779
Hyperparam: [2.0, 2048, 0.025], auroc: 0.8590850822461713
Hyperparam: [0.1, 512, 0.05], auroc: 0.5335553034600113
Hyperparam: [0.5, 512, 0.05], auroc: 0.9022212138400454
Hyperparam: [1.0, 512, 0.05], auroc: 0.8887362450368691
Hyperparam: [2.0, 512, 0.05], auroc: 0.8673241633579127
Hyperparam: [0.1, 1024, 0.05], auroc: 0.5210964265456608
Hyperparam: [0.5, 1024, 0.05], auroc: 0.9017311401020986
Hyperparam: [1.0, 1024, 0.05], auroc: 0.8895153148043107
Hyperparam: [2.0, 1024, 0.05], auroc: 0.8595726035167328
Hyperparam: [0.1, 2048, 0.05], auroc: 0.5123000567214975
Hyperparam: [0.5, 2048, 0.05], auroc: 0.9076142938173567
Hyperparam: [1.0, 2048, 0.05], auroc: 0.8973596142938174
Hyperparam: [2.0, 2048, 0.05], auroc: 0.8992263187748155
Hyperparam: [0.1, 512, 0.1], auroc: 0.5219461145774249
Hyperparam: [0.5, 512, 0.1], auroc: 0.8972473057288713
Hyperparam: [1.0, 512, 0.1], auroc: 0.8480391378332387
Hyperparam: [2.0, 512, 0.1], auroc: 0.7861131593874078
Hyperparam: [0.1, 1024, 0.1], auroc: 0.5391043675553034
Hyperparam: [0.5, 1024, 0.1], auroc: 0.90638910947249
Hyperparam: [1.0, 1024, 0.1], auroc: 0.8961372660238229
Hyperparam: [2.0, 1024, 0.1], auroc: 0.863656267725468
Hyperparam: [0.1, 2048, 0.1], auroc: 0.5165207033465683
Hyperparam: [0.5, 2048, 0.1], auroc: 0.9025950085082247
Hyperparam: [1.0, 2048, 0.1], auroc: 0.8995127623369258
Hyperparam: [2.0, 2048, 0.1], auroc: 0.8811046511627907
Final hyperparam: [0.5, 2048, 0.05, True]
Performing inference on imagenet200 test set...
Processing near ood...
Performing inference on ssb_hard dataset...
Computing metrics on ssb_hard dataset...
FPR@95: 75.94, AUROC: 76.99 AUPR_IN: 37.31, AUPR_OUT: 94.02
──────────────────────────────────────────────────────────────────────

Performing inference on ninco dataset...
Computing metrics on ninco dataset...
FPR@95: 46.01, AUROC: 86.49 AUPR_IN: 91.19, AUPR_OUT: 78.67
──────────────────────────────────────────────────────────────────────

Computing mean metrics...
FPR@95: 60.98, AUROC: 81.74 AUPR_IN: 64.25, AUPR_OUT: 86.34
──────────────────────────────────────────────────────────────────────

Processing far ood...
Performing inference on inaturalist dataset...
Computing metrics on inaturalist dataset...
FPR@95: 22.00, AUROC: 95.03 AUPR_IN: 95.20, AUPR_OUT: 95.21
──────────────────────────────────────────────────────────────────────

Performing inference on textures dataset...
Computing metrics on textures dataset...
FPR@95: 25.64, AUROC: 94.12 AUPR_IN: 95.58, AUPR_OUT: 91.41
──────────────────────────────────────────────────────────────────────

Performing inference on openimage_o dataset...
Computing metrics on openimage_o dataset...
FPR@95: 31.83, AUROC: 90.59 AUPR_IN: 87.84, AUPR_OUT: 93.41
──────────────────────────────────────────────────────────────────────

Computing mean metrics...
FPR@95: 26.49, AUROC: 93.25 AUPR_IN: 92.87, AUPR_OUT: 93.34
──────────────────────────────────────────────────────────────────────

             FPR@95  AUROC  AUPR_IN  AUPR_OUT   ACC
ssb_hard      75.94  76.99    37.31     94.02 86.27
ninco         46.01  86.49    91.19     78.67 86.27
nearood       60.98  81.74    64.25     86.34 86.27
inaturalist   22.00  95.03    95.20     95.21 86.27
textures      25.64  94.12    95.58     91.41 86.27
openimage_o   31.83  90.59    87.84     93.41 86.27
farood        26.49  93.25    92.87     93.34 86.27

--- RFF Diagnostics (194376 samples) ./results/imagenet200_resnet18_224x224_base_e90_lr0.1_default/s2/diagnostics/rff_max_novw.npz ---
  Classes above threshold: mean=1.4, zero=29.9%, one=36.2%, multi(>1)=33.9%
  Max score: mean=0.4201, std=0.2910
  Margin (max-2nd): mean=0.0666, std=0.0956

--- RFF Per-Class Analysis → ./results/imagenet200_resnet18_224x224_base_e90_lr0.1_default/s2/diagnostics/rff_max_novw_per_class.csv ---
  id_test  multi_rate: mean=0.3026, max=0.9836
  ssb_hard        multi_rate: mean=0.2994, max=0.8195
  ninco           multi_rate: mean=0.1796, max=1.0000
  inaturalist     multi_rate: mean=0.0355, max=1.0000
  textures        multi_rate: mean=0.0332, max=0.3333
  openimage_o     multi_rate: mean=0.1350, max=0.8000

--- RFF Debug Plots → ./results/imagenet200_resnet18_224x224_base_e90_lr0.1_default/s2/diagnostics ---
  Kernel dist: mean=0.0845, std=0.0552, min=-0.0211, max=0.7088
  φ(x) stats per split:
    train          : mean=0.00005, std=0.02210
    val            : mean=0.00004, std=0.02210
    id_test        : mean=0.00004, std=0.02210
    ssb_hard       : mean=0.00003, std=0.02210
    ninco          : mean=0.00004, std=0.02210
    inaturalist    : mean=0.00019, std=0.02209
    textures       : mean=0.00005, std=0.02209
    openimage_o    : mean=0.00015, std=0.02210
  Score dist:
    id_test        : mean=0.4576, std=0.1174, n=9000
    ssb_hard       : mean=0.3436, std=0.1024, n=49000
    ninco          : mean=0.2992, std=0.0757, n=5879
    inaturalist    : mean=0.2431, std=0.0566, n=10000
    textures       : mean=0.2444, std=0.0723, n=5160
    openimage_o    : mean=0.2764, std=0.0648, n=15869
  Debug stats → ./results/imagenet200_resnet18_224x224_base_e90_lr0.1_default/s2/diagnostics/rff_debug_stats.csv
=== Done | Tue Mar 31 03:37:25 PM EDT 2026 ===
---------------------------------------
Begin Slurm Epilog: Mar-31-2026 15:37:25
Job ID:        4578478
Array Job ID:  4578478_2
User ID:       ksalzman3
Account:       coc
Job name:      rff_max_novw
Resources:     cpu=4,gres/gpu:v100=1,mem=32G,node=1
Rsrc Used:     cput=00:39:24,vmem=0,walltime=00:09:51,mem=6028408K,energy_used=0
Partition:     ice-gpu
QOS:           coc-ice
Nodes:         atl1-1-01-002-6-0
---------------------------------------
