---------------------------------------
Begin Slurm Prolog: Apr-22-2026 23:12:33
Job ID:    5044437
User ID:   ksalzman3
Account:   coc
Job name:  rff_centroid_vw_mlpca_minmax_clip
Partition: ice-gpu
QOS:       coc-ice
---------------------------------------
=== rff_centroid_vw_mlpca_minmax_clip | cifar10 | Wed Apr 22 11:12:39 PM EDT 2026 ===

==================================================
Setting up RFF Kernel Attention OOD detector...
  sigma (bandwidth): 0.5
  D (RFF dimension): 2048
  alpha (target FPR): 0.05
  feature_space: multilayer_pca
  normalize: True
  score_mode: centroid
  variance_weighted: True
==================================================
Extracted 50000 train features of dim 384 (multilayer_pca, 3 layers)
  Feature norm (mean): 8.4068
  Number of classes: 10
Extracted 1000 val features for threshold
Per-class embedding norms (mean): 0.6090
Per-class score variance (mean): 0.007066
Threshold (centroid) at 5.0%: 2.7396
Max threshold (for diagnostics) at 5.0%: 1.6935
RFF setup complete.

[RFFClip] Loading CLIP ViT-B/16 with 10 classes (cifar10)...
Starting automatic parameter search...
Hyperparam: [0.0], auroc: 0.823477
Hyperparam: [0.1], auroc: 0.8565935
Hyperparam: [0.2], auroc: 0.8888659999999999
Hyperparam: [0.3], auroc: 0.916465
Hyperparam: [0.4], auroc: 0.9377809999999999
Hyperparam: [0.5], auroc: 0.952276
Hyperparam: [0.6], auroc: 0.960332
Hyperparam: [0.7], auroc: 0.963659
Hyperparam: [0.8], auroc: 0.963918
Hyperparam: [0.9], auroc: 0.961655
Hyperparam: [1.0], auroc: 0.9566184999999999
Final hyperparam: [0.8]
[Timing] Setup: 85.5s
Performing inference on cifar10 test set...
Processing near ood...
Performing inference on cifar100 dataset...
Computing metrics on cifar100 dataset...
FPR@95: 25.99, AUROC: 93.60 AUPR_IN: 93.94, AUPR_OUT: 92.97
──────────────────────────────────────────────────────────────────────

Performing inference on tin dataset...
Computing metrics on tin dataset...
FPR@95: 19.34, AUROC: 95.68 AUPR_IN: 96.18, AUPR_OUT: 94.68
──────────────────────────────────────────────────────────────────────

Computing mean metrics...
FPR@95: 22.67, AUROC: 94.64 AUPR_IN: 95.06, AUPR_OUT: 93.83
──────────────────────────────────────────────────────────────────────

Processing far ood...
Performing inference on mnist dataset...
Computing metrics on mnist dataset...
FPR@95: 1.67, AUROC: 99.58 AUPR_IN: 98.37, AUPR_OUT: 99.93
──────────────────────────────────────────────────────────────────────

Performing inference on svhn dataset...
Computing metrics on svhn dataset...
FPR@95: 2.53, AUROC: 99.31 AUPR_IN: 98.69, AUPR_OUT: 99.69
──────────────────────────────────────────────────────────────────────

Performing inference on texture dataset...
Computing metrics on texture dataset...
FPR@95: 5.64, AUROC: 98.61 AUPR_IN: 99.17, AUPR_OUT: 97.42
──────────────────────────────────────────────────────────────────────

Performing inference on places365 dataset...
Computing metrics on places365 dataset...
FPR@95: 14.00, AUROC: 97.07 AUPR_IN: 91.73, AUPR_OUT: 99.11
──────────────────────────────────────────────────────────────────────

Computing mean metrics...
FPR@95: 5.96, AUROC: 98.64 AUPR_IN: 96.99, AUPR_OUT: 99.04
──────────────────────────────────────────────────────────────────────

           FPR@95  AUROC  AUPR_IN  AUPR_OUT   ACC
cifar100    25.99  93.60    93.94     92.97 95.22
tin         19.34  95.68    96.18     94.68 95.22
nearood     22.67  94.64    95.06     93.83 95.22
mnist        1.67  99.58    98.37     99.93 95.22
svhn         2.53  99.31    98.69     99.69 95.22
texture      5.64  98.61    99.17     97.42 95.22
places365   14.00  97.07    91.73     99.11 95.22
farood       5.96  98.64    96.99     99.04 95.22
[Timing] Eval:  123.9s

==================================================
Setting up RFF Kernel Attention OOD detector...
  sigma (bandwidth): 0.5
  D (RFF dimension): 2048
  alpha (target FPR): 0.05
  feature_space: multilayer_pca
  normalize: True
  score_mode: centroid
  variance_weighted: True
==================================================
Extracted 50000 train features of dim 384 (multilayer_pca, 3 layers)
  Feature norm (mean): 8.0628
  Number of classes: 10
Extracted 1000 val features for threshold
Per-class embedding norms (mean): 0.6027
Per-class score variance (mean): 0.008482
Threshold (centroid) at 5.0%: 2.3158
Max threshold (for diagnostics) at 5.0%: 1.4511
RFF setup complete.

[RFFClip] Loading CLIP ViT-B/16 with 10 classes (cifar10)...
Starting automatic parameter search...
Hyperparam: [0.0], auroc: 0.8215250000000001
Hyperparam: [0.1], auroc: 0.85502
Hyperparam: [0.2], auroc: 0.8877879999999999
Hyperparam: [0.3], auroc: 0.916657
Hyperparam: [0.4], auroc: 0.9390149999999999
Hyperparam: [0.5], auroc: 0.9540489999999999
Hyperparam: [0.6], auroc: 0.962433
Hyperparam: [0.7], auroc: 0.965516
Hyperparam: [0.8], auroc: 0.9652810000000001
Hyperparam: [0.9], auroc: 0.962449
Hyperparam: [1.0], auroc: 0.9566184999999999
Final hyperparam: [0.7]
[Timing] Setup: 28.3s
Performing inference on cifar10 test set...
Processing near ood...
Performing inference on cifar100 dataset...
Computing metrics on cifar100 dataset...
FPR@95: 24.91, AUROC: 93.97 AUPR_IN: 94.06, AUPR_OUT: 93.52
──────────────────────────────────────────────────────────────────────

Performing inference on tin dataset...
Computing metrics on tin dataset...
FPR@95: 18.59, AUROC: 95.88 AUPR_IN: 96.26, AUPR_OUT: 94.95
──────────────────────────────────────────────────────────────────────

Computing mean metrics...
FPR@95: 21.75, AUROC: 94.92 AUPR_IN: 95.16, AUPR_OUT: 94.24
──────────────────────────────────────────────────────────────────────

Processing far ood...
Performing inference on mnist dataset...
Computing metrics on mnist dataset...
FPR@95: 2.30, AUROC: 99.44 AUPR_IN: 97.86, AUPR_OUT: 99.91
──────────────────────────────────────────────────────────────────────

Performing inference on svhn dataset...
Computing metrics on svhn dataset...
FPR@95: 2.69, AUROC: 99.34 AUPR_IN: 98.72, AUPR_OUT: 99.71
──────────────────────────────────────────────────────────────────────

Performing inference on texture dataset...
Computing metrics on texture dataset...
FPR@95: 5.63, AUROC: 98.62 AUPR_IN: 99.20, AUPR_OUT: 97.42
──────────────────────────────────────────────────────────────────────

Performing inference on places365 dataset...
Computing metrics on places365 dataset...
FPR@95: 12.97, AUROC: 97.18 AUPR_IN: 91.93, AUPR_OUT: 99.14
──────────────────────────────────────────────────────────────────────

Computing mean metrics...
FPR@95: 5.90, AUROC: 98.65 AUPR_IN: 96.93, AUPR_OUT: 99.05
──────────────────────────────────────────────────────────────────────

           FPR@95  AUROC  AUPR_IN  AUPR_OUT   ACC
cifar100    24.91  93.97    94.06     93.52 94.63
tin         18.59  95.88    96.26     94.95 94.63
nearood     21.75  94.92    95.16     94.24 94.63
mnist        2.30  99.44    97.86     99.91 94.63
svhn         2.69  99.34    98.72     99.71 94.63
texture      5.63  98.62    99.20     97.42 94.63
places365   12.97  97.18    91.93     99.14 94.63
farood       5.90  98.65    96.93     99.05 94.63
[Timing] Eval:  56.2s

==================================================
Setting up RFF Kernel Attention OOD detector...
  sigma (bandwidth): 0.5
  D (RFF dimension): 2048
  alpha (target FPR): 0.05
  feature_space: multilayer_pca
  normalize: True
  score_mode: centroid
  variance_weighted: True
==================================================
Extracted 50000 train features of dim 384 (multilayer_pca, 3 layers)
  Feature norm (mean): 8.1530
  Number of classes: 10
Extracted 1000 val features for threshold
Per-class embedding norms (mean): 0.6016
Per-class score variance (mean): 0.007184
Threshold (centroid) at 5.0%: 2.8498
Max threshold (for diagnostics) at 5.0%: 1.6987
RFF setup complete.

[RFFClip] Loading CLIP ViT-B/16 with 10 classes (cifar10)...
Starting automatic parameter search...
Hyperparam: [0.0], auroc: 0.827959
Hyperparam: [0.1], auroc: 0.8609100000000001
Hyperparam: [0.2], auroc: 0.893322
Hyperparam: [0.3], auroc: 0.9213520000000002
Hyperparam: [0.4], auroc: 0.9423790000000001
Hyperparam: [0.5], auroc: 0.9559569999999998
Hyperparam: [0.6], auroc: 0.963081
Hyperparam: [0.7], auroc: 0.965445
Hyperparam: [0.8], auroc: 0.9650129999999999
Hyperparam: [0.9], auroc: 0.9620929999999999
Hyperparam: [1.0], auroc: 0.9566184999999999
Final hyperparam: [0.7]
[Timing] Setup: 28.9s
Performing inference on cifar10 test set...
Processing near ood...
Performing inference on cifar100 dataset...
Computing metrics on cifar100 dataset...
FPR@95: 25.92, AUROC: 93.77 AUPR_IN: 93.80, AUPR_OUT: 93.30
──────────────────────────────────────────────────────────────────────

Performing inference on tin dataset...
Computing metrics on tin dataset...
FPR@95: 18.22, AUROC: 95.98 AUPR_IN: 96.44, AUPR_OUT: 95.11
──────────────────────────────────────────────────────────────────────

Computing mean metrics...
FPR@95: 22.07, AUROC: 94.88 AUPR_IN: 95.12, AUPR_OUT: 94.20
──────────────────────────────────────────────────────────────────────

Processing far ood...
Performing inference on mnist dataset...
Computing metrics on mnist dataset...
FPR@95: 2.57, AUROC: 99.38 AUPR_IN: 97.89, AUPR_OUT: 99.90
──────────────────────────────────────────────────────────────────────

Performing inference on svhn dataset...
Computing metrics on svhn dataset...
FPR@95: 2.96, AUROC: 99.26 AUPR_IN: 98.56, AUPR_OUT: 99.68
──────────────────────────────────────────────────────────────────────

Performing inference on texture dataset...
Computing metrics on texture dataset...
FPR@95: 5.81, AUROC: 98.57 AUPR_IN: 99.17, AUPR_OUT: 97.42
──────────────────────────────────────────────────────────────────────

Performing inference on places365 dataset...
Computing metrics on places365 dataset...
FPR@95: 13.40, AUROC: 97.09 AUPR_IN: 91.93, AUPR_OUT: 99.12
──────────────────────────────────────────────────────────────────────

Computing mean metrics...
FPR@95: 6.18, AUROC: 98.57 AUPR_IN: 96.89, AUPR_OUT: 99.03
──────────────────────────────────────────────────────────────────────

           FPR@95  AUROC  AUPR_IN  AUPR_OUT   ACC
cifar100    25.92  93.77    93.80     93.30 95.32
tin         18.22  95.98    96.44     95.11 95.32
nearood     22.07  94.88    95.12     94.20 95.32
mnist        2.57  99.38    97.89     99.90 95.32
svhn         2.96  99.26    98.56     99.68 95.32
texture      5.81  98.57    99.17     97.42 95.32
places365   13.40  97.09    91.93     99.12 95.32
farood       6.18  98.57    96.89     99.03 95.32
[Timing] Eval:  56.5s

[Timing Summary]
  Setup: 47.6s ± 26.8s per seed
  Eval:  78.9s ± 31.8s per seed
  Total: 379.3s across 3 seeds
=== Done | Wed Apr 22 11:21:28 PM EDT 2026 ===
---------------------------------------
Begin Slurm Epilog: Apr-22-2026 23:21:28
Job ID:        5044437
Array Job ID:  5040247_0
User ID:       ksalzman3
Account:       coc
Job name:      rff_centroid_vw_mlpca_minmax_clip
Resources:     cpu=4,gres/gpu:h100=1,mem=32G,node=1
Rsrc Used:     cput=00:35:44,vmem=0,walltime=00:08:56,mem=7224572K,energy_used=0
Partition:     ice-gpu
QOS:           coc-ice
Nodes:         atl1-1-03-013-8-0
---------------------------------------
