---------------------------------------
Begin Slurm Prolog: Apr-23-2026 03:15:13
Job ID:    5046762
User ID:   ksalzman3
Account:   coc
Job name:  rff_max_vw_clip
Partition: ice-gpu
QOS:       coc-ice
---------------------------------------
=== rff_max_vw_clip | imagenet200 | Thu Apr 23 03:15:19 AM EDT 2026 ===

==================================================
Setting up RFF Kernel Attention OOD detector...
  sigma (bandwidth): 0.5
  D (RFF dimension): 2048
  alpha (target FPR): 0.05
  feature_space: penultimate
  normalize: True
  score_mode: max
  variance_weighted: True
==================================================
Extracted 258951 train features of dim 512
  Feature norm (mean): 15.6564
  Number of classes: 200
Extracted 1000 val features for threshold
Per-class embedding norms (mean): 1.0000
Per-class score variance (mean): 0.015641
Threshold (max) at 5.0%: 3.5372
Max threshold (for diagnostics) at 5.0%: 3.5372
RFF setup complete.

[CLIPPrior] Could not load imagenet synset meta from ./data/imagenet: The meta file ./data/imagenet/meta.bin is not present in the root directory or is corrupted. This file is automatically created by the ImageNet dataset.
  Falling back to synset IDs as class names.
[RFFClip] Loading CLIP ViT-B/16 with 200 classes (imagenet200)...
Starting automatic parameter search...
Hyperparam: [0.0], auroc: 0.6776823596142938
Hyperparam: [0.1], auroc: 0.6779469653998866
Hyperparam: [0.2], auroc: 0.6782861599546227
Hyperparam: [0.3], auroc: 0.6786832104367555
Hyperparam: [0.4], auroc: 0.6792095859330687
Hyperparam: [0.5], auroc: 0.6798990357345434
Hyperparam: [0.6], auroc: 0.6808624503686898
Hyperparam: [0.7], auroc: 0.6824183210436755
Hyperparam: [0.8], auroc: 0.6851324446965401
Hyperparam: [0.9], auroc: 0.691616846284742
Hyperparam: [1.0], auroc: 0.6379741917186614
Final hyperparam: [0.9]
[Timing] Setup: 657.5s
Performing inference on imagenet200 test set...
Processing near ood...
Performing inference on ssb_hard dataset...
Computing metrics on ssb_hard dataset...
FPR@95: 90.32, AUROC: 68.22 AUPR_IN: 25.42, AUPR_OUT: 90.62
──────────────────────────────────────────────────────────────────────

Performing inference on ninco dataset...
Computing metrics on ninco dataset...
FPR@95: 76.47, AUROC: 72.54 AUPR_IN: 79.55, AUPR_OUT: 57.06
──────────────────────────────────────────────────────────────────────

Computing mean metrics...
FPR@95: 83.39, AUROC: 70.38 AUPR_IN: 52.48, AUPR_OUT: 73.84
──────────────────────────────────────────────────────────────────────

Processing far ood...
Performing inference on inaturalist dataset...
Computing metrics on inaturalist dataset...
FPR@95: 67.42, AUROC: 77.09 AUPR_IN: 75.44, AUPR_OUT: 73.25
──────────────────────────────────────────────────────────────────────

Performing inference on textures dataset...
Computing metrics on textures dataset...
FPR@95: 68.57, AUROC: 76.96 AUPR_IN: 84.87, AUPR_OUT: 59.64
──────────────────────────────────────────────────────────────────────

Performing inference on openimage_o dataset...
Computing metrics on openimage_o dataset...
FPR@95: 72.93, AUROC: 72.36 AUPR_IN: 61.18, AUPR_OUT: 77.56
──────────────────────────────────────────────────────────────────────

Computing mean metrics...
FPR@95: 69.64, AUROC: 75.47 AUPR_IN: 73.83, AUPR_OUT: 70.15
──────────────────────────────────────────────────────────────────────

             FPR@95  AUROC  AUPR_IN  AUPR_OUT   ACC
ssb_hard      90.32  68.22    25.42     90.62 86.38
ninco         76.47  72.54    79.55     57.06 86.38
nearood       83.39  70.38    52.48     73.84 86.38
inaturalist   67.42  77.09    75.44     73.25 86.38
textures      68.57  76.96    84.87     59.64 86.38
openimage_o   72.93  72.36    61.18     77.56 86.38
farood        69.64  75.47    73.83     70.15 86.38
[Timing] Eval:  203.9s

==================================================
Setting up RFF Kernel Attention OOD detector...
  sigma (bandwidth): 0.5
  D (RFF dimension): 2048
  alpha (target FPR): 0.05
  feature_space: penultimate
  normalize: True
  score_mode: max
  variance_weighted: True
==================================================
Extracted 258951 train features of dim 512
  Feature norm (mean): 15.5766
  Number of classes: 200
Extracted 1000 val features for threshold
Per-class embedding norms (mean): 1.0000
Per-class score variance (mean): 0.015911
Threshold (max) at 5.0%: 3.4263
Max threshold (for diagnostics) at 5.0%: 3.4263
RFF setup complete.

[CLIPPrior] Could not load imagenet synset meta from ./data/imagenet: The meta file ./data/imagenet/meta.bin is not present in the root directory or is corrupted. This file is automatically created by the ImageNet dataset.
  Falling back to synset IDs as class names.
[RFFClip] Loading CLIP ViT-B/16 with 200 classes (imagenet200)...
Starting automatic parameter search...
Hyperparam: [0.0], auroc: 0.6654741917186613
Hyperparam: [0.1], auroc: 0.6657039137833239
Hyperparam: [0.2], auroc: 0.6659818491208168
Hyperparam: [0.3], auroc: 0.6662960862166761
Hyperparam: [0.4], auroc: 0.6667424844015881
Hyperparam: [0.5], auroc: 0.6673584798638684
Hyperparam: [0.6], auroc: 0.6682552467385139
Hyperparam: [0.7], auroc: 0.6697084515031196
Hyperparam: [0.8], auroc: 0.6726262053318208
Hyperparam: [0.9], auroc: 0.6784872376630744
Hyperparam: [1.0], auroc: 0.6379741917186614
Final hyperparam: [0.9]
[Timing] Setup: 616.0s
Performing inference on imagenet200 test set...
Processing near ood...
Performing inference on ssb_hard dataset...
Computing metrics on ssb_hard dataset...
FPR@95: 89.51, AUROC: 68.47 AUPR_IN: 25.92, AUPR_OUT: 90.48
──────────────────────────────────────────────────────────────────────

Performing inference on ninco dataset...
Computing metrics on ninco dataset...
FPR@95: 76.56, AUROC: 72.65 AUPR_IN: 79.60, AUPR_OUT: 56.89
──────────────────────────────────────────────────────────────────────

Computing mean metrics...
FPR@95: 83.03, AUROC: 70.56 AUPR_IN: 52.76, AUPR_OUT: 73.69
──────────────────────────────────────────────────────────────────────

Processing far ood...
Performing inference on inaturalist dataset...
Computing metrics on inaturalist dataset...
FPR@95: 64.46, AUROC: 76.48 AUPR_IN: 75.73, AUPR_OUT: 72.05
──────────────────────────────────────────────────────────────────────

Performing inference on textures dataset...
Computing metrics on textures dataset...
FPR@95: 66.67, AUROC: 77.40 AUPR_IN: 85.14, AUPR_OUT: 59.05
──────────────────────────────────────────────────────────────────────

Performing inference on openimage_o dataset...
Computing metrics on openimage_o dataset...
FPR@95: 67.70, AUROC: 74.03 AUPR_IN: 63.97, AUPR_OUT: 78.10
──────────────────────────────────────────────────────────────────────

Computing mean metrics...
FPR@95: 66.27, AUROC: 75.97 AUPR_IN: 74.95, AUPR_OUT: 69.73
──────────────────────────────────────────────────────────────────────

             FPR@95  AUROC  AUPR_IN  AUPR_OUT   ACC
ssb_hard      89.51  68.47    25.92     90.48 86.47
ninco         76.56  72.65    79.60     56.89 86.47
nearood       83.03  70.56    52.76     73.69 86.47
inaturalist   64.46  76.48    75.73     72.05 86.47
textures      66.67  77.40    85.14     59.05 86.47
openimage_o   67.70  74.03    63.97     78.10 86.47
farood        66.27  75.97    74.95     69.73 86.47
[Timing] Eval:  189.1s

==================================================
Setting up RFF Kernel Attention OOD detector...
  sigma (bandwidth): 0.5
  D (RFF dimension): 2048
  alpha (target FPR): 0.05
  feature_space: penultimate
  normalize: True
  score_mode: max
  variance_weighted: True
==================================================
Extracted 258951 train features of dim 512
  Feature norm (mean): 15.6761
  Number of classes: 200
Extracted 1000 val features for threshold
Per-class embedding norms (mean): 1.0000
Per-class score variance (mean): 0.015798
Threshold (max) at 5.0%: 3.5469
Max threshold (for diagnostics) at 5.0%: 3.5469
RFF setup complete.

[CLIPPrior] Could not load imagenet synset meta from ./data/imagenet: The meta file ./data/imagenet/meta.bin is not present in the root directory or is corrupted. This file is automatically created by the ImageNet dataset.
  Falling back to synset IDs as class names.
[RFFClip] Loading CLIP ViT-B/16 with 200 classes (imagenet200)...
Starting automatic parameter search...
Hyperparam: [0.0], auroc: 0.6914679523539421
Hyperparam: [0.1], auroc: 0.6917300056721498
Hyperparam: [0.2], auroc: 0.6920448099829835
Hyperparam: [0.3], auroc: 0.6924055587067499
Hyperparam: [0.4], auroc: 0.6928950652297221
Hyperparam: [0.5], auroc: 0.6935201361315939
Hyperparam: [0.6], auroc: 0.6944566080544526
Hyperparam: [0.7], auroc: 0.6959682359614293
Hyperparam: [0.8], auroc: 0.6987197958026092
Hyperparam: [0.9], auroc: 0.7047969370391378
Hyperparam: [1.0], auroc: 0.6379741917186614
Final hyperparam: [0.9]
[Timing] Setup: 609.2s
Performing inference on imagenet200 test set...
Processing near ood...
Performing inference on ssb_hard dataset...
Computing metrics on ssb_hard dataset...
FPR@95: 90.24, AUROC: 67.77 AUPR_IN: 24.97, AUPR_OUT: 90.52
──────────────────────────────────────────────────────────────────────

Performing inference on ninco dataset...
Computing metrics on ninco dataset...
FPR@95: 77.62, AUROC: 72.05 AUPR_IN: 78.90, AUPR_OUT: 56.85
──────────────────────────────────────────────────────────────────────

Computing mean metrics...
FPR@95: 83.93, AUROC: 69.91 AUPR_IN: 51.94, AUPR_OUT: 73.69
──────────────────────────────────────────────────────────────────────

Processing far ood...
Performing inference on inaturalist dataset...
Computing metrics on inaturalist dataset...
FPR@95: 64.46, AUROC: 78.89 AUPR_IN: 76.79, AUPR_OUT: 75.20
──────────────────────────────────────────────────────────────────────

Performing inference on textures dataset...
Computing metrics on textures dataset...
FPR@95: 70.21, AUROC: 76.83 AUPR_IN: 84.36, AUPR_OUT: 59.57
──────────────────────────────────────────────────────────────────────

Performing inference on openimage_o dataset...
Computing metrics on openimage_o dataset...
FPR@95: 75.02, AUROC: 72.35 AUPR_IN: 60.25, AUPR_OUT: 77.91
──────────────────────────────────────────────────────────────────────

Computing mean metrics...
FPR@95: 69.90, AUROC: 76.02 AUPR_IN: 73.80, AUPR_OUT: 70.89
──────────────────────────────────────────────────────────────────────

             FPR@95  AUROC  AUPR_IN  AUPR_OUT   ACC
ssb_hard      90.24  67.77    24.97     90.52 86.27
ninco         77.62  72.05    78.90     56.85 86.27
nearood       83.93  69.91    51.94     73.69 86.27
inaturalist   64.46  78.89    76.79     75.20 86.27
textures      70.21  76.83    84.36     59.57 86.27
openimage_o   75.02  72.35    60.25     77.91 86.27
farood        69.90  76.02    73.80     70.89 86.27
[Timing] Eval:  191.3s

[Timing Summary]
  Setup: 627.5s ± 21.3s per seed
  Eval:  194.8s ± 6.5s per seed
  Total: 2466.9s across 3 seeds
=== Done | Thu Apr 23 03:58:38 AM EDT 2026 ===
---------------------------------------
Begin Slurm Epilog: Apr-23-2026 03:58:39
Job ID:        5046762
Array Job ID:  5040273_2
User ID:       ksalzman3
Account:       coc
Job name:      rff_max_vw_clip
Resources:     cpu=4,gres/gpu:h100=1,mem=48G,node=1
Rsrc Used:     cput=02:53:44,vmem=0,walltime=00:43:26,mem=50297768K,energy_used=0
Partition:     ice-gpu
QOS:           coc-ice
Nodes:         atl1-1-03-013-3-0
---------------------------------------
