---------------------------------------
Begin Slurm Prolog: Apr-29-2026 10:34:03
Job ID:    5116863
User ID:   ksalzman3
Account:   coc
Job name:  rff_pa_mlmx_cl
Partition: ice-gpu
QOS:       coc-ice
---------------------------------------
=== rff_predictor_aware_vw_mlminmax_clip | imagenet200 | Wed Apr 29 10:34:10 AM EDT 2026 ===

==================================================
Setting up RFFCLIPConcat OOD detector (ResNet + CLIP feature concat)...
  sigma=0.5  D=2048  alpha=0.05
  clip_backbone=ViT-B/16  score_mode=predictor_aware
==================================================
[CLIPPrior] Could not load imagenet synset meta from ./data/imagenet: The meta file ./data/imagenet/meta.bin is not present in the root directory or is corrupted. This file is automatically created by the ImageNet dataset.
  Falling back to synset IDs as class names.
[CLIPConcat] Loading CLIP ViT-B/16 with 200 classes (imagenet200)...
Train: 258951 samples, feature_dim=2432
Val:   1000 samples
Per-class embedding norms (mean): 1.0000
Threshold at 5.0%: 2.5798
RFFCLIPConcat setup complete.

[Timing] Setup: 621.1s
Performing inference on imagenet200 test set...
Processing near ood...
Performing inference on ssb_hard dataset...
Computing metrics on ssb_hard dataset...
FPR@95: 70.48, AUROC: 79.70 AUPR_IN: 43.00, AUPR_OUT: 94.57
──────────────────────────────────────────────────────────────────────

Performing inference on ninco dataset...
Computing metrics on ninco dataset...
FPR@95: 51.33, AUROC: 84.87 AUPR_IN: 89.61, AUPR_OUT: 75.08
──────────────────────────────────────────────────────────────────────

Computing mean metrics...
FPR@95: 60.91, AUROC: 82.29 AUPR_IN: 66.30, AUPR_OUT: 84.83
──────────────────────────────────────────────────────────────────────

Processing far ood...
Performing inference on inaturalist dataset...
Computing metrics on inaturalist dataset...
FPR@95: 21.21, AUROC: 93.65 AUPR_IN: 94.52, AUPR_OUT: 91.92
──────────────────────────────────────────────────────────────────────

Performing inference on textures dataset...
Computing metrics on textures dataset...
FPR@95: 20.92, AUROC: 94.31 AUPR_IN: 96.77, AUPR_OUT: 88.75
──────────────────────────────────────────────────────────────────────

Performing inference on openimage_o dataset...
Computing metrics on openimage_o dataset...
FPR@95: 29.80, AUROC: 90.30 AUPR_IN: 88.18, AUPR_OUT: 92.35
──────────────────────────────────────────────────────────────────────

Computing mean metrics...
FPR@95: 23.98, AUROC: 92.75 AUPR_IN: 93.16, AUPR_OUT: 91.01
──────────────────────────────────────────────────────────────────────

             FPR@95  AUROC  AUPR_IN  AUPR_OUT   ACC
ssb_hard      70.48  79.70    43.00     94.57 86.39
ninco         51.33  84.87    89.61     75.08 86.39
nearood       60.91  82.29    66.30     84.83 86.39
inaturalist   21.21  93.65    94.52     91.92 86.39
textures      20.92  94.31    96.77     88.75 86.39
openimage_o   29.80  90.30    88.18     92.35 86.39
farood        23.98  92.75    93.16     91.01 86.39
[Timing] Eval:  223.9s

==================================================
Setting up RFFCLIPConcat OOD detector (ResNet + CLIP feature concat)...
  sigma=0.5  D=2048  alpha=0.05
  clip_backbone=ViT-B/16  score_mode=predictor_aware
==================================================
[CLIPPrior] Could not load imagenet synset meta from ./data/imagenet: The meta file ./data/imagenet/meta.bin is not present in the root directory or is corrupted. This file is automatically created by the ImageNet dataset.
  Falling back to synset IDs as class names.
[CLIPConcat] Loading CLIP ViT-B/16 with 200 classes (imagenet200)...
Train: 258951 samples, feature_dim=2432
Val:   1000 samples
Per-class embedding norms (mean): 1.0000
Threshold at 5.0%: 2.5396
RFFCLIPConcat setup complete.

[Timing] Setup: 593.5s
Performing inference on imagenet200 test set...
Processing near ood...
Performing inference on ssb_hard dataset...
Computing metrics on ssb_hard dataset...
FPR@95: 74.04, AUROC: 79.02 AUPR_IN: 39.82, AUPR_OUT: 94.52
──────────────────────────────────────────────────────────────────────

Performing inference on ninco dataset...
Computing metrics on ninco dataset...
FPR@95: 52.83, AUROC: 84.50 AUPR_IN: 89.42, AUPR_OUT: 74.77
──────────────────────────────────────────────────────────────────────

Computing mean metrics...
FPR@95: 63.44, AUROC: 81.76 AUPR_IN: 64.62, AUPR_OUT: 84.64
──────────────────────────────────────────────────────────────────────

Processing far ood...
Performing inference on inaturalist dataset...
Computing metrics on inaturalist dataset...
FPR@95: 20.56, AUROC: 93.31 AUPR_IN: 94.28, AUPR_OUT: 91.32
──────────────────────────────────────────────────────────────────────

Performing inference on textures dataset...
Computing metrics on textures dataset...
FPR@95: 20.66, AUROC: 94.23 AUPR_IN: 96.81, AUPR_OUT: 88.45
──────────────────────────────────────────────────────────────────────

Performing inference on openimage_o dataset...
Computing metrics on openimage_o dataset...
FPR@95: 31.60, AUROC: 89.62 AUPR_IN: 87.28, AUPR_OUT: 91.84
──────────────────────────────────────────────────────────────────────

Computing mean metrics...
FPR@95: 24.27, AUROC: 92.39 AUPR_IN: 92.79, AUPR_OUT: 90.54
──────────────────────────────────────────────────────────────────────

             FPR@95  AUROC  AUPR_IN  AUPR_OUT   ACC
ssb_hard      74.04  79.02    39.82     94.52 86.46
ninco         52.83  84.50    89.42     74.77 86.46
nearood       63.44  81.76    64.62     84.64 86.46
inaturalist   20.56  93.31    94.28     91.32 86.46
textures      20.66  94.23    96.81     88.45 86.46
openimage_o   31.60  89.62    87.28     91.84 86.46
farood        24.27  92.39    92.79     90.54 86.46
[Timing] Eval:  221.1s

==================================================
Setting up RFFCLIPConcat OOD detector (ResNet + CLIP feature concat)...
  sigma=0.5  D=2048  alpha=0.05
  clip_backbone=ViT-B/16  score_mode=predictor_aware
==================================================
[CLIPPrior] Could not load imagenet synset meta from ./data/imagenet: The meta file ./data/imagenet/meta.bin is not present in the root directory or is corrupted. This file is automatically created by the ImageNet dataset.
  Falling back to synset IDs as class names.
[CLIPConcat] Loading CLIP ViT-B/16 with 200 classes (imagenet200)...
Train: 258951 samples, feature_dim=2432
Val:   1000 samples
Per-class embedding norms (mean): 1.0000
Threshold at 5.0%: 2.6770
RFFCLIPConcat setup complete.

[Timing] Setup: 592.2s
Performing inference on imagenet200 test set...
Processing near ood...
Performing inference on ssb_hard dataset...
Computing metrics on ssb_hard dataset...
FPR@95: 76.47, AUROC: 77.82 AUPR_IN: 38.30, AUPR_OUT: 94.19
──────────────────────────────────────────────────────────────────────

Performing inference on ninco dataset...
Computing metrics on ninco dataset...
FPR@95: 57.44, AUROC: 83.88 AUPR_IN: 88.35, AUPR_OUT: 74.98
──────────────────────────────────────────────────────────────────────

Computing mean metrics...
FPR@95: 66.96, AUROC: 80.85 AUPR_IN: 63.32, AUPR_OUT: 84.58
──────────────────────────────────────────────────────────────────────

Processing far ood...
Performing inference on inaturalist dataset...
Computing metrics on inaturalist dataset...
FPR@95: 20.27, AUROC: 94.24 AUPR_IN: 94.93, AUPR_OUT: 93.19
──────────────────────────────────────────────────────────────────────

Performing inference on textures dataset...
Computing metrics on textures dataset...
FPR@95: 21.14, AUROC: 94.71 AUPR_IN: 96.98, AUPR_OUT: 90.19
──────────────────────────────────────────────────────────────────────

Performing inference on openimage_o dataset...
Computing metrics on openimage_o dataset...
FPR@95: 29.90, AUROC: 90.58 AUPR_IN: 88.17, AUPR_OUT: 92.78
──────────────────────────────────────────────────────────────────────

Computing mean metrics...
FPR@95: 23.77, AUROC: 93.18 AUPR_IN: 93.36, AUPR_OUT: 92.05
──────────────────────────────────────────────────────────────────────

             FPR@95  AUROC  AUPR_IN  AUPR_OUT   ACC
ssb_hard      76.47  77.82    38.30     94.19 86.27
ninco         57.44  83.88    88.35     74.98 86.27
nearood       66.96  80.85    63.32     84.58 86.27
inaturalist   20.27  94.24    94.93     93.19 86.27
textures      21.14  94.71    96.98     90.19 86.27
openimage_o   29.90  90.58    88.17     92.78 86.27
farood        23.77  93.18    93.36     92.05 86.27
[Timing] Eval:  223.4s

[Timing Summary]
  Setup: 602.2s ± 13.3s per seed
  Eval:  222.8s ± 1.2s per seed
  Total: 2475.1s across 3 seeds
=== Done | Wed Apr 29 11:17:45 AM EDT 2026 ===
---------------------------------------
Begin Slurm Epilog: Apr-29-2026 11:17:45
Job ID:        5116863
Array Job ID:  5116863_2
User ID:       ksalzman3
Account:       coc
Job name:      rff_pa_mlmx_cl
Resources:     cpu=4,gres/gpu:l40s=1,mem=64G,node=1
Rsrc Used:     cput=00:42:12,vmem=0,walltime=00:10:33,mem=6811172K,energy_used=0
Partition:     ice-gpu
QOS:           coc-ice
Nodes:         atl1-1-03-004-27-0
---------------------------------------
