---------------------------------------
Begin Slurm Prolog: May-28-2026 16:06:00
Job ID:    5340933
User ID:   ksalzman3
Account:   coc
Job name:  rff_max_mlmx_imgnet
Partition: ice-gpu
QOS:       coc-ice
---------------------------------------
=== rff_max_vw_mlminmax | imagenet | Thu May 28 04:06:07 PM EDT 2026 ===

==================================================
Setting up RFF Kernel Attention OOD detector...
  sigma (bandwidth): 0.5
  D (RFF dimension): 2048
  alpha (target FPR): 0.05
  feature_space: multilayer_minmax_concat
  normalize: True
  score_mode: max
  variance_weighted: True
==================================================
=== Done | Thu May 28 04:57:16 PM EDT 2026 ===
---------------------------------------
Begin Slurm Epilog: May-28-2026 16:57:16
Job ID:        5340933
User ID:       ksalzman3
Account:       coc
Job name:      rff_max_mlmx_imgnet
Resources:     cpu=4,gres/gpu:a100=1,mem=64G,node=1
Rsrc Used:     cput=03:25:04,vmem=0,walltime=00:51:16,mem=67069612K,energy_used=0
Partition:     ice-gpu
QOS:           coc-ice
Nodes:         atl1-1-03-007-33-0
---------------------------------------
