---------------------------------------
Begin Slurm Prolog: Apr-01-2026 12:12:41
Job ID:    4582365
User ID:   ksalzman3
Account:   coc
Job name:  rff_predictor_aware_vw
Partition: ice-gpu
QOS:       coc-ice
---------------------------------------
=== rff_predictor_aware_vw | cifar10 | Wed Apr  1 12:12:50 PM EDT 2026 ===

==================================================
Setting up RFF Kernel Attention OOD detector...
  sigma (bandwidth): 0.5
  D (RFF dimension): 1024
  alpha (target FPR): 0.05
  feature_space: penultimate
  normalize: True
  score_mode: predictor_aware
  variance_weighted: True
==================================================
Extracted 50000 train features of dim 512
  Feature norm (mean): 6.3358
  Number of classes: 10
Extracted 1000 val features for threshold
Per-class embedding norms (mean): 1.0000
Per-class score variance (mean): 0.004106
Threshold (predictor_aware) at 5.0%: 6.4831
Max threshold (for diagnostics) at 5.0%: 7.2133
RFF setup complete.

[Timing] Setup: 47.1s
Performing inference on cifar10 test set...
Processing near ood...
Performing inference on cifar100 dataset...
Computing metrics on cifar100 dataset...
FPR@95: 48.42, AUROC: 87.70 AUPR_IN: 86.96, AUPR_OUT: 86.24
──────────────────────────────────────────────────────────────────────

Performing inference on tin dataset...
Computing metrics on tin dataset...
FPR@95: 42.08, AUROC: 89.68 AUPR_IN: 91.28, AUPR_OUT: 86.65
──────────────────────────────────────────────────────────────────────

Computing mean metrics...
FPR@95: 45.25, AUROC: 88.69 AUPR_IN: 89.12, AUPR_OUT: 86.45
──────────────────────────────────────────────────────────────────────

Processing far ood...
Performing inference on mnist dataset...
Computing metrics on mnist dataset...
FPR@95: 24.20, AUROC: 92.97 AUPR_IN: 77.15, AUPR_OUT: 98.71
──────────────────────────────────────────────────────────────────────

Performing inference on svhn dataset...
Computing metrics on svhn dataset...
FPR@95: 18.96, AUROC: 93.53 AUPR_IN: 90.61, AUPR_OUT: 96.62
──────────────────────────────────────────────────────────────────────

Performing inference on texture dataset...
Computing metrics on texture dataset...
FPR@95: 26.58, AUROC: 92.08 AUPR_IN: 95.27, AUPR_OUT: 85.59
──────────────────────────────────────────────────────────────────────

Performing inference on places365 dataset...
Computing metrics on places365 dataset...
FPR@95: 53.08, AUROC: 88.18 AUPR_IN: 68.96, AUPR_OUT: 96.10
──────────────────────────────────────────────────────────────────────

Computing mean metrics...
FPR@95: 30.70, AUROC: 91.69 AUPR_IN: 83.00, AUPR_OUT: 94.25
──────────────────────────────────────────────────────────────────────

           FPR@95  AUROC  AUPR_IN  AUPR_OUT   ACC
cifar100    48.42  87.70    86.96     86.24 95.22
tin         42.08  89.68    91.28     86.65 95.22
nearood     45.25  88.69    89.12     86.45 95.22
mnist       24.20  92.97    77.15     98.71 95.22
svhn        18.96  93.53    90.61     96.62 95.22
texture     26.58  92.08    95.27     85.59 95.22
places365   53.08  88.18    68.96     96.10 95.22
farood      30.70  91.69    83.00     94.25 95.22
[Timing] Eval:  97.9s

==================================================
Setting up RFF Kernel Attention OOD detector...
  sigma (bandwidth): 0.5
  D (RFF dimension): 1024
  alpha (target FPR): 0.05
  feature_space: penultimate
  normalize: True
  score_mode: predictor_aware
  variance_weighted: True
==================================================
Extracted 50000 train features of dim 512
  Feature norm (mean): 6.1819
  Number of classes: 10
Extracted 1000 val features for threshold
Per-class embedding norms (mean): 1.0000
Per-class score variance (mean): 0.004546
Threshold (predictor_aware) at 5.0%: 6.5531
Max threshold (for diagnostics) at 5.0%: 7.1557
RFF setup complete.

[Timing] Setup: 17.4s
Performing inference on cifar10 test set...
Processing near ood...
Performing inference on cifar100 dataset...
Computing metrics on cifar100 dataset...
FPR@95: 53.39, AUROC: 87.27 AUPR_IN: 86.03, AUPR_OUT: 85.97
──────────────────────────────────────────────────────────────────────

Performing inference on tin dataset...
Computing metrics on tin dataset...
FPR@95: 40.31, AUROC: 89.45 AUPR_IN: 90.98, AUPR_OUT: 86.19
──────────────────────────────────────────────────────────────────────

Computing mean metrics...
FPR@95: 46.85, AUROC: 88.36 AUPR_IN: 88.51, AUPR_OUT: 86.08
──────────────────────────────────────────────────────────────────────

Processing far ood...
Performing inference on mnist dataset...
Computing metrics on mnist dataset...
FPR@95: 17.76, AUROC: 94.74 AUPR_IN: 85.62, AUPR_OUT: 99.02
──────────────────────────────────────────────────────────────────────

Performing inference on svhn dataset...
Computing metrics on svhn dataset...
FPR@95: 25.91, AUROC: 92.36 AUPR_IN: 87.31, AUPR_OUT: 96.29
──────────────────────────────────────────────────────────────────────

Performing inference on texture dataset...
Computing metrics on texture dataset...
FPR@95: 28.19, AUROC: 91.97 AUPR_IN: 95.29, AUPR_OUT: 85.22
──────────────────────────────────────────────────────────────────────

Performing inference on places365 dataset...
Computing metrics on places365 dataset...
FPR@95: 63.97, AUROC: 87.05 AUPR_IN: 63.25, AUPR_OUT: 95.86
──────────────────────────────────────────────────────────────────────

Computing mean metrics...
FPR@95: 33.96, AUROC: 91.53 AUPR_IN: 82.87, AUPR_OUT: 94.10
──────────────────────────────────────────────────────────────────────

           FPR@95  AUROC  AUPR_IN  AUPR_OUT   ACC
cifar100    53.39  87.27    86.03     85.97 94.63
tin         40.31  89.45    90.98     86.19 94.63
nearood     46.85  88.36    88.51     86.08 94.63
mnist       17.76  94.74    85.62     99.02 94.63
svhn        25.91  92.36    87.31     96.29 94.63
texture     28.19  91.97    95.29     85.22 94.63
places365   63.97  87.05    63.25     95.86 94.63
farood      33.96  91.53    82.87     94.10 94.63
[Timing] Eval:  79.8s

==================================================
Setting up RFF Kernel Attention OOD detector...
  sigma (bandwidth): 0.5
  D (RFF dimension): 1024
  alpha (target FPR): 0.05
  feature_space: penultimate
  normalize: True
  score_mode: predictor_aware
  variance_weighted: True
==================================================
Extracted 50000 train features of dim 512
  Feature norm (mean): 6.1274
  Number of classes: 10
Extracted 1000 val features for threshold
Per-class embedding norms (mean): 1.0000
Per-class score variance (mean): 0.003937
Threshold (predictor_aware) at 5.0%: 7.4654
Max threshold (for diagnostics) at 5.0%: 8.0041
RFF setup complete.

[Timing] Setup: 17.8s
Performing inference on cifar10 test set...
Processing near ood...
Performing inference on cifar100 dataset...
Computing metrics on cifar100 dataset...
FPR@95: 70.78, AUROC: 86.07 AUPR_IN: 83.79, AUPR_OUT: 85.34
──────────────────────────────────────────────────────────────────────

Performing inference on tin dataset...
Computing metrics on tin dataset...
FPR@95: 55.61, AUROC: 87.99 AUPR_IN: 88.65, AUPR_OUT: 85.36
──────────────────────────────────────────────────────────────────────

Computing mean metrics...
FPR@95: 63.19, AUROC: 87.03 AUPR_IN: 86.22, AUPR_OUT: 85.35
──────────────────────────────────────────────────────────────────────

Processing far ood...
Performing inference on mnist dataset...
Computing metrics on mnist dataset...
FPR@95: 19.20, AUROC: 93.72 AUPR_IN: 84.07, AUPR_OUT: 98.82
──────────────────────────────────────────────────────────────────────

Performing inference on svhn dataset...
Computing metrics on svhn dataset...
FPR@95: 23.41, AUROC: 92.41 AUPR_IN: 88.34, AUPR_OUT: 96.13
──────────────────────────────────────────────────────────────────────

Performing inference on texture dataset...
Computing metrics on texture dataset...
FPR@95: 36.43, AUROC: 91.07 AUPR_IN: 94.35, AUPR_OUT: 84.79
──────────────────────────────────────────────────────────────────────

Performing inference on places365 dataset...
Computing metrics on places365 dataset...
FPR@95: 77.53, AUROC: 82.72 AUPR_IN: 52.16, AUPR_OUT: 94.61
──────────────────────────────────────────────────────────────────────

Computing mean metrics...
FPR@95: 39.14, AUROC: 89.98 AUPR_IN: 79.73, AUPR_OUT: 93.59
──────────────────────────────────────────────────────────────────────

           FPR@95  AUROC  AUPR_IN  AUPR_OUT   ACC
cifar100    70.78  86.07    83.79     85.34 95.32
tin         55.61  87.99    88.65     85.36 95.32
nearood     63.19  87.03    86.22     85.35 95.32
mnist       19.20  93.72    84.07     98.82 95.32
svhn        23.41  92.41    88.34     96.13 95.32
texture     36.43  91.07    94.35     84.79 95.32
places365   77.53  82.72    52.16     94.61 95.32
farood      39.14  89.98    79.73     93.59 95.32
[Timing] Eval:  80.1s

[Timing Summary]
  Setup: 27.4s ± 13.9s per seed
  Eval:  86.0s ± 8.5s per seed
  Total: 340.2s across 3 seeds
=== Done | Wed Apr  1 12:20:50 PM EDT 2026 ===
---------------------------------------
Begin Slurm Epilog: Apr-01-2026 12:20:50
Job ID:        4582365
Array Job ID:  4582363_0
User ID:       ksalzman3
Account:       coc
Job name:      rff_predictor_aware_vw
Resources:     cpu=4,gres/gpu:v100=1,mem=32G,node=1
Rsrc Used:     cput=00:32:40,vmem=0,walltime=00:08:10,mem=3899808K,energy_used=0
Partition:     ice-gpu
QOS:           coc-ice
Nodes:         atl1-1-01-002-8-0
---------------------------------------
