---------------------------------------
Begin Slurm Prolog: May-20-2026 17:04:09
Job ID:    5301234
User ID:   ksalzman3
Account:   coc
Job name:  rff_exclusive_vw_vit_b16
Partition: ice-gpu
QOS:       coc-ice
---------------------------------------
=== rff_exclusive_vw | imagenet | vit-b-16 | Wed May 20 05:04:17 PM EDT 2026 ===
=== Done | Wed May 20 05:09:56 PM EDT 2026 ===
---------------------------------------
Begin Slurm Epilog: May-20-2026 17:09:56
Job ID:        5301234
User ID:       ksalzman3
Account:       coc
Job name:      rff_exclusive_vw_vit_b16
Resources:     cpu=4,gres/gpu:a100=1,mem=32G,node=1
Rsrc Used:     cput=00:23:08,vmem=0,walltime=00:05:47,mem=1199012K,energy_used=0
Partition:     ice-gpu
QOS:           coc-ice
Nodes:         atl1-1-03-007-33-0
---------------------------------------
