---------------------------------------
Begin Slurm Prolog: May-20-2026 15:59:22
Job ID:    5301172
User ID:   ksalzman3
Account:   coc
Job name:  rff_max_mlmx_cl_imgnet
Partition: ice-gpu
QOS:       coc-ice
---------------------------------------
=== rff_max_vw_mlminmax_clip | imagenet | Wed May 20 03:59:31 PM EDT 2026 ===
=== Done | Wed May 20 04:01:51 PM EDT 2026 ===
---------------------------------------
Begin Slurm Epilog: May-20-2026 16:01:51
Job ID:        5301172
User ID:       ksalzman3
Account:       coc
Job name:      rff_max_mlmx_cl_imgnet
Resources:     cpu=4,gres/gpu:a100=1,mem=64G,node=1
Rsrc Used:     cput=00:09:56,vmem=0,walltime=00:02:29,mem=926196K,energy_used=0
Partition:     ice-gpu
QOS:           coc-ice
Nodes:         atl1-1-01-005-15-0
---------------------------------------
