---------------------------------------
Begin Slurm Prolog: May-29-2026 15:04:35
Job ID:    5347045
User ID:   ksalzman3
Account:   coc
Job name:  rff_softmax_vw_mlpca_minmax_imagenet
Partition: ice-gpu
QOS:       coc-ice
---------------------------------------
=== rff_softmax_vw_mlpca_minmax | imagenet | Fri May 29 03:04:43 PM EDT 2026 ===

==================================================
Setting up RFF Kernel Attention OOD detector...
  sigma (bandwidth): 0.5
  D (RFF dimension): 1024
  alpha (target FPR): 0.05
  feature_space: multilayer_pca
  normalize: True
  score_mode: softmax
  variance_weighted: True
==================================================
=== Done | Fri May 29 04:08:45 PM EDT 2026 ===
---------------------------------------
Begin Slurm Epilog: May-29-2026 16:08:45
Job ID:        5347045
User ID:       ksalzman3
Account:       coc
Job name:      rff_softmax_vw_mlpca_minmax_imagenet
Resources:     cpu=4,gres/gpu:rtx_6000=1,mem=64G,node=1
Rsrc Used:     cput=04:16:40,vmem=0,walltime=01:04:10,mem=67079240K,energy_used=0
Partition:     ice-gpu
QOS:           coc-ice
Nodes:         atl1-1-01-005-5-0
---------------------------------------
