---------------------------------------
Begin Slurm Prolog: Mar-11-2026 18:34:48
Job ID:    4386174
User ID:   ksalzman3
Account:   coc
Job name:  rff_entropy_vw
Partition: ice-gpu
QOS:       coc-ice
---------------------------------------
=== rff_entropy_vw | cifar100 | Wed Mar 11 06:34:53 PM EDT 2026 ===

==================================================
Setting up RFF Kernel Attention OOD detector...
  sigma (bandwidth): 0.5
  D (RFF dimension): 1024
  alpha (target FPR): 0.05
  feature_space: penultimate
  normalize: True
  score_mode: entropy
  variance_weighted: True
==================================================
Extracted 50000 train features of dim 512
  Feature norm (mean): 1.0000
  Number of classes: 100
Extracted 1000 val features for threshold
Per-class embedding norms (mean): 0.6975
Per-class score variance (mean): 0.003747
Threshold (entropy) at 5.0%: 4.3107
Max threshold (for diagnostics) at 5.0%: 4.0184
RFF setup complete.

Starting automatic parameter search...
Hyperparam: [0.1, 512, 0.025], auroc: 0.49348971193415636
Hyperparam: [0.5, 512, 0.025], auroc: 0.19852777777777775
Hyperparam: [1.0, 512, 0.025], auroc: 0.2758652263374486
Hyperparam: [2.0, 512, 0.025], auroc: 0.523332304526749
Hyperparam: [0.1, 1024, 0.025], auroc: 0.5059794238683127
Hyperparam: [0.5, 1024, 0.025], auroc: 0.17924022633744857
Hyperparam: [1.0, 1024, 0.025], auroc: 0.3274578189300411
Hyperparam: [2.0, 1024, 0.025], auroc: 0.44828137860082296
Hyperparam: [0.1, 2048, 0.025], auroc: 0.5146738683127572
Hyperparam: [0.5, 2048, 0.025], auroc: 0.16437139917695473
Hyperparam: [1.0, 2048, 0.025], auroc: 0.3401466049382716
Hyperparam: [2.0, 2048, 0.025], auroc: 0.44812705761316873
Hyperparam: [0.1, 512, 0.05], auroc: 0.5016671810699589
Hyperparam: [0.5, 512, 0.05], auroc: 0.19167026748971194
Hyperparam: [1.0, 512, 0.05], auroc: 0.32799897119341564
Hyperparam: [2.0, 512, 0.05], auroc: 0.42005761316872425
Hyperparam: [0.1, 1024, 0.05], auroc: 0.5131162551440329
Hyperparam: [0.5, 1024, 0.05], auroc: 0.18545576131687244
Hyperparam: [1.0, 1024, 0.05], auroc: 0.3637536008230453
Hyperparam: [2.0, 1024, 0.05], auroc: 0.45301543209876544
Hyperparam: [0.1, 2048, 0.05], auroc: 0.5077654320987655
Hyperparam: [0.5, 2048, 0.05], auroc: 0.16870267489711935
Hyperparam: [1.0, 2048, 0.05], auroc: 0.33757150205761316
Hyperparam: [2.0, 2048, 0.05], auroc: 0.44566820987654315
Hyperparam: [0.1, 512, 0.1], auroc: 0.5292777777777777
Hyperparam: [0.5, 512, 0.1], auroc: 0.22838477366255144
Hyperparam: [1.0, 512, 0.1], auroc: 0.34089094650205765
Hyperparam: [2.0, 512, 0.1], auroc: 0.443761316872428
Hyperparam: [0.1, 1024, 0.1], auroc: 0.5139043209876543
Hyperparam: [0.5, 1024, 0.1], auroc: 0.19946553497942388
Hyperparam: [1.0, 1024, 0.1], auroc: 0.3054753086419753
Hyperparam: [2.0, 1024, 0.1], auroc: 0.3629747942386831
Hyperparam: [0.1, 2048, 0.1], auroc: 0.4941368312757202
Hyperparam: [0.5, 2048, 0.1], auroc: 0.18532047325102882
Hyperparam: [1.0, 2048, 0.1], auroc: 0.3279315843621399
Hyperparam: [2.0, 2048, 0.1], auroc: 0.42328858024691357
Final hyperparam: [0.1, 512, 0.1]
Performing inference on cifar100 test set...
Processing near ood...
Performing inference on cifar10 dataset...
Computing metrics on cifar10 dataset...
FPR@95: 94.64, AUROC: 49.69 AUPR_IN: 47.41, AUPR_OUT: 52.02
──────────────────────────────────────────────────────────────────────

Performing inference on tin dataset...
Computing metrics on tin dataset...
FPR@95: 95.06, AUROC: 50.05 AUPR_IN: 57.96, AUPR_OUT: 42.03
──────────────────────────────────────────────────────────────────────

Computing mean metrics...
FPR@95: 94.85, AUROC: 49.87 AUPR_IN: 52.69, AUPR_OUT: 47.03
──────────────────────────────────────────────────────────────────────

Processing far ood...
Performing inference on mnist dataset...
Computing metrics on mnist dataset...
FPR@95: 95.07, AUROC: 49.79 AUPR_IN: 11.36, AUPR_OUT: 88.52
──────────────────────────────────────────────────────────────────────

Performing inference on svhn dataset...
Computing metrics on svhn dataset...
FPR@95: 94.71, AUROC: 49.71 AUPR_IN: 25.69, AUPR_OUT: 74.04
──────────────────────────────────────────────────────────────────────

Performing inference on texture dataset...
Computing metrics on texture dataset...
FPR@95: 95.00, AUROC: 49.33 AUPR_IN: 61.34, AUPR_OUT: 37.91
──────────────────────────────────────────────────────────────────────

Performing inference on places365 dataset...
Computing metrics on places365 dataset...
FPR@95: 94.93, AUROC: 49.63 AUPR_IN: 20.95, AUPR_OUT: 78.73
──────────────────────────────────────────────────────────────────────

Computing mean metrics...
FPR@95: 94.93, AUROC: 49.62 AUPR_IN: 29.84, AUPR_OUT: 69.80
──────────────────────────────────────────────────────────────────────

           FPR@95  AUROC  AUPR_IN  AUPR_OUT   ACC
cifar10     94.64  49.69    47.41     52.02 77.18
tin         95.06  50.05    57.96     42.03 77.18
nearood     94.85  49.87    52.69     47.03 77.18
mnist       95.07  49.79    11.36     88.52 77.18
svhn        94.71  49.71    25.69     74.04 77.18
texture     95.00  49.33    61.34     37.91 77.18
places365   94.93  49.63    20.95     78.73 77.18
farood      94.93  49.62    29.84     69.80 77.18

--- RFF Diagnostics (231963 samples) ./results/cifar100_resnet18_32x32_base_e100_lr0.1_default/s0/diagnostics/rff_entropy_vw.npz ---
  Classes above threshold: mean=2.2, zero=9.5%, one=27.7%, multi(>1)=62.8%
  Max score: mean=14.3181, std=33.4044
  Margin (max-2nd): mean=1.2074, std=2.7453

--- RFF Per-Class Analysis → ./results/cifar100_resnet18_32x32_base_e100_lr0.1_default/s0/diagnostics/rff_entropy_vw_per_class.csv ---
  id_test  multi_rate: mean=0.6687, max=0.9000
  cifar10         multi_rate: mean=0.6412, max=0.8095
  tin             multi_rate: mean=0.6518, max=1.0000
  mnist           multi_rate: mean=0.6450, max=0.7268
  svhn            multi_rate: mean=0.6399, max=0.7487
  texture         multi_rate: mean=0.6517, max=0.8400
  places365       multi_rate: mean=0.6430, max=0.7540

--- RFF Debug Plots → ./results/cifar100_resnet18_32x32_base_e100_lr0.1_default/s0/diagnostics ---
  Kernel dist: mean=0.0008, std=0.0448, min=-0.1627, max=0.1587
  φ(x) stats per split:
    train          : mean=-0.00000, std=0.04420
    val            : mean=-0.00007, std=0.04423
    id_test        : mean=-0.00002, std=0.04419
    cifar10        : mean=-0.00004, std=0.04420
    tin            : mean=0.00003, std=0.04418
    mnist          : mean=0.00000, std=0.04420
    svhn           : mean=0.00003, std=0.04419
    texture        : mean=0.00001, std=0.04419
    places365      : mean=-0.00001, std=0.04419
  Score dist:
    id_test        : mean=3.6203, std=0.1159, n=9000
    cifar10        : mean=3.6219, std=0.1131, n=10000
    tin            : mean=3.6202, std=0.1158, n=6526
    mnist          : mean=3.6211, std=0.1152, n=70000
    svhn           : mean=3.6214, std=0.1145, n=26032
    texture        : mean=3.6227, std=0.1139, n=5640
    places365      : mean=3.6216, std=0.1151, n=33773
  Debug stats → ./results/cifar100_resnet18_32x32_base_e100_lr0.1_default/s0/diagnostics/rff_debug_stats.csv

==================================================
Setting up RFF Kernel Attention OOD detector...
  sigma (bandwidth): 0.5
  D (RFF dimension): 1024
  alpha (target FPR): 0.05
  feature_space: penultimate
  normalize: True
  score_mode: entropy
  variance_weighted: True
==================================================
Extracted 50000 train features of dim 512
  Feature norm (mean): 1.0000
  Number of classes: 100
Extracted 1000 val features for threshold
Per-class embedding norms (mean): 0.6923
Per-class score variance (mean): 0.003707
Threshold (entropy) at 5.0%: 4.3098
Max threshold (for diagnostics) at 5.0%: 3.9605
RFF setup complete.

Starting automatic parameter search...
Hyperparam: [0.1, 512, 0.025], auroc: 0.48451388888888886
Hyperparam: [0.5, 512, 0.025], auroc: 0.23041975308641977
Hyperparam: [1.0, 512, 0.025], auroc: 0.3535267489711934
Hyperparam: [2.0, 512, 0.025], auroc: 0.48188117283950616
Hyperparam: [0.1, 1024, 0.025], auroc: 0.5085308641975308
Hyperparam: [0.5, 1024, 0.025], auroc: 0.19115689300411526
Hyperparam: [1.0, 1024, 0.025], auroc: 0.34057921810699593
Hyperparam: [2.0, 1024, 0.025], auroc: 0.5008539094650206
Hyperparam: [0.1, 2048, 0.025], auroc: 0.5042047325102881
Hyperparam: [0.5, 2048, 0.025], auroc: 0.18539763374485596
Hyperparam: [1.0, 2048, 0.025], auroc: 0.3518472222222222
Hyperparam: [2.0, 2048, 0.025], auroc: 0.4764104938271605
Hyperparam: [0.1, 512, 0.05], auroc: 0.511037037037037
Hyperparam: [0.5, 512, 0.05], auroc: 0.2134017489711934
Hyperparam: [1.0, 512, 0.05], auroc: 0.3291604938271605
Hyperparam: [2.0, 512, 0.05], auroc: 0.4234444444444444
Hyperparam: [0.1, 1024, 0.05], auroc: 0.4932268518518518
Hyperparam: [0.5, 1024, 0.05], auroc: 0.20428755144032923
Hyperparam: [1.0, 1024, 0.05], auroc: 0.32793209876543217
Hyperparam: [2.0, 1024, 0.05], auroc: 0.41043827160493823
Hyperparam: [0.1, 2048, 0.05], auroc: 0.5007890946502057
Hyperparam: [0.5, 2048, 0.05], auroc: 0.17664300411522635
Hyperparam: [1.0, 2048, 0.05], auroc: 0.36622890946502057
Hyperparam: [2.0, 2048, 0.05], auroc: 0.49506121399176956
Hyperparam: [0.1, 512, 0.1], auroc: 0.49568364197530856
Hyperparam: [0.5, 512, 0.1], auroc: 0.2232098765432099
Hyperparam: [1.0, 512, 0.1], auroc: 0.36059053497942384
Hyperparam: [2.0, 512, 0.1], auroc: 0.46985596707818933
Hyperparam: [0.1, 1024, 0.1], auroc: 0.4802602880658436
Hyperparam: [0.5, 1024, 0.1], auroc: 0.19242541152263376
Hyperparam: [1.0, 1024, 0.1], auroc: 0.3591496913580247
Hyperparam: [2.0, 1024, 0.1], auroc: 0.43713323045267494
Hyperparam: [0.1, 2048, 0.1], auroc: 0.4881039094650206
Hyperparam: [0.5, 2048, 0.1], auroc: 0.18564197530864196
Hyperparam: [1.0, 2048, 0.1], auroc: 0.37303703703703706
Hyperparam: [2.0, 2048, 0.1], auroc: 0.5484408436213992
Final hyperparam: [2.0, 2048, 0.1]
Performing inference on cifar100 test set...
Processing near ood...
Performing inference on cifar10 dataset...
Computing metrics on cifar10 dataset...
FPR@95: 92.62, AUROC: 48.92 AUPR_IN: 48.66, AUPR_OUT: 50.80
──────────────────────────────────────────────────────────────────────

Performing inference on tin dataset...
Computing metrics on tin dataset...
FPR@95: 92.91, AUROC: 47.63 AUPR_IN: 58.28, AUPR_OUT: 38.92
──────────────────────────────────────────────────────────────────────

Computing mean metrics...
FPR@95: 92.77, AUROC: 48.28 AUPR_IN: 53.47, AUPR_OUT: 44.86
──────────────────────────────────────────────────────────────────────

Processing far ood...
Performing inference on mnist dataset...
Computing metrics on mnist dataset...
FPR@95: 99.16, AUROC: 13.13 AUPR_IN: 6.35, AUPR_OUT: 74.93
──────────────────────────────────────────────────────────────────────

Performing inference on svhn dataset...
Computing metrics on svhn dataset...
FPR@95: 91.81, AUROC: 42.64 AUPR_IN: 25.66, AUPR_OUT: 67.44
──────────────────────────────────────────────────────────────────────

Performing inference on texture dataset...
Computing metrics on texture dataset...
FPR@95: 97.00, AUROC: 32.83 AUPR_IN: 51.94, AUPR_OUT: 28.71
──────────────────────────────────────────────────────────────────────

Performing inference on places365 dataset...
Computing metrics on places365 dataset...
FPR@95: 88.11, AUROC: 58.63 AUPR_IN: 29.33, AUPR_OUT: 82.79
──────────────────────────────────────────────────────────────────────

Computing mean metrics...
FPR@95: 94.02, AUROC: 36.81 AUPR_IN: 28.32, AUPR_OUT: 63.47
──────────────────────────────────────────────────────────────────────

           FPR@95  AUROC  AUPR_IN  AUPR_OUT   ACC
cifar10     92.62  48.92    48.66     50.80 77.38
tin         92.91  47.63    58.28     38.92 77.38
nearood     92.77  48.28    53.47     44.86 77.38
mnist       99.16  13.13     6.35     74.93 77.38
svhn        91.81  42.64    25.66     67.44 77.38
texture     97.00  32.83    51.94     28.71 77.38
places365   88.11  58.63    29.33     82.79 77.38
farood      94.02  36.81    28.32     63.47 77.38

--- RFF Diagnostics (231963 samples) ./results/cifar100_resnet18_32x32_base_e100_lr0.1_default/s1/diagnostics/rff_entropy_vw.npz ---
  Classes above threshold: mean=2.2, zero=9.4%, one=22.0%, multi(>1)=68.6%
  Max score: mean=104.1927, std=50.5811
  Margin (max-2nd): mean=2.2918, std=2.5903

--- RFF Per-Class Analysis → ./results/cifar100_resnet18_32x32_base_e100_lr0.1_default/s1/diagnostics/rff_entropy_vw_per_class.csv ---
  id_test  multi_rate: mean=0.2098, max=1.0000
  cifar10         multi_rate: mean=0.1594, max=1.0000
  tin             multi_rate: mean=0.1816, max=1.0000
  mnist           multi_rate: mean=0.0609, max=1.0000
  svhn            multi_rate: mean=0.0809, max=1.0000
  texture         multi_rate: mean=0.1385, max=1.0000
  places365       multi_rate: mean=0.1702, max=1.0000

--- RFF Debug Plots → ./results/cifar100_resnet18_32x32_base_e100_lr0.1_default/s1/diagnostics ---
  Kernel dist: mean=0.8489, std=0.0236, min=0.7792, max=1.0013
  φ(x) stats per split:
    train          : mean=0.00011, std=0.02217
    val            : mean=0.00010, std=0.02217
    id_test        : mean=0.00010, std=0.02217
    cifar10        : mean=0.00009, std=0.02221
    tin            : mean=0.00010, std=0.02217
    mnist          : mean=0.00005, std=0.02212
    svhn           : mean=0.00004, std=0.02213
    texture        : mean=0.00005, std=0.02215
    places365      : mean=0.00007, std=0.02219
  Score dist:
    id_test        : mean=4.6007, std=0.0002, n=9000
    cifar10        : mean=4.6007, std=0.0002, n=10000
    tin            : mean=4.6007, std=0.0002, n=6526
    mnist          : mean=4.6009, std=0.0001, n=70000
    svhn           : mean=4.6007, std=0.0001, n=26032
    texture        : mean=4.6008, std=0.0002, n=5640
    places365      : mean=4.6006, std=0.0002, n=33773
  Debug stats → ./results/cifar100_resnet18_32x32_base_e100_lr0.1_default/s1/diagnostics/rff_debug_stats.csv

==================================================
Setting up RFF Kernel Attention OOD detector...
  sigma (bandwidth): 0.5
  D (RFF dimension): 1024
  alpha (target FPR): 0.05
  feature_space: penultimate
  normalize: True
  score_mode: entropy
  variance_weighted: True
==================================================
Extracted 50000 train features of dim 512
  Feature norm (mean): 1.0000
  Number of classes: 100
Extracted 1000 val features for threshold
Per-class embedding norms (mean): 0.6926
Per-class score variance (mean): 0.003740
Threshold (entropy) at 5.0%: 4.3283
Max threshold (for diagnostics) at 5.0%: 4.0717
RFF setup complete.

Starting automatic parameter search...
Hyperparam: [0.1, 512, 0.025], auroc: 0.5164351851851852
Hyperparam: [0.5, 512, 0.025], auroc: 0.22648251028806587
Hyperparam: [1.0, 512, 0.025], auroc: 0.3498024691358025
Hyperparam: [2.0, 512, 0.025], auroc: 0.5083909465020576
Hyperparam: [0.1, 1024, 0.025], auroc: 0.5299639917695473
Hyperparam: [0.5, 1024, 0.025], auroc: 0.19761368312757202
Hyperparam: [1.0, 1024, 0.025], auroc: 0.32687397119341566
Hyperparam: [2.0, 1024, 0.025], auroc: 0.4443641975308642
Hyperparam: [0.1, 2048, 0.025], auroc: 0.4966697530864198
Hyperparam: [0.5, 2048, 0.025], auroc: 0.19716203703703705
Hyperparam: [1.0, 2048, 0.025], auroc: 0.35247633744855966
Hyperparam: [2.0, 2048, 0.025], auroc: 0.4493652263374486
Hyperparam: [0.1, 512, 0.05], auroc: 0.5014413580246915
Hyperparam: [0.5, 512, 0.05], auroc: 0.25059053497942385
Hyperparam: [1.0, 512, 0.05], auroc: 0.3465210905349794
Hyperparam: [2.0, 512, 0.05], auroc: 0.44199074074074074
Hyperparam: [0.1, 1024, 0.05], auroc: 0.4574562757201646
Hyperparam: [0.5, 1024, 0.05], auroc: 0.19946862139917693
Hyperparam: [1.0, 1024, 0.05], auroc: 0.3597088477366255
Hyperparam: [2.0, 1024, 0.05], auroc: 0.4587227366255144
Hyperparam: [0.1, 2048, 0.05], auroc: 0.4939963991769547
Hyperparam: [0.5, 2048, 0.05], auroc: 0.17460853909465024
Hyperparam: [1.0, 2048, 0.05], auroc: 0.3582628600823045
Hyperparam: [2.0, 2048, 0.05], auroc: 0.4243024691358025
Hyperparam: [0.1, 512, 0.1], auroc: 0.48391769547325103
Hyperparam: [0.5, 512, 0.1], auroc: 0.21155349794238684
Hyperparam: [1.0, 512, 0.1], auroc: 0.3250154320987654
Hyperparam: [2.0, 512, 0.1], auroc: 0.4983909465020576
Hyperparam: [0.1, 1024, 0.1], auroc: 0.5142247942386831
Hyperparam: [0.5, 1024, 0.1], auroc: 0.18809104938271606
Hyperparam: [1.0, 1024, 0.1], auroc: 0.34462242798353915
Hyperparam: [2.0, 1024, 0.1], auroc: 0.502082304526749
Hyperparam: [0.1, 2048, 0.1], auroc: 0.4927505144032921
Hyperparam: [0.5, 2048, 0.1], auroc: 0.17894855967078188
Hyperparam: [1.0, 2048, 0.1], auroc: 0.3380498971193416
Hyperparam: [2.0, 2048, 0.1], auroc: 0.45379989711934154
Final hyperparam: [0.1, 1024, 0.025]
Performing inference on cifar100 test set...
Processing near ood...
Performing inference on cifar10 dataset...
Computing metrics on cifar10 dataset...
FPR@95: 95.17, AUROC: 50.04 AUPR_IN: 47.24, AUPR_OUT: 52.85
──────────────────────────────────────────────────────────────────────

Performing inference on tin dataset...
Computing metrics on tin dataset...
FPR@95: 94.89, AUROC: 50.84 AUPR_IN: 58.61, AUPR_OUT: 42.69
──────────────────────────────────────────────────────────────────────

Computing mean metrics...
FPR@95: 95.03, AUROC: 50.44 AUPR_IN: 52.92, AUPR_OUT: 47.77
──────────────────────────────────────────────────────────────────────

Processing far ood...
Performing inference on mnist dataset...
Computing metrics on mnist dataset...
FPR@95: 95.07, AUROC: 50.00 AUPR_IN: 11.39, AUPR_OUT: 88.65
──────────────────────────────────────────────────────────────────────

Performing inference on svhn dataset...
Computing metrics on svhn dataset...
FPR@95: 94.77, AUROC: 50.24 AUPR_IN: 25.93, AUPR_OUT: 74.51
──────────────────────────────────────────────────────────────────────

Performing inference on texture dataset...
Computing metrics on texture dataset...
FPR@95: 95.21, AUROC: 49.99 AUPR_IN: 61.30, AUPR_OUT: 38.68
──────────────────────────────────────────────────────────────────────

Performing inference on places365 dataset...
Computing metrics on places365 dataset...
FPR@95: 94.71, AUROC: 50.07 AUPR_IN: 21.19, AUPR_OUT: 79.06
──────────────────────────────────────────────────────────────────────

Computing mean metrics...
FPR@95: 94.94, AUROC: 50.08 AUPR_IN: 29.95, AUPR_OUT: 70.22
──────────────────────────────────────────────────────────────────────

           FPR@95  AUROC  AUPR_IN  AUPR_OUT   ACC
cifar10     95.17  50.04    47.24     52.85 77.20
tin         94.89  50.84    58.61     42.69 77.20
nearood     95.03  50.44    52.92     47.77 77.20
mnist       95.07  50.00    11.39     88.65 77.20
svhn        94.77  50.24    25.93     74.51 77.20
texture     95.21  49.99    61.30     38.68 77.20
places365   94.71  50.07    21.19     79.06 77.20
farood      94.94  50.08    29.95     70.22 77.20

--- RFF Diagnostics (231963 samples) ./results/cifar100_resnet18_32x32_base_e100_lr0.1_default/s2/diagnostics/rff_entropy_vw.npz ---
  Classes above threshold: mean=3.2, zero=4.3%, one=17.5%, multi(>1)=78.2%
  Max score: mean=14.0703, std=32.7931
  Margin (max-2nd): mean=1.0617, std=2.1901

--- RFF Per-Class Analysis → ./results/cifar100_resnet18_32x32_base_e100_lr0.1_default/s2/diagnostics/rff_entropy_vw_per_class.csv ---
  id_test  multi_rate: mean=0.8828, max=1.0000
  cifar10         multi_rate: mean=0.8508, max=1.0000
  tin             multi_rate: mean=0.8290, max=0.9647
  mnist           multi_rate: mean=0.8474, max=0.9166
  svhn            multi_rate: mean=0.8348, max=0.9281
  texture         multi_rate: mean=0.8273, max=0.9615
  places365       multi_rate: mean=0.8427, max=0.9198

--- RFF Debug Plots → ./results/cifar100_resnet18_32x32_base_e100_lr0.1_default/s2/diagnostics ---
  Kernel dist: mean=0.0001, std=0.0316, min=-0.1102, max=0.1020
  φ(x) stats per split:
    train          : mean=0.00000, std=0.03125
    val            : mean=0.00005, std=0.03125
    id_test        : mean=0.00000, std=0.03125
    cifar10        : mean=-0.00001, std=0.03125
    tin            : mean=-0.00001, std=0.03125
    mnist          : mean=0.00001, std=0.03125
    svhn           : mean=0.00001, std=0.03125
    texture        : mean=0.00000, std=0.03125
    places365      : mean=0.00000, std=0.03125
  Score dist:
    id_test        : mean=3.6184, std=0.1132, n=9000
    cifar10        : mean=3.6182, std=0.1146, n=10000
    tin            : mean=3.6152, std=0.1135, n=6526
    mnist          : mean=3.6183, std=0.1137, n=70000
    svhn           : mean=3.6172, std=0.1133, n=26032
    texture        : mean=3.6184, std=0.1146, n=5640
    places365      : mean=3.6178, std=0.1134, n=33773
  Debug stats → ./results/cifar100_resnet18_32x32_base_e100_lr0.1_default/s2/diagnostics/rff_debug_stats.csv
=== Done | Wed Mar 11 06:39:46 PM EDT 2026 ===
---------------------------------------
Begin Slurm Epilog: Mar-11-2026 18:39:46
Job ID:        4386174
Array Job ID:  4386111_1
User ID:       ksalzman3
Account:       coc
Job name:      rff_entropy_vw
Resources:     cpu=4,gres/gpu:h200=1,mem=32G,node=1
Rsrc Used:     cput=00:19:56,vmem=0,walltime=00:04:59,mem=3861292K,energy_used=0
Partition:     ice-gpu
QOS:           coc-ice
Nodes:         atl1-1-03-017-9-0
---------------------------------------
