---------------------------------------
Begin Slurm Prolog: May-20-2026 17:04:39
Job ID:    5301237
User ID:   ksalzman3
Account:   coc
Job name:  rff_max_novw_vit_b16
Partition: ice-gpu
QOS:       coc-ice
---------------------------------------
=== rff_max_novw | imagenet | vit-b-16 | Wed May 20 05:04:47 PM EDT 2026 ===
=== Done | Wed May 20 05:09:56 PM EDT 2026 ===
---------------------------------------
Begin Slurm Epilog: May-20-2026 17:09:56
Job ID:        5301237
User ID:       ksalzman3
Account:       coc
Job name:      rff_max_novw_vit_b16
Resources:     cpu=4,gres/gpu:rtx_6000=1,mem=32G,node=1
Rsrc Used:     cput=00:21:08,vmem=0,walltime=00:05:17,mem=1230476K,energy_used=0
Partition:     ice-gpu
QOS:           coc-ice
Nodes:         atl1-1-01-005-5-0
---------------------------------------
