---------------------------------------
Begin Slurm Prolog: May-28-2026 15:31:06
Job ID:    5340634
User ID:   ksalzman3
Account:   coc
Job name:  rff_max_mlminmax
Partition: ice-gpu
QOS:       coc-ice
---------------------------------------
=== rff_max_vw_mlminmax | imagenet200 | Thu May 28 03:31:15 PM EDT 2026 ===
Postprocessor_name is ignored because postprocessor is passed
[Timing] Setup: 1.1s
Loaded pre-computed scores from file.
Processing near ood...
Inference has been performed on ssb_hard dataset...
Computing metrics on ssb_hard dataset...
FPR@95: 84.48, AUROC: 71.69 AUPR_IN: 29.47, AUPR_OUT: 92.56
──────────────────────────────────────────────────────────────────────

Inference has been performed on ninco dataset...
Computing metrics on ninco dataset...
FPR@95: 77.29, AUROC: 75.03 AUPR_IN: 80.64, AUPR_OUT: 65.05
──────────────────────────────────────────────────────────────────────

Computing mean metrics...
FPR@95: 80.88, AUROC: 73.36 AUPR_IN: 55.05, AUPR_OUT: 78.81
──────────────────────────────────────────────────────────────────────

Processing far ood...
Inference has been performed on inaturalist dataset...
Computing metrics on inaturalist dataset...
FPR@95: 42.00, AUROC: 87.93 AUPR_IN: 88.46, AUPR_OUT: 86.86
──────────────────────────────────────────────────────────────────────

Inference has been performed on textures dataset...
Computing metrics on textures dataset...
FPR@95: 48.89, AUROC: 88.27 AUPR_IN: 92.29, AUPR_OUT: 82.07
──────────────────────────────────────────────────────────────────────

Inference has been performed on openimage_o dataset...
Computing metrics on openimage_o dataset...
FPR@95: 71.37, AUROC: 76.01 AUPR_IN: 65.84, AUPR_OUT: 82.88
──────────────────────────────────────────────────────────────────────

Computing mean metrics...
FPR@95: 54.09, AUROC: 84.07 AUPR_IN: 82.20, AUPR_OUT: 83.94
──────────────────────────────────────────────────────────────────────

             FPR@95  AUROC  AUPR_IN  AUPR_OUT   ACC
ssb_hard      84.48  71.69    29.47     92.56 86.39
ninco         77.29  75.03    80.64     65.05 86.39
nearood       80.88  73.36    55.05     78.81 86.39
inaturalist   42.00  87.93    88.46     86.86 86.39
textures      48.89  88.27    92.29     82.07 86.39
openimage_o   71.37  76.01    65.84     82.88 86.39
farood        54.09  84.07    82.20     83.94 86.39
[Timing] Eval:  0.1s

==================================================
Setting up RFF Kernel Attention OOD detector...
  sigma (bandwidth): 0.5
  D (RFF dimension): 2048
  alpha (target FPR): 0.05
  feature_space: multilayer_minmax_concat
  normalize: True
  score_mode: max
  variance_weighted: True
==================================================
Extracted 258951 train features of dim 1920 (multilayer_minmax_concat, 4 layers)
  Feature norm (mean): 23.3297
  Number of classes: 200
Extracted 1000 val features for threshold
Per-class embedding norms (mean): 0.7525
Per-class score variance (mean): 0.004128
Threshold (max) at 5.0%: 6.9654
Max threshold (for diagnostics) at 5.0%: 6.9654
RFF setup complete.

[Timing] Setup: 761.0s
Performing inference on imagenet200 test set...
Processing near ood...
Performing inference on ssb_hard dataset...
Computing metrics on ssb_hard dataset...
FPR@95: 86.47, AUROC: 71.65 AUPR_IN: 28.37, AUPR_OUT: 92.66
──────────────────────────────────────────────────────────────────────

Performing inference on ninco dataset...
Computing metrics on ninco dataset...
FPR@95: 79.31, AUROC: 74.63 AUPR_IN: 80.45, AUPR_OUT: 63.82
──────────────────────────────────────────────────────────────────────

Computing mean metrics...
FPR@95: 82.89, AUROC: 73.14 AUPR_IN: 54.41, AUPR_OUT: 78.24
──────────────────────────────────────────────────────────────────────

Processing far ood...
Performing inference on inaturalist dataset...
Computing metrics on inaturalist dataset...
FPR@95: 43.88, AUROC: 88.23 AUPR_IN: 88.16, AUPR_OUT: 87.49
──────────────────────────────────────────────────────────────────────

Performing inference on textures dataset...
Computing metrics on textures dataset...
FPR@95: 41.08, AUROC: 90.30 AUPR_IN: 93.84, AUPR_OUT: 84.90
──────────────────────────────────────────────────────────────────────

Performing inference on openimage_o dataset...
Computing metrics on openimage_o dataset...
FPR@95: 66.53, AUROC: 78.09 AUPR_IN: 69.21, AUPR_OUT: 84.17
──────────────────────────────────────────────────────────────────────

Computing mean metrics...
FPR@95: 50.50, AUROC: 85.54 AUPR_IN: 83.74, AUPR_OUT: 85.52
──────────────────────────────────────────────────────────────────────

             FPR@95  AUROC  AUPR_IN  AUPR_OUT   ACC
ssb_hard      86.47  71.65    28.37     92.66 86.46
ninco         79.31  74.63    80.45     63.82 86.46
nearood       82.89  73.14    54.41     78.24 86.46
inaturalist   43.88  88.23    88.16     87.49 86.46
textures      41.08  90.30    93.84     84.90 86.46
openimage_o   66.53  78.09    69.21     84.17 86.46
farood        50.50  85.54    83.74     85.52 86.46
[Timing] Eval:  279.1s

==================================================
Setting up RFF Kernel Attention OOD detector...
  sigma (bandwidth): 0.5
  D (RFF dimension): 2048
  alpha (target FPR): 0.05
  feature_space: multilayer_minmax_concat
  normalize: True
  score_mode: max
  variance_weighted: True
==================================================
Extracted 258951 train features of dim 1920 (multilayer_minmax_concat, 4 layers)
  Feature norm (mean): 23.4824
  Number of classes: 200
Extracted 1000 val features for threshold
Per-class embedding norms (mean): 0.7551
Per-class score variance (mean): 0.003986
Threshold (max) at 5.0%: 7.3023
Max threshold (for diagnostics) at 5.0%: 7.3023
RFF setup complete.

[Timing] Setup: 765.4s
Performing inference on imagenet200 test set...
Processing near ood...
Performing inference on ssb_hard dataset...
Computing metrics on ssb_hard dataset...
FPR@95: 85.68, AUROC: 69.93 AUPR_IN: 28.07, AUPR_OUT: 91.94
──────────────────────────────────────────────────────────────────────

Performing inference on ninco dataset...
Computing metrics on ninco dataset...
FPR@95: 80.04, AUROC: 74.17 AUPR_IN: 79.49, AUPR_OUT: 64.00
──────────────────────────────────────────────────────────────────────

Computing mean metrics...
FPR@95: 82.86, AUROC: 72.05 AUPR_IN: 53.78, AUPR_OUT: 77.97
──────────────────────────────────────────────────────────────────────

Processing far ood...
Performing inference on inaturalist dataset...
Computing metrics on inaturalist dataset...
FPR@95: 56.80, AUROC: 85.70 AUPR_IN: 84.17, AUPR_OUT: 86.18
──────────────────────────────────────────────────────────────────────

Performing inference on textures dataset...
Computing metrics on textures dataset...
FPR@95: 43.54, AUROC: 89.73 AUPR_IN: 93.39, AUPR_OUT: 84.28
──────────────────────────────────────────────────────────────────────

Performing inference on openimage_o dataset...
Computing metrics on openimage_o dataset...
FPR@95: 74.17, AUROC: 74.54 AUPR_IN: 63.77, AUPR_OUT: 82.25
──────────────────────────────────────────────────────────────────────

Computing mean metrics...
FPR@95: 58.17, AUROC: 83.32 AUPR_IN: 80.44, AUPR_OUT: 84.24
──────────────────────────────────────────────────────────────────────

             FPR@95  AUROC  AUPR_IN  AUPR_OUT   ACC
ssb_hard      85.68  69.93    28.07     91.94 86.27
ninco         80.04  74.17    79.49     64.00 86.27
nearood       82.86  72.05    53.78     77.97 86.27
inaturalist   56.80  85.70    84.17     86.18 86.27
textures      43.54  89.73    93.39     84.28 86.27
openimage_o   74.17  74.54    63.77     82.25 86.27
farood        58.17  83.32    80.44     84.24 86.27
[Timing] Eval:  278.9s

[Timing Summary]
  Setup: 509.2s ± 359.2s per seed
  Eval:  186.0s ± 131.5s per seed
  Total: 2085.6s across 3 seeds
=== Done | Thu May 28 04:09:36 PM EDT 2026 ===
---------------------------------------
Begin Slurm Epilog: May-28-2026 16:09:36
Job ID:        5340634
Array Job ID:  5340634_2
User ID:       ksalzman3
Account:       coc
Job name:      rff_max_mlminmax
Resources:     cpu=4,gres/gpu:rtx_6000=1,mem=48G,node=1
Rsrc Used:     cput=00:51:04,vmem=0,walltime=00:12:46,mem=2856460K,energy_used=0
Partition:     ice-gpu
QOS:           coc-ice
Nodes:         atl1-1-01-005-5-0
---------------------------------------
