---------------------------------------
Begin Slurm Prolog: May-20-2026 16:21:52
Job ID:    5301199
User ID:   ksalzman3
Account:   coc
Job name:  rff_margin_novw_vit_b16
Partition: ice-gpu
QOS:       coc-ice
---------------------------------------
=== rff_margin_novw | imagenet | vit-b-16 | Wed May 20 04:21:59 PM EDT 2026 ===
=== Done | Wed May 20 04:27:40 PM EDT 2026 ===
---------------------------------------
Begin Slurm Epilog: May-20-2026 16:27:40
Job ID:        5301199
User ID:       ksalzman3
Account:       coc
Job name:      rff_margin_novw_vit_b16
Resources:     cpu=4,gres/gpu:rtx_6000=1,mem=32G,node=1
Rsrc Used:     cput=00:23:12,vmem=0,walltime=00:05:48,mem=1434260K,energy_used=0
Partition:     ice-gpu
QOS:           coc-ice
Nodes:         atl1-1-01-005-5-0
---------------------------------------
