---------------------------------------
Begin Slurm Prolog: Apr-24-2026 21:02:41
Job ID:    5063478
User ID:   ksalzman3
Account:   coc
Job name:  rff_sm_concat
Partition: ice-gpu
QOS:       coc-ice
---------------------------------------
=== rff_softmax_vw_concat | cifar10 | Fri Apr 24 09:02:48 PM EDT 2026 ===

==================================================
Setting up RFFCLIPConcat OOD detector (ResNet + CLIP feature concat)...
  sigma=0.5  D=2048  alpha=0.05
  clip_backbone=ViT-B/16  score_mode=softmax
==================================================
[CLIPConcat] Loading CLIP ViT-B/16 with 10 classes (cifar10)...
Train: 50000 samples, feature_dim=1024
Val:   1000 samples
Per-class embedding norms (mean): 1.0000
Threshold at 5.0%: 10.2792
RFFCLIPConcat setup complete.

[Timing] Setup: 63.8s
Performing inference on cifar10 test set...
Processing near ood...
Performing inference on cifar100 dataset...
Computing metrics on cifar100 dataset...
FPR@95: 36.97, AUROC: 90.44 AUPR_IN: 90.78, AUPR_OUT: 89.13
──────────────────────────────────────────────────────────────────────

Performing inference on tin dataset...
Computing metrics on tin dataset...
FPR@95: 26.43, AUROC: 92.94 AUPR_IN: 94.08, AUPR_OUT: 90.94
──────────────────────────────────────────────────────────────────────

Computing mean metrics...
FPR@95: 31.70, AUROC: 91.69 AUPR_IN: 92.43, AUPR_OUT: 90.03
──────────────────────────────────────────────────────────────────────

Processing far ood...
Performing inference on mnist dataset...
Computing metrics on mnist dataset...
FPR@95: 9.88, AUROC: 97.43 AUPR_IN: 92.88, AUPR_OUT: 99.56
──────────────────────────────────────────────────────────────────────

Performing inference on svhn dataset...
Computing metrics on svhn dataset...
FPR@95: 8.13, AUROC: 97.89 AUPR_IN: 96.59, AUPR_OUT: 99.06
──────────────────────────────────────────────────────────────────────

Performing inference on texture dataset...
Computing metrics on texture dataset...
FPR@95: 23.57, AUROC: 93.28 AUPR_IN: 95.89, AUPR_OUT: 88.03
──────────────────────────────────────────────────────────────────────

Performing inference on places365 dataset...
Computing metrics on places365 dataset...
FPR@95: 22.72, AUROC: 93.69 AUPR_IN: 86.17, AUPR_OUT: 97.87
──────────────────────────────────────────────────────────────────────

Computing mean metrics...
FPR@95: 16.07, AUROC: 95.57 AUPR_IN: 92.88, AUPR_OUT: 96.13
──────────────────────────────────────────────────────────────────────

           FPR@95  AUROC  AUPR_IN  AUPR_OUT   ACC
cifar100    36.97  90.44    90.78     89.13 95.22
tin         26.43  92.94    94.08     90.94 95.22
nearood     31.70  91.69    92.43     90.03 95.22
mnist        9.88  97.43    92.88     99.56 95.22
svhn         8.13  97.89    96.59     99.06 95.22
texture     23.57  93.28    95.89     88.03 95.22
places365   22.72  93.69    86.17     97.87 95.22
farood      16.07  95.57    92.88     96.13 95.22
[Timing] Eval:  135.0s

==================================================
Setting up RFFCLIPConcat OOD detector (ResNet + CLIP feature concat)...
  sigma=0.5  D=2048  alpha=0.05
  clip_backbone=ViT-B/16  score_mode=softmax
==================================================
[CLIPConcat] Loading CLIP ViT-B/16 with 10 classes (cifar10)...
Train: 50000 samples, feature_dim=1024
Val:   1000 samples
Per-class embedding norms (mean): 1.0000
Threshold at 5.0%: 10.1025
RFFCLIPConcat setup complete.

[Timing] Setup: 35.5s
Performing inference on cifar10 test set...
Processing near ood...
Performing inference on cifar100 dataset...
Computing metrics on cifar100 dataset...
FPR@95: 38.87, AUROC: 90.24 AUPR_IN: 90.38, AUPR_OUT: 89.12
──────────────────────────────────────────────────────────────────────

Performing inference on tin dataset...
Computing metrics on tin dataset...
FPR@95: 26.61, AUROC: 93.09 AUPR_IN: 94.43, AUPR_OUT: 91.12
──────────────────────────────────────────────────────────────────────

Computing mean metrics...
FPR@95: 32.74, AUROC: 91.66 AUPR_IN: 92.41, AUPR_OUT: 90.12
──────────────────────────────────────────────────────────────────────

Processing far ood...
Performing inference on mnist dataset...
Computing metrics on mnist dataset...
FPR@95: 9.40, AUROC: 97.53 AUPR_IN: 93.55, AUPR_OUT: 99.55
──────────────────────────────────────────────────────────────────────

Performing inference on svhn dataset...
Computing metrics on svhn dataset...
FPR@95: 8.13, AUROC: 98.15 AUPR_IN: 96.79, AUPR_OUT: 99.20
──────────────────────────────────────────────────────────────────────

Performing inference on texture dataset...
Computing metrics on texture dataset...
FPR@95: 26.18, AUROC: 92.89 AUPR_IN: 95.58, AUPR_OUT: 87.93
──────────────────────────────────────────────────────────────────────

Performing inference on places365 dataset...
Computing metrics on places365 dataset...
FPR@95: 30.54, AUROC: 92.53 AUPR_IN: 81.84, AUPR_OUT: 97.59
──────────────────────────────────────────────────────────────────────

Computing mean metrics...
FPR@95: 18.56, AUROC: 95.27 AUPR_IN: 91.94, AUPR_OUT: 96.07
──────────────────────────────────────────────────────────────────────

           FPR@95  AUROC  AUPR_IN  AUPR_OUT   ACC
cifar100    38.87  90.24    90.38     89.12 94.63
tin         26.61  93.09    94.43     91.12 94.63
nearood     32.74  91.66    92.41     90.12 94.63
mnist        9.40  97.53    93.55     99.55 94.63
svhn         8.13  98.15    96.79     99.20 94.63
texture     26.18  92.89    95.58     87.93 94.63
places365   30.54  92.53    81.84     97.59 94.63
farood      18.56  95.27    91.94     96.07 94.63
[Timing] Eval:  116.1s

==================================================
Setting up RFFCLIPConcat OOD detector (ResNet + CLIP feature concat)...
  sigma=0.5  D=2048  alpha=0.05
  clip_backbone=ViT-B/16  score_mode=softmax
==================================================
[CLIPConcat] Loading CLIP ViT-B/16 with 10 classes (cifar10)...
Train: 50000 samples, feature_dim=1024
Val:   1000 samples
Per-class embedding norms (mean): 1.0000
Threshold at 5.0%: 10.0662
RFFCLIPConcat setup complete.

[Timing] Setup: 35.5s
Performing inference on cifar10 test set...
Processing near ood...
Performing inference on cifar100 dataset...
Computing metrics on cifar100 dataset...
FPR@95: 38.98, AUROC: 90.14 AUPR_IN: 90.48, AUPR_OUT: 88.90
──────────────────────────────────────────────────────────────────────

Performing inference on tin dataset...
Computing metrics on tin dataset...
FPR@95: 29.02, AUROC: 92.67 AUPR_IN: 94.04, AUPR_OUT: 90.58
──────────────────────────────────────────────────────────────────────

Computing mean metrics...
FPR@95: 34.00, AUROC: 91.41 AUPR_IN: 92.26, AUPR_OUT: 89.74
──────────────────────────────────────────────────────────────────────

Processing far ood...
Performing inference on mnist dataset...
Computing metrics on mnist dataset...
FPR@95: 11.44, AUROC: 96.56 AUPR_IN: 91.60, AUPR_OUT: 99.39
──────────────────────────────────────────────────────────────────────

Performing inference on svhn dataset...
Computing metrics on svhn dataset...
FPR@95: 6.48, AUROC: 98.28 AUPR_IN: 97.26, AUPR_OUT: 99.21
──────────────────────────────────────────────────────────────────────

Performing inference on texture dataset...
Computing metrics on texture dataset...
FPR@95: 27.13, AUROC: 93.37 AUPR_IN: 95.90, AUPR_OUT: 88.63
──────────────────────────────────────────────────────────────────────

Performing inference on places365 dataset...
Computing metrics on places365 dataset...
FPR@95: 28.78, AUROC: 92.56 AUPR_IN: 83.26, AUPR_OUT: 97.52
──────────────────────────────────────────────────────────────────────

Computing mean metrics...
FPR@95: 18.46, AUROC: 95.19 AUPR_IN: 92.01, AUPR_OUT: 96.19
──────────────────────────────────────────────────────────────────────

           FPR@95  AUROC  AUPR_IN  AUPR_OUT   ACC
cifar100    38.98  90.14    90.48     88.90 95.32
tin         29.02  92.67    94.04     90.58 95.32
nearood     34.00  91.41    92.26     89.74 95.32
mnist       11.44  96.56    91.60     99.39 95.32
svhn         6.48  98.28    97.26     99.21 95.32
texture     27.13  93.37    95.90     88.63 95.32
places365   28.78  92.56    83.26     97.52 95.32
farood      18.46  95.19    92.01     96.19 95.32
[Timing] Eval:  116.8s

[Timing Summary]
  Setup: 45.0s ± 13.4s per seed
  Eval:  122.6s ± 8.7s per seed
  Total: 502.8s across 3 seeds
=== Done | Fri Apr 24 09:13:21 PM EDT 2026 ===
---------------------------------------
Begin Slurm Epilog: Apr-24-2026 21:13:21
Job ID:        5063478
Array Job ID:  5062047_0
User ID:       ksalzman3
Account:       coc
Job name:      rff_sm_concat
Resources:     cpu=4,gres/gpu:l40s=1,mem=48G,node=1
Rsrc Used:     cput=00:42:44,vmem=0,walltime=00:10:41,mem=7129520K,energy_used=0
Partition:     ice-gpu
QOS:           coc-ice
Nodes:         atl1-1-03-004-25-0
---------------------------------------
