---------------------------------------
Begin Slurm Prolog: Mar-01-2026 09:43:32
Job ID:    4143920
User ID:   ksalzman3
Account:   coc
Job name:  rff_exclusive_vw
Partition: ice-gpu
QOS:       coc-ice
---------------------------------------
=== rff_exclusive_vw | cifar10 | Sun Mar  1 09:43:39 AM EST 2026 ===

==================================================
Setting up RFF Kernel Attention OOD detector...
  sigma (bandwidth): 0.5
  D (RFF dimension): 1024
  alpha (target FPR): 0.05
  feature_space: penultimate
  normalize: True
  score_mode: exclusive
  variance_weighted: True
==================================================
Extracted 50000 train features of dim 512
  Feature norm (mean): 1.0000
  Number of classes: 10
Extracted 1000 val features for threshold
Per-class embedding norms (mean): 0.9062
Per-class score variance (mean): 0.003583
Threshold (exclusive) at 5.0%: 8.6919
Max threshold (for diagnostics) at 5.0%: 6.7713
RFF setup complete.

Starting automatic parameter search...
Hyperparam: [0.1, 512, 0.025], auroc: 0.4477135
Hyperparam: [0.5, 512, 0.025], auroc: 0.864831
Hyperparam: [1.0, 512, 0.025], auroc: 0.7435269999999999
Hyperparam: [2.0, 512, 0.025], auroc: 0.3943255
Hyperparam: [0.1, 1024, 0.025], auroc: 0.4602155
Hyperparam: [0.5, 1024, 0.025], auroc: 0.875834
Hyperparam: [1.0, 1024, 0.025], auroc: 0.7531005
Hyperparam: [2.0, 1024, 0.025], auroc: 0.557825
Hyperparam: [0.1, 2048, 0.025], auroc: 0.46727699999999994
Hyperparam: [0.5, 2048, 0.025], auroc: 0.8745555
Hyperparam: [1.0, 2048, 0.025], auroc: 0.7713125000000001
Hyperparam: [2.0, 2048, 0.025], auroc: 0.49445799999999995
Hyperparam: [0.1, 512, 0.05], auroc: 0.5000979999999999
Hyperparam: [0.5, 512, 0.05], auroc: 0.873441
Hyperparam: [1.0, 512, 0.05], auroc: 0.7336615
Hyperparam: [2.0, 512, 0.05], auroc: 0.455078
Hyperparam: [0.1, 1024, 0.05], auroc: 0.4568739999999999
Hyperparam: [0.5, 1024, 0.05], auroc: 0.864746
Hyperparam: [1.0, 1024, 0.05], auroc: 0.766222
Hyperparam: [2.0, 1024, 0.05], auroc: 0.49529799999999996
Hyperparam: [0.1, 2048, 0.05], auroc: 0.4905075000000001
Hyperparam: [0.5, 2048, 0.05], auroc: 0.8810390000000001
Hyperparam: [1.0, 2048, 0.05], auroc: 0.773177
Hyperparam: [2.0, 2048, 0.05], auroc: 0.47728149999999997
Hyperparam: [0.1, 512, 0.1], auroc: 0.557777
Hyperparam: [0.5, 512, 0.1], auroc: 0.8744719999999999
Hyperparam: [1.0, 512, 0.1], auroc: 0.733677
Hyperparam: [2.0, 512, 0.1], auroc: 0.542383
Hyperparam: [0.1, 1024, 0.1], auroc: 0.5539879999999999
Hyperparam: [0.5, 1024, 0.1], auroc: 0.871684
Hyperparam: [1.0, 1024, 0.1], auroc: 0.682245
Hyperparam: [2.0, 1024, 0.1], auroc: 0.42027000000000003
Hyperparam: [0.1, 2048, 0.1], auroc: 0.565478
Hyperparam: [0.5, 2048, 0.1], auroc: 0.8678980000000001
Hyperparam: [1.0, 2048, 0.1], auroc: 0.738037
Hyperparam: [2.0, 2048, 0.1], auroc: 0.431328
Final hyperparam: [0.5, 2048, 0.05]
Performing inference on cifar10 test set...
Processing near ood...
Performing inference on cifar100 dataset...
Computing metrics on cifar100 dataset...
FPR@95: 50.63, AUROC: 87.50 AUPR_IN: 87.06, AUPR_OUT: 86.85
──────────────────────────────────────────────────────────────────────

Performing inference on tin dataset...
Computing metrics on tin dataset...
FPR@95: 43.96, AUROC: 89.28 AUPR_IN: 91.17, AUPR_OUT: 86.99
──────────────────────────────────────────────────────────────────────

Computing mean metrics...
FPR@95: 47.29, AUROC: 88.39 AUPR_IN: 89.11, AUPR_OUT: 86.92
──────────────────────────────────────────────────────────────────────

Processing far ood...
Performing inference on mnist dataset...
Computing metrics on mnist dataset...
FPR@95: 22.54, AUROC: 92.97 AUPR_IN: 79.63, AUPR_OUT: 98.81
──────────────────────────────────────────────────────────────────────

Performing inference on svhn dataset...
Computing metrics on svhn dataset...
FPR@95: 19.11, AUROC: 93.54 AUPR_IN: 90.79, AUPR_OUT: 97.05
──────────────────────────────────────────────────────────────────────

Performing inference on texture dataset...
Computing metrics on texture dataset...
FPR@95: 27.81, AUROC: 91.49 AUPR_IN: 95.03, AUPR_OUT: 85.83
──────────────────────────────────────────────────────────────────────

Performing inference on places365 dataset...
Computing metrics on places365 dataset...
FPR@95: 55.26, AUROC: 87.50 AUPR_IN: 68.10, AUPR_OUT: 96.05
──────────────────────────────────────────────────────────────────────

Computing mean metrics...
FPR@95: 31.18, AUROC: 91.37 AUPR_IN: 83.39, AUPR_OUT: 94.43
──────────────────────────────────────────────────────────────────────

           FPR@95  AUROC  AUPR_IN  AUPR_OUT   ACC
cifar100    50.63  87.50    87.06     86.85 95.22
tin         43.96  89.28    91.17     86.99 95.22
nearood     47.29  88.39    89.11     86.92 95.22
mnist       22.54  92.97    79.63     98.81 95.22
svhn        19.11  93.54    90.79     97.05 95.22
texture     27.81  91.49    95.03     85.83 95.22
places365   55.26  87.50    68.10     96.05 95.22
farood      31.18  91.37    83.39     94.43 95.22

--- RFF Diagnostics (234660 samples) ./results/cifar10_resnet18_32x32_base_e100_lr0.1_default/s0/diagnostics/rff_exclusive_vw.npz ---
  Classes above threshold: mean=0.8, zero=34.4%, one=58.7%, multi(>1)=6.9%
  Max score: mean=28.9182, std=63.1828
  Margin (max-2nd): mean=7.9726, std=14.5046

--- RFF Per-Class Analysis → ./results/cifar10_resnet18_32x32_base_e100_lr0.1_default/s0/diagnostics/rff_exclusive_vw_per_class.csv ---
  id_test  multi_rate: mean=0.0010, max=0.0054
  cifar100        multi_rate: mean=0.0020, max=0.0144
  tin             multi_rate: mean=0.0010, max=0.0052
  mnist           multi_rate: mean=0.0000, max=0.0002
  svhn            multi_rate: mean=0.0000, max=0.0000
  texture         multi_rate: mean=0.0006, max=0.0062
  places365       multi_rate: mean=0.0009, max=0.0050

--- RFF Debug Plots → ./results/cifar10_resnet18_32x32_base_e100_lr0.1_default/s0/diagnostics ---
  Kernel dist: mean=0.1301, std=0.2205, min=-0.0247, max=0.9829
  φ(x) stats per split:
    train          : mean=0.00020, std=0.02212
    val            : mean=0.00019, std=0.02213
    id_test        : mean=0.00019, std=0.02211
    cifar100       : mean=0.00012, std=0.02211
    tin            : mean=0.00018, std=0.02211
    mnist          : mean=0.00005, std=0.02212
    svhn           : mean=0.00017, std=0.02203
    texture        : mean=0.00022, std=0.02213
    places365      : mean=0.00013, std=0.02212
  Score dist:
    id_test        : mean=13.3863, std=4.0024, n=9000
    cifar100       : mean=6.1329, std=5.8230, n=9000
    tin            : mean=5.5887, std=5.7032, n=7793
    mnist          : mean=4.2613, std=5.3779, n=70000
    svhn           : mean=4.2523, std=5.2994, n=26032
    texture        : mean=4.9175, std=5.5451, n=5640
    places365      : mean=5.9736, std=5.8218, n=35195
  Debug stats → ./results/cifar10_resnet18_32x32_base_e100_lr0.1_default/s0/diagnostics/rff_debug_stats.csv

==================================================
Setting up RFF Kernel Attention OOD detector...
  sigma (bandwidth): 0.5
  D (RFF dimension): 1024
  alpha (target FPR): 0.05
  feature_space: penultimate
  normalize: True
  score_mode: exclusive
  variance_weighted: True
==================================================
Extracted 50000 train features of dim 512
  Feature norm (mean): 1.0000
  Number of classes: 10
Extracted 1000 val features for threshold
Per-class embedding norms (mean): 0.8943
Per-class score variance (mean): 0.003686
Threshold (exclusive) at 5.0%: 8.4359
Max threshold (for diagnostics) at 5.0%: 6.9830
RFF setup complete.

Starting automatic parameter search...
Hyperparam: [0.1, 512, 0.025], auroc: 0.4617530000000001
Hyperparam: [0.5, 512, 0.025], auroc: 0.8692449999999999
Hyperparam: [1.0, 512, 0.025], auroc: 0.7145029999999999
Hyperparam: [2.0, 512, 0.025], auroc: 0.4632285
Hyperparam: [0.1, 1024, 0.025], auroc: 0.4582775
Hyperparam: [0.5, 1024, 0.025], auroc: 0.86324
Hyperparam: [1.0, 1024, 0.025], auroc: 0.7305219999999999
Hyperparam: [2.0, 1024, 0.025], auroc: 0.409791
Hyperparam: [0.1, 2048, 0.025], auroc: 0.4597675
Hyperparam: [0.5, 2048, 0.025], auroc: 0.8733369999999999
Hyperparam: [1.0, 2048, 0.025], auroc: 0.738376
Hyperparam: [2.0, 2048, 0.025], auroc: 0.4591795
Hyperparam: [0.1, 512, 0.05], auroc: 0.464067
Hyperparam: [0.5, 512, 0.05], auroc: 0.8656280000000001
Hyperparam: [1.0, 512, 0.05], auroc: 0.6599029999999999
Hyperparam: [2.0, 512, 0.05], auroc: 0.489103
Hyperparam: [0.1, 1024, 0.05], auroc: 0.467567
Hyperparam: [0.5, 1024, 0.05], auroc: 0.866767
Hyperparam: [1.0, 1024, 0.05], auroc: 0.717492
Hyperparam: [2.0, 1024, 0.05], auroc: 0.584781
Hyperparam: [0.1, 2048, 0.05], auroc: 0.467318
Hyperparam: [0.5, 2048, 0.05], auroc: 0.8703919999999999
Hyperparam: [1.0, 2048, 0.05], auroc: 0.7300950000000002
Hyperparam: [2.0, 2048, 0.05], auroc: 0.4265
Hyperparam: [0.1, 512, 0.1], auroc: 0.5145919999999999
Hyperparam: [0.5, 512, 0.1], auroc: 0.8620539999999999
Hyperparam: [1.0, 512, 0.1], auroc: 0.771126
Hyperparam: [2.0, 512, 0.1], auroc: 0.3001175
Hyperparam: [0.1, 1024, 0.1], auroc: 0.5768815
Hyperparam: [0.5, 1024, 0.1], auroc: 0.854468
Hyperparam: [1.0, 1024, 0.1], auroc: 0.7710285
Hyperparam: [2.0, 1024, 0.1], auroc: 0.5944185
Hyperparam: [0.1, 2048, 0.1], auroc: 0.5627015
Hyperparam: [0.5, 2048, 0.1], auroc: 0.852349
Hyperparam: [1.0, 2048, 0.1], auroc: 0.719454
Hyperparam: [2.0, 2048, 0.1], auroc: 0.27660399999999996
Final hyperparam: [0.5, 2048, 0.025]
Performing inference on cifar10 test set...
Processing near ood...
Performing inference on cifar100 dataset...
Computing metrics on cifar100 dataset...
FPR@95: 65.44, AUROC: 85.80 AUPR_IN: 83.85, AUPR_OUT: 85.11
──────────────────────────────────────────────────────────────────────

Performing inference on tin dataset...
Computing metrics on tin dataset...
FPR@95: 47.03, AUROC: 88.11 AUPR_IN: 89.43, AUPR_OUT: 85.29
──────────────────────────────────────────────────────────────────────

Computing mean metrics...
FPR@95: 56.24, AUROC: 86.96 AUPR_IN: 86.64, AUPR_OUT: 85.20
──────────────────────────────────────────────────────────────────────

Processing far ood...
Performing inference on mnist dataset...
Computing metrics on mnist dataset...
FPR@95: 19.16, AUROC: 93.82 AUPR_IN: 84.15, AUPR_OUT: 98.90
──────────────────────────────────────────────────────────────────────

Performing inference on svhn dataset...
Computing metrics on svhn dataset...
FPR@95: 25.43, AUROC: 91.93 AUPR_IN: 86.88, AUPR_OUT: 96.26
──────────────────────────────────────────────────────────────────────

Performing inference on texture dataset...
Computing metrics on texture dataset...
FPR@95: 31.98, AUROC: 90.63 AUPR_IN: 94.30, AUPR_OUT: 84.03
──────────────────────────────────────────────────────────────────────

Performing inference on places365 dataset...
Computing metrics on places365 dataset...
FPR@95: 76.60, AUROC: 84.28 AUPR_IN: 55.05, AUPR_OUT: 95.12
──────────────────────────────────────────────────────────────────────

Computing mean metrics...
FPR@95: 38.29, AUROC: 90.16 AUPR_IN: 80.09, AUPR_OUT: 93.58
──────────────────────────────────────────────────────────────────────

           FPR@95  AUROC  AUPR_IN  AUPR_OUT   ACC
cifar100    65.44  85.80    83.85     85.11 94.63
tin         47.03  88.11    89.43     85.29 94.63
nearood     56.24  86.96    86.64     85.20 94.63
mnist       19.16  93.82    84.15     98.90 94.63
svhn        25.43  91.93    86.88     96.26 94.63
texture     31.98  90.63    94.30     84.03 94.63
places365   76.60  84.28    55.05     95.12 94.63
farood      38.29  90.16    80.09     93.58 94.63

--- RFF Diagnostics (234660 samples) ./results/cifar10_resnet18_32x32_base_e100_lr0.1_default/s1/diagnostics/rff_exclusive_vw.npz ---
  Classes above threshold: mean=0.9, zero=26.6%, one=65.1%, multi(>1)=8.3%
  Max score: mean=24.9630, std=51.4966
  Margin (max-2nd): mean=6.2196, std=8.7254

--- RFF Per-Class Analysis → ./results/cifar10_resnet18_32x32_base_e100_lr0.1_default/s1/diagnostics/rff_exclusive_vw_per_class.csv ---
  id_test  multi_rate: mean=0.0055, max=0.0132
  cifar100        multi_rate: mean=0.0134, max=0.0362
  tin             multi_rate: mean=0.0136, max=0.0392
  mnist           multi_rate: mean=0.0018, max=0.0050
  svhn            multi_rate: mean=0.0085, max=0.0294
  texture         multi_rate: mean=0.0096, max=0.0264
  places365       multi_rate: mean=0.0135, max=0.0432

--- RFF Debug Plots → ./results/cifar10_resnet18_32x32_base_e100_lr0.1_default/s1/diagnostics ---
  Kernel dist: mean=0.1377, std=0.2314, min=-0.0245, max=0.9904
  φ(x) stats per split:
    train          : mean=-0.00062, std=0.02213
    val            : mean=-0.00064, std=0.02213
    id_test        : mean=-0.00063, std=0.02212
    cifar100       : mean=-0.00078, std=0.02209
    tin            : mean=-0.00082, std=0.02208
    mnist          : mean=-0.00076, std=0.02200
    svhn           : mean=-0.00078, std=0.02213
    texture        : mean=-0.00093, std=0.02208
    places365      : mean=-0.00083, std=0.02207
  Score dist:
    id_test        : mean=12.4329, std=3.4542, n=9000
    cifar100       : mean=6.6638, std=4.9753, n=9000
    tin            : mean=6.1814, std=4.8850, n=7793
    mnist          : mean=4.4097, std=4.6073, n=70000
    svhn           : mean=5.2042, std=4.7389, n=26032
    texture        : mean=5.5956, std=4.7431, n=5640
    places365      : mean=6.5913, std=5.2480, n=35195
  Debug stats → ./results/cifar10_resnet18_32x32_base_e100_lr0.1_default/s1/diagnostics/rff_debug_stats.csv

==================================================
Setting up RFF Kernel Attention OOD detector...
  sigma (bandwidth): 0.5
  D (RFF dimension): 1024
  alpha (target FPR): 0.05
  feature_space: penultimate
  normalize: True
  score_mode: exclusive
  variance_weighted: True
==================================================
Extracted 50000 train features of dim 512
  Feature norm (mean): 1.0000
  Number of classes: 10
Extracted 1000 val features for threshold
Per-class embedding norms (mean): 0.9137
Per-class score variance (mean): 0.003450
Threshold (exclusive) at 5.0%: 9.2344
Max threshold (for diagnostics) at 5.0%: 7.4308
RFF setup complete.

Starting automatic parameter search...
Hyperparam: [0.1, 512, 0.025], auroc: 0.45794500000000005
Hyperparam: [0.5, 512, 0.025], auroc: 0.8462745
Hyperparam: [1.0, 512, 0.025], auroc: 0.680183
Hyperparam: [2.0, 512, 0.025], auroc: 0.517505
Hyperparam: [0.1, 1024, 0.025], auroc: 0.45573700000000006
Hyperparam: [0.5, 1024, 0.025], auroc: 0.862021
Hyperparam: [1.0, 1024, 0.025], auroc: 0.737652
Hyperparam: [2.0, 1024, 0.025], auroc: 0.545536
Hyperparam: [0.1, 2048, 0.025], auroc: 0.462974
Hyperparam: [0.5, 2048, 0.025], auroc: 0.8590059999999999
Hyperparam: [1.0, 2048, 0.025], auroc: 0.728402
Hyperparam: [2.0, 2048, 0.025], auroc: 0.3070275
Hyperparam: [0.1, 512, 0.05], auroc: 0.46718000000000004
Hyperparam: [0.5, 512, 0.05], auroc: 0.8575935
Hyperparam: [1.0, 512, 0.05], auroc: 0.74361
Hyperparam: [2.0, 512, 0.05], auroc: 0.5122835
Hyperparam: [0.1, 1024, 0.05], auroc: 0.485459
Hyperparam: [0.5, 1024, 0.05], auroc: 0.8542475
Hyperparam: [1.0, 1024, 0.05], auroc: 0.72773
Hyperparam: [2.0, 1024, 0.05], auroc: 0.329365
Hyperparam: [0.1, 2048, 0.05], auroc: 0.49558800000000003
Hyperparam: [0.5, 2048, 0.05], auroc: 0.8555069999999999
Hyperparam: [1.0, 2048, 0.05], auroc: 0.743234
Hyperparam: [2.0, 2048, 0.05], auroc: 0.6181380000000001
Hyperparam: [0.1, 512, 0.1], auroc: 0.5055909999999999
Hyperparam: [0.5, 512, 0.1], auroc: 0.8548959999999999
Hyperparam: [1.0, 512, 0.1], auroc: 0.720641
Hyperparam: [2.0, 512, 0.1], auroc: 0.609958
Hyperparam: [0.1, 1024, 0.1], auroc: 0.5546065
Hyperparam: [0.5, 1024, 0.1], auroc: 0.861183
Hyperparam: [1.0, 1024, 0.1], auroc: 0.6909919999999999
Hyperparam: [2.0, 1024, 0.1], auroc: 0.559937
Hyperparam: [0.1, 2048, 0.1], auroc: 0.566377
Hyperparam: [0.5, 2048, 0.1], auroc: 0.8566670000000001
Hyperparam: [1.0, 2048, 0.1], auroc: 0.6957309999999999
Hyperparam: [2.0, 2048, 0.1], auroc: 0.442157
Final hyperparam: [0.5, 1024, 0.025]
Performing inference on cifar10 test set...
Processing near ood...
Performing inference on cifar100 dataset...
Computing metrics on cifar100 dataset...
FPR@95: 52.04, AUROC: 87.04 AUPR_IN: 86.39, AUPR_OUT: 86.06
──────────────────────────────────────────────────────────────────────

Performing inference on tin dataset...
Computing metrics on tin dataset...
FPR@95: 44.98, AUROC: 88.90 AUPR_IN: 90.55, AUPR_OUT: 86.27
──────────────────────────────────────────────────────────────────────

Computing mean metrics...
FPR@95: 48.51, AUROC: 87.97 AUPR_IN: 88.47, AUPR_OUT: 86.16
──────────────────────────────────────────────────────────────────────

Processing far ood...
Performing inference on mnist dataset...
Computing metrics on mnist dataset...
FPR@95: 24.98, AUROC: 92.52 AUPR_IN: 79.50, AUPR_OUT: 98.68
──────────────────────────────────────────────────────────────────────

Performing inference on svhn dataset...
Computing metrics on svhn dataset...
FPR@95: 20.27, AUROC: 92.82 AUPR_IN: 89.57, AUPR_OUT: 96.47
──────────────────────────────────────────────────────────────────────

Performing inference on texture dataset...
Computing metrics on texture dataset...
FPR@95: 34.27, AUROC: 91.42 AUPR_IN: 94.83, AUPR_OUT: 85.71
──────────────────────────────────────────────────────────────────────

Performing inference on places365 dataset...
Computing metrics on places365 dataset...
FPR@95: 61.29, AUROC: 85.91 AUPR_IN: 63.21, AUPR_OUT: 95.51
──────────────────────────────────────────────────────────────────────

Computing mean metrics...
FPR@95: 35.20, AUROC: 90.67 AUPR_IN: 81.78, AUPR_OUT: 94.09
──────────────────────────────────────────────────────────────────────

           FPR@95  AUROC  AUPR_IN  AUPR_OUT   ACC
cifar100    52.04  87.04    86.39     86.06 95.32
tin         44.98  88.90    90.55     86.27 95.32
nearood     48.51  87.97    88.47     86.16 95.32
mnist       24.98  92.52    79.50     98.68 95.32
svhn        20.27  92.82    89.57     96.47 95.32
texture     34.27  91.42    94.83     85.71 95.32
places365   61.29  85.91    63.21     95.51 95.32
farood      35.20  90.67    81.78     94.09 95.32

--- RFF Diagnostics (234660 samples) ./results/cifar10_resnet18_32x32_base_e100_lr0.1_default/s2/diagnostics/rff_exclusive_vw.npz ---
  Classes above threshold: mean=0.9, zero=25.9%, one=65.3%, multi(>1)=8.8%
  Max score: mean=26.8820, std=55.6315
  Margin (max-2nd): mean=6.3749, std=7.4936

--- RFF Per-Class Analysis → ./results/cifar10_resnet18_32x32_base_e100_lr0.1_default/s2/diagnostics/rff_exclusive_vw_per_class.csv ---
  id_test  multi_rate: mean=0.0043, max=0.0138
  cifar100        multi_rate: mean=0.0076, max=0.0227
  tin             multi_rate: mean=0.0099, max=0.0445
  mnist           multi_rate: mean=0.0012, max=0.0055
  svhn            multi_rate: mean=0.0009, max=0.0028
  texture         multi_rate: mean=0.0033, max=0.0086
  places365       multi_rate: mean=0.0104, max=0.0390

--- RFF Debug Plots → ./results/cifar10_resnet18_32x32_base_e100_lr0.1_default/s2/diagnostics ---
  Kernel dist: mean=0.1480, std=0.2484, min=-0.0326, max=1.0012
  φ(x) stats per split:
    train          : mean=0.00005, std=0.03135
    val            : mean=0.00007, std=0.03133
    id_test        : mean=0.00005, std=0.03133
    cifar100       : mean=0.00016, std=0.03126
    tin            : mean=0.00011, std=0.03125
    mnist          : mean=0.00032, std=0.03121
    svhn           : mean=0.00038, std=0.03121
    texture        : mean=-0.00008, std=0.03124
    places365      : mean=0.00017, std=0.03120
  Score dist:
    id_test        : mean=13.1947, std=3.4980, n=9000
    cifar100       : mean=6.7969, std=5.2378, n=9000
    tin            : mean=6.2547, std=5.1880, n=7793
    mnist          : mean=5.1708, std=5.0070, n=70000
    svhn           : mean=5.6016, std=4.7217, n=26032
    texture        : mean=5.3852, std=5.1090, n=5640
    places365      : mean=6.7809, std=5.4247, n=35195
  Debug stats → ./results/cifar10_resnet18_32x32_base_e100_lr0.1_default/s2/diagnostics/rff_debug_stats.csv
=== Done | Sun Mar  1 09:54:25 AM EST 2026 ===
---------------------------------------
Begin Slurm Epilog: Mar-01-2026 09:54:25
Job ID:        4143920
Array Job ID:  4143919_0
User ID:       ksalzman3
Account:       coc
Job name:      rff_exclusive_vw
Resources:     cpu=4,gres/gpu:v100=1,mem=32G,node=1
Rsrc Used:     cput=00:43:36,vmem=0,walltime=00:10:54,mem=5355176K,energy_used=0
Partition:     ice-gpu
QOS:           coc-ice
Nodes:         atl1-1-01-002-8-0
---------------------------------------
