---------------------------------------
Begin Slurm Prolog: May-20-2026 15:59:22
Job ID:    5301174
User ID:   ksalzman3
Account:   coc
Job name:  rff_pa_mlmx_cl_imgnet
Partition: ice-gpu
QOS:       coc-ice
---------------------------------------
=== rff_predictor_aware_vw_mlminmax_clip | imagenet | Wed May 20 03:59:28 PM EDT 2026 ===
=== Done | Wed May 20 04:01:51 PM EDT 2026 ===
---------------------------------------
Begin Slurm Epilog: May-20-2026 16:01:51
Job ID:        5301174
User ID:       ksalzman3
Account:       coc
Job name:      rff_pa_mlmx_cl_imgnet
Resources:     cpu=4,gres/gpu:h200=1,mem=64G,node=1
Rsrc Used:     cput=00:09:56,vmem=0,walltime=00:02:29,mem=906604K,energy_used=0
Partition:     ice-gpu
QOS:           coc-ice
Nodes:         atl1-1-03-018-2-0
---------------------------------------
