---------------------------------------
Begin Slurm Prolog: May-20-2026 16:21:40
Job ID:    5301197
User ID:   ksalzman3
Account:   coc
Job name:  rff_centroid_vw_vit_b16
Partition: ice-gpu
QOS:       coc-ice
---------------------------------------
=== rff_centroid_vw | imagenet | vit-b-16 | Wed May 20 04:21:48 PM EDT 2026 ===
=== Done | Wed May 20 04:27:40 PM EDT 2026 ===
---------------------------------------
Begin Slurm Epilog: May-20-2026 16:27:40
Job ID:        5301197
User ID:       ksalzman3
Account:       coc
Job name:      rff_centroid_vw_vit_b16
Resources:     cpu=4,gres/gpu:a100=1,mem=32G,node=1
Rsrc Used:     cput=00:24:48,vmem=0,walltime=00:06:12,mem=1534364K,energy_used=0
Partition:     ice-gpu
QOS:           coc-ice
Nodes:         atl1-1-03-007-33-0
---------------------------------------
