---------------------------------------
Begin Slurm Prolog: Apr-02-2026 16:04:29
Job ID:    4592836
User ID:   ksalzman3
Account:   coc
Job name:  rff_predictor_aware_vw_allpca
Partition: ice-gpu
QOS:       coc-ice
---------------------------------------
=== rff_predictor_aware_vw_allpca | imagenet200 | Thu Apr  2 04:04:36 PM EDT 2026 ===
Postprocessor_name is ignored because postprocessor is passed
[Timing] Setup: 0.3s
Loaded pre-computed scores from file.
Processing near ood...
Inference has been performed on ssb_hard dataset...
Computing metrics on ssb_hard dataset...
FPR@95: 70.22, AUROC: 80.02 AUPR_IN: 42.02, AUPR_OUT: 94.84
──────────────────────────────────────────────────────────────────────

Inference has been performed on ninco dataset...
Computing metrics on ninco dataset...
FPR@95: 49.04, AUROC: 86.14 AUPR_IN: 90.48, AUPR_OUT: 77.64
──────────────────────────────────────────────────────────────────────

Computing mean metrics...
FPR@95: 59.63, AUROC: 83.08 AUPR_IN: 66.25, AUPR_OUT: 86.24
──────────────────────────────────────────────────────────────────────

Processing far ood...
Inference has been performed on inaturalist dataset...
Computing metrics on inaturalist dataset...
FPR@95: 21.60, AUROC: 94.39 AUPR_IN: 94.95, AUPR_OUT: 93.80
──────────────────────────────────────────────────────────────────────

Inference has been performed on textures dataset...
Computing metrics on textures dataset...
FPR@95: 31.69, AUROC: 91.64 AUPR_IN: 94.73, AUPR_OUT: 86.53
──────────────────────────────────────────────────────────────────────

Inference has been performed on openimage_o dataset...
Computing metrics on openimage_o dataset...
FPR@95: 33.22, AUROC: 90.10 AUPR_IN: 87.11, AUPR_OUT: 92.76
──────────────────────────────────────────────────────────────────────

Computing mean metrics...
FPR@95: 28.84, AUROC: 92.04 AUPR_IN: 92.26, AUPR_OUT: 91.03
──────────────────────────────────────────────────────────────────────

             FPR@95  AUROC  AUPR_IN  AUPR_OUT   ACC
ssb_hard      70.22  80.02    42.02     94.84 86.39
ninco         49.04  86.14    90.48     77.64 86.39
nearood       59.63  83.08    66.25     86.24 86.39
inaturalist   21.60  94.39    94.95     93.80 86.39
textures      31.69  91.64    94.73     86.53 86.39
openimage_o   33.22  90.10    87.11     92.76 86.39
farood        28.84  92.04    92.26     91.03 86.39
[Timing] Eval:  0.3s
Postprocessor_name is ignored because postprocessor is passed
[Timing] Setup: 0.1s
Loaded pre-computed scores from file.
Processing near ood...
Inference has been performed on ssb_hard dataset...
Computing metrics on ssb_hard dataset...
FPR@95: 71.24, AUROC: 79.81 AUPR_IN: 41.28, AUPR_OUT: 94.76
──────────────────────────────────────────────────────────────────────

Inference has been performed on ninco dataset...
Computing metrics on ninco dataset...
FPR@95: 46.80, AUROC: 86.18 AUPR_IN: 90.62, AUPR_OUT: 77.46
──────────────────────────────────────────────────────────────────────

Computing mean metrics...
FPR@95: 59.02, AUROC: 82.99 AUPR_IN: 65.95, AUPR_OUT: 86.11
──────────────────────────────────────────────────────────────────────

Processing far ood...
Inference has been performed on inaturalist dataset...
Computing metrics on inaturalist dataset...
FPR@95: 21.41, AUROC: 93.87 AUPR_IN: 94.55, AUPR_OUT: 93.12
──────────────────────────────────────────────────────────────────────

Inference has been performed on textures dataset...
Computing metrics on textures dataset...
FPR@95: 31.52, AUROC: 91.62 AUPR_IN: 94.67, AUPR_OUT: 86.39
──────────────────────────────────────────────────────────────────────

Inference has been performed on openimage_o dataset...
Computing metrics on openimage_o dataset...
FPR@95: 31.82, AUROC: 90.04 AUPR_IN: 87.44, AUPR_OUT: 92.55
──────────────────────────────────────────────────────────────────────

Computing mean metrics...
FPR@95: 28.25, AUROC: 91.84 AUPR_IN: 92.22, AUPR_OUT: 90.69
──────────────────────────────────────────────────────────────────────

             FPR@95  AUROC  AUPR_IN  AUPR_OUT   ACC
ssb_hard      71.24  79.81    41.28     94.76 86.46
ninco         46.80  86.18    90.62     77.46 86.46
nearood       59.02  82.99    65.95     86.11 86.46
inaturalist   21.41  93.87    94.55     93.12 86.46
textures      31.52  91.62    94.67     86.39 86.46
openimage_o   31.82  90.04    87.44     92.55 86.46
farood        28.25  91.84    92.22     90.69 86.46
[Timing] Eval:  0.1s
Postprocessor_name is ignored because postprocessor is passed
[Timing] Setup: 0.0s
Loaded pre-computed scores from file.
Processing near ood...
Inference has been performed on ssb_hard dataset...
Computing metrics on ssb_hard dataset...
FPR@95: 70.40, AUROC: 79.82 AUPR_IN: 41.87, AUPR_OUT: 94.78
──────────────────────────────────────────────────────────────────────

Inference has been performed on ninco dataset...
Computing metrics on ninco dataset...
FPR@95: 47.78, AUROC: 86.10 AUPR_IN: 90.48, AUPR_OUT: 77.41
──────────────────────────────────────────────────────────────────────

Computing mean metrics...
FPR@95: 59.09, AUROC: 82.96 AUPR_IN: 66.18, AUPR_OUT: 86.10
──────────────────────────────────────────────────────────────────────

Processing far ood...
Inference has been performed on inaturalist dataset...
Computing metrics on inaturalist dataset...
FPR@95: 22.87, AUROC: 93.74 AUPR_IN: 94.25, AUPR_OUT: 93.07
──────────────────────────────────────────────────────────────────────

Inference has been performed on textures dataset...
Computing metrics on textures dataset...
FPR@95: 33.91, AUROC: 91.50 AUPR_IN: 94.74, AUPR_OUT: 86.29
──────────────────────────────────────────────────────────────────────

Inference has been performed on openimage_o dataset...
Computing metrics on openimage_o dataset...
FPR@95: 33.90, AUROC: 89.81 AUPR_IN: 86.93, AUPR_OUT: 92.49
──────────────────────────────────────────────────────────────────────

Computing mean metrics...
FPR@95: 30.23, AUROC: 91.68 AUPR_IN: 91.97, AUPR_OUT: 90.62
──────────────────────────────────────────────────────────────────────

             FPR@95  AUROC  AUPR_IN  AUPR_OUT   ACC
ssb_hard      70.40  79.82    41.87     94.78 86.27
ninco         47.78  86.10    90.48     77.41 86.27
nearood       59.09  82.96    66.18     86.10 86.27
inaturalist   22.87  93.74    94.25     93.07 86.27
textures      33.91  91.50    94.74     86.29 86.27
openimage_o   33.90  89.81    86.93     92.49 86.27
farood        30.23  91.68    91.97     90.62 86.27
[Timing] Eval:  0.1s

[Timing Summary]
  Setup: 0.1s ± 0.1s per seed
  Eval:  0.1s ± 0.1s per seed
  Total: 0.8s across 3 seeds
=== Done | Thu Apr  2 04:05:56 PM EDT 2026 ===
---------------------------------------
Begin Slurm Epilog: Apr-02-2026 16:05:56
Job ID:        4592836
Array Job ID:  4592836_2
User ID:       ksalzman3
Account:       coc
Job name:      rff_predictor_aware_vw_allpca
Resources:     cpu=4,gres/gpu:l40s=1,mem=32G,node=1
Rsrc Used:     cput=00:05:48,vmem=0,walltime=00:01:27,mem=3801588K,energy_used=0
Partition:     ice-gpu
QOS:           coc-ice
Nodes:         atl1-1-03-004-25-0
---------------------------------------
