---------------------------------------
Begin Slurm Prolog: Mar-31-2026 21:14:12
Job ID:    4580105
User ID:   ksalzman3
Account:   coc
Job name:  rff_exclusive_novw
Partition: ice-gpu
QOS:       coc-ice
---------------------------------------
=== rff_exclusive_novw | imagenet200 | Tue Mar 31 09:14:18 PM EDT 2026 ===

==================================================
Setting up RFF Kernel Attention OOD detector...
  sigma (bandwidth): 0.5
  D (RFF dimension): 1024
  alpha (target FPR): 0.05
  feature_space: penultimate
  normalize: True
  score_mode: exclusive
  variance_weighted: False
==================================================
Extracted 258951 train features of dim 512
  Feature norm (mean): 15.6563
  Number of classes: 200
Extracted 1000 val features for threshold
Per-class embedding norms (mean): 0.6868
Threshold (exclusive) at 5.0%: 0.2900
Max threshold (for diagnostics) at 5.0%: 0.2628
RFF setup complete.

Starting automatic parameter search...
Hyperparam: [0.1, 512, 0.025], auroc: 0.5045527509926262
Hyperparam: [0.5, 512, 0.025], auroc: 0.6699605785592739
Hyperparam: [1.0, 512, 0.025], auroc: 0.6548771979580261
Hyperparam: [2.0, 512, 0.025], auroc: 0.6115408394781623
Hyperparam: [0.1, 1024, 0.025], auroc: 0.49605813953488365
Hyperparam: [0.5, 1024, 0.025], auroc: 0.6733930799773113
Hyperparam: [1.0, 1024, 0.025], auroc: 0.6772073170731707
Hyperparam: [2.0, 1024, 0.025], auroc: 0.6289931934203064
Hyperparam: [0.1, 2048, 0.025], auroc: 0.4935161656267725
Hyperparam: [0.5, 2048, 0.025], auroc: 0.6794861032331254
Hyperparam: [1.0, 2048, 0.025], auroc: 0.6703993193420307
Hyperparam: [2.0, 2048, 0.025], auroc: 0.6555300623936471
Hyperparam: [0.1, 512, 0.05], auroc: 0.508708735110607
Hyperparam: [0.5, 512, 0.05], auroc: 0.7282166761202495
Hyperparam: [1.0, 512, 0.05], auroc: 0.7161125921724334
Hyperparam: [2.0, 512, 0.05], auroc: 0.6246608054452637
Hyperparam: [0.1, 1024, 0.05], auroc: 0.48890782756664775
Hyperparam: [0.5, 1024, 0.05], auroc: 0.7191094724900737
Hyperparam: [1.0, 1024, 0.05], auroc: 0.7107430516165627
Hyperparam: [2.0, 1024, 0.05], auroc: 0.6519739081111742
Hyperparam: [0.1, 2048, 0.05], auroc: 0.4992138400453772
Hyperparam: [0.5, 2048, 0.05], auroc: 0.7295527509926262
Hyperparam: [1.0, 2048, 0.05], auroc: 0.7280700510493477
Hyperparam: [2.0, 2048, 0.05], auroc: 0.7264705048213272
Hyperparam: [0.1, 512, 0.1], auroc: 0.4948882586500282
Hyperparam: [0.5, 512, 0.1], auroc: 0.783997447532615
Hyperparam: [1.0, 512, 0.1], auroc: 0.7764174702212139
Hyperparam: [2.0, 512, 0.1], auroc: 0.6489583096993761
Hyperparam: [0.1, 1024, 0.1], auroc: 0.4919807146908679
Hyperparam: [0.5, 1024, 0.1], auroc: 0.7764985819625638
Hyperparam: [1.0, 1024, 0.1], auroc: 0.7923936471922859
Hyperparam: [2.0, 1024, 0.1], auroc: 0.7485470788428814
Hyperparam: [0.1, 2048, 0.1], auroc: 0.492556154282473
Hyperparam: [0.5, 2048, 0.1], auroc: 0.7952529778786159
Hyperparam: [1.0, 2048, 0.1], auroc: 0.797311401020987
Hyperparam: [2.0, 2048, 0.1], auroc: 0.7767328417470222
Final hyperparam: [1.0, 2048, 0.1, True]
[Timing] Setup: 916.2s
Performing inference on imagenet200 test set...
Processing near ood...
Performing inference on ssb_hard dataset...
Computing metrics on ssb_hard dataset...
FPR@95: 73.76, AUROC: 72.10 AUPR_IN: 36.90, AUPR_OUT: 93.65
──────────────────────────────────────────────────────────────────────

Performing inference on ninco dataset...
Computing metrics on ninco dataset...
FPR@95: 49.01, AUROC: 77.95 AUPR_IN: 87.68, AUPR_OUT: 74.04
──────────────────────────────────────────────────────────────────────

Computing mean metrics...
FPR@95: 61.38, AUROC: 75.03 AUPR_IN: 62.29, AUPR_OUT: 83.85
──────────────────────────────────────────────────────────────────────

Processing far ood...
Performing inference on inaturalist dataset...
Computing metrics on inaturalist dataset...
FPR@95: 35.66, AUROC: 83.05 AUPR_IN: 88.73, AUPR_OUT: 86.91
──────────────────────────────────────────────────────────────────────

Performing inference on textures dataset...
Computing metrics on textures dataset...
FPR@95: 39.33, AUROC: 81.90 AUPR_IN: 91.04, AUPR_OUT: 78.21
──────────────────────────────────────────────────────────────────────

Performing inference on openimage_o dataset...
Computing metrics on openimage_o dataset...
FPR@95: 43.38, AUROC: 79.10 AUPR_IN: 79.23, AUPR_OUT: 87.78
──────────────────────────────────────────────────────────────────────

Computing mean metrics...
FPR@95: 39.46, AUROC: 81.35 AUPR_IN: 86.33, AUPR_OUT: 84.30
──────────────────────────────────────────────────────────────────────

             FPR@95  AUROC  AUPR_IN  AUPR_OUT   ACC
ssb_hard      73.76  72.10    36.90     93.65 86.39
ninco         49.01  77.95    87.68     74.04 86.39
nearood       61.38  75.03    62.29     83.85 86.39
inaturalist   35.66  83.05    88.73     86.91 86.39
textures      39.33  81.90    91.04     78.21 86.39
openimage_o   43.38  79.10    79.23     87.78 86.39
farood        39.46  81.35    86.33     84.30 86.39
[Timing] Eval:  233.5s

--- RFF Diagnostics (194376 samples) ./results/imagenet200_resnet18_224x224_base_e90_lr0.1_default/s0/diagnostics/rff_exclusive_novw.npz ---
  Classes above threshold: mean=1.3, zero=37.6%, one=36.0%, multi(>1)=26.4%
  Max score: mean=0.6250, std=0.2907
  Margin (max-2nd): mean=0.0510, std=0.0732

--- RFF Per-Class Analysis → ./results/imagenet200_resnet18_224x224_base_e90_lr0.1_default/s0/diagnostics/rff_exclusive_novw_per_class.csv ---
  id_test  multi_rate: mean=0.1766, max=0.9231
  ssb_hard        multi_rate: mean=0.1431, max=0.7995
  ninco           multi_rate: mean=0.0619, max=0.7778
  inaturalist     multi_rate: mean=0.0099, max=1.0000
  textures        multi_rate: mean=0.0174, max=1.0000
  openimage_o     multi_rate: mean=0.0607, max=1.0000

--- RFF Debug Plots → ./results/imagenet200_resnet18_224x224_base_e90_lr0.1_default/s0/diagnostics ---
  Kernel dist: mean=0.5291, std=0.0595, min=0.4113, max=0.9254
  φ(x) stats per split:
    train          : mean=-0.00041, std=0.02210
    val            : mean=-0.00042, std=0.02211
    id_test        : mean=-0.00042, std=0.02211
    ssb_hard       : mean=-0.00046, std=0.02211
    ninco          : mean=-0.00050, std=0.02209
    inaturalist    : mean=-0.00048, std=0.02213
    textures       : mean=-0.00045, std=0.02208
    openimage_o    : mean=-0.00053, std=0.02215
  Score dist:
    id_test        : mean=0.3078, std=0.8263, n=9000
    ssb_hard       : mean=-0.2621, std=0.8819, n=49000
    ninco          : mean=-0.4580, std=0.8170, n=5879
    inaturalist    : mean=-0.7799, std=0.5829, n=10000
    textures       : mean=-0.7457, std=0.6221, n=5160
    openimage_o    : mean=-0.4936, std=0.7993, n=15869
  Debug stats → ./results/imagenet200_resnet18_224x224_base_e90_lr0.1_default/s0/diagnostics/rff_debug_stats.csv

==================================================
Setting up RFF Kernel Attention OOD detector...
  sigma (bandwidth): 0.5
  D (RFF dimension): 1024
  alpha (target FPR): 0.05
  feature_space: penultimate
  normalize: True
  score_mode: exclusive
  variance_weighted: False
==================================================
Extracted 258951 train features of dim 512
  Feature norm (mean): 15.5766
  Number of classes: 200
Extracted 1000 val features for threshold
Per-class embedding norms (mean): 0.6857
Threshold (exclusive) at 5.0%: 0.2904
Max threshold (for diagnostics) at 5.0%: 0.2673
RFF setup complete.

Starting automatic parameter search...
Hyperparam: [0.1, 512, 0.025], auroc: 0.5031990924560409
Hyperparam: [0.5, 512, 0.025], auroc: 0.6797195121951219
Hyperparam: [1.0, 512, 0.025], auroc: 0.6480890527509926
Hyperparam: [2.0, 512, 0.025], auroc: 0.6285674985819625
Hyperparam: [0.1, 1024, 0.025], auroc: 0.4940408394781622
Hyperparam: [0.5, 1024, 0.025], auroc: 0.6858990357345434
Hyperparam: [1.0, 1024, 0.025], auroc: 0.6697110039705048
Hyperparam: [2.0, 1024, 0.025], auroc: 0.6442189449801476
Hyperparam: [0.1, 2048, 0.025], auroc: 0.50465399886557
Hyperparam: [0.5, 2048, 0.025], auroc: 0.6873959160521839
Hyperparam: [1.0, 2048, 0.025], auroc: 0.6917750992626205
Hyperparam: [2.0, 2048, 0.025], auroc: 0.6503933635847987
Hyperparam: [0.1, 512, 0.05], auroc: 0.4924180374361883
Hyperparam: [0.5, 512, 0.05], auroc: 0.7388454339194556
Hyperparam: [1.0, 512, 0.05], auroc: 0.7200476460578559
Hyperparam: [2.0, 512, 0.05], auroc: 0.6516301758366421
Hyperparam: [0.1, 1024, 0.05], auroc: 0.4935847986386841
Hyperparam: [0.5, 1024, 0.05], auroc: 0.7184957458876914
Hyperparam: [1.0, 1024, 0.05], auroc: 0.7327637549631311
Hyperparam: [2.0, 1024, 0.05], auroc: 0.6760680657969371
Hyperparam: [0.1, 2048, 0.05], auroc: 0.48653034600113443
Hyperparam: [0.5, 2048, 0.05], auroc: 0.7228505388542257
Hyperparam: [1.0, 2048, 0.05], auroc: 0.7309671015314805
Hyperparam: [2.0, 2048, 0.05], auroc: 0.6658074305161656
Hyperparam: [0.1, 512, 0.1], auroc: 0.49623028927963697
Hyperparam: [0.5, 512, 0.1], auroc: 0.7790813953488371
Hyperparam: [1.0, 512, 0.1], auroc: 0.7473851389676687
Hyperparam: [2.0, 512, 0.1], auroc: 0.6665839478162223
Hyperparam: [0.1, 1024, 0.1], auroc: 0.4935360181508792
Hyperparam: [0.5, 1024, 0.1], auroc: 0.7918947816222349
Hyperparam: [1.0, 1024, 0.1], auroc: 0.764217243335224
Hyperparam: [2.0, 1024, 0.1], auroc: 0.717266023823029
Hyperparam: [0.1, 2048, 0.1], auroc: 0.49554112308564946
Hyperparam: [0.5, 2048, 0.1], auroc: 0.7955141803743618
Hyperparam: [1.0, 2048, 0.1], auroc: 0.7889489506522973
Hyperparam: [2.0, 2048, 0.1], auroc: 0.7628621667612026
Final hyperparam: [0.5, 2048, 0.1, True]
[Timing] Setup: 925.2s
Performing inference on imagenet200 test set...
Processing near ood...
Performing inference on ssb_hard dataset...
Computing metrics on ssb_hard dataset...
FPR@95: 73.69, AUROC: 71.41 AUPR_IN: 36.28, AUPR_OUT: 93.48
──────────────────────────────────────────────────────────────────────

Performing inference on ninco dataset...
Computing metrics on ninco dataset...
FPR@95: 48.82, AUROC: 77.34 AUPR_IN: 87.47, AUPR_OUT: 73.65
──────────────────────────────────────────────────────────────────────

Computing mean metrics...
FPR@95: 61.26, AUROC: 74.37 AUPR_IN: 61.87, AUPR_OUT: 83.56
──────────────────────────────────────────────────────────────────────

Processing far ood...
Performing inference on inaturalist dataset...
Computing metrics on inaturalist dataset...
FPR@95: 36.42, AUROC: 82.09 AUPR_IN: 88.03, AUPR_OUT: 86.20
──────────────────────────────────────────────────────────────────────

Performing inference on textures dataset...
Computing metrics on textures dataset...
FPR@95: 40.00, AUROC: 81.25 AUPR_IN: 90.42, AUPR_OUT: 78.02
──────────────────────────────────────────────────────────────────────

Performing inference on openimage_o dataset...
Computing metrics on openimage_o dataset...
FPR@95: 43.10, AUROC: 78.88 AUPR_IN: 79.32, AUPR_OUT: 87.88
──────────────────────────────────────────────────────────────────────

Computing mean metrics...
FPR@95: 39.84, AUROC: 80.74 AUPR_IN: 85.92, AUPR_OUT: 84.03
──────────────────────────────────────────────────────────────────────

             FPR@95  AUROC  AUPR_IN  AUPR_OUT   ACC
ssb_hard      73.69  71.41    36.28     93.48 86.46
ninco         48.82  77.34    87.47     73.65 86.46
nearood       61.26  74.37    61.87     83.56 86.46
inaturalist   36.42  82.09    88.03     86.20 86.46
textures      40.00  81.25    90.42     78.02 86.46
openimage_o   43.10  78.88    79.32     87.88 86.46
farood        39.84  80.74    85.92     84.03 86.46
[Timing] Eval:  215.0s

--- RFF Diagnostics (194376 samples) ./results/imagenet200_resnet18_224x224_base_e90_lr0.1_default/s1/diagnostics/rff_exclusive_novw.npz ---
  Classes above threshold: mean=1.2, zero=38.2%, one=35.5%, multi(>1)=26.4%
  Max score: mean=0.4207, std=0.2931
  Margin (max-2nd): mean=0.0672, std=0.0969

--- RFF Per-Class Analysis → ./results/imagenet200_resnet18_224x224_base_e90_lr0.1_default/s1/diagnostics/rff_exclusive_novw_per_class.csv ---
  id_test  multi_rate: mean=0.1873, max=0.8776
  ssb_hard        multi_rate: mean=0.1292, max=0.7358
  ninco           multi_rate: mean=0.0631, max=0.8600
  inaturalist     multi_rate: mean=0.0080, max=0.5000
  textures        multi_rate: mean=0.0132, max=0.5000
  openimage_o     multi_rate: mean=0.0393, max=0.3750

--- RFF Debug Plots → ./results/imagenet200_resnet18_224x224_base_e90_lr0.1_default/s1/diagnostics ---
  Kernel dist: mean=0.0809, std=0.0547, min=-0.0269, max=0.6270
  φ(x) stats per split:
    train          : mean=0.00013, std=0.02209
    val            : mean=0.00010, std=0.02210
    id_test        : mean=0.00012, std=0.02209
    ssb_hard       : mean=0.00016, std=0.02209
    ninco          : mean=0.00021, std=0.02209
    inaturalist    : mean=-0.00012, std=0.02210
    textures       : mean=0.00018, std=0.02209
    openimage_o    : mean=-0.00005, std=0.02210
  Score dist:
    id_test        : mean=0.0417, std=0.6875, n=9000
    ssb_hard       : mean=-0.4230, std=0.6917, n=49000
    ninco          : mean=-0.5923, std=0.6241, n=5879
    inaturalist    : mean=-0.8179, std=0.4587, n=10000
    textures       : mean=-0.8222, std=0.4634, n=5160
    openimage_o    : mean=-0.6454, std=0.5940, n=15869
  Debug stats → ./results/imagenet200_resnet18_224x224_base_e90_lr0.1_default/s1/diagnostics/rff_debug_stats.csv

==================================================
Setting up RFF Kernel Attention OOD detector...
  sigma (bandwidth): 0.5
  D (RFF dimension): 1024
  alpha (target FPR): 0.05
  feature_space: penultimate
  normalize: True
  score_mode: exclusive
  variance_weighted: False
==================================================
Extracted 258951 train features of dim 512
  Feature norm (mean): 15.6764
  Number of classes: 200
Extracted 1000 val features for threshold
Per-class embedding norms (mean): 0.6842
Threshold (exclusive) at 5.0%: 0.2943
Max threshold (for diagnostics) at 5.0%: 0.2628
RFF setup complete.

Starting automatic parameter search...
Hyperparam: [0.1, 512, 0.025], auroc: 0.4950022688598979
Hyperparam: [0.5, 512, 0.025], auroc: 0.6626885989790131
Hyperparam: [1.0, 512, 0.025], auroc: 0.6622807714123653
Hyperparam: [2.0, 512, 0.025], auroc: 0.579527509926262
Hyperparam: [0.1, 1024, 0.025], auroc: 0.48872036301758365
Hyperparam: [0.5, 1024, 0.025], auroc: 0.6548128190584231
Hyperparam: [1.0, 1024, 0.025], auroc: 0.6555411230856495
Hyperparam: [2.0, 1024, 0.025], auroc: 0.5897095859330687
Hyperparam: [0.1, 2048, 0.025], auroc: 0.4994072603516734
Hyperparam: [0.5, 2048, 0.025], auroc: 0.6688695405558707
Hyperparam: [1.0, 2048, 0.025], auroc: 0.6687492909812818
Hyperparam: [2.0, 2048, 0.025], auroc: 0.6478116846284742
Hyperparam: [0.1, 512, 0.05], auroc: 0.49499205899035736
Hyperparam: [0.5, 512, 0.05], auroc: 0.7184305161656268
Hyperparam: [1.0, 512, 0.05], auroc: 0.6906542824730573
Hyperparam: [2.0, 512, 0.05], auroc: 0.641634713556438
Hyperparam: [0.1, 1024, 0.05], auroc: 0.49170703346568345
Hyperparam: [0.5, 1024, 0.05], auroc: 0.7338559273964832
Hyperparam: [1.0, 1024, 0.05], auroc: 0.7500706182643222
Hyperparam: [2.0, 1024, 0.05], auroc: 0.6633108338060125
Hyperparam: [0.1, 2048, 0.05], auroc: 0.5077830402722632
Hyperparam: [0.5, 2048, 0.05], auroc: 0.7246860465116279
Hyperparam: [1.0, 2048, 0.05], auroc: 0.7227163925127624
Hyperparam: [2.0, 2048, 0.05], auroc: 0.7342612024957459
Hyperparam: [0.1, 512, 0.1], auroc: 0.4991349971639251
Hyperparam: [0.5, 512, 0.1], auroc: 0.7781259217243335
Hyperparam: [1.0, 512, 0.1], auroc: 0.7172007941009643
Hyperparam: [2.0, 512, 0.1], auroc: 0.7204841179807148
Hyperparam: [0.1, 1024, 0.1], auroc: 0.5065158820192853
Hyperparam: [0.5, 1024, 0.1], auroc: 0.7867802041973909
Hyperparam: [1.0, 1024, 0.1], auroc: 0.7515144639818492
Hyperparam: [2.0, 1024, 0.1], auroc: 0.6941766874645491
Hyperparam: [0.1, 2048, 0.1], auroc: 0.49561826432217804
Hyperparam: [0.5, 2048, 0.1], auroc: 0.7869807146908678
Hyperparam: [1.0, 2048, 0.1], auroc: 0.7824015882019285
Hyperparam: [2.0, 2048, 0.1], auroc: 0.7730439591605218
Final hyperparam: [0.5, 2048, 0.1, True]
[Timing] Setup: 910.8s
Performing inference on imagenet200 test set...
Processing near ood...
Performing inference on ssb_hard dataset...
Computing metrics on ssb_hard dataset...
FPR@95: 73.34, AUROC: 71.73 AUPR_IN: 36.79, AUPR_OUT: 93.55
──────────────────────────────────────────────────────────────────────

Performing inference on ninco dataset...
Computing metrics on ninco dataset...
FPR@95: 49.02, AUROC: 77.59 AUPR_IN: 87.51, AUPR_OUT: 73.64
──────────────────────────────────────────────────────────────────────

Computing mean metrics...
FPR@95: 61.18, AUROC: 74.66 AUPR_IN: 62.15, AUPR_OUT: 83.59
──────────────────────────────────────────────────────────────────────

Processing far ood...
Performing inference on inaturalist dataset...
Computing metrics on inaturalist dataset...
FPR@95: 36.56, AUROC: 82.62 AUPR_IN: 88.40, AUPR_OUT: 86.60
──────────────────────────────────────────────────────────────────────

Performing inference on textures dataset...
Computing metrics on textures dataset...
FPR@95: 39.42, AUROC: 81.57 AUPR_IN: 90.62, AUPR_OUT: 78.07
──────────────────────────────────────────────────────────────────────

Performing inference on openimage_o dataset...
Computing metrics on openimage_o dataset...
FPR@95: 43.71, AUROC: 78.98 AUPR_IN: 79.16, AUPR_OUT: 87.85
──────────────────────────────────────────────────────────────────────

Computing mean metrics...
FPR@95: 39.90, AUROC: 81.05 AUPR_IN: 86.06, AUPR_OUT: 84.17
──────────────────────────────────────────────────────────────────────

             FPR@95  AUROC  AUPR_IN  AUPR_OUT   ACC
ssb_hard      73.34  71.73    36.79     93.55 86.27
ninco         49.02  77.59    87.51     73.64 86.27
nearood       61.18  74.66    62.15     83.59 86.27
inaturalist   36.56  82.62    88.40     86.60 86.27
textures      39.42  81.57    90.62     78.07 86.27
openimage_o   43.71  78.98    79.16     87.85 86.27
farood        39.90  81.05    86.06     84.17 86.27
[Timing] Eval:  226.9s

--- RFF Diagnostics (194376 samples) ./results/imagenet200_resnet18_224x224_base_e90_lr0.1_default/s2/diagnostics/rff_exclusive_novw.npz ---
  Classes above threshold: mean=1.3, zero=36.8%, one=35.7%, multi(>1)=27.5%
  Max score: mean=0.4183, std=0.2875
  Margin (max-2nd): mean=0.0668, std=0.0956

--- RFF Per-Class Analysis → ./results/imagenet200_resnet18_224x224_base_e90_lr0.1_default/s2/diagnostics/rff_exclusive_novw_per_class.csv ---
  id_test  multi_rate: mean=0.1794, max=0.8769
  ssb_hard        multi_rate: mean=0.1357, max=0.6230
  ninco           multi_rate: mean=0.0705, max=0.7818
  inaturalist     multi_rate: mean=0.0078, max=0.5000
  textures        multi_rate: mean=0.0076, max=0.1250
  openimage_o     multi_rate: mean=0.0507, max=0.4167

--- RFF Debug Plots → ./results/imagenet200_resnet18_224x224_base_e90_lr0.1_default/s2/diagnostics ---
  Kernel dist: mean=0.0826, std=0.0551, min=-0.0164, max=0.8193
  φ(x) stats per split:
    train          : mean=0.00023, std=0.02210
    val            : mean=0.00022, std=0.02210
    id_test        : mean=0.00023, std=0.02210
    ssb_hard       : mean=0.00030, std=0.02209
    ninco          : mean=0.00018, std=0.02209
    inaturalist    : mean=0.00018, std=0.02208
    textures       : mean=0.00019, std=0.02210
    openimage_o    : mean=0.00019, std=0.02209
  Score dist:
    id_test        : mean=0.0522, std=0.6804, n=9000
    ssb_hard       : mean=-0.4192, std=0.6920, n=49000
    ninco          : mean=-0.5776, std=0.6297, n=5879
    inaturalist    : mean=-0.8270, std=0.4496, n=10000
    textures       : mean=-0.8099, std=0.4753, n=5160
    openimage_o    : mean=-0.6307, std=0.6024, n=15869
  Debug stats → ./results/imagenet200_resnet18_224x224_base_e90_lr0.1_default/s2/diagnostics/rff_debug_stats.csv

[Timing Summary]
  Setup: 917.4s ± 5.9s per seed
  Eval:  225.1s ± 7.6s per seed
  Total: 3427.6s across 3 seeds
=== Done | Tue Mar 31 10:12:32 PM EDT 2026 ===
---------------------------------------
Begin Slurm Epilog: Mar-31-2026 22:12:32
Job ID:        4580105
Array Job ID:  4580105_2
User ID:       ksalzman3
Account:       coc
Job name:      rff_exclusive_novw
Resources:     cpu=4,gres/gpu:v100=1,mem=32G,node=1
Rsrc Used:     cput=00:30:08,vmem=0,walltime=00:07:32,mem=3930552K,energy_used=0
Partition:     ice-gpu
QOS:           coc-ice
Nodes:         atl1-1-01-002-8-0
---------------------------------------
