---------------------------------------
Begin Slurm Prolog: Apr-24-2026 21:22:03
Job ID:    5062047
User ID:   ksalzman3
Account:   coc
Job name:  rff_sm_concat
Partition: ice-gpu
QOS:       coc-ice
---------------------------------------
=== rff_softmax_vw_concat | imagenet200 | Fri Apr 24 09:22:09 PM EDT 2026 ===

==================================================
Setting up RFFCLIPConcat OOD detector (ResNet + CLIP feature concat)...
  sigma=0.5  D=2048  alpha=0.05
  clip_backbone=ViT-B/16  score_mode=softmax
==================================================
[CLIPPrior] Could not load imagenet synset meta from ./data/imagenet: The meta file ./data/imagenet/meta.bin is not present in the root directory or is corrupted. This file is automatically created by the ImageNet dataset.
  Falling back to synset IDs as class names.
[CLIPConcat] Loading CLIP ViT-B/16 with 200 classes (imagenet200)...
Train: 258951 samples, feature_dim=1024
Val:   1000 samples
Per-class embedding norms (mean): 1.0000
Threshold at 5.0%: 3.1739
RFFCLIPConcat setup complete.

[Timing] Setup: 648.0s
Performing inference on imagenet200 test set...
Processing near ood...
Performing inference on ssb_hard dataset...
Computing metrics on ssb_hard dataset...
FPR@95: 69.50, AUROC: 80.83 AUPR_IN: 44.17, AUPR_OUT: 94.93
──────────────────────────────────────────────────────────────────────

Performing inference on ninco dataset...
Computing metrics on ninco dataset...
FPR@95: 49.06, AUROC: 86.23 AUPR_IN: 90.56, AUPR_OUT: 76.89
──────────────────────────────────────────────────────────────────────

Computing mean metrics...
FPR@95: 59.28, AUROC: 83.53 AUPR_IN: 67.36, AUPR_OUT: 85.91
──────────────────────────────────────────────────────────────────────

Processing far ood...
Performing inference on inaturalist dataset...
Computing metrics on inaturalist dataset...
FPR@95: 15.60, AUROC: 95.47 AUPR_IN: 96.14, AUPR_OUT: 94.27
──────────────────────────────────────────────────────────────────────

Performing inference on textures dataset...
Computing metrics on textures dataset...
FPR@95: 23.72, AUROC: 93.98 AUPR_IN: 96.50, AUPR_OUT: 88.71
──────────────────────────────────────────────────────────────────────

Performing inference on openimage_o dataset...
Computing metrics on openimage_o dataset...
FPR@95: 26.42, AUROC: 91.88 AUPR_IN: 90.15, AUPR_OUT: 93.57
──────────────────────────────────────────────────────────────────────

Computing mean metrics...
FPR@95: 21.91, AUROC: 93.78 AUPR_IN: 94.26, AUPR_OUT: 92.19
──────────────────────────────────────────────────────────────────────

             FPR@95  AUROC  AUPR_IN  AUPR_OUT   ACC
ssb_hard      69.50  80.83    44.17     94.93 86.39
ninco         49.06  86.23    90.56     76.89 86.39
nearood       59.28  83.53    67.36     85.91 86.39
inaturalist   15.60  95.47    96.14     94.27 86.39
textures      23.72  93.98    96.50     88.71 86.39
openimage_o   26.42  91.88    90.15     93.57 86.39
farood        21.91  93.78    94.26     92.19 86.39
[Timing] Eval:  236.3s

==================================================
Setting up RFFCLIPConcat OOD detector (ResNet + CLIP feature concat)...
  sigma=0.5  D=2048  alpha=0.05
  clip_backbone=ViT-B/16  score_mode=softmax
==================================================
[CLIPPrior] Could not load imagenet synset meta from ./data/imagenet: The meta file ./data/imagenet/meta.bin is not present in the root directory or is corrupted. This file is automatically created by the ImageNet dataset.
  Falling back to synset IDs as class names.
[CLIPConcat] Loading CLIP ViT-B/16 with 200 classes (imagenet200)...
Train: 258951 samples, feature_dim=1024
Val:   1000 samples
Per-class embedding norms (mean): 1.0000
Threshold at 5.0%: 3.1655
RFFCLIPConcat setup complete.

[Timing] Setup: 643.1s
Performing inference on imagenet200 test set...
Processing near ood...
Performing inference on ssb_hard dataset...
Computing metrics on ssb_hard dataset...
FPR@95: 69.14, AUROC: 81.12 AUPR_IN: 44.18, AUPR_OUT: 95.07
──────────────────────────────────────────────────────────────────────

Performing inference on ninco dataset...
Computing metrics on ninco dataset...
FPR@95: 48.28, AUROC: 86.47 AUPR_IN: 90.81, AUPR_OUT: 78.05
──────────────────────────────────────────────────────────────────────

Computing mean metrics...
FPR@95: 58.71, AUROC: 83.79 AUPR_IN: 67.49, AUPR_OUT: 86.56
──────────────────────────────────────────────────────────────────────

Processing far ood...
Performing inference on inaturalist dataset...
Computing metrics on inaturalist dataset...
FPR@95: 14.03, AUROC: 95.93 AUPR_IN: 96.51, AUPR_OUT: 95.03
──────────────────────────────────────────────────────────────────────

Performing inference on textures dataset...
Computing metrics on textures dataset...
FPR@95: 21.06, AUROC: 94.41 AUPR_IN: 96.68, AUPR_OUT: 89.83
──────────────────────────────────────────────────────────────────────

Performing inference on openimage_o dataset...
Computing metrics on openimage_o dataset...
FPR@95: 23.38, AUROC: 92.86 AUPR_IN: 91.25, AUPR_OUT: 94.43
──────────────────────────────────────────────────────────────────────

Computing mean metrics...
FPR@95: 19.49, AUROC: 94.40 AUPR_IN: 94.81, AUPR_OUT: 93.10
──────────────────────────────────────────────────────────────────────

             FPR@95  AUROC  AUPR_IN  AUPR_OUT   ACC
ssb_hard      69.14  81.12    44.18     95.07 86.46
ninco         48.28  86.47    90.81     78.05 86.46
nearood       58.71  83.79    67.49     86.56 86.46
inaturalist   14.03  95.93    96.51     95.03 86.46
textures      21.06  94.41    96.68     89.83 86.46
openimage_o   23.38  92.86    91.25     94.43 86.46
farood        19.49  94.40    94.81     93.10 86.46
[Timing] Eval:  233.7s

==================================================
Setting up RFFCLIPConcat OOD detector (ResNet + CLIP feature concat)...
  sigma=0.5  D=2048  alpha=0.05
  clip_backbone=ViT-B/16  score_mode=softmax
==================================================
[CLIPPrior] Could not load imagenet synset meta from ./data/imagenet: The meta file ./data/imagenet/meta.bin is not present in the root directory or is corrupted. This file is automatically created by the ImageNet dataset.
  Falling back to synset IDs as class names.
[CLIPConcat] Loading CLIP ViT-B/16 with 200 classes (imagenet200)...
Train: 258951 samples, feature_dim=1024
Val:   1000 samples
Per-class embedding norms (mean): 1.0000
Threshold at 5.0%: 3.1601
RFFCLIPConcat setup complete.

[Timing] Setup: 647.8s
Performing inference on imagenet200 test set...
Processing near ood...
Performing inference on ssb_hard dataset...
Computing metrics on ssb_hard dataset...
FPR@95: 68.83, AUROC: 80.73 AUPR_IN: 44.25, AUPR_OUT: 94.93
──────────────────────────────────────────────────────────────────────

Performing inference on ninco dataset...
Computing metrics on ninco dataset...
FPR@95: 49.79, AUROC: 86.40 AUPR_IN: 90.53, AUPR_OUT: 78.23
──────────────────────────────────────────────────────────────────────

Computing mean metrics...
FPR@95: 59.31, AUROC: 83.57 AUPR_IN: 67.39, AUPR_OUT: 86.58
──────────────────────────────────────────────────────────────────────

Processing far ood...
Performing inference on inaturalist dataset...
Computing metrics on inaturalist dataset...
FPR@95: 15.04, AUROC: 95.69 AUPR_IN: 96.22, AUPR_OUT: 94.78
──────────────────────────────────────────────────────────────────────

Performing inference on textures dataset...
Computing metrics on textures dataset...
FPR@95: 22.37, AUROC: 94.62 AUPR_IN: 96.75, AUPR_OUT: 90.32
──────────────────────────────────────────────────────────────────────

Performing inference on openimage_o dataset...
Computing metrics on openimage_o dataset...
FPR@95: 25.59, AUROC: 92.36 AUPR_IN: 90.56, AUPR_OUT: 94.12
──────────────────────────────────────────────────────────────────────

Computing mean metrics...
FPR@95: 21.00, AUROC: 94.23 AUPR_IN: 94.51, AUPR_OUT: 93.07
──────────────────────────────────────────────────────────────────────

             FPR@95  AUROC  AUPR_IN  AUPR_OUT   ACC
ssb_hard      68.83  80.73    44.25     94.93 86.27
ninco         49.79  86.40    90.53     78.23 86.27
nearood       59.31  83.57    67.39     86.58 86.27
inaturalist   15.04  95.69    96.22     94.78 86.27
textures      22.37  94.62    96.75     90.32 86.27
openimage_o   25.59  92.36    90.56     94.12 86.27
farood        21.00  94.23    94.51     93.07 86.27
[Timing] Eval:  233.5s

[Timing Summary]
  Setup: 646.3s ± 2.3s per seed
  Eval:  234.5s ± 1.3s per seed
  Total: 2642.3s across 3 seeds
=== Done | Fri Apr 24 10:06:48 PM EDT 2026 ===
---------------------------------------
Begin Slurm Epilog: Apr-24-2026 22:06:48
Job ID:        5062047
Array Job ID:  5062047_2
User ID:       ksalzman3
Account:       coc
Job name:      rff_sm_concat
Resources:     cpu=4,gres/gpu:l40s=1,mem=48G,node=1
Rsrc Used:     cput=00:42:44,vmem=0,walltime=00:10:41,mem=7129520K,energy_used=0
Partition:     ice-gpu
QOS:           coc-ice
Nodes:         atl1-1-03-004-25-0
---------------------------------------
