---------------------------------------
Begin Slurm Prolog: May-19-2026 17:39:19
Job ID:    5300453
User ID:   ksalzman3
Account:   coc
Job name:  rff_sm_mlminmax
Partition: ice-gpu
QOS:       coc-ice
---------------------------------------
=== rff_softmax_vw_mlminmax | cifar10 | Tue May 19 05:39:26 PM EDT 2026 ===
Postprocessor_name is ignored because postprocessor is passed
[Timing] Setup: 0.5s
Performing inference on cifar10 test set...
Processing near ood...
Performing inference on cifar100 dataset...
Computing metrics on cifar100 dataset...
FPR@95: 71.89, AUROC: 83.55 AUPR_IN: 81.25, AUPR_OUT: 83.87
──────────────────────────────────────────────────────────────────────

Performing inference on tin dataset...
Computing metrics on tin dataset...
FPR@95: 58.81, AUROC: 86.27 AUPR_IN: 87.18, AUPR_OUT: 84.33
──────────────────────────────────────────────────────────────────────

Computing mean metrics...
FPR@95: 65.35, AUROC: 84.91 AUPR_IN: 84.22, AUPR_OUT: 84.10
──────────────────────────────────────────────────────────────────────

Processing far ood...
Performing inference on mnist dataset...
Computing metrics on mnist dataset...
FPR@95: 16.53, AUROC: 96.30 AUPR_IN: 85.16, AUPR_OUT: 99.41
──────────────────────────────────────────────────────────────────────

Performing inference on svhn dataset...
Computing metrics on svhn dataset...
FPR@95: 10.67, AUROC: 97.92 AUPR_IN: 95.04, AUPR_OUT: 99.25
──────────────────────────────────────────────────────────────────────

Performing inference on texture dataset...
Computing metrics on texture dataset...
FPR@95: 24.03, AUROC: 95.10 AUPR_IN: 96.78, AUPR_OUT: 93.01
──────────────────────────────────────────────────────────────────────

Performing inference on places365 dataset...
Computing metrics on places365 dataset...
FPR@95: 79.69, AUROC: 80.48 AUPR_IN: 51.24, AUPR_OUT: 93.92
──────────────────────────────────────────────────────────────────────

Computing mean metrics...
FPR@95: 32.73, AUROC: 92.45 AUPR_IN: 82.05, AUPR_OUT: 96.40
──────────────────────────────────────────────────────────────────────

           FPR@95  AUROC  AUPR_IN  AUPR_OUT   ACC
cifar100    71.89  83.55    81.25     83.87 95.22
tin         58.81  86.27    87.18     84.33 95.22
nearood     65.35  84.91    84.22     84.10 95.22
mnist       16.53  96.30    85.16     99.41 95.22
svhn        10.67  97.92    95.04     99.25 95.22
texture     24.03  95.10    96.78     93.01 95.22
places365   79.69  80.48    51.24     93.92 95.22
farood      32.73  92.45    82.05     96.40 95.22
[Timing] Eval:  457.1s
=== Done | Tue May 19 05:51:58 PM EDT 2026 ===
---------------------------------------
Begin Slurm Epilog: May-19-2026 17:51:59
Job ID:        5300453
Array Job ID:  5300449_0
User ID:       ksalzman3
Account:       coc
Job name:      rff_sm_mlminmax
Resources:     cpu=4,gres/gpu:a100=1,mem=48G,node=1
Rsrc Used:     cput=00:50:40,vmem=0,walltime=00:12:40,mem=3144224K,energy_used=0
Partition:     ice-gpu
QOS:           coc-ice
Nodes:         atl1-1-03-007-35-0
---------------------------------------
