---------------------------------------
Begin Slurm Prolog: Apr-29-2026 10:33:33
Job ID:    5116885
User ID:   ksalzman3
Account:   coc
Job name:  rff_max_mlmx_cl
Partition: ice-gpu
QOS:       coc-ice
---------------------------------------
=== rff_max_vw_mlminmax_clip | cifar100 | Wed Apr 29 10:33:42 AM EDT 2026 ===

==================================================
Setting up RFFCLIPConcat OOD detector (ResNet + CLIP feature concat)...
  sigma=0.5  D=2048  alpha=0.05
  clip_backbone=ViT-B/16  score_mode=max
==================================================
[CLIPConcat] Loading CLIP ViT-B/16 with 100 classes (cifar100)...
Train: 50000 samples, feature_dim=2432
Val:   1000 samples
Per-class embedding norms (mean): 1.0000
Threshold at 5.0%: 10.9657
RFFCLIPConcat setup complete.

[Timing] Setup: 89.9s
Performing inference on cifar100 test set...
Processing near ood...
Performing inference on cifar10 dataset...
Computing metrics on cifar10 dataset...
FPR@95: 76.31, AUROC: 75.44 AUPR_IN: 71.79, AUPR_OUT: 75.10
──────────────────────────────────────────────────────────────────────

Performing inference on tin dataset...
Computing metrics on tin dataset...
FPR@95: 53.16, AUROC: 83.81 AUPR_IN: 88.37, AUPR_OUT: 76.43
──────────────────────────────────────────────────────────────────────

Computing mean metrics...
FPR@95: 64.73, AUROC: 79.63 AUPR_IN: 80.08, AUPR_OUT: 75.77
──────────────────────────────────────────────────────────────────────

Processing far ood...
Performing inference on mnist dataset...
Computing metrics on mnist dataset...
FPR@95: 34.74, AUROC: 92.16 AUPR_IN: 74.10, AUPR_OUT: 98.64
──────────────────────────────────────────────────────────────────────

Performing inference on svhn dataset...
Computing metrics on svhn dataset...
FPR@95: 4.67, AUROC: 99.04 AUPR_IN: 98.02, AUPR_OUT: 99.61
──────────────────────────────────────────────────────────────────────

Performing inference on texture dataset...
Computing metrics on texture dataset...
FPR@95: 43.79, AUROC: 89.22 AUPR_IN: 92.97, AUPR_OUT: 84.09
──────────────────────────────────────────────────────────────────────

Performing inference on places365 dataset...
Computing metrics on places365 dataset...
FPR@95: 57.47, AUROC: 82.38 AUPR_IN: 62.46, AUPR_OUT: 93.53
──────────────────────────────────────────────────────────────────────

Computing mean metrics...
FPR@95: 35.17, AUROC: 90.70 AUPR_IN: 81.88, AUPR_OUT: 93.97
──────────────────────────────────────────────────────────────────────

           FPR@95  AUROC  AUPR_IN  AUPR_OUT   ACC
cifar10     76.31  75.44    71.79     75.10 77.17
tin         53.16  83.81    88.37     76.43 77.17
nearood     64.73  79.63    80.08     75.77 77.17
mnist       34.74  92.16    74.10     98.64 77.17
svhn         4.67  99.04    98.02     99.61 77.17
texture     43.79  89.22    92.97     84.09 77.17
places365   57.47  82.38    62.46     93.53 77.17
farood      35.17  90.70    81.88     93.97 77.17
[Timing] Eval:  242.3s

==================================================
Setting up RFFCLIPConcat OOD detector (ResNet + CLIP feature concat)...
  sigma=0.5  D=2048  alpha=0.05
  clip_backbone=ViT-B/16  score_mode=max
==================================================
[CLIPConcat] Loading CLIP ViT-B/16 with 100 classes (cifar100)...
Train: 50000 samples, feature_dim=2432
Val:   1000 samples
Per-class embedding norms (mean): 1.0000
Threshold at 5.0%: 10.8528
RFFCLIPConcat setup complete.

[Timing] Setup: 75.3s
Performing inference on cifar100 test set...
Processing near ood...
Performing inference on cifar10 dataset...
Computing metrics on cifar10 dataset...
FPR@95: 76.67, AUROC: 73.49 AUPR_IN: 70.64, AUPR_OUT: 72.97
──────────────────────────────────────────────────────────────────────

Performing inference on tin dataset...
Computing metrics on tin dataset...
FPR@95: 53.27, AUROC: 83.47 AUPR_IN: 87.96, AUPR_OUT: 75.92
──────────────────────────────────────────────────────────────────────

Computing mean metrics...
FPR@95: 64.97, AUROC: 78.48 AUPR_IN: 79.30, AUPR_OUT: 74.44
──────────────────────────────────────────────────────────────────────

Processing far ood...
Performing inference on mnist dataset...
Computing metrics on mnist dataset...
FPR@95: 26.59, AUROC: 93.15 AUPR_IN: 79.48, AUPR_OUT: 98.72
──────────────────────────────────────────────────────────────────────

Performing inference on svhn dataset...
Computing metrics on svhn dataset...
FPR@95: 3.78, AUROC: 99.24 AUPR_IN: 98.40, AUPR_OUT: 99.70
──────────────────────────────────────────────────────────────────────

Performing inference on texture dataset...
Computing metrics on texture dataset...
FPR@95: 47.53, AUROC: 88.21 AUPR_IN: 92.11, AUPR_OUT: 82.89
──────────────────────────────────────────────────────────────────────

Performing inference on places365 dataset...
Computing metrics on places365 dataset...
FPR@95: 58.89, AUROC: 80.97 AUPR_IN: 60.56, AUPR_OUT: 92.80
──────────────────────────────────────────────────────────────────────

Computing mean metrics...
FPR@95: 34.20, AUROC: 90.39 AUPR_IN: 82.64, AUPR_OUT: 93.53
──────────────────────────────────────────────────────────────────────

           FPR@95  AUROC  AUPR_IN  AUPR_OUT   ACC
cifar10     76.67  73.49    70.64     72.97 77.39
tin         53.27  83.47    87.96     75.92 77.39
nearood     64.97  78.48    79.30     74.44 77.39
mnist       26.59  93.15    79.48     98.72 77.39
svhn         3.78  99.24    98.40     99.70 77.39
texture     47.53  88.21    92.11     82.89 77.39
places365   58.89  80.97    60.56     92.80 77.39
farood      34.20  90.39    82.64     93.53 77.39
[Timing] Eval:  238.8s

==================================================
Setting up RFFCLIPConcat OOD detector (ResNet + CLIP feature concat)...
  sigma=0.5  D=2048  alpha=0.05
  clip_backbone=ViT-B/16  score_mode=max
==================================================
[CLIPConcat] Loading CLIP ViT-B/16 with 100 classes (cifar100)...
Train: 50000 samples, feature_dim=2432
Val:   1000 samples
Per-class embedding norms (mean): 1.0000
Threshold at 5.0%: 10.9241
RFFCLIPConcat setup complete.

[Timing] Setup: 75.4s
Performing inference on cifar100 test set...
Processing near ood...
Performing inference on cifar10 dataset...
Computing metrics on cifar10 dataset...
FPR@95: 74.43, AUROC: 74.68 AUPR_IN: 72.55, AUPR_OUT: 74.16
──────────────────────────────────────────────────────────────────────

Performing inference on tin dataset...
Computing metrics on tin dataset...
FPR@95: 55.30, AUROC: 82.49 AUPR_IN: 87.34, AUPR_OUT: 74.44
──────────────────────────────────────────────────────────────────────

Computing mean metrics...
FPR@95: 64.87, AUROC: 78.58 AUPR_IN: 79.95, AUPR_OUT: 74.30
──────────────────────────────────────────────────────────────────────

Processing far ood...
Performing inference on mnist dataset...
Computing metrics on mnist dataset...
FPR@95: 16.19, AUROC: 95.91 AUPR_IN: 87.60, AUPR_OUT: 99.27
──────────────────────────────────────────────────────────────────────

Performing inference on svhn dataset...
Computing metrics on svhn dataset...
FPR@95: 4.02, AUROC: 99.22 AUPR_IN: 98.34, AUPR_OUT: 99.70
──────────────────────────────────────────────────────────────────────

Performing inference on texture dataset...
Computing metrics on texture dataset...
FPR@95: 51.52, AUROC: 86.72 AUPR_IN: 90.96, AUPR_OUT: 80.71
──────────────────────────────────────────────────────────────────────

Performing inference on places365 dataset...
Computing metrics on places365 dataset...
FPR@95: 57.86, AUROC: 81.65 AUPR_IN: 62.30, AUPR_OUT: 93.08
──────────────────────────────────────────────────────────────────────

Computing mean metrics...
FPR@95: 32.40, AUROC: 90.88 AUPR_IN: 84.80, AUPR_OUT: 93.19
──────────────────────────────────────────────────────────────────────

           FPR@95  AUROC  AUPR_IN  AUPR_OUT   ACC
cifar10     74.43  74.68    72.55     74.16 77.19
tin         55.30  82.49    87.34     74.44 77.19
nearood     64.87  78.58    79.95     74.30 77.19
mnist       16.19  95.91    87.60     99.27 77.19
svhn         4.02  99.22    98.34     99.70 77.19
texture     51.52  86.72    90.96     80.71 77.19
places365   57.86  81.65    62.30     93.08 77.19
farood      32.40  90.88    84.80     93.19 77.19
[Timing] Eval:  238.2s

[Timing Summary]
  Setup: 80.2s ± 6.9s per seed
  Eval:  239.8s ± 1.8s per seed
  Total: 959.9s across 3 seeds
=== Done | Wed Apr 29 10:52:13 AM EDT 2026 ===
---------------------------------------
Begin Slurm Epilog: Apr-29-2026 10:52:13
Job ID:        5116885
Array Job ID:  5116861_1
User ID:       ksalzman3
Account:       coc
Job name:      rff_max_mlmx_cl
Resources:     cpu=4,gres/gpu:rtx_6000=1,mem=64G,node=1
Rsrc Used:     cput=01:14:40,vmem=0,walltime=00:18:40,mem=5879760K,energy_used=0
Partition:     ice-gpu
QOS:           coc-ice
Nodes:         atl1-1-01-005-5-0
---------------------------------------
