---------------------------------------
Begin Slurm Prolog: May-19-2026 17:39:38
Job ID:    5300456
User ID:   ksalzman3
Account:   coc
Job name:  rff_pa_mlminmax
Partition: ice-gpu
QOS:       coc-ice
---------------------------------------
=== rff_predictor_aware_vw_mlminmax | cifar10 | Tue May 19 05:39:55 PM EDT 2026 ===
Postprocessor_name is ignored because postprocessor is passed
[Timing] Setup: 0.5s
Performing inference on cifar10 test set...
Processing near ood...
Performing inference on cifar100 dataset...
Computing metrics on cifar100 dataset...
FPR@95: 74.81, AUROC: 83.04 AUPR_IN: 80.78, AUPR_OUT: 83.17
──────────────────────────────────────────────────────────────────────

Performing inference on tin dataset...
Computing metrics on tin dataset...
FPR@95: 61.38, AUROC: 85.32 AUPR_IN: 86.31, AUPR_OUT: 83.15
──────────────────────────────────────────────────────────────────────

Computing mean metrics...
FPR@95: 68.09, AUROC: 84.18 AUPR_IN: 83.55, AUPR_OUT: 83.16
──────────────────────────────────────────────────────────────────────

Processing far ood...
Performing inference on mnist dataset...
Computing metrics on mnist dataset...
FPR@95: 14.37, AUROC: 96.09 AUPR_IN: 84.98, AUPR_OUT: 99.35
──────────────────────────────────────────────────────────────────────

Performing inference on svhn dataset...
Computing metrics on svhn dataset...
FPR@95: 7.69, AUROC: 98.38 AUPR_IN: 96.33, AUPR_OUT: 99.39
──────────────────────────────────────────────────────────────────────

Performing inference on texture dataset...
Computing metrics on texture dataset...
FPR@95: 26.28, AUROC: 94.64 AUPR_IN: 96.47, AUPR_OUT: 92.19
──────────────────────────────────────────────────────────────────────

Performing inference on places365 dataset...
Computing metrics on places365 dataset...
FPR@95: 81.38, AUROC: 78.81 AUPR_IN: 49.35, AUPR_OUT: 93.45
──────────────────────────────────────────────────────────────────────

Computing mean metrics...
FPR@95: 32.43, AUROC: 91.98 AUPR_IN: 81.78, AUPR_OUT: 96.10
──────────────────────────────────────────────────────────────────────

           FPR@95  AUROC  AUPR_IN  AUPR_OUT   ACC
cifar100    74.81  83.04    80.78     83.17 95.22
tin         61.38  85.32    86.31     83.15 95.22
nearood     68.09  84.18    83.55     83.16 95.22
mnist       14.37  96.09    84.98     99.35 95.22
svhn         7.69  98.38    96.33     99.39 95.22
texture     26.28  94.64    96.47     92.19 95.22
places365   81.38  78.81    49.35     93.45 95.22
farood      32.43  91.98    81.78     96.10 95.22
[Timing] Eval:  457.4s
=== Done | Tue May 19 05:51:59 PM EDT 2026 ===
---------------------------------------
Begin Slurm Epilog: May-19-2026 17:51:59
Job ID:        5300456
Array Job ID:  5300450_0
User ID:       ksalzman3
Account:       coc
Job name:      rff_pa_mlminmax
Resources:     cpu=4,gres/gpu:v100=1,mem=48G,node=1
Rsrc Used:     cput=00:49:24,vmem=0,walltime=00:12:21,mem=2823232K,energy_used=0
Partition:     ice-gpu
QOS:           coc-ice
Nodes:         atl1-1-02-009-32-0
---------------------------------------
