---------------------------------------
Begin Slurm Prolog: Apr-15-2026 18:42:20
Job ID:    4889199
User ID:   ksalzman3
Account:   coc
Job name:  rff_centroid_vw
Partition: ice-gpu
QOS:       coc-ice
---------------------------------------
=== rff_centroid_vw | imagenet | Wed Apr 15 06:42:26 PM EDT 2026 ===
Warning: no write permission to create /storage/ice1/9/5/ksalzman3/openood/src/OpenOOD/scripts/../data/images_largescale/imagenet_es, skipping.

==================================================
Setting up RFF Kernel Attention OOD detector...
  sigma (bandwidth): 0.5
  D (RFF dimension): 1024
  alpha (target FPR): 0.05
  feature_space: penultimate
  normalize: True
  score_mode: centroid
  variance_weighted: True
==================================================
Extracted 1281167 train features of dim 2048
  Feature norm (mean): 29.8091
  Number of classes: 1000
Extracted 5000 val features for threshold
Per-class embedding norms (mean): 0.6162
Per-class score variance (mean): 0.008414
Threshold (centroid) at 5.0%: 5.7311
Max threshold (for diagnostics) at 5.0%: 3.2434
RFF setup complete.

Starting automatic parameter search...
Hyperparam: [0.1, 512, 0.025], auroc: 0.49847243335224045
Hyperparam: [0.5, 512, 0.025], auroc: 0.8204808848553602
Hyperparam: [1.0, 512, 0.025], auroc: 0.7477736812251843
Hyperparam: [2.0, 512, 0.025], auroc: 0.6945537152580828
Hyperparam: [0.1, 1024, 0.025], auroc: 0.49864492342597844
Hyperparam: [0.5, 1024, 0.025], auroc: 0.8378127623369257
Hyperparam: [1.0, 1024, 0.025], auroc: 0.703744469653999
Hyperparam: [2.0, 1024, 0.025], auroc: 0.5239010777084515
Hyperparam: [0.1, 2048, 0.025], auroc: 0.506763868406126
Hyperparam: [0.5, 2048, 0.025], auroc: 0.8330457175269428
Hyperparam: [1.0, 2048, 0.025], auroc: 0.6631004537719796
Hyperparam: [2.0, 2048, 0.025], auroc: 0.618377311401021
Hyperparam: [0.1, 512, 0.05], auroc: 0.4926376630743052
Hyperparam: [0.5, 512, 0.05], auroc: 0.845504821327283
Hyperparam: [1.0, 512, 0.05], auroc: 0.7649701644923425
Hyperparam: [2.0, 512, 0.05], auroc: 0.6669943845717526
Hyperparam: [0.1, 1024, 0.05], auroc: 0.5001602949517867
Hyperparam: [0.5, 1024, 0.05], auroc: 0.8462606920022688
Hyperparam: [1.0, 1024, 0.05], auroc: 0.639478956324447
Hyperparam: [2.0, 1024, 0.05], auroc: 0.6482946681792399
Hyperparam: [0.1, 2048, 0.05], auroc: 0.5108456040839477
Hyperparam: [0.5, 2048, 0.05], auroc: 0.82947577992059
Hyperparam: [1.0, 2048, 0.05], auroc: 0.6804057855927396
Hyperparam: [2.0, 2048, 0.05], auroc: 0.7317607487237663
Hyperparam: [0.1, 512, 0.1], auroc: 0.4918295519001702
Hyperparam: [0.5, 512, 0.1], auroc: 0.8427342030629608
Hyperparam: [1.0, 512, 0.1], auroc: 0.7188044242768009
Hyperparam: [2.0, 512, 0.1], auroc: 0.7143138967668746
Hyperparam: [0.1, 1024, 0.1], auroc: 0.4909163925127623
Hyperparam: [0.5, 1024, 0.1], auroc: 0.838982643221781
Hyperparam: [1.0, 1024, 0.1], auroc: 0.7017965399886557
Hyperparam: [2.0, 1024, 0.1], auroc: 0.7498517867271696
Hyperparam: [0.1, 2048, 0.1], auroc: 0.515154509359047
Hyperparam: [0.5, 2048, 0.1], auroc: 0.8320568349404425
Hyperparam: [1.0, 2048, 0.1], auroc: 0.6931804310833806
Hyperparam: [2.0, 2048, 0.1], auroc: 0.654815711854793
Final hyperparam: [0.5, 1024, 0.05, True]
[Timing] Setup: 3340.3s
Performing inference on imagenet test set...
Processing near ood...
Performing inference on ssb_hard dataset...
Computing metrics on ssb_hard dataset...
FPR@95: 85.13, AUROC: 68.13 AUPR_IN: 64.44, AUPR_OUT: 69.73
──────────────────────────────────────────────────────────────────────

Performing inference on ninco dataset...
Computing metrics on ninco dataset...
FPR@95: 81.80, AUROC: 75.25 AUPR_IN: 94.93, AUPR_OUT: 34.10
──────────────────────────────────────────────────────────────────────

Computing mean metrics...
FPR@95: 83.46, AUROC: 71.69 AUPR_IN: 79.68, AUPR_OUT: 51.92
──────────────────────────────────────────────────────────────────────

Processing far ood...
Performing inference on inaturalist dataset...
Computing metrics on inaturalist dataset...
FPR@95: 13.86, AUROC: 97.24 AUPR_IN: 99.32, AUPR_OUT: 90.55
──────────────────────────────────────────────────────────────────────

Performing inference on textures dataset...
Computing metrics on textures dataset...
FPR@95: 26.21, AUROC: 94.47 AUPR_IN: 99.21, AUPR_OUT: 75.01
──────────────────────────────────────────────────────────────────────

Performing inference on openimage_o dataset...
Computing metrics on openimage_o dataset...
FPR@95: 71.24, AUROC: 83.95 AUPR_IN: 91.88, AUPR_OUT: 72.06
──────────────────────────────────────────────────────────────────────

Computing mean metrics...
FPR@95: 37.10, AUROC: 91.89 AUPR_IN: 96.80, AUPR_OUT: 79.21
──────────────────────────────────────────────────────────────────────

             FPR@95  AUROC  AUPR_IN  AUPR_OUT   ACC
ssb_hard      85.13  68.13    64.44     69.73 76.19
ninco         81.80  75.25    94.93     34.10 76.19
nearood       83.46  71.69    79.68     51.92 76.19
inaturalist   13.86  97.24    99.32     90.55 76.19
textures      26.21  94.47    99.21     75.01 76.19
openimage_o   71.24  83.95    91.88     72.06 76.19
farood        37.10  91.89    96.80     79.21 76.19
[Timing] Eval:  348.7s

--- RFF Diagnostics (374376 samples) ./results/imagenet_resnet50_pretrained_v1/s0/diagnostics/rff_centroid_vw.npz ---
  Classes above threshold: mean=4.9, zero=15.6%, one=18.5%, multi(>1)=65.8%
  Max score: mean=25.3593, std=41.8822
  Margin (max-2nd): mean=1.0387, std=2.0026

--- RFF Per-Class Analysis → ./results/imagenet_resnet50_pretrained_v1/s0/diagnostics/rff_centroid_vw_per_class.csv ---
  id_test  multi_rate: mean=0.7883, max=1.0000
  ssb_hard        multi_rate: mean=0.4865, max=1.0000
  ninco           multi_rate: mean=0.1959, max=1.0000
  inaturalist     multi_rate: mean=0.0338, max=1.0000
  textures        multi_rate: mean=0.0309, max=1.0000
  openimage_o     multi_rate: mean=0.2229, max=1.0000

--- RFF Debug Plots → ./results/imagenet_resnet50_pretrained_v1/s0/diagnostics ---
  Kernel dist: mean=0.1448, std=0.0502, min=0.0188, max=0.3914
  φ(x) stats per split:
    train          : mean=-0.00040, std=0.03124
    val            : mean=-0.00042, std=0.03123
    id_test        : mean=-0.00041, std=0.03123
    ssb_hard       : mean=-0.00056, std=0.03123
    ninco          : mean=-0.00041, std=0.03125
    inaturalist    : mean=-0.00051, std=0.03125
    textures       : mean=-0.00046, std=0.03125
    openimage_o    : mean=-0.00045, std=0.03125
  Score dist:
    id_test        : mean=7.1351, std=0.9399, n=45000
    ssb_hard       : mean=6.4754, std=1.0271, n=49000
    ninco          : mean=6.1763, std=1.0716, n=5879
    inaturalist    : mean=4.6064, std=0.8571, n=10000
    textures       : mean=4.9578, std=0.9684, n=5160
    openimage_o    : mean=5.6185, std=1.1968, n=15869
  Debug stats → ./results/imagenet_resnet50_pretrained_v1/s0/diagnostics/rff_debug_stats.csv

[Timing Summary]
  Setup: 3340.3s ± 0.0s per seed
  Eval:  348.7s ± 0.0s per seed
  Total: 3689.1s across 1 seeds
=== Done | Wed Apr 15 07:46:46 PM EDT 2026 ===
---------------------------------------
Begin Slurm Epilog: Apr-15-2026 19:46:46
Job ID:        4889199
Array Job ID:  4889199_3
User ID:       ksalzman3
Account:       coc
Job name:      rff_centroid_vw
Resources:     cpu=4,gres/gpu:h100=1,mem=32G,node=1
Rsrc Used:     cput=04:17:44,vmem=0,walltime=01:04:26,mem=33522196K,energy_used=0
Partition:     ice-gpu
QOS:           coc-ice
Nodes:         atl1-1-03-012-23-0
---------------------------------------
