---------------------------------------
Begin Slurm Prolog: Apr-24-2026 21:28:11
Job ID:    5063545
User ID:   ksalzman3
Account:   coc
Job name:  rff_pa_concat
Partition: ice-gpu
QOS:       coc-ice
---------------------------------------
=== rff_predictor_aware_vw_concat | cifar10 | Fri Apr 24 09:28:17 PM EDT 2026 ===

==================================================
Setting up RFFCLIPConcat OOD detector (ResNet + CLIP feature concat)...
  sigma=0.5  D=2048  alpha=0.05
  clip_backbone=ViT-B/16  score_mode=predictor_aware
==================================================
[CLIPConcat] Loading CLIP ViT-B/16 with 10 classes (cifar10)...
Train: 50000 samples, feature_dim=1024
Val:   1000 samples
Per-class embedding norms (mean): 1.0000
Threshold at 5.0%: 9.7710
RFFCLIPConcat setup complete.

[Timing] Setup: 53.0s
Performing inference on cifar10 test set...
Processing near ood...
Performing inference on cifar100 dataset...
Computing metrics on cifar100 dataset...
FPR@95: 36.90, AUROC: 90.37 AUPR_IN: 90.82, AUPR_OUT: 89.03
──────────────────────────────────────────────────────────────────────

Performing inference on tin dataset...
Computing metrics on tin dataset...
FPR@95: 25.53, AUROC: 93.23 AUPR_IN: 94.40, AUPR_OUT: 91.12
──────────────────────────────────────────────────────────────────────

Computing mean metrics...
FPR@95: 31.22, AUROC: 91.80 AUPR_IN: 92.61, AUPR_OUT: 90.07
──────────────────────────────────────────────────────────────────────

Processing far ood...
Performing inference on mnist dataset...
Computing metrics on mnist dataset...
FPR@95: 10.60, AUROC: 97.16 AUPR_IN: 92.37, AUPR_OUT: 99.50
──────────────────────────────────────────────────────────────────────

Performing inference on svhn dataset...
Computing metrics on svhn dataset...
FPR@95: 7.07, AUROC: 98.10 AUPR_IN: 97.01, AUPR_OUT: 99.10
──────────────────────────────────────────────────────────────────────

Performing inference on texture dataset...
Computing metrics on texture dataset...
FPR@95: 26.79, AUROC: 92.90 AUPR_IN: 95.57, AUPR_OUT: 87.60
──────────────────────────────────────────────────────────────────────

Performing inference on places365 dataset...
Computing metrics on places365 dataset...
FPR@95: 26.67, AUROC: 93.15 AUPR_IN: 84.49, AUPR_OUT: 97.70
──────────────────────────────────────────────────────────────────────

Computing mean metrics...
FPR@95: 17.78, AUROC: 95.33 AUPR_IN: 92.36, AUPR_OUT: 95.97
──────────────────────────────────────────────────────────────────────

           FPR@95  AUROC  AUPR_IN  AUPR_OUT   ACC
cifar100    36.90  90.37    90.82     89.03 95.22
tin         25.53  93.23    94.40     91.12 95.22
nearood     31.22  91.80    92.61     90.07 95.22
mnist       10.60  97.16    92.37     99.50 95.22
svhn         7.07  98.10    97.01     99.10 95.22
texture     26.79  92.90    95.57     87.60 95.22
places365   26.67  93.15    84.49     97.70 95.22
farood      17.78  95.33    92.36     95.97 95.22
[Timing] Eval:  128.8s

==================================================
Setting up RFFCLIPConcat OOD detector (ResNet + CLIP feature concat)...
  sigma=0.5  D=2048  alpha=0.05
  clip_backbone=ViT-B/16  score_mode=predictor_aware
==================================================
[CLIPConcat] Loading CLIP ViT-B/16 with 10 classes (cifar10)...
Train: 50000 samples, feature_dim=1024
Val:   1000 samples
Per-class embedding norms (mean): 1.0000
Threshold at 5.0%: 9.8226
RFFCLIPConcat setup complete.

[Timing] Setup: 35.6s
Performing inference on cifar10 test set...
Processing near ood...
Performing inference on cifar100 dataset...
Computing metrics on cifar100 dataset...
FPR@95: 40.49, AUROC: 89.85 AUPR_IN: 89.86, AUPR_OUT: 88.67
──────────────────────────────────────────────────────────────────────

Performing inference on tin dataset...
Computing metrics on tin dataset...
FPR@95: 26.56, AUROC: 93.37 AUPR_IN: 94.67, AUPR_OUT: 91.55
──────────────────────────────────────────────────────────────────────

Computing mean metrics...
FPR@95: 33.52, AUROC: 91.61 AUPR_IN: 92.26, AUPR_OUT: 90.11
──────────────────────────────────────────────────────────────────────

Processing far ood...
Performing inference on mnist dataset...
Computing metrics on mnist dataset...
FPR@95: 6.57, AUROC: 98.57 AUPR_IN: 95.55, AUPR_OUT: 99.77
──────────────────────────────────────────────────────────────────────

Performing inference on svhn dataset...
Computing metrics on svhn dataset...
FPR@95: 7.62, AUROC: 98.40 AUPR_IN: 97.11, AUPR_OUT: 99.34
──────────────────────────────────────────────────────────────────────

Performing inference on texture dataset...
Computing metrics on texture dataset...
FPR@95: 27.80, AUROC: 92.79 AUPR_IN: 95.43, AUPR_OUT: 87.82
──────────────────────────────────────────────────────────────────────

Performing inference on places365 dataset...
Computing metrics on places365 dataset...
FPR@95: 28.51, AUROC: 93.05 AUPR_IN: 83.55, AUPR_OUT: 97.74
──────────────────────────────────────────────────────────────────────

Computing mean metrics...
FPR@95: 17.62, AUROC: 95.71 AUPR_IN: 92.91, AUPR_OUT: 96.17
──────────────────────────────────────────────────────────────────────

           FPR@95  AUROC  AUPR_IN  AUPR_OUT   ACC
cifar100    40.49  89.85    89.86     88.67 94.63
tin         26.56  93.37    94.67     91.55 94.63
nearood     33.52  91.61    92.26     90.11 94.63
mnist        6.57  98.57    95.55     99.77 94.63
svhn         7.62  98.40    97.11     99.34 94.63
texture     27.80  92.79    95.43     87.82 94.63
places365   28.51  93.05    83.55     97.74 94.63
farood      17.62  95.71    92.91     96.17 94.63
[Timing] Eval:  116.6s

==================================================
Setting up RFFCLIPConcat OOD detector (ResNet + CLIP feature concat)...
  sigma=0.5  D=2048  alpha=0.05
  clip_backbone=ViT-B/16  score_mode=predictor_aware
==================================================
[CLIPConcat] Loading CLIP ViT-B/16 with 10 classes (cifar10)...
Train: 50000 samples, feature_dim=1024
Val:   1000 samples
Per-class embedding norms (mean): 1.0000
Threshold at 5.0%: 10.1102
RFFCLIPConcat setup complete.

[Timing] Setup: 35.5s
Performing inference on cifar10 test set...
Processing near ood...
Performing inference on cifar100 dataset...
Computing metrics on cifar100 dataset...
FPR@95: 40.14, AUROC: 90.18 AUPR_IN: 89.97, AUPR_OUT: 89.12
──────────────────────────────────────────────────────────────────────

Performing inference on tin dataset...
Computing metrics on tin dataset...
FPR@95: 28.66, AUROC: 92.89 AUPR_IN: 94.04, AUPR_OUT: 90.91
──────────────────────────────────────────────────────────────────────

Computing mean metrics...
FPR@95: 34.40, AUROC: 91.53 AUPR_IN: 92.00, AUPR_OUT: 90.02
──────────────────────────────────────────────────────────────────────

Processing far ood...
Performing inference on mnist dataset...
Computing metrics on mnist dataset...
FPR@95: 11.21, AUROC: 96.76 AUPR_IN: 91.79, AUPR_OUT: 99.43
──────────────────────────────────────────────────────────────────────

Performing inference on svhn dataset...
Computing metrics on svhn dataset...
FPR@95: 7.10, AUROC: 98.13 AUPR_IN: 96.91, AUPR_OUT: 99.17
──────────────────────────────────────────────────────────────────────

Performing inference on texture dataset...
Computing metrics on texture dataset...
FPR@95: 21.88, AUROC: 94.39 AUPR_IN: 96.67, AUPR_OUT: 90.24
──────────────────────────────────────────────────────────────────────

Performing inference on places365 dataset...
Computing metrics on places365 dataset...
FPR@95: 31.86, AUROC: 92.31 AUPR_IN: 80.19, AUPR_OUT: 97.53
──────────────────────────────────────────────────────────────────────

Computing mean metrics...
FPR@95: 18.01, AUROC: 95.40 AUPR_IN: 91.39, AUPR_OUT: 96.59
──────────────────────────────────────────────────────────────────────

           FPR@95  AUROC  AUPR_IN  AUPR_OUT   ACC
cifar100    40.14  90.18    89.97     89.12 95.32
tin         28.66  92.89    94.04     90.91 95.32
nearood     34.40  91.53    92.00     90.02 95.32
mnist       11.21  96.76    91.79     99.43 95.32
svhn         7.10  98.13    96.91     99.17 95.32
texture     21.88  94.39    96.67     90.24 95.32
places365   31.86  92.31    80.19     97.53 95.32
farood      18.01  95.40    91.39     96.59 95.32
[Timing] Eval:  116.6s

[Timing Summary]
  Setup: 41.4s ± 8.2s per seed
  Eval:  120.7s ± 5.8s per seed
  Total: 486.1s across 3 seeds
=== Done | Fri Apr 24 09:38:18 PM EDT 2026 ===
---------------------------------------
Begin Slurm Epilog: Apr-24-2026 21:38:18
Job ID:        5063545
Array Job ID:  5062049_0
User ID:       ksalzman3
Account:       coc
Job name:      rff_pa_concat
Resources:     cpu=4,gres/gpu:l40s=1,mem=48G,node=1
Rsrc Used:     cput=00:40:32,vmem=0,walltime=00:10:08,mem=6164900K,energy_used=0
Partition:     ice-gpu
QOS:           coc-ice
Nodes:         atl1-1-03-004-23-0
---------------------------------------
