---------------------------------------
Begin Slurm Prolog: May-20-2026 15:49:34
Job ID:    5301159
User ID:   ksalzman3
Account:   coc
Job name:  rff_softmax_vw_mlpca_minmax_imagenet
Partition: ice-gpu
QOS:       coc-ice
---------------------------------------
=== rff_softmax_vw_mlpca_minmax | imagenet | Wed May 20 03:49:42 PM EDT 2026 ===
=== Done | Wed May 20 03:55:27 PM EDT 2026 ===
---------------------------------------
Begin Slurm Epilog: May-20-2026 15:55:27
Job ID:        5301159
User ID:       ksalzman3
Account:       coc
Job name:      rff_softmax_vw_mlpca_minmax_imagenet
Resources:     cpu=4,gres/gpu:a100=1,mem=64G,node=1
Rsrc Used:     cput=00:23:48,vmem=0,walltime=00:05:57,mem=906336K,energy_used=0
Partition:     ice-gpu
QOS:           coc-ice
Nodes:         atl1-1-03-007-33-0
---------------------------------------
