---------------------------------------
Begin Slurm Prolog: May-19-2026 17:39:38
Job ID:    5300450
User ID:   ksalzman3
Account:   coc
Job name:  rff_pa_mlminmax
Partition: ice-gpu
QOS:       coc-ice
---------------------------------------
=== rff_predictor_aware_vw_mlminmax | imagenet200 | Tue May 19 05:39:55 PM EDT 2026 ===
Postprocessor_name is ignored because postprocessor is passed
[Timing] Setup: 0.9s
Performing inference on imagenet200 test set...
Processing near ood...
Performing inference on ssb_hard dataset...
Computing metrics on ssb_hard dataset...
FPR@95: 78.74, AUROC: 79.01 AUPR_IN: 37.13, AUPR_OUT: 94.82
──────────────────────────────────────────────────────────────────────

Performing inference on ninco dataset...
Computing metrics on ninco dataset...
FPR@95: 55.87, AUROC: 85.84 AUPR_IN: 89.42, AUPR_OUT: 78.41
──────────────────────────────────────────────────────────────────────

Computing mean metrics...
FPR@95: 67.31, AUROC: 82.43 AUPR_IN: 63.28, AUPR_OUT: 86.62
──────────────────────────────────────────────────────────────────────

Processing far ood...
Performing inference on inaturalist dataset...
Computing metrics on inaturalist dataset...
FPR@95: 21.17, AUROC: 95.01 AUPR_IN: 95.05, AUPR_OUT: 95.02
──────────────────────────────────────────────────────────────────────

Performing inference on textures dataset...
Computing metrics on textures dataset...
FPR@95: 32.66, AUROC: 92.47 AUPR_IN: 94.97, AUPR_OUT: 88.62
──────────────────────────────────────────────────────────────────────

Performing inference on openimage_o dataset...
Computing metrics on openimage_o dataset...
FPR@95: 43.96, AUROC: 88.23 AUPR_IN: 81.53, AUPR_OUT: 92.06
──────────────────────────────────────────────────────────────────────

Computing mean metrics...
FPR@95: 32.59, AUROC: 91.90 AUPR_IN: 90.52, AUPR_OUT: 91.90
──────────────────────────────────────────────────────────────────────

             FPR@95  AUROC  AUPR_IN  AUPR_OUT   ACC
ssb_hard      78.74  79.01    37.13     94.82 86.39
ninco         55.87  85.84    89.42     78.41 86.39
nearood       67.31  82.43    63.28     86.62 86.39
inaturalist   21.17  95.01    95.05     95.02 86.39
textures      32.66  92.47    94.97     88.62 86.39
openimage_o   43.96  88.23    81.53     92.06 86.39
farood        32.59  91.90    90.52     91.90 86.39
[Timing] Eval:  275.0s
=== Done | Tue May 19 05:48:57 PM EDT 2026 ===
---------------------------------------
Begin Slurm Epilog: May-19-2026 17:48:57
Job ID:        5300450
Array Job ID:  5300450_2
User ID:       ksalzman3
Account:       coc
Job name:      rff_pa_mlminmax
Resources:     cpu=4,gres/gpu:v100=1,mem=48G,node=1
Rsrc Used:     cput=00:37:16,vmem=,walltime=00:09:19,mem=,energy_used=0
Partition:     ice-gpu
QOS:           coc-ice
Nodes:         atl1-1-02-009-32-0
---------------------------------------
