---------------------------------------
Begin Slurm Prolog: Apr-23-2026 03:15:13
Job ID:    5040273
User ID:   ksalzman3
Account:   coc
Job name:  rff_max_vw_clip
Partition: ice-gpu
QOS:       coc-ice
---------------------------------------
=== rff_max_vw_clip | imagenet | Thu Apr 23 03:15:19 AM EDT 2026 ===
Warning: no write permission to create /storage/ice1/9/5/ksalzman3/openood/src/OpenOOD/scripts/../data/images_largescale/imagenet_es, skipping.

==================================================
Setting up RFF Kernel Attention OOD detector...
  sigma (bandwidth): 0.5
  D (RFF dimension): 2048
  alpha (target FPR): 0.05
  feature_space: penultimate
  normalize: True
  score_mode: max
  variance_weighted: True
==================================================
Extracted 1281167 train features of dim 2048
  Feature norm (mean): 29.8091
  Number of classes: 1000
Extracted 5000 val features for threshold
Per-class embedding norms (mean): 1.0000
Per-class score variance (mean): 0.008602
Threshold (max) at 5.0%: 5.8040
Max threshold (for diagnostics) at 5.0%: 5.8040
RFF setup complete.

[RFFClip] Loading CLIP ViT-B/16 with 1000 classes (imagenet)...
Starting automatic parameter search...
Hyperparam: [0.0], auroc: 0.48820436755530344
Hyperparam: [0.1], auroc: 0.5433541690300624
Hyperparam: [0.2], auroc: 0.6053520703346569
Hyperparam: [0.3], auroc: 0.6686953488372094
Hyperparam: [0.4], auroc: 0.7256283040272263
Hyperparam: [0.5], auroc: 0.7686061826432217
Hyperparam: [0.6], auroc: 0.7968106069200228
Hyperparam: [0.7], auroc: 0.8147037436188315
Hyperparam: [0.8], auroc: 0.8260403857061827
Hyperparam: [0.9], auroc: 0.8329767441860466
Hyperparam: [1.0], auroc: 0.8366606920022689
Final hyperparam: [1.0]
[Timing] Setup: 2907.3s
Performing inference on imagenet test set...
Processing near ood...
Performing inference on ssb_hard dataset...
Computing metrics on ssb_hard dataset...
FPR@95: 85.13, AUROC: 62.43 AUPR_IN: 61.08, AUPR_OUT: 62.49
──────────────────────────────────────────────────────────────────────

Performing inference on ninco dataset...
Computing metrics on ninco dataset...
FPR@95: 74.54, AUROC: 73.22 AUPR_IN: 95.15, AUPR_OUT: 26.40
──────────────────────────────────────────────────────────────────────

Computing mean metrics...
FPR@95: 79.83, AUROC: 67.82 AUPR_IN: 78.12, AUPR_OUT: 44.44
──────────────────────────────────────────────────────────────────────

Processing far ood...
Performing inference on inaturalist dataset...
Computing metrics on inaturalist dataset...
FPR@95: 62.85, AUROC: 83.26 AUPR_IN: 95.17, AUPR_OUT: 56.41
──────────────────────────────────────────────────────────────────────

Performing inference on textures dataset...
Computing metrics on textures dataset...
FPR@95: 68.83, AUROC: 81.91 AUPR_IN: 96.98, AUPR_OUT: 43.48
──────────────────────────────────────────────────────────────────────

Performing inference on openimage_o dataset...
Computing metrics on openimage_o dataset...
FPR@95: 62.03, AUROC: 83.25 AUPR_IN: 92.73, AUPR_OUT: 66.45
──────────────────────────────────────────────────────────────────────

Computing mean metrics...
FPR@95: 64.57, AUROC: 82.81 AUPR_IN: 94.96, AUPR_OUT: 55.45
──────────────────────────────────────────────────────────────────────

             FPR@95  AUROC  AUPR_IN  AUPR_OUT   ACC
ssb_hard      85.13  62.43    61.08     62.49 76.19
ninco         74.54  73.22    95.15     26.40 76.19
nearood       79.83  67.82    78.12     44.44 76.19
inaturalist   62.85  83.26    95.17     56.41 76.19
textures      68.83  81.91    96.98     43.48 76.19
openimage_o   62.03  83.25    92.73     66.45 76.19
farood        64.57  82.81    94.96     55.45 76.19
[Timing] Eval:  371.1s

[Timing Summary]
  Setup: 2907.3s ± 0.0s per seed
  Eval:  371.1s ± 0.0s per seed
  Total: 3278.4s across 1 seeds
=== Done | Thu Apr 23 04:12:16 AM EDT 2026 ===
---------------------------------------
Begin Slurm Epilog: Apr-23-2026 04:12:16
Job ID:        5040273
Array Job ID:  5040273_3
User ID:       ksalzman3
Account:       coc
Job name:      rff_max_vw_clip
Resources:     cpu=4,gres/gpu:h100=1,mem=48G,node=1
Rsrc Used:     cput=00:32:56,vmem=0,walltime=00:08:14,mem=6866684K,energy_used=0
Partition:     ice-gpu
QOS:           coc-ice
Nodes:         atl1-1-03-012-28-0
---------------------------------------
