---------------------------------------
Begin Slurm Prolog: Apr-22-2026 23:35:12
Job ID:    5040247
User ID:   ksalzman3
Account:   coc
Job name:  rff_centroid_vw_mlpca_minmax_clip
Partition: ice-gpu
QOS:       coc-ice
---------------------------------------
=== rff_centroid_vw_mlpca_minmax_clip | imagenet200 | Wed Apr 22 11:35:18 PM EDT 2026 ===

==================================================
Setting up RFF Kernel Attention OOD detector...
  sigma (bandwidth): 0.5
  D (RFF dimension): 2048
  alpha (target FPR): 0.05
  feature_space: multilayer_pca
  normalize: True
  score_mode: centroid
  variance_weighted: True
==================================================
Extracted 258951 train features of dim 384 (multilayer_pca, 3 layers)
  Feature norm (mean): 18.0730
  Number of classes: 200
Extracted 1000 val features for threshold
Per-class embedding norms (mean): 0.5448
Per-class score variance (mean): 0.024035
Threshold (centroid) at 5.0%: 1.3368
Max threshold (for diagnostics) at 5.0%: 0.6589
RFF setup complete.

[CLIPPrior] Could not load imagenet synset meta from ./data/imagenet: The meta file ./data/imagenet/meta.bin is not present in the root directory or is corrupted. This file is automatically created by the ImageNet dataset.
  Falling back to synset IDs as class names.
[RFFClip] Loading CLIP ViT-B/16 with 200 classes (imagenet200)...
Starting automatic parameter search...
Hyperparam: [0.0], auroc: 0.7385751559841179
Hyperparam: [0.1], auroc: 0.7387750992626205
Hyperparam: [0.2], auroc: 0.7390320476460579
Hyperparam: [0.3], auroc: 0.7393854225751559
Hyperparam: [0.4], auroc: 0.7397779353374929
Hyperparam: [0.5], auroc: 0.7403360748723766
Hyperparam: [0.6], auroc: 0.7411250709018719
Hyperparam: [0.7], auroc: 0.7424393079977312
Hyperparam: [0.8], auroc: 0.744843732274532
Hyperparam: [0.9], auroc: 0.7508879750425411
Hyperparam: [1.0], auroc: 0.6379741917186614
Final hyperparam: [0.9]
[Timing] Setup: 656.2s
Performing inference on imagenet200 test set...
Processing near ood...
Performing inference on ssb_hard dataset...
Computing metrics on ssb_hard dataset...
FPR@95: 86.94, AUROC: 72.69 AUPR_IN: 29.25, AUPR_OUT: 92.28
──────────────────────────────────────────────────────────────────────

Performing inference on ninco dataset...
Computing metrics on ninco dataset...
FPR@95: 72.23, AUROC: 76.16 AUPR_IN: 82.22, AUPR_OUT: 62.09
──────────────────────────────────────────────────────────────────────

Computing mean metrics...
FPR@95: 79.59, AUROC: 74.43 AUPR_IN: 55.73, AUPR_OUT: 77.19
──────────────────────────────────────────────────────────────────────

Processing far ood...
Performing inference on inaturalist dataset...
Computing metrics on inaturalist dataset...
FPR@95: 55.70, AUROC: 83.06 AUPR_IN: 80.82, AUPR_OUT: 80.58
──────────────────────────────────────────────────────────────────────

Performing inference on textures dataset...
Computing metrics on textures dataset...
FPR@95: 61.00, AUROC: 82.52 AUPR_IN: 87.79, AUPR_OUT: 69.51
──────────────────────────────────────────────────────────────────────

Performing inference on openimage_o dataset...
Computing metrics on openimage_o dataset...
FPR@95: 63.59, AUROC: 79.25 AUPR_IN: 68.62, AUPR_OUT: 83.90
──────────────────────────────────────────────────────────────────────

Computing mean metrics...
FPR@95: 60.10, AUROC: 81.61 AUPR_IN: 79.08, AUPR_OUT: 77.99
──────────────────────────────────────────────────────────────────────

             FPR@95  AUROC  AUPR_IN  AUPR_OUT   ACC
ssb_hard      86.94  72.69    29.25     92.28 86.38
ninco         72.23  76.16    82.22     62.09 86.38
nearood       79.59  74.43    55.73     77.19 86.38
inaturalist   55.70  83.06    80.82     80.58 86.38
textures      61.00  82.52    87.79     69.51 86.38
openimage_o   63.59  79.25    68.62     83.90 86.38
farood        60.10  81.61    79.08     77.99 86.38
[Timing] Eval:  216.3s

==================================================
Setting up RFF Kernel Attention OOD detector...
  sigma (bandwidth): 0.5
  D (RFF dimension): 2048
  alpha (target FPR): 0.05
  feature_space: multilayer_pca
  normalize: True
  score_mode: centroid
  variance_weighted: True
==================================================
Extracted 258951 train features of dim 384 (multilayer_pca, 3 layers)
  Feature norm (mean): 18.0080
  Number of classes: 200
Extracted 1000 val features for threshold
Per-class embedding norms (mean): 0.5475
Per-class score variance (mean): 0.024305
Threshold (centroid) at 5.0%: 1.3223
Max threshold (for diagnostics) at 5.0%: 0.6555
RFF setup complete.

[CLIPPrior] Could not load imagenet synset meta from ./data/imagenet: The meta file ./data/imagenet/meta.bin is not present in the root directory or is corrupted. This file is automatically created by the ImageNet dataset.
  Falling back to synset IDs as class names.
[RFFClip] Loading CLIP ViT-B/16 with 200 classes (imagenet200)...
Starting automatic parameter search...
Hyperparam: [0.0], auroc: 0.7528338060124786
Hyperparam: [0.1], auroc: 0.7530589903573454
Hyperparam: [0.2], auroc: 0.7533068633011911
Hyperparam: [0.3], auroc: 0.7536613726602382
Hyperparam: [0.4], auroc: 0.7541474758933635
Hyperparam: [0.5], auroc: 0.7547782189449801
Hyperparam: [0.6], auroc: 0.7556903006239364
Hyperparam: [0.7], auroc: 0.7570028360748724
Hyperparam: [0.8], auroc: 0.7593454339194554
Hyperparam: [0.9], auroc: 0.7646619398752127
Hyperparam: [1.0], auroc: 0.6379741917186614
Final hyperparam: [0.9]
[Timing] Setup: 664.4s
Performing inference on imagenet200 test set...
Processing near ood...
Performing inference on ssb_hard dataset...
Computing metrics on ssb_hard dataset...
FPR@95: 87.24, AUROC: 72.40 AUPR_IN: 29.10, AUPR_OUT: 92.07
──────────────────────────────────────────────────────────────────────

Performing inference on ninco dataset...
Computing metrics on ninco dataset...
FPR@95: 68.00, AUROC: 76.73 AUPR_IN: 83.14, AUPR_OUT: 62.28
──────────────────────────────────────────────────────────────────────

Computing mean metrics...
FPR@95: 77.62, AUROC: 74.56 AUPR_IN: 56.12, AUPR_OUT: 77.18
──────────────────────────────────────────────────────────────────────

Processing far ood...
Performing inference on inaturalist dataset...
Computing metrics on inaturalist dataset...
FPR@95: 52.83, AUROC: 83.18 AUPR_IN: 81.79, AUPR_OUT: 80.12
──────────────────────────────────────────────────────────────────────

Performing inference on textures dataset...
Computing metrics on textures dataset...
FPR@95: 59.49, AUROC: 83.10 AUPR_IN: 88.38, AUPR_OUT: 69.66
──────────────────────────────────────────────────────────────────────

Performing inference on openimage_o dataset...
Computing metrics on openimage_o dataset...
FPR@95: 61.58, AUROC: 79.49 AUPR_IN: 69.24, AUPR_OUT: 83.80
──────────────────────────────────────────────────────────────────────

Computing mean metrics...
FPR@95: 57.97, AUROC: 81.93 AUPR_IN: 79.81, AUPR_OUT: 77.86
──────────────────────────────────────────────────────────────────────

             FPR@95  AUROC  AUPR_IN  AUPR_OUT   ACC
ssb_hard      87.24  72.40    29.10     92.07 86.47
ninco         68.00  76.73    83.14     62.28 86.47
nearood       77.62  74.56    56.12     77.18 86.47
inaturalist   52.83  83.18    81.79     80.12 86.47
textures      59.49  83.10    88.38     69.66 86.47
openimage_o   61.58  79.49    69.24     83.80 86.47
farood        57.97  81.93    79.81     77.86 86.47
[Timing] Eval:  208.6s

==================================================
Setting up RFF Kernel Attention OOD detector...
  sigma (bandwidth): 0.5
  D (RFF dimension): 2048
  alpha (target FPR): 0.05
  feature_space: multilayer_pca
  normalize: True
  score_mode: centroid
  variance_weighted: True
==================================================
Extracted 258951 train features of dim 384 (multilayer_pca, 3 layers)
  Feature norm (mean): 18.0772
  Number of classes: 200
Extracted 1000 val features for threshold
Per-class embedding norms (mean): 0.5437
Per-class score variance (mean): 0.024436
Threshold (centroid) at 5.0%: 1.3208
Max threshold (for diagnostics) at 5.0%: 0.6395
RFF setup complete.

[CLIPPrior] Could not load imagenet synset meta from ./data/imagenet: The meta file ./data/imagenet/meta.bin is not present in the root directory or is corrupted. This file is automatically created by the ImageNet dataset.
  Falling back to synset IDs as class names.
[RFFClip] Loading CLIP ViT-B/16 with 200 classes (imagenet200)...
Starting automatic parameter search...
Hyperparam: [0.0], auroc: 0.7632711287577992
Hyperparam: [0.1], auroc: 0.7634707884288143
Hyperparam: [0.2], auroc: 0.7636942711287578
Hyperparam: [0.3], auroc: 0.7639824163357912
Hyperparam: [0.4], auroc: 0.7643511060692003
Hyperparam: [0.5], auroc: 0.7648996029495178
Hyperparam: [0.6], auroc: 0.765736245036869
Hyperparam: [0.7], auroc: 0.7670589903573454
Hyperparam: [0.8], auroc: 0.7692875779920589
Hyperparam: [0.9], auroc: 0.7747736812251843
Hyperparam: [1.0], auroc: 0.6379741917186614
Final hyperparam: [0.9]
[Timing] Setup: 662.8s
Performing inference on imagenet200 test set...
Processing near ood...
Performing inference on ssb_hard dataset...
Computing metrics on ssb_hard dataset...
FPR@95: 86.89, AUROC: 72.77 AUPR_IN: 29.27, AUPR_OUT: 92.41
──────────────────────────────────────────────────────────────────────

Performing inference on ninco dataset...
Computing metrics on ninco dataset...
FPR@95: 70.31, AUROC: 76.91 AUPR_IN: 82.68, AUPR_OUT: 63.44
──────────────────────────────────────────────────────────────────────

Computing mean metrics...
FPR@95: 78.60, AUROC: 74.84 AUPR_IN: 55.98, AUPR_OUT: 77.93
──────────────────────────────────────────────────────────────────────

Processing far ood...
Performing inference on inaturalist dataset...
Computing metrics on inaturalist dataset...
FPR@95: 53.46, AUROC: 84.29 AUPR_IN: 82.45, AUPR_OUT: 82.01
──────────────────────────────────────────────────────────────────────

Performing inference on textures dataset...
Computing metrics on textures dataset...
FPR@95: 58.80, AUROC: 83.13 AUPR_IN: 88.45, AUPR_OUT: 70.22
──────────────────────────────────────────────────────────────────────

Performing inference on openimage_o dataset...
Computing metrics on openimage_o dataset...
FPR@95: 62.66, AUROC: 79.13 AUPR_IN: 68.47, AUPR_OUT: 83.93
──────────────────────────────────────────────────────────────────────

Computing mean metrics...
FPR@95: 58.30, AUROC: 82.18 AUPR_IN: 79.79, AUPR_OUT: 78.72
──────────────────────────────────────────────────────────────────────

             FPR@95  AUROC  AUPR_IN  AUPR_OUT   ACC
ssb_hard      86.89  72.77    29.27     92.41 86.27
ninco         70.31  76.91    82.68     63.44 86.27
nearood       78.60  74.84    55.98     77.93 86.27
inaturalist   53.46  84.29    82.45     82.01 86.27
textures      58.80  83.13    88.45     70.22 86.27
openimage_o   62.66  79.13    68.47     83.93 86.27
farood        58.30  82.18    79.79     78.72 86.27
[Timing] Eval:  208.6s

[Timing Summary]
  Setup: 661.1s ± 3.6s per seed
  Eval:  211.2s ± 3.6s per seed
  Total: 2617.0s across 3 seeds
=== Done | Thu Apr 23 12:19:30 AM EDT 2026 ===
---------------------------------------
Begin Slurm Epilog: Apr-23-2026 00:19:30
Job ID:        5040247
Array Job ID:  5040247_2
User ID:       ksalzman3
Account:       coc
Job name:      rff_centroid_vw_mlpca_minmax_clip
Resources:     cpu=4,gres/gpu:h100=1,mem=32G,node=1
Rsrc Used:     cput=00:35:44,vmem=0,walltime=00:08:56,mem=7224572K,energy_used=0
Partition:     ice-gpu
QOS:           coc-ice
Nodes:         atl1-1-03-013-8-0
---------------------------------------
