---------------------------------------
Begin Slurm Prolog: May-19-2026 17:39:19
Job ID:    5300448
User ID:   ksalzman3
Account:   coc
Job name:  rff_max_mlminmax
Partition: ice-gpu
QOS:       coc-ice
---------------------------------------
=== rff_max_vw_mlminmax | imagenet200 | Tue May 19 05:39:26 PM EDT 2026 ===
Postprocessor_name is ignored because postprocessor is passed
[Timing] Setup: 0.9s
Performing inference on imagenet200 test set...
Processing near ood...
Performing inference on ssb_hard dataset...
Computing metrics on ssb_hard dataset...
FPR@95: 84.48, AUROC: 71.69 AUPR_IN: 29.47, AUPR_OUT: 92.56
──────────────────────────────────────────────────────────────────────

Performing inference on ninco dataset...
Computing metrics on ninco dataset...
FPR@95: 77.29, AUROC: 75.03 AUPR_IN: 80.64, AUPR_OUT: 65.05
──────────────────────────────────────────────────────────────────────

Computing mean metrics...
FPR@95: 80.88, AUROC: 73.36 AUPR_IN: 55.05, AUPR_OUT: 78.81
──────────────────────────────────────────────────────────────────────

Processing far ood...
Performing inference on inaturalist dataset...
Computing metrics on inaturalist dataset...
FPR@95: 42.00, AUROC: 87.93 AUPR_IN: 88.46, AUPR_OUT: 86.86
──────────────────────────────────────────────────────────────────────

Performing inference on textures dataset...
Computing metrics on textures dataset...
FPR@95: 48.89, AUROC: 88.27 AUPR_IN: 92.29, AUPR_OUT: 82.07
──────────────────────────────────────────────────────────────────────

Performing inference on openimage_o dataset...
Computing metrics on openimage_o dataset...
FPR@95: 71.37, AUROC: 76.01 AUPR_IN: 65.84, AUPR_OUT: 82.88
──────────────────────────────────────────────────────────────────────

Computing mean metrics...
FPR@95: 54.09, AUROC: 84.07 AUPR_IN: 82.20, AUPR_OUT: 83.94
──────────────────────────────────────────────────────────────────────

             FPR@95  AUROC  AUPR_IN  AUPR_OUT   ACC
ssb_hard      84.48  71.69    29.47     92.56 86.39
ninco         77.29  75.03    80.64     65.05 86.39
nearood       80.88  73.36    55.05     78.81 86.39
inaturalist   42.00  87.93    88.46     86.86 86.39
textures      48.89  88.27    92.29     82.07 86.39
openimage_o   71.37  76.01    65.84     82.88 86.39
farood        54.09  84.07    82.20     83.94 86.39
[Timing] Eval:  207.1s
=== Done | Tue May 19 05:48:02 PM EDT 2026 ===
---------------------------------------
Begin Slurm Epilog: May-19-2026 17:48:02
Job ID:        5300448
Array Job ID:  5300448_2
User ID:       ksalzman3
Account:       coc
Job name:      rff_max_mlminmax
Resources:     cpu=4,gres/gpu:a100=1,mem=48G,node=1
Rsrc Used:     cput=00:34:56,vmem=,walltime=00:08:44,mem=,energy_used=0
Partition:     ice-gpu
QOS:           coc-ice
Nodes:         atl1-1-03-007-33-0
---------------------------------------
