---------------------------------------
Begin Slurm Prolog: May-19-2026 17:39:38
Job ID:    5300457
User ID:   ksalzman3
Account:   coc
Job name:  rff_pa_mlminmax
Partition: ice-gpu
QOS:       coc-ice
---------------------------------------
=== rff_predictor_aware_vw_mlminmax | cifar100 | Tue May 19 05:39:55 PM EDT 2026 ===
Postprocessor_name is ignored because postprocessor is passed
[Timing] Setup: 0.5s
Performing inference on cifar100 test set...
Processing near ood...
Performing inference on cifar10 dataset...
Computing metrics on cifar10 dataset...
FPR@95: 93.70, AUROC: 73.46 AUPR_IN: 64.69, AUPR_OUT: 73.73
──────────────────────────────────────────────────────────────────────

Performing inference on tin dataset...
Computing metrics on tin dataset...
FPR@95: 56.04, AUROC: 82.45 AUPR_IN: 86.51, AUPR_OUT: 73.97
──────────────────────────────────────────────────────────────────────

Computing mean metrics...
FPR@95: 74.87, AUROC: 77.96 AUPR_IN: 75.60, AUPR_OUT: 73.85
──────────────────────────────────────────────────────────────────────

Processing far ood...
Performing inference on mnist dataset...
Computing metrics on mnist dataset...
FPR@95: 32.87, AUROC: 88.26 AUPR_IN: 74.93, AUPR_OUT: 97.65
──────────────────────────────────────────────────────────────────────

Performing inference on svhn dataset...
Computing metrics on svhn dataset...
FPR@95: 26.24, AUROC: 92.87 AUPR_IN: 88.01, AUPR_OUT: 96.89
──────────────────────────────────────────────────────────────────────

Performing inference on texture dataset...
Computing metrics on texture dataset...
FPR@95: 44.12, AUROC: 87.55 AUPR_IN: 91.88, AUPR_OUT: 80.60
──────────────────────────────────────────────────────────────────────

Performing inference on places365 dataset...
Computing metrics on places365 dataset...
FPR@95: 60.09, AUROC: 80.45 AUPR_IN: 57.67, AUPR_OUT: 92.45
──────────────────────────────────────────────────────────────────────

Computing mean metrics...
FPR@95: 40.83, AUROC: 87.28 AUPR_IN: 78.12, AUPR_OUT: 91.90
──────────────────────────────────────────────────────────────────────

           FPR@95  AUROC  AUPR_IN  AUPR_OUT   ACC
cifar10     93.70  73.46    64.69     73.73 77.17
tin         56.04  82.45    86.51     73.97 77.17
nearood     74.87  77.96    75.60     73.85 77.17
mnist       32.87  88.26    74.93     97.65 77.17
svhn        26.24  92.87    88.01     96.89 77.17
texture     44.12  87.55    91.88     80.60 77.17
places365   60.09  80.45    57.67     92.45 77.17
farood      40.83  87.28    78.12     91.90 77.17
[Timing] Eval:  457.4s
=== Done | Tue May 19 05:51:59 PM EDT 2026 ===
---------------------------------------
Begin Slurm Epilog: May-19-2026 17:51:59
Job ID:        5300457
Array Job ID:  5300450_1
User ID:       ksalzman3
Account:       coc
Job name:      rff_pa_mlminmax
Resources:     cpu=4,gres/gpu:v100=1,mem=48G,node=1
Rsrc Used:     cput=00:49:24,vmem=0,walltime=00:12:21,mem=2621492K,energy_used=0
Partition:     ice-gpu
QOS:           coc-ice
Nodes:         atl1-1-02-009-32-0
---------------------------------------
