---------------------------------------
Begin Slurm Prolog: May-20-2026 15:49:35
Job ID:    5301161
User ID:   ksalzman3
Account:   coc
Job name:  rff_softmax_vw_mlpca_minmax_yw_imagenet
Partition: ice-gpu
QOS:       coc-ice
---------------------------------------
=== rff_softmax_vw_mlpca_minmax_yw | imagenet | Wed May 20 03:49:41 PM EDT 2026 ===
=== Done | Wed May 20 03:55:27 PM EDT 2026 ===
---------------------------------------
Begin Slurm Epilog: May-20-2026 15:55:27
Job ID:        5301161
User ID:       ksalzman3
Account:       coc
Job name:      rff_softmax_vw_mlpca_minmax_yw_imagenet
Resources:     cpu=4,gres/gpu:h200=1,mem=64G,node=1
Rsrc Used:     cput=00:23:28,vmem=0,walltime=00:05:52,mem=721784K,energy_used=0
Partition:     ice-gpu
QOS:           coc-ice
Nodes:         atl1-1-03-018-2-0
---------------------------------------
