---------------------------------------
Begin Slurm Prolog: Apr-01-2026 12:12:41
Job ID:    4582366
User ID:   ksalzman3
Account:   coc
Job name:  rff_predictor_aware_vw
Partition: ice-gpu
QOS:       coc-ice
---------------------------------------
=== rff_predictor_aware_vw | cifar100 | Wed Apr  1 12:12:49 PM EDT 2026 ===

==================================================
Setting up RFF Kernel Attention OOD detector...
  sigma (bandwidth): 0.5
  D (RFF dimension): 1024
  alpha (target FPR): 0.05
  feature_space: penultimate
  normalize: True
  score_mode: predictor_aware
  variance_weighted: True
==================================================
Extracted 50000 train features of dim 512
  Feature norm (mean): 12.7758
  Number of classes: 100
Extracted 1000 val features for threshold
Per-class embedding norms (mean): 1.0000
Per-class score variance (mean): 0.007527
Threshold (predictor_aware) at 5.0%: 1.1447
Max threshold (for diagnostics) at 5.0%: 4.0984
RFF setup complete.

[Timing] Setup: 47.1s
Performing inference on cifar100 test set...
Processing near ood...
Performing inference on cifar10 dataset...
Computing metrics on cifar10 dataset...
FPR@95: 72.86, AUROC: 77.06 AUPR_IN: 73.52, AUPR_OUT: 75.51
──────────────────────────────────────────────────────────────────────

Performing inference on tin dataset...
Computing metrics on tin dataset...
FPR@95: 51.18, AUROC: 83.00 AUPR_IN: 87.78, AUPR_OUT: 73.86
──────────────────────────────────────────────────────────────────────

Computing mean metrics...
FPR@95: 62.02, AUROC: 80.03 AUPR_IN: 80.65, AUPR_OUT: 74.68
──────────────────────────────────────────────────────────────────────

Processing far ood...
Performing inference on mnist dataset...
Computing metrics on mnist dataset...
FPR@95: 48.51, AUROC: 80.45 AUPR_IN: 60.42, AUPR_OUT: 95.46
──────────────────────────────────────────────────────────────────────

Performing inference on svhn dataset...
Computing metrics on svhn dataset...
FPR@95: 46.80, AUROC: 84.39 AUPR_IN: 74.15, AUPR_OUT: 92.08
──────────────────────────────────────────────────────────────────────

Performing inference on texture dataset...
Computing metrics on texture dataset...
FPR@95: 51.52, AUROC: 82.89 AUPR_IN: 89.14, AUPR_OUT: 71.00
──────────────────────────────────────────────────────────────────────

Performing inference on places365 dataset...
Computing metrics on places365 dataset...
FPR@95: 57.17, AUROC: 81.27 AUPR_IN: 60.71, AUPR_OUT: 92.64
──────────────────────────────────────────────────────────────────────

Computing mean metrics...
FPR@95: 51.00, AUROC: 82.25 AUPR_IN: 71.11, AUPR_OUT: 87.80
──────────────────────────────────────────────────────────────────────

           FPR@95  AUROC  AUPR_IN  AUPR_OUT   ACC
cifar10     72.86  77.06    73.52     75.51 77.17
tin         51.18  83.00    87.78     73.86 77.17
nearood     62.02  80.03    80.65     74.68 77.17
mnist       48.51  80.45    60.42     95.46 77.17
svhn        46.80  84.39    74.15     92.08 77.17
texture     51.52  82.89    89.14     71.00 77.17
places365   57.17  81.27    60.71     92.64 77.17
farood      51.00  82.25    71.11     87.80 77.17
[Timing] Eval:  97.9s

==================================================
Setting up RFF Kernel Attention OOD detector...
  sigma (bandwidth): 0.5
  D (RFF dimension): 1024
  alpha (target FPR): 0.05
  feature_space: penultimate
  normalize: True
  score_mode: predictor_aware
  variance_weighted: True
==================================================
Extracted 50000 train features of dim 512
  Feature norm (mean): 12.8982
  Number of classes: 100
Extracted 1000 val features for threshold
Per-class embedding norms (mean): 1.0000
Per-class score variance (mean): 0.007308
Threshold (predictor_aware) at 5.0%: 1.0646
Max threshold (for diagnostics) at 5.0%: 4.1013
RFF setup complete.

[Timing] Setup: 17.3s
Performing inference on cifar100 test set...
Processing near ood...
Performing inference on cifar10 dataset...
Computing metrics on cifar10 dataset...
FPR@95: 71.18, AUROC: 76.51 AUPR_IN: 74.07, AUPR_OUT: 74.72
──────────────────────────────────────────────────────────────────────

Performing inference on tin dataset...
Computing metrics on tin dataset...
FPR@95: 51.37, AUROC: 82.97 AUPR_IN: 87.65, AUPR_OUT: 73.64
──────────────────────────────────────────────────────────────────────

Computing mean metrics...
FPR@95: 61.27, AUROC: 79.74 AUPR_IN: 80.86, AUPR_OUT: 74.18
──────────────────────────────────────────────────────────────────────

Processing far ood...
Performing inference on mnist dataset...
Computing metrics on mnist dataset...
FPR@95: 46.32, AUROC: 83.04 AUPR_IN: 59.41, AUPR_OUT: 96.19
──────────────────────────────────────────────────────────────────────

Performing inference on svhn dataset...
Computing metrics on svhn dataset...
FPR@95: 44.79, AUROC: 85.56 AUPR_IN: 76.58, AUPR_OUT: 92.88
──────────────────────────────────────────────────────────────────────

Performing inference on texture dataset...
Computing metrics on texture dataset...
FPR@95: 48.36, AUROC: 83.30 AUPR_IN: 89.92, AUPR_OUT: 70.84
──────────────────────────────────────────────────────────────────────

Performing inference on places365 dataset...
Computing metrics on places365 dataset...
FPR@95: 53.87, AUROC: 81.44 AUPR_IN: 63.20, AUPR_OUT: 92.48
──────────────────────────────────────────────────────────────────────

Computing mean metrics...
FPR@95: 48.33, AUROC: 83.34 AUPR_IN: 72.28, AUPR_OUT: 88.10
──────────────────────────────────────────────────────────────────────

           FPR@95  AUROC  AUPR_IN  AUPR_OUT   ACC
cifar10     71.18  76.51    74.07     74.72 77.39
tin         51.37  82.97    87.65     73.64 77.39
nearood     61.27  79.74    80.86     74.18 77.39
mnist       46.32  83.04    59.41     96.19 77.39
svhn        44.79  85.56    76.58     92.88 77.39
texture     48.36  83.30    89.92     70.84 77.39
places365   53.87  81.44    63.20     92.48 77.39
farood      48.33  83.34    72.28     88.10 77.39
[Timing] Eval:  76.7s

==================================================
Setting up RFF Kernel Attention OOD detector...
  sigma (bandwidth): 0.5
  D (RFF dimension): 1024
  alpha (target FPR): 0.05
  feature_space: penultimate
  normalize: True
  score_mode: predictor_aware
  variance_weighted: True
==================================================
Extracted 50000 train features of dim 512
  Feature norm (mean): 12.9292
  Number of classes: 100
Extracted 1000 val features for threshold
Per-class embedding norms (mean): 1.0000
Per-class score variance (mean): 0.007576
Threshold (predictor_aware) at 5.0%: 1.1347
Max threshold (for diagnostics) at 5.0%: 3.9011
RFF setup complete.

[Timing] Setup: 17.8s
Performing inference on cifar100 test set...
Processing near ood...
Performing inference on cifar10 dataset...
Computing metrics on cifar10 dataset...
FPR@95: 66.04, AUROC: 78.06 AUPR_IN: 77.46, AUPR_OUT: 75.85
──────────────────────────────────────────────────────────────────────

Performing inference on tin dataset...
Computing metrics on tin dataset...
FPR@95: 51.76, AUROC: 82.91 AUPR_IN: 87.91, AUPR_OUT: 73.23
──────────────────────────────────────────────────────────────────────

Computing mean metrics...
FPR@95: 58.90, AUROC: 80.49 AUPR_IN: 82.68, AUPR_OUT: 74.54
──────────────────────────────────────────────────────────────────────

Processing far ood...
Performing inference on mnist dataset...
Computing metrics on mnist dataset...
FPR@95: 39.79, AUROC: 84.63 AUPR_IN: 66.70, AUPR_OUT: 96.64
──────────────────────────────────────────────────────────────────────

Performing inference on svhn dataset...
Computing metrics on svhn dataset...
FPR@95: 42.22, AUROC: 85.63 AUPR_IN: 77.64, AUPR_OUT: 92.63
──────────────────────────────────────────────────────────────────────

Performing inference on texture dataset...
Computing metrics on texture dataset...
FPR@95: 56.72, AUROC: 81.43 AUPR_IN: 87.64, AUPR_OUT: 68.92
──────────────────────────────────────────────────────────────────────

Performing inference on places365 dataset...
Computing metrics on places365 dataset...
FPR@95: 55.97, AUROC: 81.70 AUPR_IN: 62.11, AUPR_OUT: 92.83
──────────────────────────────────────────────────────────────────────

Computing mean metrics...
FPR@95: 48.68, AUROC: 83.35 AUPR_IN: 73.52, AUPR_OUT: 87.75
──────────────────────────────────────────────────────────────────────

           FPR@95  AUROC  AUPR_IN  AUPR_OUT   ACC
cifar10     66.04  78.06    77.46     75.85 77.19
tin         51.76  82.91    87.91     73.23 77.19
nearood     58.90  80.49    82.68     74.54 77.19
mnist       39.79  84.63    66.70     96.64 77.19
svhn        42.22  85.63    77.64     92.63 77.19
texture     56.72  81.43    87.64     68.92 77.19
places365   55.97  81.70    62.11     92.83 77.19
farood      48.68  83.35    73.52     87.75 77.19
[Timing] Eval:  77.8s

[Timing Summary]
  Setup: 27.4s ± 14.0s per seed
  Eval:  84.1s ± 9.8s per seed
  Total: 334.6s across 3 seeds
=== Done | Wed Apr  1 12:20:50 PM EDT 2026 ===
---------------------------------------
Begin Slurm Epilog: Apr-01-2026 12:20:50
Job ID:        4582366
Array Job ID:  4582363_1
User ID:       ksalzman3
Account:       coc
Job name:      rff_predictor_aware_vw
Resources:     cpu=4,gres/gpu:v100=1,mem=32G,node=1
Rsrc Used:     cput=00:32:40,vmem=0,walltime=00:08:10,mem=4431732K,energy_used=0
Partition:     ice-gpu
QOS:           coc-ice
Nodes:         atl1-1-01-002-8-0
---------------------------------------
