---------------------------------------
Begin Slurm Prolog: Mar-18-2026 04:22:28
Job ID:    4494852
User ID:   ksalzman3
Account:   coc
Job name:  rff_twohop_vw
Partition: ice-gpu
QOS:       coc-ice
---------------------------------------
=== rff_twohop_vw | cifar10 | Wed Mar 18 04:22:37 AM EDT 2026 ===

==================================================
Setting up RFF Kernel Attention OOD detector...
  sigma (bandwidth): 0.5
  D (RFF dimension): 1024
  alpha (target FPR): 0.05
  feature_space: penultimate
  normalize: True
  score_mode: twohop
  variance_weighted: True
==================================================
Extracted 50000 train features of dim 512
  Feature norm (mean): 6.3358
  Number of classes: 10
Extracted 1000 val features for threshold
Per-class embedding norms (mean): 0.9050
Per-class score variance (mean): 0.003320
Threshold (twohop) at 5.0%: 6.0188
Max threshold (for diagnostics) at 5.0%: 7.4957
RFF setup complete.

Starting automatic parameter search...
Hyperparam: [0.1, 512, 0.025], auroc: 0.7767809999999999
Hyperparam: [0.5, 512, 0.025], auroc: 0.862892
Hyperparam: [1.0, 512, 0.025], auroc: 0.6353325000000001
Hyperparam: [2.0, 512, 0.025], auroc: 0.3821724999999999
Hyperparam: [0.1, 1024, 0.025], auroc: 0.8077859999999999
Hyperparam: [0.5, 1024, 0.025], auroc: 0.866855
Hyperparam: [1.0, 1024, 0.025], auroc: 0.733877
Hyperparam: [2.0, 1024, 0.025], auroc: 0.452791
Hyperparam: [0.1, 2048, 0.025], auroc: 0.8107
Hyperparam: [0.5, 2048, 0.025], auroc: 0.862116
Hyperparam: [1.0, 2048, 0.025], auroc: 0.8013779999999999
Hyperparam: [2.0, 2048, 0.025], auroc: 0.4391505
Hyperparam: [0.1, 512, 0.05], auroc: 0.755613
Hyperparam: [0.5, 512, 0.05], auroc: 0.863904
Hyperparam: [1.0, 512, 0.05], auroc: 0.7926570000000001
Hyperparam: [2.0, 512, 0.05], auroc: 0.350102
Hyperparam: [0.1, 1024, 0.05], auroc: 0.790765
Hyperparam: [0.5, 1024, 0.05], auroc: 0.853319
Hyperparam: [1.0, 1024, 0.05], auroc: 0.7587135
Hyperparam: [2.0, 1024, 0.05], auroc: 0.4005965
Hyperparam: [0.1, 2048, 0.05], auroc: 0.807405
Hyperparam: [0.5, 2048, 0.05], auroc: 0.8715029999999999
Hyperparam: [1.0, 2048, 0.05], auroc: 0.7656350000000001
Hyperparam: [2.0, 2048, 0.05], auroc: 0.368892
Hyperparam: [0.1, 512, 0.1], auroc: 0.788903
Hyperparam: [0.5, 512, 0.1], auroc: 0.8717440000000001
Hyperparam: [1.0, 512, 0.1], auroc: 0.733452
Hyperparam: [2.0, 512, 0.1], auroc: 0.474365
Hyperparam: [0.1, 1024, 0.1], auroc: 0.805893
Hyperparam: [0.5, 1024, 0.1], auroc: 0.858907
Hyperparam: [1.0, 1024, 0.1], auroc: 0.7395349999999999
Hyperparam: [2.0, 1024, 0.1], auroc: 0.36830300000000005
Hyperparam: [0.1, 2048, 0.1], auroc: 0.819794
Hyperparam: [0.5, 2048, 0.1], auroc: 0.866977
Hyperparam: [1.0, 2048, 0.1], auroc: 0.769804
Hyperparam: [2.0, 2048, 0.1], auroc: 0.45161599999999996
Final hyperparam: [0.5, 512, 0.1, True]
Performing inference on cifar10 test set...
Processing near ood...
Performing inference on cifar100 dataset...
Computing metrics on cifar100 dataset...
FPR@95: 59.60, AUROC: 86.43 AUPR_IN: 85.13, AUPR_OUT: 85.05
──────────────────────────────────────────────────────────────────────

Performing inference on tin dataset...
Computing metrics on tin dataset...
FPR@95: 51.26, AUROC: 88.35 AUPR_IN: 89.65, AUPR_OUT: 85.13
──────────────────────────────────────────────────────────────────────

Computing mean metrics...
FPR@95: 55.43, AUROC: 87.39 AUPR_IN: 87.39, AUPR_OUT: 85.09
──────────────────────────────────────────────────────────────────────

Processing far ood...
Performing inference on mnist dataset...
Computing metrics on mnist dataset...
FPR@95: 27.79, AUROC: 91.79 AUPR_IN: 72.05, AUPR_OUT: 98.36
──────────────────────────────────────────────────────────────────────

Performing inference on svhn dataset...
Computing metrics on svhn dataset...
FPR@95: 17.04, AUROC: 94.03 AUPR_IN: 91.09, AUPR_OUT: 96.90
──────────────────────────────────────────────────────────────────────

Performing inference on texture dataset...
Computing metrics on texture dataset...
FPR@95: 24.51, AUROC: 92.44 AUPR_IN: 95.37, AUPR_OUT: 86.28
──────────────────────────────────────────────────────────────────────

Performing inference on places365 dataset...
Computing metrics on places365 dataset...
FPR@95: 67.26, AUROC: 85.19 AUPR_IN: 61.65, AUPR_OUT: 95.04
──────────────────────────────────────────────────────────────────────

Computing mean metrics...
FPR@95: 34.15, AUROC: 90.86 AUPR_IN: 80.04, AUPR_OUT: 94.15
──────────────────────────────────────────────────────────────────────

           FPR@95  AUROC  AUPR_IN  AUPR_OUT   ACC
cifar100    59.60  86.43    85.13     85.05 95.22
tin         51.26  88.35    89.65     85.13 95.22
nearood     55.43  87.39    87.39     85.09 95.22
mnist       27.79  91.79    72.05     98.36 95.22
svhn        17.04  94.03    91.09     96.90 95.22
texture     24.51  92.44    95.37     86.28 95.22
places365   67.26  85.19    61.65     95.04 95.22
farood      34.15  90.86    80.04     94.15 95.22

--- RFF Diagnostics (234660 samples) ./results/cifar10_resnet18_32x32_base_e100_lr0.1_default/s0/diagnostics/rff_twohop_vw.npz ---
  Classes above threshold: mean=0.6, zero=49.7%, one=44.1%, multi(>1)=6.2%
  Max score: mean=27.9024, std=59.4079
  Margin (max-2nd): mean=7.1742, std=10.0776

--- RFF Per-Class Analysis → ./results/cifar10_resnet18_32x32_base_e100_lr0.1_default/s0/diagnostics/rff_twohop_vw_per_class.csv ---
  id_test  multi_rate: mean=0.0000, max=0.0000
  cifar100        multi_rate: mean=0.0000, max=0.0000
  tin             multi_rate: mean=0.0000, max=0.0000
  mnist           multi_rate: mean=0.0000, max=0.0000
  svhn            multi_rate: mean=0.0000, max=0.0000
  texture         multi_rate: mean=0.0000, max=0.0000
  places365       multi_rate: mean=0.0000, max=0.0001

--- RFF Debug Plots → ./results/cifar10_resnet18_32x32_base_e100_lr0.1_default/s0/diagnostics ---
  Kernel dist: mean=0.1336, std=0.2506, min=-0.1389, max=1.0131
  φ(x) stats per split:
    train          : mean=0.00086, std=0.04420
    val            : mean=0.00082, std=0.04421
    id_test        : mean=0.00082, std=0.04416
    cifar100       : mean=0.00037, std=0.04414
    tin            : mean=0.00018, std=0.04416
    mnist          : mean=-0.00136, std=0.04440
    svhn           : mean=0.00099, std=0.04403
    texture        : mean=-0.00015, std=0.04409
    places365      : mean=0.00029, std=0.04413
  Score dist:
    id_test        : mean=11.1123, std=3.1095, n=9000
    cifar100       : mean=6.9371, std=2.4649, n=9000
    tin            : mean=6.6440, std=2.2252, n=7793
    mnist          : mean=6.2587, std=1.8134, n=70000
    svhn           : mean=5.8708, std=1.5964, n=26032
    texture        : mean=6.0501, std=1.9293, n=5640
    places365      : mean=7.0252, std=2.4536, n=35195
  Debug stats → ./results/cifar10_resnet18_32x32_base_e100_lr0.1_default/s0/diagnostics/rff_debug_stats.csv

==================================================
Setting up RFF Kernel Attention OOD detector...
  sigma (bandwidth): 0.5
  D (RFF dimension): 1024
  alpha (target FPR): 0.05
  feature_space: penultimate
  normalize: True
  score_mode: twohop
  variance_weighted: True
==================================================
Extracted 50000 train features of dim 512
  Feature norm (mean): 6.1819
  Number of classes: 10
Extracted 1000 val features for threshold
Per-class embedding norms (mean): 0.9005
Per-class score variance (mean): 0.003728
Threshold (twohop) at 5.0%: 5.5250
Max threshold (for diagnostics) at 5.0%: 7.0288
RFF setup complete.

Starting automatic parameter search...
Hyperparam: [0.1, 512, 0.025], auroc: 0.763615
Hyperparam: [0.5, 512, 0.025], auroc: 0.83938
Hyperparam: [1.0, 512, 0.025], auroc: 0.6573235000000001
Hyperparam: [2.0, 512, 0.025], auroc: 0.35807949999999994
Hyperparam: [0.1, 1024, 0.025], auroc: 0.805302
Hyperparam: [0.5, 1024, 0.025], auroc: 0.848317
Hyperparam: [1.0, 1024, 0.025], auroc: 0.7208130000000001
Hyperparam: [2.0, 1024, 0.025], auroc: 0.3855095
Hyperparam: [0.1, 2048, 0.025], auroc: 0.8218660000000001
Hyperparam: [0.5, 2048, 0.025], auroc: 0.8554869999999999
Hyperparam: [1.0, 2048, 0.025], auroc: 0.691991
Hyperparam: [2.0, 2048, 0.025], auroc: 0.42439950000000004
Hyperparam: [0.1, 512, 0.05], auroc: 0.7628600000000001
Hyperparam: [0.5, 512, 0.05], auroc: 0.83694
Hyperparam: [1.0, 512, 0.05], auroc: 0.724554
Hyperparam: [2.0, 512, 0.05], auroc: 0.296048
Hyperparam: [0.1, 1024, 0.05], auroc: 0.7933229999999999
Hyperparam: [0.5, 1024, 0.05], auroc: 0.868626
Hyperparam: [1.0, 1024, 0.05], auroc: 0.667687
Hyperparam: [2.0, 1024, 0.05], auroc: 0.3817855
Hyperparam: [0.1, 2048, 0.05], auroc: 0.7960870000000001
Hyperparam: [0.5, 2048, 0.05], auroc: 0.8566269999999999
Hyperparam: [1.0, 2048, 0.05], auroc: 0.6640035
Hyperparam: [2.0, 2048, 0.05], auroc: 0.3978505000000001
Hyperparam: [0.1, 512, 0.1], auroc: 0.779148
Hyperparam: [0.5, 512, 0.1], auroc: 0.86351
Hyperparam: [1.0, 512, 0.1], auroc: 0.701123
Hyperparam: [2.0, 512, 0.1], auroc: 0.344797
Hyperparam: [0.1, 1024, 0.1], auroc: 0.79599
Hyperparam: [0.5, 1024, 0.1], auroc: 0.851059
Hyperparam: [1.0, 1024, 0.1], auroc: 0.645282
Hyperparam: [2.0, 1024, 0.1], auroc: 0.39681
Hyperparam: [0.1, 2048, 0.1], auroc: 0.8181630000000001
Hyperparam: [0.5, 2048, 0.1], auroc: 0.856622
Hyperparam: [1.0, 2048, 0.1], auroc: 0.719307
Hyperparam: [2.0, 2048, 0.1], auroc: 0.40493049999999997
Final hyperparam: [0.5, 1024, 0.05, True]
Performing inference on cifar10 test set...
Processing near ood...
Performing inference on cifar100 dataset...
Computing metrics on cifar100 dataset...
FPR@95: 63.41, AUROC: 85.74 AUPR_IN: 84.17, AUPR_OUT: 84.35
──────────────────────────────────────────────────────────────────────

Performing inference on tin dataset...
Computing metrics on tin dataset...
FPR@95: 51.32, AUROC: 88.13 AUPR_IN: 89.58, AUPR_OUT: 84.54
──────────────────────────────────────────────────────────────────────

Computing mean metrics...
FPR@95: 57.37, AUROC: 86.94 AUPR_IN: 86.88, AUPR_OUT: 84.44
──────────────────────────────────────────────────────────────────────

Processing far ood...
Performing inference on mnist dataset...
Computing metrics on mnist dataset...
FPR@95: 19.12, AUROC: 94.40 AUPR_IN: 83.78, AUPR_OUT: 98.98
──────────────────────────────────────────────────────────────────────

Performing inference on svhn dataset...
Computing metrics on svhn dataset...
FPR@95: 19.80, AUROC: 94.00 AUPR_IN: 89.62, AUPR_OUT: 97.10
──────────────────────────────────────────────────────────────────────

Performing inference on texture dataset...
Computing metrics on texture dataset...
FPR@95: 38.58, AUROC: 90.39 AUPR_IN: 93.82, AUPR_OUT: 83.01
──────────────────────────────────────────────────────────────────────

Performing inference on places365 dataset...
Computing metrics on places365 dataset...
FPR@95: 71.36, AUROC: 84.56 AUPR_IN: 58.97, AUPR_OUT: 94.96
──────────────────────────────────────────────────────────────────────

Computing mean metrics...
FPR@95: 37.21, AUROC: 90.84 AUPR_IN: 81.55, AUPR_OUT: 93.51
──────────────────────────────────────────────────────────────────────

           FPR@95  AUROC  AUPR_IN  AUPR_OUT   ACC
cifar100    63.41  85.74    84.17     84.35 94.63
tin         51.32  88.13    89.58     84.54 94.63
nearood     57.37  86.94    86.88     84.44 94.63
mnist       19.12  94.40    83.78     98.98 94.63
svhn        19.80  94.00    89.62     97.10 94.63
texture     38.58  90.39    93.82     83.01 94.63
places365   71.36  84.56    58.97     94.96 94.63
farood      37.21  90.84    81.55     93.51 94.63

--- RFF Diagnostics (234660 samples) ./results/cifar10_resnet18_32x32_base_e100_lr0.1_default/s1/diagnostics/rff_twohop_vw.npz ---
  Classes above threshold: mean=0.7, zero=37.4%, one=55.0%, multi(>1)=7.6%
  Max score: mean=25.8894, std=54.7937
  Margin (max-2nd): mean=6.0295, std=8.5335

--- RFF Per-Class Analysis → ./results/cifar10_resnet18_32x32_base_e100_lr0.1_default/s1/diagnostics/rff_twohop_vw_per_class.csv ---
  id_test  multi_rate: mean=0.0024, max=0.0111
  cifar100        multi_rate: mean=0.0069, max=0.0426
  tin             multi_rate: mean=0.0044, max=0.0319
  mnist           multi_rate: mean=0.0000, max=0.0002
  svhn            multi_rate: mean=0.0034, max=0.0250
  texture         multi_rate: mean=0.0045, max=0.0296
  places365       multi_rate: mean=0.0066, max=0.0507

--- RFF Debug Plots → ./results/cifar10_resnet18_32x32_base_e100_lr0.1_default/s1/diagnostics ---
  Kernel dist: mean=0.1339, std=0.2293, min=-0.0502, max=0.9696
  φ(x) stats per split:
    train          : mean=0.00068, std=0.03119
    val            : mean=0.00068, std=0.03121
    id_test        : mean=0.00067, std=0.03119
    cifar100       : mean=0.00062, std=0.03129
    tin            : mean=0.00065, std=0.03129
    mnist          : mean=0.00077, std=0.03114
    svhn           : mean=0.00069, std=0.03108
    texture        : mean=0.00052, std=0.03134
    places365      : mean=0.00090, std=0.03120
  Score dist:
    id_test        : mean=10.3290, std=2.6570, n=9000
    cifar100       : mean=6.6379, std=2.2426, n=9000
    tin            : mean=6.3676, std=1.9831, n=7793
    mnist          : mean=5.4029, std=1.4748, n=70000
    svhn           : mean=5.4927, std=1.4899, n=26032
    texture        : mean=6.0579, std=1.7964, n=5640
    places365      : mean=6.6929, std=2.3390, n=35195
  Debug stats → ./results/cifar10_resnet18_32x32_base_e100_lr0.1_default/s1/diagnostics/rff_debug_stats.csv

==================================================
Setting up RFF Kernel Attention OOD detector...
  sigma (bandwidth): 0.5
  D (RFF dimension): 1024
  alpha (target FPR): 0.05
  feature_space: penultimate
  normalize: True
  score_mode: twohop
  variance_weighted: True
==================================================
Extracted 50000 train features of dim 512
  Feature norm (mean): 6.1273
  Number of classes: 10
Extracted 1000 val features for threshold
Per-class embedding norms (mean): 0.9124
Per-class score variance (mean): 0.003290
Threshold (twohop) at 5.0%: 6.4645
Max threshold (for diagnostics) at 5.0%: 7.9952
RFF setup complete.

Starting automatic parameter search...
Hyperparam: [0.1, 512, 0.025], auroc: 0.785659
Hyperparam: [0.5, 512, 0.025], auroc: 0.831435
Hyperparam: [1.0, 512, 0.025], auroc: 0.6033395
Hyperparam: [2.0, 512, 0.025], auroc: 0.40332
Hyperparam: [0.1, 1024, 0.025], auroc: 0.804808
Hyperparam: [0.5, 1024, 0.025], auroc: 0.8521299999999999
Hyperparam: [1.0, 1024, 0.025], auroc: 0.726022
Hyperparam: [2.0, 1024, 0.025], auroc: 0.40398300000000004
Hyperparam: [0.1, 2048, 0.025], auroc: 0.816735
Hyperparam: [0.5, 2048, 0.025], auroc: 0.845097
Hyperparam: [1.0, 2048, 0.025], auroc: 0.650388
Hyperparam: [2.0, 2048, 0.025], auroc: 0.347603
Hyperparam: [0.1, 512, 0.05], auroc: 0.7894589999999999
Hyperparam: [0.5, 512, 0.05], auroc: 0.8467220000000001
Hyperparam: [1.0, 512, 0.05], auroc: 0.638677
Hyperparam: [2.0, 512, 0.05], auroc: 0.381708
Hyperparam: [0.1, 1024, 0.05], auroc: 0.795132
Hyperparam: [0.5, 1024, 0.05], auroc: 0.8404150000000001
Hyperparam: [1.0, 1024, 0.05], auroc: 0.7119909999999999
Hyperparam: [2.0, 1024, 0.05], auroc: 0.3288575
Hyperparam: [0.1, 2048, 0.05], auroc: 0.8030240000000002
Hyperparam: [0.5, 2048, 0.05], auroc: 0.8546279999999999
Hyperparam: [1.0, 2048, 0.05], auroc: 0.6754675
Hyperparam: [2.0, 2048, 0.05], auroc: 0.346957
Hyperparam: [0.1, 512, 0.1], auroc: 0.780136
Hyperparam: [0.5, 512, 0.1], auroc: 0.8239759999999999
Hyperparam: [1.0, 512, 0.1], auroc: 0.5714655000000001
Hyperparam: [2.0, 512, 0.1], auroc: 0.453292
Hyperparam: [0.1, 1024, 0.1], auroc: 0.8035779999999999
Hyperparam: [0.5, 1024, 0.1], auroc: 0.8629859999999999
Hyperparam: [1.0, 1024, 0.1], auroc: 0.610451
Hyperparam: [2.0, 1024, 0.1], auroc: 0.39055
Hyperparam: [0.1, 2048, 0.1], auroc: 0.8120019999999999
Hyperparam: [0.5, 2048, 0.1], auroc: 0.842676
Hyperparam: [1.0, 2048, 0.1], auroc: 0.627689
Hyperparam: [2.0, 2048, 0.1], auroc: 0.390988
Final hyperparam: [0.5, 1024, 0.1, True]
Performing inference on cifar10 test set...
Processing near ood...
Performing inference on cifar100 dataset...
Computing metrics on cifar100 dataset...
FPR@95: 65.03, AUROC: 85.75 AUPR_IN: 83.87, AUPR_OUT: 84.59
──────────────────────────────────────────────────────────────────────

Performing inference on tin dataset...
Computing metrics on tin dataset...
FPR@95: 56.14, AUROC: 87.45 AUPR_IN: 88.46, AUPR_OUT: 84.35
──────────────────────────────────────────────────────────────────────

Computing mean metrics...
FPR@95: 60.59, AUROC: 86.60 AUPR_IN: 86.17, AUPR_OUT: 84.47
──────────────────────────────────────────────────────────────────────

Processing far ood...
Performing inference on mnist dataset...
Computing metrics on mnist dataset...
FPR@95: 23.22, AUROC: 93.20 AUPR_IN: 81.35, AUPR_OUT: 98.74
──────────────────────────────────────────────────────────────────────

Performing inference on svhn dataset...
Computing metrics on svhn dataset...
FPR@95: 19.26, AUROC: 93.26 AUPR_IN: 90.00, AUPR_OUT: 96.37
──────────────────────────────────────────────────────────────────────

Performing inference on texture dataset...
Computing metrics on texture dataset...
FPR@95: 37.44, AUROC: 91.17 AUPR_IN: 94.42, AUPR_OUT: 84.90
──────────────────────────────────────────────────────────────────────

Performing inference on places365 dataset...
Computing metrics on places365 dataset...
FPR@95: 75.48, AUROC: 81.61 AUPR_IN: 52.23, AUPR_OUT: 93.96
──────────────────────────────────────────────────────────────────────

Computing mean metrics...
FPR@95: 38.85, AUROC: 89.81 AUPR_IN: 79.50, AUPR_OUT: 93.49
──────────────────────────────────────────────────────────────────────

           FPR@95  AUROC  AUPR_IN  AUPR_OUT   ACC
cifar100    65.03  85.75    83.87     84.59 95.32
tin         56.14  87.45    88.46     84.35 95.32
nearood     60.59  86.60    86.17     84.47 95.32
mnist       23.22  93.20    81.35     98.74 95.32
svhn        19.26  93.26    90.00     96.37 95.32
texture     37.44  91.17    94.42     84.90 95.32
places365   75.48  81.61    52.23     93.96 95.32
farood      38.85  89.81    79.50     93.49 95.32

--- RFF Diagnostics (234660 samples) ./results/cifar10_resnet18_32x32_base_e100_lr0.1_default/s2/diagnostics/rff_twohop_vw.npz ---
  Classes above threshold: mean=0.6, zero=50.0%, one=40.7%, multi(>1)=9.3%
  Max score: mean=27.5818, std=57.5946
  Margin (max-2nd): mean=6.3828, std=7.6148

--- RFF Per-Class Analysis → ./results/cifar10_resnet18_32x32_base_e100_lr0.1_default/s2/diagnostics/rff_twohop_vw_per_class.csv ---
  id_test  multi_rate: mean=0.0000, max=0.0000
  cifar100        multi_rate: mean=0.0000, max=0.0000
  tin             multi_rate: mean=0.0000, max=0.0000
  mnist           multi_rate: mean=0.0000, max=0.0000
  svhn            multi_rate: mean=0.0000, max=0.0000
  texture         multi_rate: mean=0.0000, max=0.0000
  places365       multi_rate: mean=0.0000, max=0.0000

--- RFF Debug Plots → ./results/cifar10_resnet18_32x32_base_e100_lr0.1_default/s2/diagnostics ---
  Kernel dist: mean=0.1342, std=0.2347, min=-0.0330, max=0.9876
  φ(x) stats per split:
    train          : mean=0.00076, std=0.03129
    val            : mean=0.00077, std=0.03127
    id_test        : mean=0.00079, std=0.03127
    cifar100       : mean=0.00089, std=0.03130
    tin            : mean=0.00091, std=0.03128
    mnist          : mean=0.00099, std=0.03122
    svhn           : mean=0.00100, std=0.03135
    texture        : mean=0.00067, std=0.03128
    places365      : mean=0.00131, std=0.03127
  Score dist:
    id_test        : mean=11.5235, std=2.8704, n=9000
    cifar100       : mean=7.3047, std=2.6441, n=9000
    tin            : mean=7.0484, std=2.4486, n=7793
    mnist          : mean=6.1913, std=1.8404, n=70000
    svhn           : mean=6.3143, std=1.6662, n=26032
    texture        : mean=6.4410, std=2.1172, n=5640
    places365      : mean=7.7990, std=2.9026, n=35195
  Debug stats → ./results/cifar10_resnet18_32x32_base_e100_lr0.1_default/s2/diagnostics/rff_debug_stats.csv
=== Done | Wed Mar 18 04:33:56 AM EDT 2026 ===
---------------------------------------
Begin Slurm Epilog: Mar-18-2026 04:33:56
Job ID:        4494852
Array Job ID:  4489301_0
User ID:       ksalzman3
Account:       coc
Job name:      rff_twohop_vw
Resources:     cpu=4,gres/gpu:a100=1,mem=32G,node=1
Rsrc Used:     cput=00:45:56,vmem=0,walltime=00:11:29,mem=5532408K,energy_used=0
Partition:     ice-gpu
QOS:           coc-ice
Nodes:         atl1-1-01-005-15-0
---------------------------------------
