---------------------------------------
Begin Slurm Prolog: May-28-2026 15:31:06
Job ID:    5340636
User ID:   ksalzman3
Account:   coc
Job name:  rff_pa_mlminmax
Partition: ice-gpu
QOS:       coc-ice
---------------------------------------
=== rff_predictor_aware_vw_mlminmax | imagenet200 | Thu May 28 03:31:12 PM EDT 2026 ===
Postprocessor_name is ignored because postprocessor is passed
[Timing] Setup: 1.1s
Loaded pre-computed scores from file.
Processing near ood...
Inference has been performed on ssb_hard dataset...
Computing metrics on ssb_hard dataset...
FPR@95: 78.74, AUROC: 79.01 AUPR_IN: 37.13, AUPR_OUT: 94.82
──────────────────────────────────────────────────────────────────────

Inference has been performed on ninco dataset...
Computing metrics on ninco dataset...
FPR@95: 55.87, AUROC: 85.84 AUPR_IN: 89.42, AUPR_OUT: 78.41
──────────────────────────────────────────────────────────────────────

Computing mean metrics...
FPR@95: 67.31, AUROC: 82.43 AUPR_IN: 63.28, AUPR_OUT: 86.62
──────────────────────────────────────────────────────────────────────

Processing far ood...
Inference has been performed on inaturalist dataset...
Computing metrics on inaturalist dataset...
FPR@95: 21.17, AUROC: 95.01 AUPR_IN: 95.05, AUPR_OUT: 95.02
──────────────────────────────────────────────────────────────────────

Inference has been performed on textures dataset...
Computing metrics on textures dataset...
FPR@95: 32.66, AUROC: 92.47 AUPR_IN: 94.97, AUPR_OUT: 88.62
──────────────────────────────────────────────────────────────────────

Inference has been performed on openimage_o dataset...
Computing metrics on openimage_o dataset...
FPR@95: 43.96, AUROC: 88.23 AUPR_IN: 81.53, AUPR_OUT: 92.06
──────────────────────────────────────────────────────────────────────

Computing mean metrics...
FPR@95: 32.59, AUROC: 91.90 AUPR_IN: 90.52, AUPR_OUT: 91.90
──────────────────────────────────────────────────────────────────────

             FPR@95  AUROC  AUPR_IN  AUPR_OUT   ACC
ssb_hard      78.74  79.01    37.13     94.82 86.39
ninco         55.87  85.84    89.42     78.41 86.39
nearood       67.31  82.43    63.28     86.62 86.39
inaturalist   21.17  95.01    95.05     95.02 86.39
textures      32.66  92.47    94.97     88.62 86.39
openimage_o   43.96  88.23    81.53     92.06 86.39
farood        32.59  91.90    90.52     91.90 86.39
[Timing] Eval:  0.1s

==================================================
Setting up RFF Kernel Attention OOD detector...
  sigma (bandwidth): 0.5
  D (RFF dimension): 2048
  alpha (target FPR): 0.05
  feature_space: multilayer_minmax_concat
  normalize: True
  score_mode: predictor_aware
  variance_weighted: True
==================================================
Extracted 258951 train features of dim 1920 (multilayer_minmax_concat, 4 layers)
  Feature norm (mean): 23.3298
  Number of classes: 200
Extracted 1000 val features for threshold
Per-class embedding norms (mean): 1.0000
Per-class score variance (mean): 0.007062
Threshold (predictor_aware) at 5.0%: 4.4497
Max threshold (for diagnostics) at 5.0%: 7.1936
RFF setup complete.

[Timing] Setup: 544.3s
Performing inference on imagenet200 test set...
Processing near ood...
Performing inference on ssb_hard dataset...
Computing metrics on ssb_hard dataset...
FPR@95: 78.76, AUROC: 79.02 AUPR_IN: 36.93, AUPR_OUT: 94.84
──────────────────────────────────────────────────────────────────────

Performing inference on ninco dataset...
Computing metrics on ninco dataset...
FPR@95: 62.90, AUROC: 84.65 AUPR_IN: 87.66, AUPR_OUT: 77.99
──────────────────────────────────────────────────────────────────────

Computing mean metrics...
FPR@95: 70.83, AUROC: 81.83 AUPR_IN: 62.30, AUPR_OUT: 86.41
──────────────────────────────────────────────────────────────────────

Processing far ood...
Performing inference on inaturalist dataset...
Computing metrics on inaturalist dataset...
FPR@95: 21.42, AUROC: 94.56 AUPR_IN: 94.57, AUPR_OUT: 94.52
──────────────────────────────────────────────────────────────────────

Performing inference on textures dataset...
Computing metrics on textures dataset...
FPR@95: 33.96, AUROC: 92.54 AUPR_IN: 95.17, AUPR_OUT: 88.76
──────────────────────────────────────────────────────────────────────

Performing inference on openimage_o dataset...
Computing metrics on openimage_o dataset...
FPR@95: 44.86, AUROC: 88.10 AUPR_IN: 81.26, AUPR_OUT: 91.93
──────────────────────────────────────────────────────────────────────

Computing mean metrics...
FPR@95: 33.41, AUROC: 91.73 AUPR_IN: 90.33, AUPR_OUT: 91.73
──────────────────────────────────────────────────────────────────────

             FPR@95  AUROC  AUPR_IN  AUPR_OUT   ACC
ssb_hard      78.76  79.02    36.93     94.84 86.47
ninco         62.90  84.65    87.66     77.99 86.47
nearood       70.83  81.83    62.30     86.41 86.47
inaturalist   21.42  94.56    94.57     94.52 86.47
textures      33.96  92.54    95.17     88.76 86.47
openimage_o   44.86  88.10    81.26     91.93 86.47
farood        33.41  91.73    90.33     91.73 86.47
[Timing] Eval:  206.3s

==================================================
Setting up RFF Kernel Attention OOD detector...
  sigma (bandwidth): 0.5
  D (RFF dimension): 2048
  alpha (target FPR): 0.05
  feature_space: multilayer_minmax_concat
  normalize: True
  score_mode: predictor_aware
  variance_weighted: True
==================================================
Extracted 258951 train features of dim 1920 (multilayer_minmax_concat, 4 layers)
  Feature norm (mean): 23.4824
  Number of classes: 200
Extracted 1000 val features for threshold
Per-class embedding norms (mean): 1.0000
Per-class score variance (mean): 0.006899
Threshold (predictor_aware) at 5.0%: 4.5649
Max threshold (for diagnostics) at 5.0%: 7.3230
RFF setup complete.

[Timing] Setup: 557.4s
Performing inference on imagenet200 test set...
Processing near ood...
Performing inference on ssb_hard dataset...
Computing metrics on ssb_hard dataset...
FPR@95: 78.27, AUROC: 78.71 AUPR_IN: 36.87, AUPR_OUT: 94.78
──────────────────────────────────────────────────────────────────────

Performing inference on ninco dataset...
Computing metrics on ninco dataset...
FPR@95: 62.27, AUROC: 85.03 AUPR_IN: 88.28, AUPR_OUT: 78.19
──────────────────────────────────────────────────────────────────────

Computing mean metrics...
FPR@95: 70.27, AUROC: 81.87 AUPR_IN: 62.57, AUPR_OUT: 86.48
──────────────────────────────────────────────────────────────────────

Processing far ood...
Performing inference on inaturalist dataset...
Computing metrics on inaturalist dataset...
FPR@95: 26.66, AUROC: 94.07 AUPR_IN: 93.36, AUPR_OUT: 94.43
──────────────────────────────────────────────────────────────────────

Performing inference on textures dataset...
Computing metrics on textures dataset...
FPR@95: 31.83, AUROC: 92.82 AUPR_IN: 95.40, AUPR_OUT: 89.02
──────────────────────────────────────────────────────────────────────

Performing inference on openimage_o dataset...
Computing metrics on openimage_o dataset...
FPR@95: 51.43, AUROC: 87.32 AUPR_IN: 79.39, AUPR_OUT: 91.72
──────────────────────────────────────────────────────────────────────

Computing mean metrics...
FPR@95: 36.64, AUROC: 91.40 AUPR_IN: 89.38, AUPR_OUT: 91.72
──────────────────────────────────────────────────────────────────────

             FPR@95  AUROC  AUPR_IN  AUPR_OUT   ACC
ssb_hard      78.27  78.71    36.87     94.78 86.27
ninco         62.27  85.03    88.28     78.19 86.27
nearood       70.27  81.87    62.57     86.48 86.27
inaturalist   26.66  94.07    93.36     94.43 86.27
textures      31.83  92.82    95.40     89.02 86.27
openimage_o   51.43  87.32    79.39     91.72 86.27
farood        36.64  91.40    89.38     91.72 86.27
[Timing] Eval:  202.5s

[Timing Summary]
  Setup: 367.6s ± 259.2s per seed
  Eval:  136.3s ± 96.3s per seed
  Total: 1511.7s across 3 seeds
=== Done | Thu May 28 04:00:02 PM EDT 2026 ===
---------------------------------------
Begin Slurm Epilog: May-28-2026 16:00:02
Job ID:        5340636
Array Job ID:  5340636_2
User ID:       ksalzman3
Account:       coc
Job name:      rff_pa_mlminmax
Resources:     cpu=4,gres/gpu:h200=1,mem=48G,node=1
Rsrc Used:     cput=00:49:00,vmem=0,walltime=00:12:15,mem=4104056K,energy_used=0
Partition:     ice-gpu
QOS:           coc-ice
Nodes:         atl1-1-03-017-2-0
---------------------------------------
