---------------------------------------
Begin Slurm Prolog: Mar-20-2026 14:29:38
Job ID:    4508793
User ID:   ksalzman3
Account:   coc
Job name:  rff_max_vw_whiten
Partition: ice-gpu
QOS:       coc-ice
---------------------------------------
=== rff_max_vw_whiten | cifar10 | Fri Mar 20 02:29:46 PM EDT 2026 ===

==================================================
Setting up RFF Kernel Attention OOD detector...
  sigma (bandwidth): 0.5
  D (RFF dimension): 1024
  alpha (target FPR): 0.05
  feature_space: penultimate
  normalize: True
  score_mode: max
  variance_weighted: True
==================================================
Extracted 50000 train features of dim 512
  Feature norm (mean): 6.3358
  Number of classes: 10
Extracted 1000 val features for threshold
Per-class embedding norms (mean): 0.1442
Per-class score variance (mean): 0.000020
Threshold (max) at 5.0%: 3.1461
Max threshold (for diagnostics) at 5.0%: 3.1461
RFF setup complete.

Starting automatic parameter search...
Hyperparam: [0.1, 512, 0.025], auroc: 0.496937
Hyperparam: [0.5, 512, 0.025], auroc: 0.513724
Hyperparam: [1.0, 512, 0.025], auroc: 0.5202939999999999
Hyperparam: [2.0, 512, 0.025], auroc: 0.49328
Hyperparam: [0.1, 1024, 0.025], auroc: 0.515793
Hyperparam: [0.5, 1024, 0.025], auroc: 0.524363
Hyperparam: [1.0, 1024, 0.025], auroc: 0.48091399999999995
Hyperparam: [2.0, 1024, 0.025], auroc: 0.409571
Hyperparam: [0.1, 2048, 0.025], auroc: 0.5096075
Hyperparam: [0.5, 2048, 0.025], auroc: 0.5464500000000001
Hyperparam: [1.0, 2048, 0.025], auroc: 0.5719745
Hyperparam: [2.0, 2048, 0.025], auroc: 0.5367824999999999
Hyperparam: [0.1, 512, 0.05], auroc: 0.528003
Hyperparam: [0.5, 512, 0.05], auroc: 0.5185265
Hyperparam: [1.0, 512, 0.05], auroc: 0.546982
Hyperparam: [2.0, 512, 0.05], auroc: 0.440029
Hyperparam: [0.1, 1024, 0.05], auroc: 0.5209059999999999
Hyperparam: [0.5, 1024, 0.05], auroc: 0.5381589999999999
Hyperparam: [1.0, 1024, 0.05], auroc: 0.564909
Hyperparam: [2.0, 1024, 0.05], auroc: 0.5282365
Hyperparam: [0.1, 2048, 0.05], auroc: 0.47589449999999994
Hyperparam: [0.5, 2048, 0.05], auroc: 0.5415449999999999
Hyperparam: [1.0, 2048, 0.05], auroc: 0.5523885
Hyperparam: [2.0, 2048, 0.05], auroc: 0.5361005
Hyperparam: [0.1, 512, 0.1], auroc: 0.50738
Hyperparam: [0.5, 512, 0.1], auroc: 0.515917
Hyperparam: [1.0, 512, 0.1], auroc: 0.5159155
Hyperparam: [2.0, 512, 0.1], auroc: 0.515434
Hyperparam: [0.1, 1024, 0.1], auroc: 0.48220399999999997
Hyperparam: [0.5, 1024, 0.1], auroc: 0.539822
Hyperparam: [1.0, 1024, 0.1], auroc: 0.49405599999999994
Hyperparam: [2.0, 1024, 0.1], auroc: 0.49840450000000003
Hyperparam: [0.1, 2048, 0.1], auroc: 0.509053
Hyperparam: [0.5, 2048, 0.1], auroc: 0.554443
Hyperparam: [1.0, 2048, 0.1], auroc: 0.5182800000000001
Hyperparam: [2.0, 2048, 0.1], auroc: 0.5033080000000001
Final hyperparam: [1.0, 2048, 0.025, True]
Performing inference on cifar10 test set...
Processing near ood...
Performing inference on cifar100 dataset...
Computing metrics on cifar100 dataset...
FPR@95: 93.89, AUROC: 50.31 AUPR_IN: 51.29, AUPR_OUT: 49.23
──────────────────────────────────────────────────────────────────────

Performing inference on tin dataset...
Computing metrics on tin dataset...
FPR@95: 94.12, AUROC: 49.53 AUPR_IN: 54.45, AUPR_OUT: 45.07
──────────────────────────────────────────────────────────────────────

Computing mean metrics...
FPR@95: 94.01, AUROC: 49.92 AUPR_IN: 52.87, AUPR_OUT: 47.15
──────────────────────────────────────────────────────────────────────

Processing far ood...
Performing inference on mnist dataset...
Computing metrics on mnist dataset...
FPR@95: 89.83, AUROC: 50.65 AUPR_IN: 14.25, AUPR_OUT: 87.19
──────────────────────────────────────────────────────────────────────

Performing inference on svhn dataset...
Computing metrics on svhn dataset...
FPR@95: 96.34, AUROC: 38.24 AUPR_IN: 21.07, AUPR_OUT: 66.46
──────────────────────────────────────────────────────────────────────

Performing inference on texture dataset...
Computing metrics on texture dataset...
FPR@95: 93.50, AUROC: 48.65 AUPR_IN: 61.90, AUPR_OUT: 36.35
──────────────────────────────────────────────────────────────────────

Performing inference on places365 dataset...
Computing metrics on places365 dataset...
FPR@95: 94.78, AUROC: 48.75 AUPR_IN: 20.13, AUPR_OUT: 78.52
──────────────────────────────────────────────────────────────────────

Computing mean metrics...
FPR@95: 93.61, AUROC: 46.57 AUPR_IN: 29.34, AUPR_OUT: 67.13
──────────────────────────────────────────────────────────────────────

           FPR@95  AUROC  AUPR_IN  AUPR_OUT   ACC
cifar100    93.89  50.31    51.29     49.23 95.22
tin         94.12  49.53    54.45     45.07 95.22
nearood     94.01  49.92    52.87     47.15 95.22
mnist       89.83  50.65    14.25     87.19 95.22
svhn        96.34  38.24    21.07     66.46 95.22
texture     93.50  48.65    61.90     36.35 95.22
places365   94.78  48.75    20.13     78.52 95.22
farood      93.61  46.57    29.34     67.13 95.22

--- RFF Diagnostics (234660 samples) ./results/cifar10_resnet18_32x32_base_e100_lr0.1_default/s0/diagnostics/rff_max_vw_whiten.npz ---
  Classes above threshold: mean=6.3, zero=2.7%, one=8.7%, multi(>1)=88.6%
  Max score: mean=36.8769, std=20.2231
  Margin (max-2nd): mean=0.7926, std=0.4700

--- RFF Per-Class Analysis → ./results/cifar10_resnet18_32x32_base_e100_lr0.1_default/s0/diagnostics/rff_max_vw_whiten_per_class.csv ---
  id_test  multi_rate: mean=0.7037, max=1.0000
  cifar100        multi_rate: mean=0.6173, max=1.0000
  tin             multi_rate: mean=0.4499, max=1.0000
  mnist           multi_rate: mean=0.3896, max=1.0000
  svhn            multi_rate: mean=0.2788, max=0.9799
  texture         multi_rate: mean=0.2256, max=0.9231
  places365       multi_rate: mean=0.6356, max=1.0000

--- RFF Debug Plots → ./results/cifar10_resnet18_32x32_base_e100_lr0.1_default/s0/diagnostics ---
  Kernel dist: mean=0.3676, std=0.0256, min=0.2629, max=0.4925
  φ(x) stats per split:
    train          : mean=-0.00015, std=0.02210
    val            : mean=-0.00017, std=0.02209
    id_test        : mean=-0.00016, std=0.02209
    cifar100       : mean=-0.00021, std=0.02209
    tin            : mean=-0.00024, std=0.02210
    mnist          : mean=-0.00036, std=0.02212
    svhn           : mean=-0.00015, std=0.02212
    texture        : mean=-0.00024, std=0.02211
    places365      : mean=-0.00024, std=0.02210
  Score dist:
    id_test        : mean=39.8560, std=1.0900, n=9000
    cifar100       : mean=39.8462, std=1.0175, n=9000
    tin            : mean=39.8721, std=1.0106, n=7793
    mnist          : mean=39.8354, std=0.8485, n=70000
    svhn           : mean=40.2830, std=0.9598, n=26032
    texture        : mean=39.9067, std=0.9827, n=5640
    places365      : mean=39.9043, std=1.0428, n=35195
  Debug stats → ./results/cifar10_resnet18_32x32_base_e100_lr0.1_default/s0/diagnostics/rff_debug_stats.csv

==================================================
Setting up RFF Kernel Attention OOD detector...
  sigma (bandwidth): 0.5
  D (RFF dimension): 1024
  alpha (target FPR): 0.05
  feature_space: penultimate
  normalize: True
  score_mode: max
  variance_weighted: True
==================================================
Extracted 50000 train features of dim 512
  Feature norm (mean): 6.1819
  Number of classes: 10
Extracted 1000 val features for threshold
Per-class embedding norms (mean): 0.1441
Per-class score variance (mean): 0.000020
Threshold (max) at 5.0%: 3.2121
Max threshold (for diagnostics) at 5.0%: 3.2121
RFF setup complete.

Starting automatic parameter search...
Hyperparam: [0.1, 512, 0.025], auroc: 0.516303
Hyperparam: [0.5, 512, 0.025], auroc: 0.5301640000000001
Hyperparam: [1.0, 512, 0.025], auroc: 0.5019235000000001
Hyperparam: [2.0, 512, 0.025], auroc: 0.5160264999999999
Hyperparam: [0.1, 1024, 0.025], auroc: 0.4987805
Hyperparam: [0.5, 1024, 0.025], auroc: 0.53825
Hyperparam: [1.0, 1024, 0.025], auroc: 0.547342
Hyperparam: [2.0, 1024, 0.025], auroc: 0.466009
Hyperparam: [0.1, 2048, 0.025], auroc: 0.49273
Hyperparam: [0.5, 2048, 0.025], auroc: 0.5636805
Hyperparam: [1.0, 2048, 0.025], auroc: 0.456634
Hyperparam: [2.0, 2048, 0.025], auroc: 0.5026090000000001
Hyperparam: [0.1, 512, 0.05], auroc: 0.487402
Hyperparam: [0.5, 512, 0.05], auroc: 0.5287014999999999
Hyperparam: [1.0, 512, 0.05], auroc: 0.466715
Hyperparam: [2.0, 512, 0.05], auroc: 0.552817
Hyperparam: [0.1, 1024, 0.05], auroc: 0.480073
Hyperparam: [0.5, 1024, 0.05], auroc: 0.528786
Hyperparam: [1.0, 1024, 0.05], auroc: 0.5377689999999999
Hyperparam: [2.0, 1024, 0.05], auroc: 0.5116585
Hyperparam: [0.1, 2048, 0.05], auroc: 0.5014689999999999
Hyperparam: [0.5, 2048, 0.05], auroc: 0.564301
Hyperparam: [1.0, 2048, 0.05], auroc: 0.4745695
Hyperparam: [2.0, 2048, 0.05], auroc: 0.536292
Hyperparam: [0.1, 512, 0.1], auroc: 0.49220200000000003
Hyperparam: [0.5, 512, 0.1], auroc: 0.520373
Hyperparam: [1.0, 512, 0.1], auroc: 0.493676
Hyperparam: [2.0, 512, 0.1], auroc: 0.48953599999999997
Hyperparam: [0.1, 1024, 0.1], auroc: 0.48333800000000005
Hyperparam: [0.5, 1024, 0.1], auroc: 0.528328
Hyperparam: [1.0, 1024, 0.1], auroc: 0.5160039999999999
Hyperparam: [2.0, 1024, 0.1], auroc: 0.5061035
Hyperparam: [0.1, 2048, 0.1], auroc: 0.5190159999999999
Hyperparam: [0.5, 2048, 0.1], auroc: 0.526666
Hyperparam: [1.0, 2048, 0.1], auroc: 0.45500300000000005
Hyperparam: [2.0, 2048, 0.1], auroc: 0.49182549999999997
Final hyperparam: [0.5, 2048, 0.05, True]
Performing inference on cifar10 test set...
Processing near ood...
Performing inference on cifar100 dataset...
Computing metrics on cifar100 dataset...
FPR@95: 91.60, AUROC: 56.10 AUPR_IN: 55.87, AUPR_OUT: 54.85
──────────────────────────────────────────────────────────────────────

Performing inference on tin dataset...
Computing metrics on tin dataset...
FPR@95: 91.38, AUROC: 56.45 AUPR_IN: 59.78, AUPR_OUT: 52.00
──────────────────────────────────────────────────────────────────────

Computing mean metrics...
FPR@95: 91.49, AUROC: 56.27 AUPR_IN: 57.82, AUPR_OUT: 53.42
──────────────────────────────────────────────────────────────────────

Processing far ood...
Performing inference on mnist dataset...
Computing metrics on mnist dataset...
FPR@95: 79.51, AUROC: 70.61 AUPR_IN: 26.11, AUPR_OUT: 94.27
──────────────────────────────────────────────────────────────────────

Performing inference on svhn dataset...
Computing metrics on svhn dataset...
FPR@95: 85.40, AUROC: 65.09 AUPR_IN: 39.44, AUPR_OUT: 83.20
──────────────────────────────────────────────────────────────────────

Performing inference on texture dataset...
Computing metrics on texture dataset...
FPR@95: 90.52, AUROC: 58.31 AUPR_IN: 68.72, AUPR_OUT: 45.63
──────────────────────────────────────────────────────────────────────

Performing inference on places365 dataset...
Computing metrics on places365 dataset...
FPR@95: 91.38, AUROC: 56.03 AUPR_IN: 24.90, AUPR_OUT: 82.59
──────────────────────────────────────────────────────────────────────

Computing mean metrics...
FPR@95: 86.70, AUROC: 62.51 AUPR_IN: 39.79, AUPR_OUT: 76.42
──────────────────────────────────────────────────────────────────────

           FPR@95  AUROC  AUPR_IN  AUPR_OUT   ACC
cifar100    91.60  56.10    55.87     54.85 94.63
tin         91.38  56.45    59.78     52.00 94.63
nearood     91.49  56.27    57.82     53.42 94.63
mnist       79.51  70.61    26.11     94.27 94.63
svhn        85.40  65.09    39.44     83.20 94.63
texture     90.52  58.31    68.72     45.63 94.63
places365   91.38  56.03    24.90     82.59 94.63
farood      86.70  62.51    39.79     76.42 94.63

--- RFF Diagnostics (234660 samples) ./results/cifar10_resnet18_32x32_base_e100_lr0.1_default/s1/diagnostics/rff_max_vw_whiten.npz ---
  Classes above threshold: mean=6.1, zero=11.5%, one=7.9%, multi(>1)=80.6%
  Max score: mean=13.4595, std=22.4296
  Margin (max-2nd): mean=0.3418, std=0.4173

--- RFF Per-Class Analysis → ./results/cifar10_resnet18_32x32_base_e100_lr0.1_default/s1/diagnostics/rff_max_vw_whiten_per_class.csv ---
  id_test  multi_rate: mean=0.8931, max=0.9045
  cifar100        multi_rate: mean=0.8747, max=0.8935
  tin             multi_rate: mean=0.8730, max=0.8902
  mnist           multi_rate: mean=0.7353, max=0.7691
  svhn            multi_rate: mean=0.7979, max=0.8499
  texture         multi_rate: mean=0.8601, max=0.8852
  places365       multi_rate: mean=0.8760, max=0.8931

--- RFF Debug Plots → ./results/cifar10_resnet18_32x32_base_e100_lr0.1_default/s1/diagnostics ---
  Kernel dist: mean=0.0185, std=0.0223, min=-0.0577, max=0.0949
  φ(x) stats per split:
    train          : mean=0.00010, std=0.02210
    val            : mean=0.00012, std=0.02210
    id_test        : mean=0.00010, std=0.02209
    cifar100       : mean=0.00012, std=0.02210
    tin            : mean=0.00013, std=0.02209
    mnist          : mean=-0.00001, std=0.02209
    svhn           : mean=0.00033, std=0.02210
    texture        : mean=0.00021, std=0.02210
    places365      : mean=0.00010, std=0.02210
  Score dist:
    id_test        : mean=6.6156, std=0.9869, n=9000
    cifar100       : mean=6.4010, std=0.9541, n=9000
    tin            : mean=6.3822, std=0.9639, n=7793
    mnist          : mean=5.8811, std=0.9291, n=70000
    svhn           : mean=6.0808, std=0.9521, n=26032
    texture        : mean=6.3191, std=0.9572, n=5640
    places365      : mean=6.3995, std=0.9534, n=35195
  Debug stats → ./results/cifar10_resnet18_32x32_base_e100_lr0.1_default/s1/diagnostics/rff_debug_stats.csv

==================================================
Setting up RFF Kernel Attention OOD detector...
  sigma (bandwidth): 0.5
  D (RFF dimension): 1024
  alpha (target FPR): 0.05
  feature_space: penultimate
  normalize: True
  score_mode: max
  variance_weighted: True
==================================================
Extracted 50000 train features of dim 512
  Feature norm (mean): 6.1273
  Number of classes: 10
Extracted 1000 val features for threshold
Per-class embedding norms (mean): 0.1460
Per-class score variance (mean): 0.000020
Threshold (max) at 5.0%: 3.2543
Max threshold (for diagnostics) at 5.0%: 3.2543
RFF setup complete.

Starting automatic parameter search...
Hyperparam: [0.1, 512, 0.025], auroc: 0.5130990000000001
Hyperparam: [0.5, 512, 0.025], auroc: 0.5363910000000001
Hyperparam: [1.0, 512, 0.025], auroc: 0.479959
Hyperparam: [2.0, 512, 0.025], auroc: 0.52713
Hyperparam: [0.1, 1024, 0.025], auroc: 0.5119145
Hyperparam: [0.5, 1024, 0.025], auroc: 0.526194
Hyperparam: [1.0, 1024, 0.025], auroc: 0.47138349999999996
Hyperparam: [2.0, 1024, 0.025], auroc: 0.4981749999999999
Hyperparam: [0.1, 2048, 0.025], auroc: 0.46907
Hyperparam: [0.5, 2048, 0.025], auroc: 0.529486
Hyperparam: [1.0, 2048, 0.025], auroc: 0.5423910000000001
Hyperparam: [2.0, 2048, 0.025], auroc: 0.5844885
Hyperparam: [0.1, 512, 0.05], auroc: 0.48669300000000004
Hyperparam: [0.5, 512, 0.05], auroc: 0.52747
Hyperparam: [1.0, 512, 0.05], auroc: 0.5123705000000001
Hyperparam: [2.0, 512, 0.05], auroc: 0.542288
Hyperparam: [0.1, 1024, 0.05], auroc: 0.48220399999999997
Hyperparam: [0.5, 1024, 0.05], auroc: 0.53044
Hyperparam: [1.0, 1024, 0.05], auroc: 0.5467920000000001
Hyperparam: [2.0, 1024, 0.05], auroc: 0.48872099999999996
Hyperparam: [0.1, 2048, 0.05], auroc: 0.513927
Hyperparam: [0.5, 2048, 0.05], auroc: 0.561373
Hyperparam: [1.0, 2048, 0.05], auroc: 0.491112
Hyperparam: [2.0, 2048, 0.05], auroc: 0.500719
Hyperparam: [0.1, 512, 0.1], auroc: 0.519203
Hyperparam: [0.5, 512, 0.1], auroc: 0.49384799999999995
Hyperparam: [1.0, 512, 0.1], auroc: 0.537172
Hyperparam: [2.0, 512, 0.1], auroc: 0.488134
Hyperparam: [0.1, 1024, 0.1], auroc: 0.509629
Hyperparam: [0.5, 1024, 0.1], auroc: 0.528617
Hyperparam: [1.0, 1024, 0.1], auroc: 0.5295859999999999
Hyperparam: [2.0, 1024, 0.1], auroc: 0.49487949999999997
Hyperparam: [0.1, 2048, 0.1], auroc: 0.4920899999999999
Hyperparam: [0.5, 2048, 0.1], auroc: 0.556672
Hyperparam: [1.0, 2048, 0.1], auroc: 0.47378549999999997
Hyperparam: [2.0, 2048, 0.1], auroc: 0.4641445
Final hyperparam: [2.0, 2048, 0.025, True]
Performing inference on cifar10 test set...
Processing near ood...
Performing inference on cifar100 dataset...
Computing metrics on cifar100 dataset...
FPR@95: 93.04, AUROC: 53.07 AUPR_IN: 53.23, AUPR_OUT: 52.12
──────────────────────────────────────────────────────────────────────

Performing inference on tin dataset...
Computing metrics on tin dataset...
FPR@95: 94.01, AUROC: 52.31 AUPR_IN: 55.87, AUPR_OUT: 47.83
──────────────────────────────────────────────────────────────────────

Computing mean metrics...
FPR@95: 93.53, AUROC: 52.69 AUPR_IN: 54.55, AUPR_OUT: 49.97
──────────────────────────────────────────────────────────────────────

Processing far ood...
Performing inference on mnist dataset...
Computing metrics on mnist dataset...
FPR@95: 81.33, AUROC: 65.73 AUPR_IN: 24.13, AUPR_OUT: 92.29
──────────────────────────────────────────────────────────────────────

Performing inference on svhn dataset...
Computing metrics on svhn dataset...
FPR@95: 88.09, AUROC: 52.46 AUPR_IN: 32.22, AUPR_OUT: 73.10
──────────────────────────────────────────────────────────────────────

Performing inference on texture dataset...
Computing metrics on texture dataset...
FPR@95: 95.26, AUROC: 51.08 AUPR_IN: 62.19, AUPR_OUT: 38.41
──────────────────────────────────────────────────────────────────────

Performing inference on places365 dataset...
Computing metrics on places365 dataset...
FPR@95: 95.01, AUROC: 49.02 AUPR_IN: 20.21, AUPR_OUT: 78.87
──────────────────────────────────────────────────────────────────────

Computing mean metrics...
FPR@95: 89.92, AUROC: 54.58 AUPR_IN: 34.69, AUPR_OUT: 70.67
──────────────────────────────────────────────────────────────────────

           FPR@95  AUROC  AUPR_IN  AUPR_OUT   ACC
cifar100    93.04  53.07    53.23     52.12 95.32
tin         94.01  52.31    55.87     47.83 95.32
nearood     93.53  52.69    54.55     49.97 95.32
mnist       81.33  65.73    24.13     92.29 95.32
svhn        88.09  52.46    32.22     73.10 95.32
texture     95.26  51.08    62.19     38.41 95.32
places365   95.01  49.02    20.21     78.87 95.32
farood      89.92  54.58    34.69     70.67 95.32

--- RFF Diagnostics (234660 samples) ./results/cifar10_resnet18_32x32_base_e100_lr0.1_default/s2/diagnostics/rff_max_vw_whiten.npz ---
  Classes above threshold: mean=2.6, zero=3.9%, one=30.1%, multi(>1)=65.9%
  Max score: mean=89.6194, std=44.2400
  Margin (max-2nd): mean=1.3067, std=0.7396

--- RFF Per-Class Analysis → ./results/cifar10_resnet18_32x32_base_e100_lr0.1_default/s2/diagnostics/rff_max_vw_whiten_per_class.csv ---
  id_test  multi_rate: mean=0.0687, max=0.6869
  cifar100        multi_rate: mean=0.0631, max=0.6311
  tin             multi_rate: mean=0.0641, max=0.6415
  mnist           multi_rate: mean=0.0467, max=0.4673
  svhn            multi_rate: mean=0.0713, max=0.7126
  texture         multi_rate: mean=0.0644, max=0.6438
  places365       multi_rate: mean=0.0712, max=0.7122

--- RFF Debug Plots → ./results/cifar10_resnet18_32x32_base_e100_lr0.1_default/s2/diagnostics ---
  Kernel dist: mean=0.7858, std=0.0145, min=0.7359, max=0.8649
  φ(x) stats per split:
    train          : mean=-0.00073, std=0.02214
    val            : mean=-0.00073, std=0.02214
    id_test        : mean=-0.00073, std=0.02214
    cifar100       : mean=-0.00068, std=0.02212
    tin            : mean=-0.00067, std=0.02213
    mnist          : mean=-0.00077, std=0.02208
    svhn           : mean=-0.00079, std=0.02216
    texture        : mean=-0.00066, std=0.02214
    places365      : mean=-0.00069, std=0.02214
  Score dist:
    id_test        : mean=116.1397, std=1.1291, n=9000
    cifar100       : mean=116.0156, std=1.0932, n=9000
    tin            : mean=116.0495, std=1.0972, n=7793
    mnist          : mean=115.5516, std=0.9367, n=70000
    svhn           : mean=116.0489, std=0.8720, n=26032
    texture        : mean=116.1174, std=1.0951, n=5640
    places365      : mean=116.1760, std=1.0949, n=35195
  Debug stats → ./results/cifar10_resnet18_32x32_base_e100_lr0.1_default/s2/diagnostics/rff_debug_stats.csv
=== Done | Fri Mar 20 02:40:14 PM EDT 2026 ===
---------------------------------------
Begin Slurm Epilog: Mar-20-2026 14:40:14
Job ID:        4508793
Array Job ID:  4499473_0
User ID:       ksalzman3
Account:       coc
Job name:      rff_max_vw_whiten
Resources:     cpu=4,gres/gpu:a100=1,mem=32G,node=1
Rsrc Used:     cput=00:42:24,vmem=0,walltime=00:10:36,mem=5849488K,energy_used=0
Partition:     ice-gpu
QOS:           coc-ice
Nodes:         atl1-1-01-005-13-0
---------------------------------------
